<?xml version="1.0" encoding="UTF-8"?>
<!-- Generated by org.testng.reporters.JUnitXMLReporter -->
<testsuite ignored="0" hostname="DSK-951" failures="1" tests="5" name="LoginTest" time="68.505" errors="0" timestamp="2022-11-10T12:42:00 IST">
  <testcase classname="com.amt.test.LoginTest" name="login_Test" time="5.197"/>
  <testcase classname="com.amt.test.LoginTest" name="pageTitle_Test" time="0.005"/>
  <testcase classname="com.amt.test.LoginTest" name="amt_Logo_display_Test" time="2.011">
    <skipped/>
  </testcase> <!-- amt_Logo_display_Test -->
  <testcase classname="com.amt.test.LoginTest" name="amt_Logo_display_Test" time="2.923">
    <skipped/>
  </testcase> <!-- amt_Logo_display_Test -->
  <testcase classname="com.amt.test.LoginTest" name="amt_Logo_display_Test" time="2.044">
    <failure type="java.lang.AssertionError" message="expected [false] but found [true]">
      <![CDATA[java.lang.AssertionError: expected [false] but found [true]
at com.amt.test.LoginTest.amt_Logo_display_Test(LoginTest.java:67)
at java.base/java.util.ArrayList.forEach(ArrayList.java:1511)
... Removed 31 stack frames]]>
    </failure>
  </testcase> <!-- amt_Logo_display_Test -->
</testsuite> <!-- LoginTest -->
