<?xml version="1.0" encoding="UTF-8"?>
<!-- Generated by org.testng.reporters.JUnitXMLReporter -->
<testsuite ignored="1" hostname="DSK-4052" failures="1" tests="19" name="Broker Business hire LOU accept flow" time="205.969" errors="0" timestamp="2024-04-05T18:42:48 IST">
  <testcase classname="com.amt.testBase.TestBase" name="@BeforeClass setup" time="6.976">
    <failure type="org.openqa.selenium.NoSuchWindowException" message="no such window: target window already closed
from unknown error: web view not found
  (Session info: chrome=123.0.6312.106)
Build info: version: &amp;apos;4.10.0&amp;apos;, revision: &amp;apos;c14d967899&amp;apos;
System info: os.name: &amp;apos;Windows 10&amp;apos;, os.arch: &amp;apos;amd64&amp;apos;, os.version: &amp;apos;10.0&amp;apos;, java.version: &amp;apos;19.0.1&amp;apos;
Driver info: org.openqa.selenium.chrome.ChromeDriver
Command: [d555537283903b5f2a9c050d8ecdbe90, findElement {using=xpath, value=//input[@placeholder=&amp;apos;Email&amp;apos;]}]
Capabilities {acceptInsecureCerts: false, browserName: chrome, browserVersion: 123.0.6312.106, chrome: {chromedriverVersion: 123.0.6312.58 (6b4b19e9dfbb..., userDataDir: C:\Users\NITEIN~1.KUR\AppDa...}, fedcm:accounts: true, goog:chromeOptions: {debuggerAddress: localhost:61750}, javascriptEnabled: true, networkConnectionEnabled: false, pageLoadStrategy: normal, platform: windows, platformName: windows, proxy: Proxy(), se:cdp: ws://localhost:61750/devtoo..., se:cdpVersion: 123.0.6312.106, setWindowRect: true, strictFileInteractability: false, timeouts: {implicit: 0, pageLoad: 300000, script: 30000}, unhandledPromptBehavior: dismiss and notify, webauthn:extension:credBlob: true, webauthn:extension:largeBlob: true, webauthn:extension:minPinLength: true, webauthn:extension:prf: true, webauthn:virtualAuthenticators: true}
Session ID: d555537283903b5f2a9c050d8ecdbe90">
      <![CDATA[org.openqa.selenium.NoSuchWindowException: no such window: target window already closed
from unknown error: web view not found
  (Session info: chrome=123.0.6312.106)
Build info: version: '4.10.0', revision: 'c14d967899'
System info: os.name: 'Windows 10', os.arch: 'amd64', os.version: '10.0', java.version: '19.0.1'
Driver info: org.openqa.selenium.chrome.ChromeDriver
Command: [d555537283903b5f2a9c050d8ecdbe90, findElement {using=xpath, value=//input[@placeholder='Email']}]
Capabilities {acceptInsecureCerts: false, browserName: chrome, browserVersion: 123.0.6312.106, chrome: {chromedriverVersion: 123.0.6312.58 (6b4b19e9dfbb..., userDataDir: C:\Users\NITEIN~1.KUR\AppDa...}, fedcm:accounts: true, goog:chromeOptions: {debuggerAddress: localhost:61750}, javascriptEnabled: true, networkConnectionEnabled: false, pageLoadStrategy: normal, platform: windows, platformName: windows, proxy: Proxy(), se:cdp: ws://localhost:61750/devtoo..., se:cdpVersion: 123.0.6312.106, setWindowRect: true, strictFileInteractability: false, timeouts: {implicit: 0, pageLoad: 300000, script: 30000}, unhandledPromptBehavior: dismiss and notify, webauthn:extension:credBlob: true, webauthn:extension:largeBlob: true, webauthn:extension:minPinLength: true, webauthn:extension:prf: true, webauthn:virtualAuthenticators: true}
Session ID: d555537283903b5f2a9c050d8ecdbe90
at org.openqa.selenium.remote.codec.w3c.W3CHttpResponseCodec.createException(W3CHttpResponseCodec.java:200)
at org.openqa.selenium.remote.codec.w3c.W3CHttpResponseCodec.decode(W3CHttpResponseCodec.java:133)
at org.openqa.selenium.remote.codec.w3c.W3CHttpResponseCodec.decode(W3CHttpResponseCodec.java:53)
at org.openqa.selenium.remote.HttpCommandExecutor.execute(HttpCommandExecutor.java:184)
at org.openqa.selenium.remote.service.DriverCommandExecutor.invokeExecute(DriverCommandExecutor.java:164)
at org.openqa.selenium.remote.service.DriverCommandExecutor.execute(DriverCommandExecutor.java:139)
at org.openqa.selenium.remote.RemoteWebDriver.execute(RemoteWebDriver.java:559)
at org.openqa.selenium.remote.ElementLocation$ElementFinder$2.findElement(ElementLocation.java:162)
at org.openqa.selenium.remote.ElementLocation.findElement(ElementLocation.java:60)
at org.openqa.selenium.remote.RemoteWebDriver.findElement(RemoteWebDriver.java:383)
at org.openqa.selenium.remote.RemoteWebDriver.findElement(RemoteWebDriver.java:375)
at org.openqa.selenium.support.pagefactory.DefaultElementLocator.findElement(DefaultElementLocator.java:70)
at org.openqa.selenium.support.pagefactory.internal.LocatingElementHandler.invoke(LocatingElementHandler.java:39)
at jdk.proxy2/jdk.proxy2.$Proxy18.getWrappedElement(Unknown Source)
at org.openqa.selenium.remote.internal.WebElementToJsonConverter.apply(WebElementToJsonConverter.java:51)
at java.base/java.util.stream.ReferencePipeline$3$1.accept(ReferencePipeline.java:197)
at java.base/java.util.Spliterators$ArraySpliterator.forEachRemaining(Spliterators.java:1006)
at java.base/java.util.stream.AbstractPipeline.copyInto(AbstractPipeline.java:509)
at java.base/java.util.stream.AbstractPipeline.wrapAndCopyInto(AbstractPipeline.java:499)
at java.base/java.util.stream.ReduceOps$ReduceOp.evaluateSequential(ReduceOps.java:921)
at java.base/java.util.stream.AbstractPipeline.evaluate(AbstractPipeline.java:234)
at java.base/java.util.stream.ReferencePipeline.collect(ReferencePipeline.java:682)
at org.openqa.selenium.remote.RemoteWebDriver.executeScript(RemoteWebDriver.java:490)
at com.amt.testUtil.HelperClass.highlightElement(HelperClass.java:29)
at com.amt.pages.LoginPage.enter_credentials(LoginPage.java:61)
at com.amt.testBase.TestBase.setup(TestBase.java:127)
at java.base/java.util.ArrayList.forEach(ArrayList.java:1511)
... Removed 26 stack frames]]>
    </failure>
  </testcase> <!-- @BeforeClass setup -->
  <testcase classname="com.amt.test.broker.Acquisition_Quotes_Broker_BCH_without_maintenance_Test" name="aquisition_quotes_user_flow_broker_bch_OTR_calculation_without_maintenance_test" time="91.866"/>
  <testcase classname="com.amt.test.broker.Acquisition_Quotes_Broker_BCH_without_maintenance_Test" name="aquisition_quotes_user_flow_broker_bch_after_discount_calculation_without_maintenance_test" time="4.519"/>
  <testcase classname="com.amt.test.broker.Acquisition_Quotes_Broker_BCH_without_maintenance_Test" name="aquisition_quotes_user_flow_broker_bch_funder_quote_addition_without_maintenance_test" time="72.96">
    <failure type="org.openqa.selenium.TimeoutException" message="Expected condition failed: waiting for element to be clickable: Proxy element for: DefaultElementLocator &amp;apos;By.xpath: //input[@id=&amp;apos;contractMileage&amp;apos;]&amp;apos; (tried for 60 second(s) with 500 milliseconds interval)">
      <![CDATA[org.openqa.selenium.TimeoutException: Expected condition failed: waiting for element to be clickable: Proxy element for: DefaultElementLocator 'By.xpath: //input[@id='contractMileage']' (tried for 60 second(s) with 500 milliseconds interval)
at org.openqa.selenium.support.ui.WebDriverWait.timeoutException(WebDriverWait.java:138)
at org.openqa.selenium.support.ui.FluentWait.until(FluentWait.java:231)
at com.amt.testUtil.Click.on(Click.java:16)
at com.amt.CustomerQuotePackage.CustomerQuotePageBrokerBCHPage.customer_Quote_broker_bch_without_maintenance(CustomerQuotePageBrokerBCHPage.java:431)
at com.amt.test.broker.Acquisition_Quotes_Broker_BCH_without_maintenance_Test.aquisition_quotes_user_flow_broker_bch_funder_quote_addition_without_maintenance_test(Acquisition_Quotes_Broker_BCH_without_maintenance_Test.java:76)
at java.base/java.util.ArrayList.forEach(ArrayList.java:1511)
Caused by: org.openqa.selenium.NoSuchElementException: no such element: Unable to locate element: {"method":"xpath","selector":"//input[@id='contractMileage']"}
  (Session info: chrome=123.0.6312.106)
For documentation on this error, please visit: https://www.selenium.dev/documentation/webdriver/troubleshooting/errors#no-such-element-exception
Build info: version: '4.10.0', revision: 'c14d967899'
System info: os.name: 'Windows 10', os.arch: 'amd64', os.version: '10.0', java.version: '19.0.1'
Driver info: org.openqa.selenium.chrome.ChromeDriver
Command: [a675c243b50d313c1ecb5a29ac98f436, findElement {using=xpath, value=//input[@id='contractMileage']}]
Capabilities {acceptInsecureCerts: false, browserName: chrome, browserVersion: 123.0.6312.106, chrome: {chromedriverVersion: 123.0.6312.58 (6b4b19e9dfbb..., userDataDir: C:\Users\NITEIN~1.KUR\AppDa...}, fedcm:accounts: true, goog:chromeOptions: {debuggerAddress: localhost:61558}, javascriptEnabled: true, networkConnectionEnabled: false, pageLoadStrategy: normal, platform: windows, platformName: windows, proxy: Proxy(), se:cdp: ws://localhost:61558/devtoo..., se:cdpVersion: 123.0.6312.106, setWindowRect: true, strictFileInteractability: false, timeouts: {implicit: 0, pageLoad: 300000, script: 30000}, unhandledPromptBehavior: dismiss and notify, webauthn:extension:credBlob: true, webauthn:extension:largeBlob: true, webauthn:extension:minPinLength: true, webauthn:extension:prf: true, webauthn:virtualAuthenticators: true}
Session ID: a675c243b50d313c1ecb5a29ac98f436
at org.openqa.selenium.remote.codec.w3c.W3CHttpResponseCodec.createException(W3CHttpResponseCodec.java:200)
at org.openqa.selenium.remote.codec.w3c.W3CHttpResponseCodec.decode(W3CHttpResponseCodec.java:133)
at org.openqa.selenium.remote.codec.w3c.W3CHttpResponseCodec.decode(W3CHttpResponseCodec.java:53)
at org.openqa.selenium.remote.HttpCommandExecutor.execute(HttpCommandExecutor.java:184)
at org.openqa.selenium.remote.service.DriverCommandExecutor.invokeExecute(DriverCommandExecutor.java:164)
at org.openqa.selenium.remote.service.DriverCommandExecutor.execute(DriverCommandExecutor.java:139)
at org.openqa.selenium.remote.RemoteWebDriver.execute(RemoteWebDriver.java:559)
at org.openqa.selenium.remote.ElementLocation$ElementFinder$2.findElement(ElementLocation.java:162)
at org.openqa.selenium.remote.ElementLocation.findElement(ElementLocation.java:60)
at org.openqa.selenium.remote.RemoteWebDriver.findElement(RemoteWebDriver.java:383)
at org.openqa.selenium.remote.RemoteWebDriver.findElement(RemoteWebDriver.java:375)
at org.openqa.selenium.support.pagefactory.DefaultElementLocator.findElement(DefaultElementLocator.java:70)
at org.openqa.selenium.support.pagefactory.internal.LocatingElementHandler.invoke(LocatingElementHandler.java:39)
at jdk.proxy2/jdk.proxy2.$Proxy18.isDisplayed(Unknown Source)
at org.openqa.selenium.support.ui.ExpectedConditions.elementIfVisible(ExpectedConditions.java:307)
at org.openqa.selenium.support.ui.ExpectedConditions.access$000(ExpectedConditions.java:40)
at org.openqa.selenium.support.ui.ExpectedConditions$10.apply(ExpectedConditions.java:293)
at org.openqa.selenium.support.ui.ExpectedConditions$10.apply(ExpectedConditions.java:290)
at org.openqa.selenium.support.ui.ExpectedConditions$23.apply(ExpectedConditions.java:660)
at org.openqa.selenium.support.ui.ExpectedConditions$23.apply(ExpectedConditions.java:656)
at org.openqa.selenium.support.ui.FluentWait.until(FluentWait.java:208)
... 29 more
... Removed 28 stack frames]]>
    </failure>
  </testcase> <!-- aquisition_quotes_user_flow_broker_bch_funder_quote_addition_without_maintenance_test -->
  <testcase classname="com.amt.test.broker.Acquisition_Quotes_Broker_BCH_without_maintenance_Test" name="aquisition_quotes_user_flow_broker_bch_quote_summary_values_verification_without_maintenance_test" time="0.0">
    <skipped/>
  </testcase> <!-- aquisition_quotes_user_flow_broker_bch_quote_summary_values_verification_without_maintenance_test -->
  <testcase classname="com.amt.test.LOU.LOU_broker_business_hire_accept_flow_Test" name="L1_create_lead_for_broker_business" time="0.0">
    <skipped/>
  </testcase> <!-- L1_create_lead_for_broker_business -->
  <testcase classname="com.amt.test.LOU.LOU_broker_business_hire_accept_flow_Test" name="L2_broker_business_current_status_before_sending_to_proposal" time="0.0">
    <skipped/>
  </testcase> <!-- L2_broker_business_current_status_before_sending_to_proposal -->
  <testcase classname="com.amt.test.LOU.LOU_broker_business_hire_accept_flow_Test" name="L3_verify_table_values_on_opportunity_page_before_sending_proposal" time="0.0">
    <skipped/>
  </testcase> <!-- L3_verify_table_values_on_opportunity_page_before_sending_proposal -->
  <testcase classname="com.amt.test.LOU.LOU_broker_business_hire_accept_flow_Test" name="L4_verify_current_status_on_opportunity_page_before_sending_to_proposal_for_broker_business_flow" time="0.0">
    <skipped/>
  </testcase> <!-- L4_verify_current_status_on_opportunity_page_before_sending_to_proposal_for_broker_business_flow -->
  <testcase classname="com.amt.test.LOU.LOU_broker_business_hire_accept_flow_Test" name="L5_adding_proposal_on_opportunity_page_broker_business_flow" time="0.0">
    <skipped/>
  </testcase> <!-- L5_adding_proposal_on_opportunity_page_broker_business_flow -->
  <testcase classname="com.amt.test.LOU.LOU_broker_business_hire_accept_flow_Test" name="L6_verify_current_status_on_opportunity_page_after_sending_to_proposal_for_broker_business_flow" time="0.0">
    <skipped/>
  </testcase> <!-- L6_verify_current_status_on_opportunity_page_after_sending_to_proposal_for_broker_business_flow -->
  <testcase classname="com.amt.test.LOU.LOU_broker_business_hire_accept_flow_Test" name="broker_business_sending_contract" time="0.0">
    <skipped/>
  </testcase> <!-- broker_business_sending_contract -->
  <testcase classname="com.amt.test.LOU.LOU_broker_business_hire_accept_flow_Test" name="L8_verify_current_status_on_opportunity_page_after_sending_contract_for_broker_business_flow" time="0.0">
    <skipped/>
  </testcase> <!-- L8_verify_current_status_on_opportunity_page_after_sending_contract_for_broker_business_flow -->
  <testcase classname="com.amt.test.LOU.LOU_broker_business_hire_accept_flow_Test" name="L9_verify_signed_contract_status_with_api_call" time="0.0">
    <skipped/>
  </testcase> <!-- L9_verify_signed_contract_status_with_api_call -->
  <testcase classname="com.amt.test.LOU.LOU_broker_business_hire_accept_flow_Test" name="L10_verify_status_after_contract_signed" time="0.0">
    <skipped/>
  </testcase> <!-- L10_verify_status_after_contract_signed -->
  <testcase classname="com.amt.test.LOU.LOU_broker_business_hire_accept_flow_Test" name="UW1_verify_underwriting_flow_ownbook_with_status" time="0.0">
    <skipped/>
  </testcase> <!-- UW1_verify_underwriting_flow_ownbook_with_status -->
  <testcase classname="com.amt.test.LOU.LOU_broker_business_hire_accept_flow_Test" name="UW2_verify_status_after_sending_to_underwriting" time="0.0">
    <skipped/>
  </testcase> <!-- UW2_verify_status_after_sending_to_underwriting -->
  <testcase classname="com.amt.test.LOU.LOU_broker_business_hire_accept_flow_Test" name="UW3_verify_underwriting_lisitig_page" time="0.0">
    <skipped/>
  </testcase> <!-- UW3_verify_underwriting_lisitig_page -->
  <testcase classname="com.amt.test.LOU.LOU_broker_business_hire_accept_flow_Test" name="UW4_verify_underwriting_proposal_page_flow" time="0.0">
    <skipped/>
  </testcase> <!-- UW4_verify_underwriting_proposal_page_flow -->
  <testcase classname="com.amt.test.LOU.LOU_broker_business_hire_accept_flow_Test" name="UW5_verify_underwriting_proposal_decision_with_accept" time="0.0">
    <skipped/>
  </testcase> <!-- UW5_verify_underwriting_proposal_decision_with_accept -->
  <testcase classname="com.amt.testBase.TestBase" name="@BeforeTest start_info" time="0.0">
    <ignored/>
  </testcase> <!-- @BeforeTest start_info -->
</testsuite> <!-- Broker Business hire LOU accept flow -->
