<?xml version="1.0" encoding="UTF-8"?>
<!-- Generated by org.testng.reporters.JUnitXMLReporter -->
<testsuite ignored="1" hostname="DSK-4052" failures="2" tests="18" name="Broker individual Hire - accept flow" time="558.05" errors="0" timestamp="2023-11-30T20:19:39 IST">
  <testcase classname="com.amt.test.broker.Acquisition_Quotes_Broker_PCH_without_maintenance_Test" name="aquisition_quotes_user_flow_broker_pch_OTR_calculations_without_maintenance_test" time="114.264"/>
  <testcase classname="com.amt.test.broker.Acquisition_Quotes_Broker_PCH_without_maintenance_Test" name="aquisition_quotes_user_flow_broker_pch_after_discount_calculations_without_maintenance_test" time="4.711"/>
  <testcase classname="com.amt.test.broker.Acquisition_Quotes_Broker_PCH_without_maintenance_Test" name="aquisition_quotes_user_flow_broker_pch_funder_quote_addition_without_maintenance_test" time="16.251"/>
  <testcase classname="com.amt.test.broker.Acquisition_Quotes_Broker_PCH_without_maintenance_Test" name="aquisition_quotes_user_flow_broker_pch_quote_summary_values_verification_without_maintenance_test" time="25.884"/>
  <testcase classname="com.amt.test.LOU.LOU_broker_individual_hire_accept_flow_Test" name="L1_create_lead_for_broker_individual" time="100.464"/>
  <testcase classname="com.amt.test.LOU.LOU_broker_individual_hire_accept_flow_Test" name="L2_broker_individual_current_status_before_sending_to_proposal" time="13.512"/>
  <testcase classname="com.amt.test.LOU.LOU_broker_individual_hire_accept_flow_Test" name="L3_verify_table_values_on_opportunity_page_before_sending_proposal" time="4.063"/>
  <testcase classname="com.amt.test.LOU.LOU_broker_individual_hire_accept_flow_Test" name="L4_verify_current_status_on_opportunity_page_before_sending_to_proposal_for_broker_individual_flow" time="0.114"/>
  <testcase classname="com.amt.test.LOU.LOU_broker_individual_hire_accept_flow_Test" name="L5_adding_proposal_on_opportunity_page_broker_individual_flow" time="52.648"/>
  <testcase classname="com.amt.test.LOU.LOU_broker_individual_hire_accept_flow_Test" name="L6_verify_current_status_on_opportunity_page_after_sending_to_proposal_for_broker_individual_flow" time="0.178"/>
  <testcase classname="com.amt.test.LOU.LOU_broker_individual_hire_accept_flow_Test" name="broker_business_sending_contract" time="31.373"/>
  <testcase classname="com.amt.test.LOU.LOU_broker_individual_hire_accept_flow_Test" name="L8_ownbook_signed_contract_status_with_api_call" time="27.547"/>
  <testcase classname="com.amt.test.LOU.LOU_broker_individual_hire_accept_flow_Test" name="L9_verify_status_after_contract_signed" time="8.132"/>
  <testcase classname="com.amt.test.LOU.LOU_broker_individual_hire_accept_flow_Test" name="UW1_verify_underwriting_flow_ownbook_with_status" time="21.957"/>
  <testcase classname="com.amt.test.LOU.LOU_broker_individual_hire_accept_flow_Test" name="UW2_verify_status_after_sending_to_underwriting" time="1.121"/>
  <testcase classname="com.amt.test.LOU.LOU_broker_individual_hire_accept_flow_Test" name="UW3_verify_underwriting_lisitig_page" time="13.09"/>
  <testcase classname="com.amt.test.LOU.LOU_broker_individual_hire_accept_flow_Test" name="UW4_verify_underwriting_proposal_page_flow" time="27.487">
    <failure type="org.openqa.selenium.ElementClickInterceptedException" message="element click intercepted: Element &amp;lt;p _ngcontent-bql-c26=&amp;quot;&amp;quot; style=&amp;quot; border: 1px solid white;&amp;quot;&amp;gt;...&amp;lt;/p&amp;gt; is not clickable at point (484, 99). Other element would receive the click: &amp;lt;ul _ngcontent-bql-c26=&amp;quot;&amp;quot; class=&amp;quot;nav nav-pills&amp;quot;&amp;gt;...&amp;lt;/ul&amp;gt;
  (Session info: MicrosoftEdge=119.0.2151.93)
Build info: version: &amp;apos;4.1.0&amp;apos;, revision: &amp;apos;87802e897b&amp;apos;
System info: host: &amp;apos;DSK-4052&amp;apos;, ip: &amp;apos;172.16.1.80&amp;apos;, os.name: &amp;apos;Windows 10&amp;apos;, os.arch: &amp;apos;amd64&amp;apos;, os.version: &amp;apos;10.0&amp;apos;, java.version: &amp;apos;19.0.1&amp;apos;
Driver info: org.openqa.selenium.edge.EdgeDriver
Command: [d9c8abcc06756e2312e4f6ea51e58483, clickElement {id=F6D6B94EC729C1FCF5DC5BBDD5B89C97_element_3788}]
Capabilities {acceptInsecureCerts: false, browserName: msedge, browserVersion: 119.0.2151.93, fedcm:accounts: true, javascriptEnabled: true, ms:edgeOptions: {debuggerAddress: localhost:63457}, msedge: {msedgedriverVersion: 119.0.2151.44 (44557a29097a..., userDataDir: C:\Users\NITEIN~1.KUR\AppDa...}, networkConnectionEnabled: false, pageLoadStrategy: normal, platform: WINDOWS, platformName: WINDOWS, proxy: Proxy(), se:cdp: ws://localhost:63457/devtoo..., se:cdpVersion: 119.0.2151.93, setWindowRect: true, strictFileInteractability: false, timeouts: {implicit: 0, pageLoad: 300000, script: 30000}, unhandledPromptBehavior: dismiss and notify, webauthn:extension:credBlob: true, webauthn:extension:largeBlob: true, webauthn:extension:minPinLength: true, webauthn:extension:prf: true, webauthn:virtualAuthenticators: true}
Element: [[EdgeDriver: msedge on WINDOWS (d9c8abcc06756e2312e4f6ea51e58483)] -&amp;gt; xpath: (//p[normalize-space()=&amp;apos;Decision&amp;apos;])[1]]
Session ID: d9c8abcc06756e2312e4f6ea51e58483">
      <![CDATA[org.openqa.selenium.ElementClickInterceptedException: element click intercepted: Element <p _ngcontent-bql-c26="" style=" border: 1px solid white;">...</p> is not clickable at point (484, 99). Other element would receive the click: <ul _ngcontent-bql-c26="" class="nav nav-pills">...</ul>
  (Session info: MicrosoftEdge=119.0.2151.93)
Build info: version: '4.1.0', revision: '87802e897b'
System info: host: 'DSK-4052', ip: '172.16.1.80', os.name: 'Windows 10', os.arch: 'amd64', os.version: '10.0', java.version: '19.0.1'
Driver info: org.openqa.selenium.edge.EdgeDriver
Command: [d9c8abcc06756e2312e4f6ea51e58483, clickElement {id=F6D6B94EC729C1FCF5DC5BBDD5B89C97_element_3788}]
Capabilities {acceptInsecureCerts: false, browserName: msedge, browserVersion: 119.0.2151.93, fedcm:accounts: true, javascriptEnabled: true, ms:edgeOptions: {debuggerAddress: localhost:63457}, msedge: {msedgedriverVersion: 119.0.2151.44 (44557a29097a..., userDataDir: C:\Users\NITEIN~1.KUR\AppDa...}, networkConnectionEnabled: false, pageLoadStrategy: normal, platform: WINDOWS, platformName: WINDOWS, proxy: Proxy(), se:cdp: ws://localhost:63457/devtoo..., se:cdpVersion: 119.0.2151.93, setWindowRect: true, strictFileInteractability: false, timeouts: {implicit: 0, pageLoad: 300000, script: 30000}, unhandledPromptBehavior: dismiss and notify, webauthn:extension:credBlob: true, webauthn:extension:largeBlob: true, webauthn:extension:minPinLength: true, webauthn:extension:prf: true, webauthn:virtualAuthenticators: true}
Element: [[EdgeDriver: msedge on WINDOWS (d9c8abcc06756e2312e4f6ea51e58483)] -> xpath: (//p[normalize-space()='Decision'])[1]]
Session ID: d9c8abcc06756e2312e4f6ea51e58483
at org.openqa.selenium.remote.codec.w3c.W3CHttpResponseCodec.createException(W3CHttpResponseCodec.java:200)
at org.openqa.selenium.remote.codec.w3c.W3CHttpResponseCodec.decode(W3CHttpResponseCodec.java:133)
at org.openqa.selenium.remote.codec.w3c.W3CHttpResponseCodec.decode(W3CHttpResponseCodec.java:53)
at org.openqa.selenium.remote.HttpCommandExecutor.execute(HttpCommandExecutor.java:184)
at org.openqa.selenium.remote.service.DriverCommandExecutor.invokeExecute(DriverCommandExecutor.java:164)
at org.openqa.selenium.remote.service.DriverCommandExecutor.execute(DriverCommandExecutor.java:139)
at org.openqa.selenium.remote.RemoteWebDriver.execute(RemoteWebDriver.java:559)
at org.openqa.selenium.remote.RemoteWebElement.execute(RemoteWebElement.java:251)
at org.openqa.selenium.remote.RemoteWebElement.click(RemoteWebElement.java:77)
at org.openqa.selenium.support.pagefactory.internal.LocatingElementHandler.invoke(LocatingElementHandler.java:52)
at jdk.proxy2/jdk.proxy2.$Proxy18.click(Unknown Source)
at com.amt.testUtil.Click.on(Click.java:18)
at com.amt.pages.Underwriting.find_underwriting_tab_decision_page(Underwriting.java:7698)
at com.amt.test.LOU.LOU_broker_individual_hire_accept_flow_Test.UW4_verify_underwriting_proposal_page_flow(LOU_broker_individual_hire_accept_flow_Test.java:306)
at java.base/java.util.ArrayList.forEach(ArrayList.java:1511)
... Removed 30 stack frames]]>
    </failure>
  </testcase> <!-- UW4_verify_underwriting_proposal_page_flow -->
  <testcase classname="com.amt.test.LOU.LOU_broker_individual_hire_accept_flow_Test" name="UW5_verify_underwriting_proposal_decision_with_accept" time="24.165">
    <failure type="org.openqa.selenium.TimeoutException" message="Expected condition failed: waiting for visibility of Proxy element for: DefaultElementLocator &amp;apos;By.xpath: //button[normalize-space()=&amp;apos;Accept&amp;apos;]&amp;apos; (tried for 20 second(s) with 500 milliseconds interval)">
      <![CDATA[org.openqa.selenium.TimeoutException: Expected condition failed: waiting for visibility of Proxy element for: DefaultElementLocator 'By.xpath: //button[normalize-space()='Accept']' (tried for 20 second(s) with 500 milliseconds interval)
at org.openqa.selenium.support.ui.WebDriverWait.timeoutException(WebDriverWait.java:138)
at org.openqa.selenium.support.ui.FluentWait.until(FluentWait.java:231)
at com.amt.testUtil.ExplicitWait.visibleElement(ExplicitWait.java:24)
at com.amt.pages.Underwriting.find_underwriting_tab_decision_page_accept_button(Underwriting.java:7708)
at com.amt.test.LOU.LOU_broker_individual_hire_accept_flow_Test.UW5_verify_underwriting_proposal_decision_with_accept(LOU_broker_individual_hire_accept_flow_Test.java:342)
at java.base/java.util.ArrayList.forEach(ArrayList.java:1511)
Caused by: org.openqa.selenium.NoSuchElementException: no such element: Unable to locate element: {"method":"xpath","selector":"//button[normalize-space()='Accept']"}
  (Session info: MicrosoftEdge=119.0.2151.93)
For documentation on this error, please visit: https://selenium.dev/exceptions/#no_such_element
Build info: version: '4.1.0', revision: '87802e897b'
System info: host: 'DSK-4052', ip: '172.16.1.80', os.name: 'Windows 10', os.arch: 'amd64', os.version: '10.0', java.version: '19.0.1'
Driver info: org.openqa.selenium.edge.EdgeDriver
Command: [d9c8abcc06756e2312e4f6ea51e58483, findElement {using=xpath, value=//button[normalize-space()='Accept']}]
Capabilities {acceptInsecureCerts: false, browserName: msedge, browserVersion: 119.0.2151.93, fedcm:accounts: true, javascriptEnabled: true, ms:edgeOptions: {debuggerAddress: localhost:63457}, msedge: {msedgedriverVersion: 119.0.2151.44 (44557a29097a..., userDataDir: C:\Users\NITEIN~1.KUR\AppDa...}, networkConnectionEnabled: false, pageLoadStrategy: normal, platform: WINDOWS, platformName: WINDOWS, proxy: Proxy(), se:cdp: ws://localhost:63457/devtoo..., se:cdpVersion: 119.0.2151.93, setWindowRect: true, strictFileInteractability: false, timeouts: {implicit: 0, pageLoad: 300000, script: 30000}, unhandledPromptBehavior: dismiss and notify, webauthn:extension:credBlob: true, webauthn:extension:largeBlob: true, webauthn:extension:minPinLength: true, webauthn:extension:prf: true, webauthn:virtualAuthenticators: true}
Session ID: d9c8abcc06756e2312e4f6ea51e58483
at org.openqa.selenium.remote.codec.w3c.W3CHttpResponseCodec.createException(W3CHttpResponseCodec.java:200)
at org.openqa.selenium.remote.codec.w3c.W3CHttpResponseCodec.decode(W3CHttpResponseCodec.java:133)
at org.openqa.selenium.remote.codec.w3c.W3CHttpResponseCodec.decode(W3CHttpResponseCodec.java:53)
at org.openqa.selenium.remote.HttpCommandExecutor.execute(HttpCommandExecutor.java:184)
at org.openqa.selenium.remote.service.DriverCommandExecutor.invokeExecute(DriverCommandExecutor.java:164)
at org.openqa.selenium.remote.service.DriverCommandExecutor.execute(DriverCommandExecutor.java:139)
at org.openqa.selenium.remote.RemoteWebDriver.execute(RemoteWebDriver.java:559)
at org.openqa.selenium.remote.ElementLocation$ElementFinder$2.findElement(ElementLocation.java:162)
at org.openqa.selenium.remote.ElementLocation.findElement(ElementLocation.java:60)
at org.openqa.selenium.remote.RemoteWebDriver.findElement(RemoteWebDriver.java:383)
at org.openqa.selenium.remote.RemoteWebDriver.findElement(RemoteWebDriver.java:375)
at org.openqa.selenium.support.pagefactory.DefaultElementLocator.findElement(DefaultElementLocator.java:70)
at org.openqa.selenium.support.pagefactory.internal.LocatingElementHandler.invoke(LocatingElementHandler.java:39)
at jdk.proxy2/jdk.proxy2.$Proxy18.isDisplayed(Unknown Source)
at org.openqa.selenium.support.ui.ExpectedConditions.elementIfVisible(ExpectedConditions.java:307)
at org.openqa.selenium.support.ui.ExpectedConditions.access$000(ExpectedConditions.java:40)
at org.openqa.selenium.support.ui.ExpectedConditions$10.apply(ExpectedConditions.java:293)
at org.openqa.selenium.support.ui.ExpectedConditions$10.apply(ExpectedConditions.java:290)
at org.openqa.selenium.support.ui.FluentWait.until(FluentWait.java:208)
... 29 more
... Removed 28 stack frames]]>
    </failure>
  </testcase> <!-- UW5_verify_underwriting_proposal_decision_with_accept -->
  <testcase classname="com.amt.testBase.TestBase" name="@BeforeTest start_info" time="0.0">
    <ignored/>
  </testcase> <!-- @BeforeTest start_info -->
</testsuite> <!-- Broker individual Hire - accept flow -->
