<?xml version="1.0" encoding="UTF-8"?>
<!-- Generated by org.testng.reporters.JUnitXMLReporter -->
<testsuite ignored="1" hostname="DSK-4052" failures="1" tests="25" name="Ownbook business hire Accept with funder" time="533.945" errors="0" timestamp="2023-08-17T16:14:17 IST">
  <testcase classname="com.amt.testBase.TestBase" name="@BeforeClass setup" time="64.758">
    <failure type="org.openqa.selenium.NoSuchWindowException" message="no such window: target window already closed
from unknown error: web view not found
  (Session info: chrome=115.0.5790.173)
Build info: version: &amp;apos;4.0.0&amp;apos;, revision: &amp;apos;3a21814679&amp;apos;
System info: host: &amp;apos;DSK-4052&amp;apos;, ip: &amp;apos;172.16.1.80&amp;apos;, os.name: &amp;apos;Windows 10&amp;apos;, os.arch: &amp;apos;amd64&amp;apos;, os.version: &amp;apos;10.0&amp;apos;, java.version: &amp;apos;19.0.1&amp;apos;
Driver info: org.openqa.selenium.chrome.ChromeDriver
Command: [6fd17a2892300c8fe3f9b3aef0e9a060, findElement {using=xpath, value=//input[@placeholder=&amp;apos;Email&amp;apos;]}]
Capabilities {acceptInsecureCerts: false, browserName: chrome, browserVersion: 115.0.5790.173, chrome: {chromedriverVersion: 114.0.5735.90 (386bc09e8f4f..., userDataDir: C:\Users\NITEIN~1.KUR\AppDa...}, goog:chromeOptions: {debuggerAddress: localhost:61327}, javascriptEnabled: true, networkConnectionEnabled: false, pageLoadStrategy: none, platform: WINDOWS, platformName: WINDOWS, proxy: Proxy(), se:cdp: ws://localhost:61327/devtoo..., se:cdpVersion: 115.0.5790.173, setWindowRect: true, strictFileInteractability: false, timeouts: {implicit: 0, pageLoad: 300000, script: 30000}, unhandledPromptBehavior: dismiss and notify, webauthn:extension:credBlob: true, webauthn:extension:largeBlob: true, webauthn:extension:minPinLength: true, webauthn:extension:prf: true, webauthn:virtualAuthenticators: true}
Session ID: 6fd17a2892300c8fe3f9b3aef0e9a060">
      <![CDATA[org.openqa.selenium.NoSuchWindowException: no such window: target window already closed
from unknown error: web view not found
  (Session info: chrome=115.0.5790.173)
Build info: version: '4.0.0', revision: '3a21814679'
System info: host: 'DSK-4052', ip: '172.16.1.80', os.name: 'Windows 10', os.arch: 'amd64', os.version: '10.0', java.version: '19.0.1'
Driver info: org.openqa.selenium.chrome.ChromeDriver
Command: [6fd17a2892300c8fe3f9b3aef0e9a060, findElement {using=xpath, value=//input[@placeholder='Email']}]
Capabilities {acceptInsecureCerts: false, browserName: chrome, browserVersion: 115.0.5790.173, chrome: {chromedriverVersion: 114.0.5735.90 (386bc09e8f4f..., userDataDir: C:\Users\NITEIN~1.KUR\AppDa...}, goog:chromeOptions: {debuggerAddress: localhost:61327}, javascriptEnabled: true, networkConnectionEnabled: false, pageLoadStrategy: none, platform: WINDOWS, platformName: WINDOWS, proxy: Proxy(), se:cdp: ws://localhost:61327/devtoo..., se:cdpVersion: 115.0.5790.173, setWindowRect: true, strictFileInteractability: false, timeouts: {implicit: 0, pageLoad: 300000, script: 30000}, unhandledPromptBehavior: dismiss and notify, webauthn:extension:credBlob: true, webauthn:extension:largeBlob: true, webauthn:extension:minPinLength: true, webauthn:extension:prf: true, webauthn:virtualAuthenticators: true}
Session ID: 6fd17a2892300c8fe3f9b3aef0e9a060
at org.openqa.selenium.remote.codec.w3c.W3CHttpResponseCodec.createException(W3CHttpResponseCodec.java:200)
at org.openqa.selenium.remote.codec.w3c.W3CHttpResponseCodec.decode(W3CHttpResponseCodec.java:133)
at org.openqa.selenium.remote.codec.w3c.W3CHttpResponseCodec.decode(W3CHttpResponseCodec.java:53)
at org.openqa.selenium.remote.HttpCommandExecutor.execute(HttpCommandExecutor.java:184)
at org.openqa.selenium.remote.service.DriverCommandExecutor.invokeExecute(DriverCommandExecutor.java:164)
at org.openqa.selenium.remote.service.DriverCommandExecutor.execute(DriverCommandExecutor.java:139)
at org.openqa.selenium.remote.RemoteWebDriver.execute(RemoteWebDriver.java:559)
at org.openqa.selenium.remote.ElementLocation$ElementFinder$2.findElement(ElementLocation.java:162)
at org.openqa.selenium.remote.ElementLocation.findElement(ElementLocation.java:60)
at org.openqa.selenium.remote.RemoteWebDriver.findElement(RemoteWebDriver.java:383)
at org.openqa.selenium.remote.RemoteWebDriver.findElement(RemoteWebDriver.java:375)
at org.openqa.selenium.support.pagefactory.DefaultElementLocator.findElement(DefaultElementLocator.java:70)
at org.openqa.selenium.support.pagefactory.internal.LocatingElementHandler.invoke(LocatingElementHandler.java:39)
at jdk.proxy2/jdk.proxy2.$Proxy18.toString(Unknown Source)
at java.base/java.lang.String.valueOf(String.java:4225)
at java.base/java.lang.StringBuilder.append(StringBuilder.java:173)
at org.openqa.selenium.support.ui.ExpectedConditions$10.toString(ExpectedConditions.java:298)
at java.base/java.lang.String.valueOf(String.java:4225)
at java.base/java.lang.StringBuilder.append(StringBuilder.java:173)
at org.openqa.selenium.support.ui.FluentWait.until(FluentWait.java:229)
at com.amt.testUtil.ExplicitWait.visibleElement(ExplicitWait.java:24)
at com.amt.pages.LoginPage.enter_credentials(LoginPage.java:59)
at com.amt.testBase.TestBase.setup(TestBase.java:124)
at java.base/java.util.ArrayList.forEach(ArrayList.java:1511)
... Removed 26 stack frames]]>
    </failure>
  </testcase> <!-- @BeforeClass setup -->
  <testcase classname="com.amt.test.HPNR.Acquisition_Quotes_HPNR_BCH_with_funder_quote_addition_without_maintenance_Test" name="aquisition_quotes_HPNR_BCH_OTR_calculation_without_maintenance_test" time="114.513"/>
  <testcase classname="com.amt.test.HPNR.Acquisition_Quotes_HPNR_BCH_with_funder_quote_addition_without_maintenance_Test" name="aquisition_quotes_HPNR_BCH_after_discount_calculations_without_maintenance_test" time="4.611"/>
  <testcase classname="com.amt.test.HPNR.Acquisition_Quotes_HPNR_BCH_with_funder_quote_addition_without_maintenance_Test" name="aquisition_quotes_HPNR_BCH_holding_cost_calculations_without_maintenance_test" time="36.574"/>
  <testcase classname="com.amt.test.HPNR.Acquisition_Quotes_HPNR_BCH_with_funder_quote_addition_without_maintenance_Test" name="aquisition_quotes_HPNR_BCH_customer_quote_payment_profile_calculations_without_maintenance_test" time="84.236"/>
  <testcase classname="com.amt.test.HPNR.Acquisition_Quotes_HPNR_BCH_with_funder_quote_addition_without_maintenance_Test" name="aquisition_quotes_HPNR_BCH_quote_summary_values_verification_without_maintenance_test" time="182.909">
    <failure type="java.io.FileNotFoundException" message="D:\LOU\AMT_LOU\src\main\java\com\amt\testData\QuoteSave.xlsx (The process cannot access the file because it is being used by another process)">
      <![CDATA[java.io.FileNotFoundException: D:\LOU\AMT_LOU\src\main\java\com\amt\testData\QuoteSave.xlsx (The process cannot access the file because it is being used by another process)
at java.base/java.io.FileOutputStream.open0(Native Method)
at java.base/java.io.FileOutputStream.open(FileOutputStream.java:295)
at java.base/java.io.FileOutputStream.<init>(FileOutputStream.java:236)
at java.base/java.io.FileOutputStream.<init>(FileOutputStream.java:124)
at com.amt.QuoteSummaryPages.QuoteSummary_HPNR_BCHPage.quote_summary_HPNR_BCH_without_maintenance(QuoteSummary_HPNR_BCHPage.java:720)
at com.amt.test.HPNR.Acquisition_Quotes_HPNR_BCH_with_funder_quote_addition_without_maintenance_Test.aquisition_quotes_HPNR_BCH_quote_summary_values_verification_without_maintenance_test(Acquisition_Quotes_HPNR_BCH_with_funder_quote_addition_without_maintenance_Test.java:197)
at java.base/java.util.ArrayList.forEach(ArrayList.java:1511)
... Removed 25 stack frames]]>
    </failure>
  </testcase> <!-- aquisition_quotes_HPNR_BCH_quote_summary_values_verification_without_maintenance_test -->
  <testcase classname="com.amt.test.LOU.LOU_ownbook_business_hire_funder_accept_with_changes_Test" name="L1_create_lead_convert_to_lead_for_ownbook_business_flow" time="0.0">
    <skipped/>
  </testcase> <!-- L1_create_lead_convert_to_lead_for_ownbook_business_flow -->
  <testcase classname="com.amt.test.LOU.LOU_ownbook_business_hire_funder_accept_with_changes_Test" name="L2_ownbook_business_current_status_before_sending_to_proposal" time="0.0">
    <skipped/>
  </testcase> <!-- L2_ownbook_business_current_status_before_sending_to_proposal -->
  <testcase classname="com.amt.test.LOU.LOU_ownbook_business_hire_funder_accept_with_changes_Test" name="L3_verify_table_values_on_opportunity_page_before_sending_proposal" time="0.0">
    <skipped/>
  </testcase> <!-- L3_verify_table_values_on_opportunity_page_before_sending_proposal -->
  <testcase classname="com.amt.test.LOU.LOU_ownbook_business_hire_funder_accept_with_changes_Test" name="L4_fill_up_the_required_fields_for_sending_a_proposal" time="0.0">
    <skipped/>
  </testcase> <!-- L4_fill_up_the_required_fields_for_sending_a_proposal -->
  <testcase classname="com.amt.test.LOU.LOU_ownbook_business_hire_funder_accept_with_changes_Test" name="L5_ownbook_create_opportunity_business_current_status_after_sending_to_proposal" time="0.0">
    <skipped/>
  </testcase> <!-- L5_ownbook_create_opportunity_business_current_status_after_sending_to_proposal -->
  <testcase classname="com.amt.test.LOU.LOU_ownbook_business_hire_funder_accept_with_changes_Test" name="L6_ownbook_sending_contract" time="0.0">
    <skipped/>
  </testcase> <!-- L6_ownbook_sending_contract -->
  <testcase classname="com.amt.test.LOU.LOU_ownbook_business_hire_funder_accept_with_changes_Test" name="L7_verify_current_status_on_opportunity_page_after_sending_contract_for_ownbook_business_flow" time="0.0">
    <skipped/>
  </testcase> <!-- L7_verify_current_status_on_opportunity_page_after_sending_contract_for_ownbook_business_flow -->
  <testcase classname="com.amt.test.LOU.LOU_ownbook_business_hire_funder_accept_with_changes_Test" name="L8_ownbook_signed_contract_status_with_api_call" time="0.0">
    <skipped/>
  </testcase> <!-- L8_ownbook_signed_contract_status_with_api_call -->
  <testcase classname="com.amt.test.LOU.LOU_ownbook_business_hire_funder_accept_with_changes_Test" name="UW1_verify_status_after_contract_signed" time="0.0">
    <skipped/>
  </testcase> <!-- UW1_verify_status_after_contract_signed -->
  <testcase classname="com.amt.test.LOU.LOU_ownbook_business_hire_funder_accept_with_changes_Test" name="UW2_verify_underwriting_pop_up_summary_values_for_ownbook_business_flow" time="0.0">
    <skipped/>
  </testcase> <!-- UW2_verify_underwriting_pop_up_summary_values_for_ownbook_business_flow -->
  <testcase classname="com.amt.test.LOU.LOU_ownbook_business_hire_funder_accept_with_changes_Test" name="UW2_verify_status_after_sending_to_underwriting" time="0.0">
    <skipped/>
  </testcase> <!-- UW2_verify_status_after_sending_to_underwriting -->
  <testcase classname="com.amt.test.LOU.LOU_ownbook_business_hire_funder_accept_with_changes_Test" name="UW3_verify_underwriting_lisitig_page" time="0.0">
    <skipped/>
  </testcase> <!-- UW3_verify_underwriting_lisitig_page -->
  <testcase classname="com.amt.test.LOU.LOU_ownbook_business_hire_funder_accept_with_changes_Test" name="UW4_verify_values_on_underwriting_quote_tab_for_ownbook_business_flow" time="0.0">
    <skipped/>
  </testcase> <!-- UW4_verify_values_on_underwriting_quote_tab_for_ownbook_business_flow -->
  <testcase classname="com.amt.test.LOU.LOU_ownbook_business_hire_funder_accept_with_changes_Test" name="UW5_ownbook_underwriting_decision_accept_with_changes" time="0.0">
    <skipped/>
  </testcase> <!-- UW5_ownbook_underwriting_decision_accept_with_changes -->
  <testcase classname="com.amt.test.LOU.LOU_ownbook_business_hire_funder_accept_with_changes_Test" name="UW6_verify_ownbook_opportunity_search_text_box_accept_with_changes" time="0.0">
    <skipped/>
  </testcase> <!-- UW6_verify_ownbook_opportunity_search_text_box_accept_with_changes -->
  <testcase classname="com.amt.test.LOU.LOU_ownbook_business_hire_funder_accept_with_changes_Test" name="UW7_verify_ownbook_opportunity_accept_with_changes_underwriting_pop_up" time="0.0">
    <skipped/>
  </testcase> <!-- UW7_verify_ownbook_opportunity_accept_with_changes_underwriting_pop_up -->
  <testcase classname="com.amt.test.LOU.LOU_ownbook_business_hire_funder_accept_with_changes_Test" name="UW8_verify_ownbook_opportunity_underwriting_accept_with_changes_cancel_flow_verification" time="0.0">
    <skipped/>
  </testcase> <!-- UW8_verify_ownbook_opportunity_underwriting_accept_with_changes_cancel_flow_verification -->
  <testcase classname="com.amt.test.LOU.LOU_ownbook_business_hire_funder_accept_with_changes_Test" name="UW9_verify_ownbook_opportunity_underwriting_accept_with_changes_underwriting_pop_up" time="0.0">
    <skipped/>
  </testcase> <!-- UW9_verify_ownbook_opportunity_underwriting_accept_with_changes_underwriting_pop_up -->
  <testcase classname="com.amt.test.LOU.LOU_ownbook_business_hire_funder_accept_with_changes_Test" name="UW10_ownbook_after_opportunity_underwriting_accept_with_changes_signed_contract_status_with_api_call" time="0.0">
    <skipped/>
  </testcase> <!-- UW10_ownbook_after_opportunity_underwriting_accept_with_changes_signed_contract_status_with_api_call -->
  <testcase classname="com.amt.test.LOU.LOU_ownbook_business_hire_funder_accept_with_changes_Test" name="OP1_ownbook_after_Underwriting_accepted_mothlty_payment_price" time="0.0">
    <skipped/>
  </testcase> <!-- OP1_ownbook_after_Underwriting_accepted_mothlty_payment_price -->
  <testcase classname="com.amt.testBase.TestBase" name="@BeforeTest start_info" time="0.0">
    <ignored/>
  </testcase> <!-- @BeforeTest start_info -->
</testsuite> <!-- Ownbook business hire Accept with funder -->
