<?xml version="1.0" encoding="UTF-8"?>
<!-- Generated by org.testng.reporters.JUnitXMLReporter -->
<testsuite ignored="0" hostname="DSK-4052" failures="1" tests="19" name="Test_Accept" time="665.525" errors="0" timestamp="2023-07-19T20:30:40 IST">
  <testcase classname="com.amt.test.broker.Acquisition_Quotes_Broker_PCP_without_maintenance_Test" name="aquisition_quotes_user_flow_broker_PCP_OTR_calculation_without_maintenance_test" time="88.306"/>
  <testcase classname="com.amt.test.broker.Acquisition_Quotes_Broker_PCP_without_maintenance_Test" name="aquisition_quotes_user_flow_broker_PCP_after_discount_calculations_without_maintenance_test" time="5.22"/>
  <testcase classname="com.amt.test.broker.Acquisition_Quotes_Broker_PCP_without_maintenance_Test" name="aquisition_quotes_user_flow_broker_PCP_vehicle_profit_check_without_maintenance_test" time="6.469"/>
  <testcase classname="com.amt.test.broker.Acquisition_Quotes_Broker_PCP_without_maintenance_Test" name="aquisition_quotes_user_flow_broker_PCP_balance_to_finance_check_without_maintenance_test" time="34.588"/>
  <testcase classname="com.amt.test.broker.Acquisition_Quotes_Broker_PCP_without_maintenance_Test" name="aquisition_quotes_user_flow_broker_PCP_quote_summary_values_verification_without_maintenance_test" time="39.845"/>
  <testcase classname="com.amt.test.LOU.LOU_broker_individual_purchase_accept_flow_Test" name="L1_broker_create_lead_individual" time="108.4"/>
  <testcase classname="com.amt.test.LOU.LOU_broker_individual_purchase_accept_flow_Test" name="L2_broker_individual_current_status_before_sending_to_proposal" time="31.549"/>
  <testcase classname="com.amt.test.LOU.LOU_broker_individual_purchase_accept_flow_Test" name="L3_verify_table_values_on_opportunity_page_before_sending_proposal" time="4.002"/>
  <testcase classname="com.amt.test.LOU.LOU_broker_individual_purchase_accept_flow_Test" name="L4_adding_proposal_on_opportunity_page_broker_individual_flow" time="84.009"/>
  <testcase classname="com.amt.test.LOU.LOU_broker_individual_purchase_accept_flow_Test" name="L5_verify_current_status_on_opportunity_page_after_sending_to_proposal_for_broker_individual_flow" time="32.131"/>
  <testcase classname="com.amt.test.LOU.LOU_broker_individual_purchase_accept_flow_Test" name="L6_broker_create_opportunity_individual_sending_to_contract" time="91.465"/>
  <testcase classname="com.amt.test.LOU.LOU_broker_individual_purchase_accept_flow_Test" name="L7_verify_current_status_on_opportunity_page_after_sending_contract_for_broker_individual_flow" time="4.192"/>
  <testcase classname="com.amt.test.LOU.LOU_broker_individual_purchase_accept_flow_Test" name="L8_verify_signed_contract_status_with_api_call" time="33.784"/>
  <testcase classname="com.amt.test.LOU.LOU_broker_individual_purchase_accept_flow_Test" name="L9_verify_status_after_contract_signed" time="8.12"/>
  <testcase classname="com.amt.test.LOU.LOU_broker_individual_purchase_accept_flow_Test" name="UW1_verify_underwriting_flow_ownbook_with_status" time="23.202"/>
  <testcase classname="com.amt.test.LOU.LOU_broker_individual_purchase_accept_flow_Test" name="UW2_verify_status_after_sending_to_underwriting" time="1.119"/>
  <testcase classname="com.amt.test.LOU.LOU_broker_individual_purchase_accept_flow_Test" name="UW3_verify_underwriting_lisitig_page" time="14.704"/>
  <testcase classname="com.amt.test.LOU.LOU_broker_individual_purchase_accept_flow_Test" name="UW4_verify_underwriting_proposal_page_flow" time="30.477">
    <failure type="org.openqa.selenium.ElementClickInterceptedException" message="element click intercepted: Element &amp;lt;p _ngcontent-axp-c27=&amp;quot;&amp;quot; style=&amp;quot; border: 1px solid white;&amp;quot;&amp;gt;...&amp;lt;/p&amp;gt; is not clickable at point (484, 99). Other element would receive the click: &amp;lt;ul _ngcontent-axp-c27=&amp;quot;&amp;quot; class=&amp;quot;nav nav-pills&amp;quot;&amp;gt;...&amp;lt;/ul&amp;gt;
  (Session info: chrome=114.0.5735.199)
Build info: version: &amp;apos;4.0.0&amp;apos;, revision: &amp;apos;3a21814679&amp;apos;
System info: host: &amp;apos;DSK-4052&amp;apos;, ip: &amp;apos;172.16.1.80&amp;apos;, os.name: &amp;apos;Windows 10&amp;apos;, os.arch: &amp;apos;amd64&amp;apos;, os.version: &amp;apos;10.0&amp;apos;, java.version: &amp;apos;19.0.1&amp;apos;
Driver info: org.openqa.selenium.chrome.ChromeDriver
Command: [e56268a85482c623f954075120cabd7d, clickElement {id=2FB285A907DF47B7FB732DC81080FB24_element_1771}]
Capabilities {acceptInsecureCerts: false, browserName: chrome, browserVersion: 114.0.5735.199, chrome: {chromedriverVersion: 114.0.5735.90 (386bc09e8f4f..., userDataDir: C:\Users\NITEIN~1.KUR\AppDa...}, goog:chromeOptions: {debuggerAddress: localhost:57704}, javascriptEnabled: true, networkConnectionEnabled: false, pageLoadStrategy: none, platform: WINDOWS, platformName: WINDOWS, proxy: Proxy(), se:cdp: ws://localhost:57704/devtoo..., se:cdpVersion: 114.0.5735.199, setWindowRect: true, strictFileInteractability: false, timeouts: {implicit: 0, pageLoad: 300000, script: 30000}, unhandledPromptBehavior: dismiss and notify, webauthn:extension:credBlob: true, webauthn:extension:largeBlob: true, webauthn:extension:minPinLength: true, webauthn:extension:prf: true, webauthn:virtualAuthenticators: true}
Element: [[ChromeDriver: chrome on WINDOWS (e56268a85482c623f954075120cabd7d)] -&amp;gt; xpath: (//p[normalize-space()=&amp;apos;Decision&amp;apos;])[1]]
Session ID: e56268a85482c623f954075120cabd7d">
      <![CDATA[org.openqa.selenium.ElementClickInterceptedException: element click intercepted: Element <p _ngcontent-axp-c27="" style=" border: 1px solid white;">...</p> is not clickable at point (484, 99). Other element would receive the click: <ul _ngcontent-axp-c27="" class="nav nav-pills">...</ul>
  (Session info: chrome=114.0.5735.199)
Build info: version: '4.0.0', revision: '3a21814679'
System info: host: 'DSK-4052', ip: '172.16.1.80', os.name: 'Windows 10', os.arch: 'amd64', os.version: '10.0', java.version: '19.0.1'
Driver info: org.openqa.selenium.chrome.ChromeDriver
Command: [e56268a85482c623f954075120cabd7d, clickElement {id=2FB285A907DF47B7FB732DC81080FB24_element_1771}]
Capabilities {acceptInsecureCerts: false, browserName: chrome, browserVersion: 114.0.5735.199, chrome: {chromedriverVersion: 114.0.5735.90 (386bc09e8f4f..., userDataDir: C:\Users\NITEIN~1.KUR\AppDa...}, goog:chromeOptions: {debuggerAddress: localhost:57704}, javascriptEnabled: true, networkConnectionEnabled: false, pageLoadStrategy: none, platform: WINDOWS, platformName: WINDOWS, proxy: Proxy(), se:cdp: ws://localhost:57704/devtoo..., se:cdpVersion: 114.0.5735.199, setWindowRect: true, strictFileInteractability: false, timeouts: {implicit: 0, pageLoad: 300000, script: 30000}, unhandledPromptBehavior: dismiss and notify, webauthn:extension:credBlob: true, webauthn:extension:largeBlob: true, webauthn:extension:minPinLength: true, webauthn:extension:prf: true, webauthn:virtualAuthenticators: true}
Element: [[ChromeDriver: chrome on WINDOWS (e56268a85482c623f954075120cabd7d)] -> xpath: (//p[normalize-space()='Decision'])[1]]
Session ID: e56268a85482c623f954075120cabd7d
at org.openqa.selenium.remote.codec.w3c.W3CHttpResponseCodec.createException(W3CHttpResponseCodec.java:200)
at org.openqa.selenium.remote.codec.w3c.W3CHttpResponseCodec.decode(W3CHttpResponseCodec.java:133)
at org.openqa.selenium.remote.codec.w3c.W3CHttpResponseCodec.decode(W3CHttpResponseCodec.java:53)
at org.openqa.selenium.remote.HttpCommandExecutor.execute(HttpCommandExecutor.java:184)
at org.openqa.selenium.remote.service.DriverCommandExecutor.invokeExecute(DriverCommandExecutor.java:164)
at org.openqa.selenium.remote.service.DriverCommandExecutor.execute(DriverCommandExecutor.java:139)
at org.openqa.selenium.remote.RemoteWebDriver.execute(RemoteWebDriver.java:559)
at org.openqa.selenium.remote.RemoteWebElement.execute(RemoteWebElement.java:251)
at org.openqa.selenium.remote.RemoteWebElement.click(RemoteWebElement.java:77)
at org.openqa.selenium.support.pagefactory.internal.LocatingElementHandler.invoke(LocatingElementHandler.java:52)
at jdk.proxy2/jdk.proxy2.$Proxy17.click(Unknown Source)
at com.amt.testUtil.Click.on(Click.java:18)
at com.amt.pages.Underwriting.find_underwriting_tab_decision_page(Underwriting.java:7666)
at com.amt.test.LOU.LOU_broker_individual_purchase_accept_flow_Test.UW4_verify_underwriting_proposal_page_flow(LOU_broker_individual_purchase_accept_flow_Test.java:332)
at java.base/java.util.ArrayList.forEach(ArrayList.java:1511)
... Removed 30 stack frames]]>
    </failure>
  </testcase> <!-- UW4_verify_underwriting_proposal_page_flow -->
  <testcase classname="com.amt.test.LOU.LOU_broker_individual_purchase_accept_flow_Test" name="UW5_verify_underwriting_proposal_decision_with_accept" time="0.0">
    <skipped/>
  </testcase> <!-- UW5_verify_underwriting_proposal_decision_with_accept -->
</testsuite> <!-- Test_Accept -->
