<?xml version="1.0" encoding="UTF-8"?>
<!-- Generated by org.testng.reporters.JUnitXMLReporter -->
<testsuite ignored="0" hostname="DSK-4052" failures="1" tests="14" name="Used Car Broker Individual Purchase" time="456.063" errors="0" timestamp="2024-01-22T11:50:20 IST">
  <testcase classname="com.amt.test.LOU.LOU_used_car_broker_individual_purchase_accept_flow_Test" name="L1_broker_create_lead_individual" time="139.402"/>
  <testcase classname="com.amt.test.LOU.LOU_used_car_broker_individual_purchase_accept_flow_Test" name="L2_broker_individual_current_status_before_sending_to_proposal" time="60.313"/>
  <testcase classname="com.amt.test.LOU.LOU_used_car_broker_individual_purchase_accept_flow_Test" name="L3_verify_table_values_on_opportunity_page_before_sending_proposal" time="4.161"/>
  <testcase classname="com.amt.test.LOU.LOU_used_car_broker_individual_purchase_accept_flow_Test" name="L4_adding_proposal_on_opportunity_page_broker_individual_flow" time="159.896"/>
  <testcase classname="com.amt.test.LOU.LOU_used_car_broker_individual_purchase_accept_flow_Test" name="L5_verify_current_status_on_opportunity_page_after_sending_to_proposal_for_broker_individual_flow" time="60.131">
    <failure type="org.openqa.selenium.TimeoutException" message="Expected condition failed: waiting for visibility of Proxy element for: DefaultElementLocator &amp;apos;By.xpath: //tr[@class=&amp;apos;ng-star-inserted&amp;apos;]//td[9]&amp;apos; (tried for 60 second(s) with 500 milliseconds interval)">
      <![CDATA[org.openqa.selenium.TimeoutException: Expected condition failed: waiting for visibility of Proxy element for: DefaultElementLocator 'By.xpath: //tr[@class='ng-star-inserted']//td[9]' (tried for 60 second(s) with 500 milliseconds interval)
at org.openqa.selenium.support.ui.WebDriverWait.timeoutException(WebDriverWait.java:138)
at org.openqa.selenium.support.ui.FluentWait.until(FluentWait.java:231)
at com.amt.testUtil.ExplicitWait.visibleElement(ExplicitWait.java:24)
at com.amt.pages.Opportunities.verify_current_status_of_opportunity_after_sending_to_proposal(Opportunities.java:452)
at com.amt.test.LOU.LOU_used_car_broker_individual_purchase_accept_flow_Test.L5_verify_current_status_on_opportunity_page_after_sending_to_proposal_for_broker_individual_flow(LOU_used_car_broker_individual_purchase_accept_flow_Test.java:143)
at java.base/java.util.ArrayList.forEach(ArrayList.java:1511)
Caused by: org.openqa.selenium.NoSuchElementException: no such element: Unable to locate element: {"method":"xpath","selector":"//tr[@class='ng-star-inserted']//td[9]"}
  (Session info: chrome=120.0.6099.225)
For documentation on this error, please visit: https://www.selenium.dev/documentation/webdriver/troubleshooting/errors#no-such-element-exception
Build info: version: '4.10.0', revision: 'c14d967899'
System info: os.name: 'Windows 10', os.arch: 'amd64', os.version: '10.0', java.version: '19.0.1'
Driver info: org.openqa.selenium.chrome.ChromeDriver
Command: [25baa9fbe8ed4ebc54d5688168248ad3, findElement {using=xpath, value=//tr[@class='ng-star-inserted']//td[9]}]
Capabilities {acceptInsecureCerts: false, browserName: chrome, browserVersion: 120.0.6099.225, chrome: {chromedriverVersion: 119.0.6045.105 (38c72552c5e..., userDataDir: C:\Users\NITEIN~1.KUR\AppDa...}, fedcm:accounts: true, goog:chromeOptions: {debuggerAddress: localhost:63116}, javascriptEnabled: true, networkConnectionEnabled: false, pageLoadStrategy: normal, platform: windows, platformName: windows, proxy: Proxy(), se:cdp: ws://localhost:63116/devtoo..., se:cdpVersion: 120.0.6099.225, setWindowRect: true, strictFileInteractability: false, timeouts: {implicit: 0, pageLoad: 300000, script: 30000}, unhandledPromptBehavior: dismiss and notify, webauthn:extension:credBlob: true, webauthn:extension:largeBlob: true, webauthn:extension:minPinLength: true, webauthn:extension:prf: true, webauthn:virtualAuthenticators: true}
Session ID: 25baa9fbe8ed4ebc54d5688168248ad3
at org.openqa.selenium.remote.codec.w3c.W3CHttpResponseCodec.createException(W3CHttpResponseCodec.java:200)
at org.openqa.selenium.remote.codec.w3c.W3CHttpResponseCodec.decode(W3CHttpResponseCodec.java:133)
at org.openqa.selenium.remote.codec.w3c.W3CHttpResponseCodec.decode(W3CHttpResponseCodec.java:53)
at org.openqa.selenium.remote.HttpCommandExecutor.execute(HttpCommandExecutor.java:184)
at org.openqa.selenium.remote.service.DriverCommandExecutor.invokeExecute(DriverCommandExecutor.java:164)
at org.openqa.selenium.remote.service.DriverCommandExecutor.execute(DriverCommandExecutor.java:139)
at org.openqa.selenium.remote.RemoteWebDriver.execute(RemoteWebDriver.java:559)
at org.openqa.selenium.remote.ElementLocation$ElementFinder$2.findElement(ElementLocation.java:162)
at org.openqa.selenium.remote.ElementLocation.findElement(ElementLocation.java:60)
at org.openqa.selenium.remote.RemoteWebDriver.findElement(RemoteWebDriver.java:383)
at org.openqa.selenium.remote.RemoteWebDriver.findElement(RemoteWebDriver.java:375)
at org.openqa.selenium.support.pagefactory.DefaultElementLocator.findElement(DefaultElementLocator.java:70)
at org.openqa.selenium.support.pagefactory.internal.LocatingElementHandler.invoke(LocatingElementHandler.java:39)
at jdk.proxy2/jdk.proxy2.$Proxy17.isDisplayed(Unknown Source)
at org.openqa.selenium.support.ui.ExpectedConditions.elementIfVisible(ExpectedConditions.java:307)
at org.openqa.selenium.support.ui.ExpectedConditions.access$000(ExpectedConditions.java:40)
at org.openqa.selenium.support.ui.ExpectedConditions$10.apply(ExpectedConditions.java:293)
at org.openqa.selenium.support.ui.ExpectedConditions$10.apply(ExpectedConditions.java:290)
at org.openqa.selenium.support.ui.FluentWait.until(FluentWait.java:208)
... 29 more
... Removed 28 stack frames]]>
    </failure>
  </testcase> <!-- L5_verify_current_status_on_opportunity_page_after_sending_to_proposal_for_broker_individual_flow -->
  <testcase classname="com.amt.test.LOU.LOU_used_car_broker_individual_purchase_accept_flow_Test" name="L6_broker_create_opportunity_individual_sending_to_contract" time="0.0">
    <skipped/>
  </testcase> <!-- L6_broker_create_opportunity_individual_sending_to_contract -->
  <testcase classname="com.amt.test.LOU.LOU_used_car_broker_individual_purchase_accept_flow_Test" name="L7_verify_current_status_on_opportunity_page_after_sending_contract_for_broker_individual_flow" time="0.0">
    <skipped/>
  </testcase> <!-- L7_verify_current_status_on_opportunity_page_after_sending_contract_for_broker_individual_flow -->
  <testcase classname="com.amt.test.LOU.LOU_used_car_broker_individual_purchase_accept_flow_Test" name="L8_verify_signed_contract_status_with_api_call" time="0.0">
    <skipped/>
  </testcase> <!-- L8_verify_signed_contract_status_with_api_call -->
  <testcase classname="com.amt.test.LOU.LOU_used_car_broker_individual_purchase_accept_flow_Test" name="L9_verify_status_after_contract_signed" time="0.0">
    <skipped/>
  </testcase> <!-- L9_verify_status_after_contract_signed -->
  <testcase classname="com.amt.test.LOU.LOU_used_car_broker_individual_purchase_accept_flow_Test" name="UW1_verify_underwriting_flow_ownbook_with_status" time="0.0">
    <skipped/>
  </testcase> <!-- UW1_verify_underwriting_flow_ownbook_with_status -->
  <testcase classname="com.amt.test.LOU.LOU_used_car_broker_individual_purchase_accept_flow_Test" name="UW2_verify_status_after_sending_to_underwriting" time="0.0">
    <skipped/>
  </testcase> <!-- UW2_verify_status_after_sending_to_underwriting -->
  <testcase classname="com.amt.test.LOU.LOU_used_car_broker_individual_purchase_accept_flow_Test" name="UW3_verify_underwriting_lisitig_page" time="0.0">
    <skipped/>
  </testcase> <!-- UW3_verify_underwriting_lisitig_page -->
  <testcase classname="com.amt.test.LOU.LOU_used_car_broker_individual_purchase_accept_flow_Test" name="UW4_verify_underwriting_proposal_page_flow" time="0.0">
    <skipped/>
  </testcase> <!-- UW4_verify_underwriting_proposal_page_flow -->
  <testcase classname="com.amt.test.LOU.LOU_used_car_broker_individual_purchase_accept_flow_Test" name="UW5_verify_underwriting_proposal_decision_with_accept" time="0.0">
    <skipped/>
  </testcase> <!-- UW5_verify_underwriting_proposal_decision_with_accept -->
</testsuite> <!-- Used Car Broker Individual Purchase -->
