<?xml version="1.0" encoding="UTF-8"?>
<!-- Generated by org.testng.reporters.JUnitXMLReporter -->
<testsuite ignored="0" hostname="DSK-4052" failures="1" tests="19" name="Used Car Ownbook Individual Purchase" time="831.203" errors="0" timestamp="2024-01-25T12:28:49 IST">
  <testcase classname="com.amt.test.LOU.LOU_used_car_ownbook_individual_purchase_accept_with_changes_Test" name="L1_create_lead_convert_to_lead_for_ownbook_individual_flow" time="171.873"/>
  <testcase classname="com.amt.test.LOU.LOU_used_car_ownbook_individual_purchase_accept_with_changes_Test" name="L2_ownbook_individual_current_status_before_sending_to_proposal" time="20.678"/>
  <testcase classname="com.amt.test.LOU.LOU_used_car_ownbook_individual_purchase_accept_with_changes_Test" name="L3_verify_table_values_on_opportunity_page_before_sending_proposal" time="4.034"/>
  <testcase classname="com.amt.test.LOU.LOU_used_car_ownbook_individual_purchase_accept_with_changes_Test" name="L4_fill_up_the_required_fields_for_sending_a_proposal" time="90.006"/>
  <testcase classname="com.amt.test.LOU.LOU_used_car_ownbook_individual_purchase_accept_with_changes_Test" name="L5_ownbook_create_opportunity_individual_currentstatus_after_sending_to_proposal" time="11.22"/>
  <testcase classname="com.amt.test.LOU.LOU_used_car_ownbook_individual_purchase_accept_with_changes_Test" name="L6_ownbook_sending_contract" time="24.85"/>
  <testcase classname="com.amt.test.LOU.LOU_used_car_ownbook_individual_purchase_accept_with_changes_Test" name="L7_verify_current_status_on_opportunity_page_after_sending_contract_for_ownbook_individual_flow" time="4.161"/>
  <testcase classname="com.amt.test.LOU.LOU_used_car_ownbook_individual_purchase_accept_with_changes_Test" name="L8_ownbook_signed_contract_status_with_api_call" time="27.051"/>
  <testcase classname="com.amt.test.LOU.LOU_used_car_ownbook_individual_purchase_accept_with_changes_Test" name="L9_ownbook_status_after_contract_signed" time="10.108"/>
  <testcase classname="com.amt.test.LOU.LOU_used_car_ownbook_individual_purchase_accept_with_changes_Test" name="UW1_verify_underwriting_flow_ownbook_with_status" time="67.104"/>
  <testcase classname="com.amt.test.LOU.LOU_used_car_ownbook_individual_purchase_accept_with_changes_Test" name="UW2_verify_status_after_sending_to_underwriting" time="1.143"/>
  <testcase classname="com.amt.test.LOU.LOU_used_car_ownbook_individual_purchase_accept_with_changes_Test" name="UW3_verify_underwriting_lisitig_page" time="13.056"/>
  <testcase classname="com.amt.test.LOU.LOU_used_car_ownbook_individual_purchase_accept_with_changes_Test" name="UW4_verify_ownbook_underwriting_proposal_page_flow" time="102.648"/>
  <testcase classname="com.amt.test.LOU.LOU_used_car_ownbook_individual_purchase_accept_with_changes_Test" name="UW5_verify_ownbook_underwriting_proposal_decision_with_accept" time="47.745"/>
  <testcase classname="com.amt.test.LOU.LOU_used_car_ownbook_individual_purchase_accept_with_changes_Test" name="UW6_verify_ownbook_opportunity_search_text_box_accept_with_changes" time="54.15"/>
  <testcase classname="com.amt.test.LOU.LOU_used_car_ownbook_individual_purchase_accept_with_changes_Test" name="UW7_verify_ownbook_opportunity_accept_with_changes_underwriting_pop_up" time="68.635"/>
  <testcase classname="com.amt.test.LOU.LOU_used_car_ownbook_individual_purchase_accept_with_changes_Test" name="UW8_verify_ownbook_opportunity_underwriting_accept_with_changes_cancel_flow_verification" time="81.754">
    <failure type="org.openqa.selenium.TimeoutException" message="Expected condition failed: waiting for visibility of Proxy element for: DefaultElementLocator &amp;apos;By.xpath: //input[@placeholder=&amp;apos;Search something here&amp;apos;]&amp;apos; (tried for 50 second(s) with 500 milliseconds interval)">
      <![CDATA[org.openqa.selenium.TimeoutException: Expected condition failed: waiting for visibility of Proxy element for: DefaultElementLocator 'By.xpath: //input[@placeholder='Search something here']' (tried for 50 second(s) with 500 milliseconds interval)
at org.openqa.selenium.support.ui.WebDriverWait.timeoutException(WebDriverWait.java:138)
at org.openqa.selenium.support.ui.FluentWait.until(FluentWait.java:231)
at com.amt.testUtil.ExplicitWait.visibleElement(ExplicitWait.java:24)
at com.amt.pages.Opportunities.verify_opportunity_ownbook_quote_search_text_box(Opportunities.java:2078)
at com.amt.test.LOU.LOU_used_car_ownbook_individual_purchase_accept_with_changes_Test.UW8_verify_ownbook_opportunity_underwriting_accept_with_changes_cancel_flow_verification(LOU_used_car_ownbook_individual_purchase_accept_with_changes_Test.java:403)
at java.base/java.util.ArrayList.forEach(ArrayList.java:1511)
Caused by: org.openqa.selenium.NoSuchElementException: no such element: Unable to locate element: {"method":"xpath","selector":"//input[@placeholder='Search something here']"}
  (Session info: chrome=120.0.6099.225)
For documentation on this error, please visit: https://www.selenium.dev/documentation/webdriver/troubleshooting/errors#no-such-element-exception
Build info: version: '4.10.0', revision: 'c14d967899'
System info: os.name: 'Windows 10', os.arch: 'amd64', os.version: '10.0', java.version: '19.0.1'
Driver info: org.openqa.selenium.chrome.ChromeDriver
Command: [6dec36942db2710c8afc2dca15b084e7, findElement {using=xpath, value=//input[@placeholder='Search something here']}]
Capabilities {acceptInsecureCerts: false, browserName: chrome, browserVersion: 120.0.6099.225, chrome: {chromedriverVersion: 119.0.6045.105 (38c72552c5e..., userDataDir: C:\Users\NITEIN~1.KUR\AppDa...}, fedcm:accounts: true, goog:chromeOptions: {debuggerAddress: localhost:64690}, javascriptEnabled: true, networkConnectionEnabled: false, pageLoadStrategy: normal, platform: windows, platformName: windows, proxy: Proxy(), se:cdp: ws://localhost:64690/devtoo..., se:cdpVersion: 120.0.6099.225, setWindowRect: true, strictFileInteractability: false, timeouts: {implicit: 0, pageLoad: 300000, script: 30000}, unhandledPromptBehavior: dismiss and notify, webauthn:extension:credBlob: true, webauthn:extension:largeBlob: true, webauthn:extension:minPinLength: true, webauthn:extension:prf: true, webauthn:virtualAuthenticators: true}
Session ID: 6dec36942db2710c8afc2dca15b084e7
at org.openqa.selenium.remote.codec.w3c.W3CHttpResponseCodec.createException(W3CHttpResponseCodec.java:200)
at org.openqa.selenium.remote.codec.w3c.W3CHttpResponseCodec.decode(W3CHttpResponseCodec.java:133)
at org.openqa.selenium.remote.codec.w3c.W3CHttpResponseCodec.decode(W3CHttpResponseCodec.java:53)
at org.openqa.selenium.remote.HttpCommandExecutor.execute(HttpCommandExecutor.java:184)
at org.openqa.selenium.remote.service.DriverCommandExecutor.invokeExecute(DriverCommandExecutor.java:164)
at org.openqa.selenium.remote.service.DriverCommandExecutor.execute(DriverCommandExecutor.java:139)
at org.openqa.selenium.remote.RemoteWebDriver.execute(RemoteWebDriver.java:559)
at org.openqa.selenium.remote.ElementLocation$ElementFinder$2.findElement(ElementLocation.java:162)
at org.openqa.selenium.remote.ElementLocation.findElement(ElementLocation.java:60)
at org.openqa.selenium.remote.RemoteWebDriver.findElement(RemoteWebDriver.java:383)
at org.openqa.selenium.remote.RemoteWebDriver.findElement(RemoteWebDriver.java:375)
at org.openqa.selenium.support.pagefactory.DefaultElementLocator.findElement(DefaultElementLocator.java:70)
at org.openqa.selenium.support.pagefactory.internal.LocatingElementHandler.invoke(LocatingElementHandler.java:39)
at jdk.proxy2/jdk.proxy2.$Proxy17.isDisplayed(Unknown Source)
at org.openqa.selenium.support.ui.ExpectedConditions.elementIfVisible(ExpectedConditions.java:307)
at org.openqa.selenium.support.ui.ExpectedConditions.access$000(ExpectedConditions.java:40)
at org.openqa.selenium.support.ui.ExpectedConditions$10.apply(ExpectedConditions.java:293)
at org.openqa.selenium.support.ui.ExpectedConditions$10.apply(ExpectedConditions.java:290)
at org.openqa.selenium.support.ui.FluentWait.until(FluentWait.java:208)
... 29 more
... Removed 28 stack frames]]>
    </failure>
  </testcase> <!-- UW8_verify_ownbook_opportunity_underwriting_accept_with_changes_cancel_flow_verification -->
  <testcase classname="com.amt.test.LOU.LOU_used_car_ownbook_individual_purchase_accept_with_changes_Test" name="UW9_ownbook_after_opportunity_underwriting_accept_with_changes_signed_contract_status_with_api_call" time="0.0">
    <skipped/>
  </testcase> <!-- UW9_ownbook_after_opportunity_underwriting_accept_with_changes_signed_contract_status_with_api_call -->
  <testcase classname="com.amt.test.LOU.LOU_used_car_ownbook_individual_purchase_accept_with_changes_Test" name="OP1_ownbook_after_Underwriting_accepted_mothlty_payment_price" time="0.0">
    <skipped/>
  </testcase> <!-- OP1_ownbook_after_Underwriting_accepted_mothlty_payment_price -->
</testsuite> <!-- Used Car Ownbook Individual Purchase -->
