<html>
<head>
<title>TestNG:  Used Car Broker Individual Purchase</title>
<link href="../testng.css" rel="stylesheet" type="text/css" />
<link href="../my-testng.css" rel="stylesheet" type="text/css" />

<style type="text/css">
.log { display: none;} 
.stack-trace { display: none;} 
</style>
<script type="text/javascript">
<!--
function flip(e) {
  current = e.style.display;
  if (current == 'block') {
    e.style.display = 'none';
    return 0;
  }
  else {
    e.style.display = 'block';
    return 1;
  }
}

function toggleBox(szDivId, elem, msg1, msg2)
{
  var res = -1;  if (document.getElementById) {
    res = flip(document.getElementById(szDivId));
  }
  else if (document.all) {
    // this is the way old msie versions work
    res = flip(document.all[szDivId]);
  }
  if(elem) {
    if(res == 0) elem.innerHTML = msg1; else elem.innerHTML = msg2;
  }

}

function toggleAllBoxes() {
  if (document.getElementsByTagName) {
    d = document.getElementsByTagName('div');
    for (i = 0; i < d.length; i++) {
      if (d[i].className == 'log') {
        flip(d[i]);
      }
    }
  }
}

// -->
</script>

</head>
<body>
<h2 align='center'>Used Car Broker Individual Purchase</h2><table border='1' align="center">
<tr>
<td>Tests passed/Failed/Skipped:</td><td>4/1/9</td>
</tr><tr>
<td>Started on:</td><td>Mon Jan 22 11:42:44 IST 2024</td>
</tr>
<tr><td>Total time:</td><td>456 seconds (456063 ms)</td>
</tr><tr>
<td>Included groups:</td><td></td>
</tr><tr>
<td>Excluded groups:</td><td></td>
</tr>
</table><p/>
<small><i>(Hover the method name to see the test class name)</i></small><p/>
<table width='100%' border='1' class='invocation-failed'>
<tr><td colspan='4' align='center'><b>FAILED TESTS</b></td></tr>
<tr><td><b>Test method</b></td>
<td width="30%"><b>Exception</b></td>
<td width="10%"><b>Time (seconds)</b></td>
<td><b>Instance</b></td>
</tr>
<tr>
<td title='com.amt.test.LOU.LOU_used_car_broker_individual_purchase_accept_flow_Test.L5_verify_current_status_on_opportunity_page_after_sending_to_proposal_for_broker_individual_flow()'><b>L5_verify_current_status_on_opportunity_page_after_sending_to_proposal_for_broker_individual_flow</b><br>Test class: com.amt.test.LOU.LOU_used_car_broker_individual_purchase_accept_flow_Test<br/>
<a href="#Output-1393893645" onClick='toggleBox("Output-1393893645", this, "Show output", "Hide output");'>Show output</a>

<a href="#Output-1393893645" onClick="toggleAllBoxes();">Show all outputs</a>
<div class='log' id="Output-1393893645">
<br>----------Screenshot---------<br><br/>
<img src="D:\LOU\AMT_LOU\target\surefire-reports\html\failure_screenshots\L5_verify_current_status_on_opportunity_page_after_sending_to_proposal_for_broker_individual_flow_22_01_2024_11_50_20.png" height="800" width="1000"><br/>
</div>
</td>
<td><div><pre>org.openqa.selenium.TimeoutException: Expected condition failed: waiting for visibility of Proxy element for: DefaultElementLocator &apos;By.xpath: //tr[@class=&apos;ng-star-inserted&apos;]//td[9]&apos; (tried for 60 second(s) with 500 milliseconds interval)
	at org.openqa.selenium.support.ui.WebDriverWait.timeoutException(WebDriverWait.java:138)
	at org.openqa.selenium.support.ui.FluentWait.until(FluentWait.java:231)
	at com.amt.testUtil.ExplicitWait.visibleElement(ExplicitWait.java:24)
	at com.amt.pages.Opportunities.verify_current_status_of_opportunity_after_sending_to_proposal(Opportunities.java:452)
	at com.amt.test.LOU.LOU_used_car_broker_individual_purchase_accept_flow_Test.L5_verify_current_status_on_opportunity_page_after_sending_to_proposal_for_broker_individual_flow(LOU_used_car_broker_individual_purchase_accept_flow_Test.java:143)
	at java.base/java.util.ArrayList.forEach(ArrayList.java:1511)
Caused by: org.openqa.selenium.NoSuchElementException: no such element: Unable to locate element: {&quot;method&quot;:&quot;xpath&quot;,&quot;selector&quot;:&quot;//tr[@class=&apos;ng-star-inserted&apos;]//td[9]&quot;}
  (Session info: chrome=120.0.6099.225)
For documentation on this error, please visit: https://www.selenium.dev/documentation/webdriver/troubleshooting/errors#no-such-element-exception
Build info: version: &apos;4.10.0&apos;, revision: &apos;c14d967899&apos;
System info: os.name: &apos;Windows 10&apos;, os.arch: &apos;amd64&apos;, os.version: &apos;10.0&apos;, java.version: &apos;19.0.1&apos;
Driver info: org.openqa.selenium.chrome.ChromeDriver
Command: [25baa9fbe8ed4ebc54d5688168248ad3, findElement {using=xpath, value=//tr[@class=&apos;ng-star-inserted&apos;]//td[9]}]
Capabilities {acceptInsecureCerts: false, browserName: chrome, browserVersion: 120.0.6099.225, chrome: {chromedriverVersion: 119.0.6045.105 (38c72552c5e..., userDataDir: C:\Users\NITEIN~1.KUR\AppDa...}, fedcm:accounts: true, goog:chromeOptions: {debuggerAddress: localhost:63116}, javascriptEnabled: true, networkConnectionEnabled: false, pageLoadStrategy: normal, platform: windows, platformName: windows, proxy: Proxy(), se:cdp: ws://localhost:63116/devtoo..., se:cdpVersion: 120.0.6099.225, setWindowRect: true, strictFileInteractability: false, timeouts: {implicit: 0, pageLoad: 300000, script: 30000}, unhandledPromptBehavior: dismiss and notify, webauthn:extension:credBlob: true, webauthn:extension:largeBlob: true, webauthn:extension:minPinLength: true, webauthn:extension:prf: true, webauthn:virtualAuthenticators: true}
Session ID: 25baa9fbe8ed4ebc54d5688168248ad3
	at org.openqa.selenium.remote.codec.w3c.W3CHttpResponseCodec.createException(W3CHttpResponseCodec.java:200)
	at org.openqa.selenium.remote.codec.w3c.W3CHttpResponseCodec.decode(W3CHttpResponseCodec.java:133)
	at org.openqa.selenium.remote.codec.w3c.W3CHttpResponseCodec.decode(W3CHttpResponseCodec.java:53)
	at org.openqa.selenium.remote.HttpCommandExecutor.execute(HttpCommandExecutor.java:184)
	at org.openqa.selenium.remote.service.DriverCommandExecutor.invokeExecute(DriverCommandExecutor.java:164)
	at org.openqa.selenium.remote.service.DriverCommandExecutor.execute(DriverCommandExecutor.java:139)
	at org.openqa.selenium.remote.RemoteWebDriver.execute(RemoteWebDriver.java:559)
	at org.openqa.selenium.remote.ElementLocation$ElementFinder$2.findElement(ElementLocation.java:162)
	at org.openqa.selenium.remote.ElementLocation.findElement(ElementLocation.java:60)
	at org.openqa.selenium.remote.RemoteWebDriver.findElement(RemoteWebDriver.java:383)
	at org.openqa.selenium.remote.RemoteWebDriver.findElement(RemoteWebDriver.java:375)
	at org.openqa.selenium.support.pagefactory.DefaultElementLocator.findElement(DefaultElementLocator.java:70)
	at org.openqa.selenium.support.pagefactory.internal.LocatingElementHandler.invoke(LocatingElementHandler.java:39)
	at jdk.proxy2/jdk.proxy2.$Proxy17.isDisplayed(Unknown Source)
	at org.openqa.selenium.support.ui.ExpectedConditions.elementIfVisible(ExpectedConditions.java:307)
	at org.openqa.selenium.support.ui.ExpectedConditions.access$000(ExpectedConditions.java:40)
	at org.openqa.selenium.support.ui.ExpectedConditions$10.apply(ExpectedConditions.java:293)
	at org.openqa.selenium.support.ui.ExpectedConditions$10.apply(ExpectedConditions.java:290)
	at org.openqa.selenium.support.ui.FluentWait.until(FluentWait.java:208)
	... 29 more
... Removed 28 stack frames</pre></div><a href='#' onClick='toggleBox("stack-trace1393893645", this, "Click to show all stack frames", "Click to hide stack frames")'>Click to show all stack frames</a>
<div class='stack-trace' id='stack-trace1393893645'><pre>org.openqa.selenium.TimeoutException: Expected condition failed: waiting for visibility of Proxy element for: DefaultElementLocator &apos;By.xpath: //tr[@class=&apos;ng-star-inserted&apos;]//td[9]&apos; (tried for 60 second(s) with 500 milliseconds interval)
	at org.openqa.selenium.support.ui.WebDriverWait.timeoutException(WebDriverWait.java:138)
	at org.openqa.selenium.support.ui.FluentWait.until(FluentWait.java:231)
	at com.amt.testUtil.ExplicitWait.visibleElement(ExplicitWait.java:24)
	at com.amt.pages.Opportunities.verify_current_status_of_opportunity_after_sending_to_proposal(Opportunities.java:452)
	at com.amt.test.LOU.LOU_used_car_broker_individual_purchase_accept_flow_Test.L5_verify_current_status_on_opportunity_page_after_sending_to_proposal_for_broker_individual_flow(LOU_used_car_broker_individual_purchase_accept_flow_Test.java:143)
	at java.base/jdk.internal.reflect.DirectMethodHandleAccessor.invoke(DirectMethodHandleAccessor.java:104)
	at java.base/java.lang.reflect.Method.invoke(Method.java:578)
	at org.testng.internal.MethodInvocationHelper.invokeMethod(MethodInvocationHelper.java:133)
	at org.testng.internal.TestInvoker.invokeMethod(TestInvoker.java:598)
	at org.testng.internal.TestInvoker.invokeTestMethod(TestInvoker.java:173)
	at org.testng.internal.MethodRunner.runInSequence(MethodRunner.java:46)
	at org.testng.internal.TestInvoker$MethodInvocationAgent.invoke(TestInvoker.java:824)
	at org.testng.internal.TestInvoker.invokeTestMethods(TestInvoker.java:146)
	at org.testng.internal.TestMethodWorker.invokeTestMethods(TestMethodWorker.java:146)
	at org.testng.internal.TestMethodWorker.run(TestMethodWorker.java:128)
	at java.base/java.util.ArrayList.forEach(ArrayList.java:1511)
	at org.testng.TestRunner.privateRun(TestRunner.java:794)
	at org.testng.TestRunner.run(TestRunner.java:596)
	at org.testng.SuiteRunner.runTest(SuiteRunner.java:377)
	at org.testng.SuiteRunner.runSequentially(SuiteRunner.java:371)
	at org.testng.SuiteRunner.privateRun(SuiteRunner.java:332)
	at org.testng.SuiteRunner.run(SuiteRunner.java:276)
	at org.testng.SuiteRunnerWorker.runSuite(SuiteRunnerWorker.java:53)
	at org.testng.SuiteRunnerWorker.run(SuiteRunnerWorker.java:96)
	at org.testng.TestNG.runSuitesSequentially(TestNG.java:1212)
	at org.testng.TestNG.runSuitesLocally(TestNG.java:1134)
	at org.testng.TestNG.runSuites(TestNG.java:1063)
	at org.testng.TestNG.run(TestNG.java:1031)
	at org.testng.remote.AbstractRemoteTestNG.run(AbstractRemoteTestNG.java:115)
	at org.testng.remote.RemoteTestNG.initAndRun(RemoteTestNG.java:251)
	at org.testng.remote.RemoteTestNG.main(RemoteTestNG.java:77)
Caused by: org.openqa.selenium.NoSuchElementException: no such element: Unable to locate element: {&quot;method&quot;:&quot;xpath&quot;,&quot;selector&quot;:&quot;//tr[@class=&apos;ng-star-inserted&apos;]//td[9]&quot;}
  (Session info: chrome=120.0.6099.225)
For documentation on this error, please visit: https://www.selenium.dev/documentation/webdriver/troubleshooting/errors#no-such-element-exception
Build info: version: &apos;4.10.0&apos;, revision: &apos;c14d967899&apos;
System info: os.name: &apos;Windows 10&apos;, os.arch: &apos;amd64&apos;, os.version: &apos;10.0&apos;, java.version: &apos;19.0.1&apos;
Driver info: org.openqa.selenium.chrome.ChromeDriver
Command: [25baa9fbe8ed4ebc54d5688168248ad3, findElement {using=xpath, value=//tr[@class=&apos;ng-star-inserted&apos;]//td[9]}]
Capabilities {acceptInsecureCerts: false, browserName: chrome, browserVersion: 120.0.6099.225, chrome: {chromedriverVersion: 119.0.6045.105 (38c72552c5e..., userDataDir: C:\Users\NITEIN~1.KUR\AppDa...}, fedcm:accounts: true, goog:chromeOptions: {debuggerAddress: localhost:63116}, javascriptEnabled: true, networkConnectionEnabled: false, pageLoadStrategy: normal, platform: windows, platformName: windows, proxy: Proxy(), se:cdp: ws://localhost:63116/devtoo..., se:cdpVersion: 120.0.6099.225, setWindowRect: true, strictFileInteractability: false, timeouts: {implicit: 0, pageLoad: 300000, script: 30000}, unhandledPromptBehavior: dismiss and notify, webauthn:extension:credBlob: true, webauthn:extension:largeBlob: true, webauthn:extension:minPinLength: true, webauthn:extension:prf: true, webauthn:virtualAuthenticators: true}
Session ID: 25baa9fbe8ed4ebc54d5688168248ad3
	at java.base/jdk.internal.reflect.DirectConstructorHandleAccessor.newInstance(DirectConstructorHandleAccessor.java:67)
	at java.base/java.lang.reflect.Constructor.newInstanceWithCaller(Constructor.java:500)
	at java.base/java.lang.reflect.Constructor.newInstance(Constructor.java:484)
	at org.openqa.selenium.remote.codec.w3c.W3CHttpResponseCodec.createException(W3CHttpResponseCodec.java:200)
	at org.openqa.selenium.remote.codec.w3c.W3CHttpResponseCodec.decode(W3CHttpResponseCodec.java:133)
	at org.openqa.selenium.remote.codec.w3c.W3CHttpResponseCodec.decode(W3CHttpResponseCodec.java:53)
	at org.openqa.selenium.remote.HttpCommandExecutor.execute(HttpCommandExecutor.java:184)
	at org.openqa.selenium.remote.service.DriverCommandExecutor.invokeExecute(DriverCommandExecutor.java:164)
	at org.openqa.selenium.remote.service.DriverCommandExecutor.execute(DriverCommandExecutor.java:139)
	at org.openqa.selenium.remote.RemoteWebDriver.execute(RemoteWebDriver.java:559)
	at org.openqa.selenium.remote.ElementLocation$ElementFinder$2.findElement(ElementLocation.java:162)
	at org.openqa.selenium.remote.ElementLocation.findElement(ElementLocation.java:60)
	at org.openqa.selenium.remote.RemoteWebDriver.findElement(RemoteWebDriver.java:383)
	at org.openqa.selenium.remote.RemoteWebDriver.findElement(RemoteWebDriver.java:375)
	at org.openqa.selenium.support.pagefactory.DefaultElementLocator.findElement(DefaultElementLocator.java:70)
	at org.openqa.selenium.support.pagefactory.internal.LocatingElementHandler.invoke(LocatingElementHandler.java:39)
	at jdk.proxy2/jdk.proxy2.$Proxy17.isDisplayed(Unknown Source)
	at org.openqa.selenium.support.ui.ExpectedConditions.elementIfVisible(ExpectedConditions.java:307)
	at org.openqa.selenium.support.ui.ExpectedConditions.access$000(ExpectedConditions.java:40)
	at org.openqa.selenium.support.ui.ExpectedConditions$10.apply(ExpectedConditions.java:293)
	at org.openqa.selenium.support.ui.ExpectedConditions$10.apply(ExpectedConditions.java:290)
	at org.openqa.selenium.support.ui.FluentWait.until(FluentWait.java:208)
	... 29 more
</pre></div></td>
<td>60</td>
<td>com.amt.test.LOU.LOU_used_car_broker_individual_purchase_accept_flow_Test@25641d39</td></tr>
</table><p>
<table width='100%' border='1' class='invocation-passed'>
<tr><td colspan='4' align='center'><b>PASSED TESTS</b></td></tr>
<tr><td><b>Test method</b></td>
<td width="30%"><b>Exception</b></td>
<td width="10%"><b>Time (seconds)</b></td>
<td><b>Instance</b></td>
</tr>
<tr>
<td title='com.amt.test.LOU.LOU_used_car_broker_individual_purchase_accept_flow_Test.L1_broker_create_lead_individual()'><b>L1_broker_create_lead_individual</b><br>Test class: com.amt.test.LOU.LOU_used_car_broker_individual_purchase_accept_flow_Test<br/>
<a href="#Output-1738784081" onClick='toggleBox("Output-1738784081", this, "Show output", "Hide output");'>Show output</a>

<a href="#Output-1738784081" onClick="toggleAllBoxes();">Show all outputs</a>
<div class='log' id="Output-1738784081">
<b>Clicked on Leads on Side Menu</b> <br /><br/>
<b>Clicked on add lead</b> <br /><br/>
<b>Lead is assigned</b> <br /><br/>
<b>Added data in General Notes</b> <br /><br/>
<b>Customer type - Individual selected</b> <br /><br/>
<b>Clicked on Add new vehicle request</b> <br /><br/>
<b>Clicked on broker channel</b> <br /><br/>
<b>Vehicle request for broker has been saved</b> <br /><br/>
<b>Click on Map New Quote icon</b> <br /><br/>
<b>Click on acquisition contract type icon</b> <br /><br/>
<b>Click on customer contract type icon</b> <br /><br/>
<b>Click on search button</b> <br /><br/>
<b>Click on created date button 1st </b> <br /><br/>
<b>Click on created date button 2nd</b> <br /><br/>
<b>New Quote has been mapped with lead</b> <br /><br/>
<b>click ok button on Map  new quote </b> <br /><br/>
<b>click on OK button for copy quote </b> <br /><br/>
<b>Click on Lead save and Convert button</b> <br /><br/>
<b></b> <br /><br/>
<b>In Lead created Opportunity Id is =CL-2206</b> <br /><br/>
<b></b> <br /><br/>
</div>
</td>
<td></td>
<td>139</td>
<td>com.amt.test.LOU.LOU_used_car_broker_individual_purchase_accept_flow_Test@25641d39</td></tr>
<tr>
<td title='com.amt.test.LOU.LOU_used_car_broker_individual_purchase_accept_flow_Test.L3_verify_table_values_on_opportunity_page_before_sending_proposal()'><b>L3_verify_table_values_on_opportunity_page_before_sending_proposal</b><br>Test class: com.amt.test.LOU.LOU_used_car_broker_individual_purchase_accept_flow_Test<br/>
<a href="#Output-1196222136" onClick='toggleBox("Output-1196222136", this, "Show output", "Hide output");'>Show output</a>

<a href="#Output-1196222136" onClick="toggleAllBoxes();">Show all outputs</a>
<div class='log' id="Output-1196222136">
<b></b> <br /><br/>
<b>Started Verifying Table values</b> <br /><br/>
<b></b> <br /><br/>
<b>FVT61526 != IWU62965</b> <br /><br/>
<b>Quote no. compared but found not ok</b> <br /><br/>
<b></b> <br /><br/>
<b>MERCEDES-BENZ A CLASS AMG HATCHBACK (2019 - Current) A35 4Matic Premium 5dr Auto = MERCEDES-BENZ A CLASS AMG HATCHBACK (2019 - Current) A35 4Matic Premium 5dr Auto</b> <br /><br/>
<b>Vehicle name compared and found ok</b> <br /><br/>
<b></b> <br /><br/>
<b>Personal Contract Purchase = Personal Contract Purchase</b> <br /><br/>
<b>Contract type compared and found ok</b> <br /><br/>
<b></b> <br /><br/>
<b>2000.0 = 2000.0</b> <br /><br/>
<b>Monthly finance rental compared and found ok</b> <br /><br/>
<b></b> <br /><br/>
<b>5000.0 = 5000.0</b> <br /><br/>
<b>Mileage compared and found ok</b> <br /><br/>
<b></b> <br /><br/>
<b>12.0 = 12.0</b> <br /><br/>
<b>Terms compared and found ok</b> <br /><br/>
<b></b> <br /><br/>
<b>02/02/2026 != 01/02/2026</b> <br /><br/>
<b>Expiry date compared but found not ok</b> <br /><br/>
<b></b> <br /><br/>
<b>Table values verified Successfully</b> <br /><br/>
</div>
</td>
<td></td>
<td>4</td>
<td>com.amt.test.LOU.LOU_used_car_broker_individual_purchase_accept_flow_Test@25641d39</td></tr>
<tr>
<td title='com.amt.test.LOU.LOU_used_car_broker_individual_purchase_accept_flow_Test.L2_broker_individual_current_status_before_sending_to_proposal()'><b>L2_broker_individual_current_status_before_sending_to_proposal</b><br>Test class: com.amt.test.LOU.LOU_used_car_broker_individual_purchase_accept_flow_Test<br/>
<a href="#Output-1568990051" onClick='toggleBox("Output-1568990051", this, "Show output", "Hide output");'>Show output</a>

<a href="#Output-1568990051" onClick="toggleAllBoxes();">Show all outputs</a>
<div class='log' id="Output-1568990051">
<b>Clicked on Opportunity link from Menu </b> <br /><br/>
<b>Enter the Opportunity id in Search Text box</b> <br /><br/>
<b>Current Status of Opportunity Status value is = Open</b> <br /><br/>
<b>Current Status of Proposal value is = Proposal Required</b> <br /><br/>
<b>Current Status of Channel value is =  Draft</b> <br /><br/>
<b>Current Status of  Quote ref is = Draft</b> <br /><br/>
<b>Status Verified : Before sending the proposal</b> <br /><br/>
</div>
</td>
<td></td>
<td>60</td>
<td>com.amt.test.LOU.LOU_used_car_broker_individual_purchase_accept_flow_Test@25641d39</td></tr>
<tr>
<td title='com.amt.test.LOU.LOU_used_car_broker_individual_purchase_accept_flow_Test.L4_adding_proposal_on_opportunity_page_broker_individual_flow()'><b>L4_adding_proposal_on_opportunity_page_broker_individual_flow</b><br>Test class: com.amt.test.LOU.LOU_used_car_broker_individual_purchase_accept_flow_Test<br/>
<a href="#Output-1081819622" onClick='toggleBox("Output-1081819622", this, "Show output", "Hide output");'>Show output</a>

<a href="#Output-1081819622" onClick="toggleAllBoxes();">Show all outputs</a>
<div class='log' id="Output-1081819622">
<b>click on Proposal icon</b> <br /><br/>
<b>Send proposal to customer pop up  will open</b> <br /><br/>
<b>Click on Manual fill radio button - Yes</b> <br /><br/>
<b>Click on manually submit behalf of customer link</b> <br /><br/>
<b></b> <br /><br/>
<b>Proposal Received Successfully</b> <br /><br/>
</div>
</td>
<td></td>
<td>159</td>
<td>com.amt.test.LOU.LOU_used_car_broker_individual_purchase_accept_flow_Test@25641d39</td></tr>
</table><p>
<table width='100%' border='1' class='invocation-skipped'>
<tr><td colspan='4' align='center'><b>SKIPPED TESTS</b></td></tr>
<tr><td><b>Test method</b></td>
<td width="30%"><b>Exception</b></td>
<td width="10%"><b>Time (seconds)</b></td>
<td><b>Instance</b></td>
</tr>
<tr>
<td title='com.amt.test.LOU.LOU_used_car_broker_individual_purchase_accept_flow_Test.UW3_verify_underwriting_lisitig_page()'><b>UW3_verify_underwriting_lisitig_page</b><br>Test class: com.amt.test.LOU.LOU_used_car_broker_individual_purchase_accept_flow_Test</td>
<td><div><pre>java.lang.Throwable: Method LOU_used_car_broker_individual_purchase_accept_flow_Test.UW3_verify_underwriting_lisitig_page()[pri:12, instance:com.amt.test.LOU.LOU_used_car_broker_individual_purchase_accept_flow_Test@25641d39] depends on not successfully finished methods
	at java.base/java.util.ArrayList.forEach(ArrayList.java:1511)
... Removed 18 stack frames</pre></div><a href='#' onClick='toggleBox("stack-trace1889004246", this, "Click to show all stack frames", "Click to hide stack frames")'>Click to show all stack frames</a>
<div class='stack-trace' id='stack-trace1889004246'><pre>java.lang.Throwable: Method LOU_used_car_broker_individual_purchase_accept_flow_Test.UW3_verify_underwriting_lisitig_page()[pri:12, instance:com.amt.test.LOU.LOU_used_car_broker_individual_purchase_accept_flow_Test@25641d39] depends on not successfully finished methods
	at org.testng.internal.TestInvoker.invokeTestMethods(TestInvoker.java:102)
	at org.testng.internal.TestMethodWorker.invokeTestMethods(TestMethodWorker.java:146)
	at org.testng.internal.TestMethodWorker.run(TestMethodWorker.java:128)
	at java.base/java.util.ArrayList.forEach(ArrayList.java:1511)
	at org.testng.TestRunner.privateRun(TestRunner.java:794)
	at org.testng.TestRunner.run(TestRunner.java:596)
	at org.testng.SuiteRunner.runTest(SuiteRunner.java:377)
	at org.testng.SuiteRunner.runSequentially(SuiteRunner.java:371)
	at org.testng.SuiteRunner.privateRun(SuiteRunner.java:332)
	at org.testng.SuiteRunner.run(SuiteRunner.java:276)
	at org.testng.SuiteRunnerWorker.runSuite(SuiteRunnerWorker.java:53)
	at org.testng.SuiteRunnerWorker.run(SuiteRunnerWorker.java:96)
	at org.testng.TestNG.runSuitesSequentially(TestNG.java:1212)
	at org.testng.TestNG.runSuitesLocally(TestNG.java:1134)
	at org.testng.TestNG.runSuites(TestNG.java:1063)
	at org.testng.TestNG.run(TestNG.java:1031)
	at org.testng.remote.AbstractRemoteTestNG.run(AbstractRemoteTestNG.java:115)
	at org.testng.remote.RemoteTestNG.initAndRun(RemoteTestNG.java:251)
	at org.testng.remote.RemoteTestNG.main(RemoteTestNG.java:77)
</pre></div></td>
<td>0</td>
<td>com.amt.test.LOU.LOU_used_car_broker_individual_purchase_accept_flow_Test@25641d39</td></tr>
<tr>
<td title='com.amt.test.LOU.LOU_used_car_broker_individual_purchase_accept_flow_Test.UW5_verify_underwriting_proposal_decision_with_accept()'><b>UW5_verify_underwriting_proposal_decision_with_accept</b><br>Test class: com.amt.test.LOU.LOU_used_car_broker_individual_purchase_accept_flow_Test</td>
<td><div><pre>java.lang.Throwable: Method LOU_used_car_broker_individual_purchase_accept_flow_Test.UW5_verify_underwriting_proposal_decision_with_accept()[pri:14, instance:com.amt.test.LOU.LOU_used_car_broker_individual_purchase_accept_flow_Test@25641d39] depends on not successfully finished methods
	at java.base/java.util.ArrayList.forEach(ArrayList.java:1511)
... Removed 18 stack frames</pre></div><a href='#' onClick='toggleBox("stack-trace1345033113", this, "Click to show all stack frames", "Click to hide stack frames")'>Click to show all stack frames</a>
<div class='stack-trace' id='stack-trace1345033113'><pre>java.lang.Throwable: Method LOU_used_car_broker_individual_purchase_accept_flow_Test.UW5_verify_underwriting_proposal_decision_with_accept()[pri:14, instance:com.amt.test.LOU.LOU_used_car_broker_individual_purchase_accept_flow_Test@25641d39] depends on not successfully finished methods
	at org.testng.internal.TestInvoker.invokeTestMethods(TestInvoker.java:102)
	at org.testng.internal.TestMethodWorker.invokeTestMethods(TestMethodWorker.java:146)
	at org.testng.internal.TestMethodWorker.run(TestMethodWorker.java:128)
	at java.base/java.util.ArrayList.forEach(ArrayList.java:1511)
	at org.testng.TestRunner.privateRun(TestRunner.java:794)
	at org.testng.TestRunner.run(TestRunner.java:596)
	at org.testng.SuiteRunner.runTest(SuiteRunner.java:377)
	at org.testng.SuiteRunner.runSequentially(SuiteRunner.java:371)
	at org.testng.SuiteRunner.privateRun(SuiteRunner.java:332)
	at org.testng.SuiteRunner.run(SuiteRunner.java:276)
	at org.testng.SuiteRunnerWorker.runSuite(SuiteRunnerWorker.java:53)
	at org.testng.SuiteRunnerWorker.run(SuiteRunnerWorker.java:96)
	at org.testng.TestNG.runSuitesSequentially(TestNG.java:1212)
	at org.testng.TestNG.runSuitesLocally(TestNG.java:1134)
	at org.testng.TestNG.runSuites(TestNG.java:1063)
	at org.testng.TestNG.run(TestNG.java:1031)
	at org.testng.remote.AbstractRemoteTestNG.run(AbstractRemoteTestNG.java:115)
	at org.testng.remote.RemoteTestNG.initAndRun(RemoteTestNG.java:251)
	at org.testng.remote.RemoteTestNG.main(RemoteTestNG.java:77)
</pre></div></td>
<td>0</td>
<td>com.amt.test.LOU.LOU_used_car_broker_individual_purchase_accept_flow_Test@25641d39</td></tr>
<tr>
<td title='com.amt.test.LOU.LOU_used_car_broker_individual_purchase_accept_flow_Test.L7_verify_current_status_on_opportunity_page_after_sending_contract_for_broker_individual_flow()'><b>L7_verify_current_status_on_opportunity_page_after_sending_contract_for_broker_individual_flow</b><br>Test class: com.amt.test.LOU.LOU_used_car_broker_individual_purchase_accept_flow_Test</td>
<td><div><pre>java.lang.Throwable: Method LOU_used_car_broker_individual_purchase_accept_flow_Test.L7_verify_current_status_on_opportunity_page_after_sending_contract_for_broker_individual_flow()[pri:7, instance:com.amt.test.LOU.LOU_used_car_broker_individual_purchase_accept_flow_Test@25641d39] depends on not successfully finished methods
	at java.base/java.util.ArrayList.forEach(ArrayList.java:1511)
... Removed 18 stack frames</pre></div><a href='#' onClick='toggleBox("stack-trace431550909", this, "Click to show all stack frames", "Click to hide stack frames")'>Click to show all stack frames</a>
<div class='stack-trace' id='stack-trace431550909'><pre>java.lang.Throwable: Method LOU_used_car_broker_individual_purchase_accept_flow_Test.L7_verify_current_status_on_opportunity_page_after_sending_contract_for_broker_individual_flow()[pri:7, instance:com.amt.test.LOU.LOU_used_car_broker_individual_purchase_accept_flow_Test@25641d39] depends on not successfully finished methods
	at org.testng.internal.TestInvoker.invokeTestMethods(TestInvoker.java:102)
	at org.testng.internal.TestMethodWorker.invokeTestMethods(TestMethodWorker.java:146)
	at org.testng.internal.TestMethodWorker.run(TestMethodWorker.java:128)
	at java.base/java.util.ArrayList.forEach(ArrayList.java:1511)
	at org.testng.TestRunner.privateRun(TestRunner.java:794)
	at org.testng.TestRunner.run(TestRunner.java:596)
	at org.testng.SuiteRunner.runTest(SuiteRunner.java:377)
	at org.testng.SuiteRunner.runSequentially(SuiteRunner.java:371)
	at org.testng.SuiteRunner.privateRun(SuiteRunner.java:332)
	at org.testng.SuiteRunner.run(SuiteRunner.java:276)
	at org.testng.SuiteRunnerWorker.runSuite(SuiteRunnerWorker.java:53)
	at org.testng.SuiteRunnerWorker.run(SuiteRunnerWorker.java:96)
	at org.testng.TestNG.runSuitesSequentially(TestNG.java:1212)
	at org.testng.TestNG.runSuitesLocally(TestNG.java:1134)
	at org.testng.TestNG.runSuites(TestNG.java:1063)
	at org.testng.TestNG.run(TestNG.java:1031)
	at org.testng.remote.AbstractRemoteTestNG.run(AbstractRemoteTestNG.java:115)
	at org.testng.remote.RemoteTestNG.initAndRun(RemoteTestNG.java:251)
	at org.testng.remote.RemoteTestNG.main(RemoteTestNG.java:77)
</pre></div></td>
<td>0</td>
<td>com.amt.test.LOU.LOU_used_car_broker_individual_purchase_accept_flow_Test@25641d39</td></tr>
<tr>
<td title='com.amt.test.LOU.LOU_used_car_broker_individual_purchase_accept_flow_Test.L6_broker_create_opportunity_individual_sending_to_contract()'><b>L6_broker_create_opportunity_individual_sending_to_contract</b><br>Test class: com.amt.test.LOU.LOU_used_car_broker_individual_purchase_accept_flow_Test</td>
<td><div><pre>java.lang.Throwable: Method LOU_used_car_broker_individual_purchase_accept_flow_Test.L6_broker_create_opportunity_individual_sending_to_contract()[pri:6, instance:com.amt.test.LOU.LOU_used_car_broker_individual_purchase_accept_flow_Test@25641d39] depends on not successfully finished methods
	at java.base/java.util.ArrayList.forEach(ArrayList.java:1511)
... Removed 18 stack frames</pre></div><a href='#' onClick='toggleBox("stack-trace48550482", this, "Click to show all stack frames", "Click to hide stack frames")'>Click to show all stack frames</a>
<div class='stack-trace' id='stack-trace48550482'><pre>java.lang.Throwable: Method LOU_used_car_broker_individual_purchase_accept_flow_Test.L6_broker_create_opportunity_individual_sending_to_contract()[pri:6, instance:com.amt.test.LOU.LOU_used_car_broker_individual_purchase_accept_flow_Test@25641d39] depends on not successfully finished methods
	at org.testng.internal.TestInvoker.invokeTestMethods(TestInvoker.java:102)
	at org.testng.internal.TestMethodWorker.invokeTestMethods(TestMethodWorker.java:146)
	at org.testng.internal.TestMethodWorker.run(TestMethodWorker.java:128)
	at java.base/java.util.ArrayList.forEach(ArrayList.java:1511)
	at org.testng.TestRunner.privateRun(TestRunner.java:794)
	at org.testng.TestRunner.run(TestRunner.java:596)
	at org.testng.SuiteRunner.runTest(SuiteRunner.java:377)
	at org.testng.SuiteRunner.runSequentially(SuiteRunner.java:371)
	at org.testng.SuiteRunner.privateRun(SuiteRunner.java:332)
	at org.testng.SuiteRunner.run(SuiteRunner.java:276)
	at org.testng.SuiteRunnerWorker.runSuite(SuiteRunnerWorker.java:53)
	at org.testng.SuiteRunnerWorker.run(SuiteRunnerWorker.java:96)
	at org.testng.TestNG.runSuitesSequentially(TestNG.java:1212)
	at org.testng.TestNG.runSuitesLocally(TestNG.java:1134)
	at org.testng.TestNG.runSuites(TestNG.java:1063)
	at org.testng.TestNG.run(TestNG.java:1031)
	at org.testng.remote.AbstractRemoteTestNG.run(AbstractRemoteTestNG.java:115)
	at org.testng.remote.RemoteTestNG.initAndRun(RemoteTestNG.java:251)
	at org.testng.remote.RemoteTestNG.main(RemoteTestNG.java:77)
</pre></div></td>
<td>0</td>
<td>com.amt.test.LOU.LOU_used_car_broker_individual_purchase_accept_flow_Test@25641d39</td></tr>
<tr>
<td title='com.amt.test.LOU.LOU_used_car_broker_individual_purchase_accept_flow_Test.L8_verify_signed_contract_status_with_api_call()'><b>L8_verify_signed_contract_status_with_api_call</b><br>Test class: com.amt.test.LOU.LOU_used_car_broker_individual_purchase_accept_flow_Test</td>
<td><div><pre>java.lang.Throwable: Method LOU_used_car_broker_individual_purchase_accept_flow_Test.L8_verify_signed_contract_status_with_api_call()[pri:8, instance:com.amt.test.LOU.LOU_used_car_broker_individual_purchase_accept_flow_Test@25641d39] depends on not successfully finished methods
	at java.base/java.util.ArrayList.forEach(ArrayList.java:1511)
... Removed 18 stack frames</pre></div><a href='#' onClick='toggleBox("stack-trace1660678061", this, "Click to show all stack frames", "Click to hide stack frames")'>Click to show all stack frames</a>
<div class='stack-trace' id='stack-trace1660678061'><pre>java.lang.Throwable: Method LOU_used_car_broker_individual_purchase_accept_flow_Test.L8_verify_signed_contract_status_with_api_call()[pri:8, instance:com.amt.test.LOU.LOU_used_car_broker_individual_purchase_accept_flow_Test@25641d39] depends on not successfully finished methods
	at org.testng.internal.TestInvoker.invokeTestMethods(TestInvoker.java:102)
	at org.testng.internal.TestMethodWorker.invokeTestMethods(TestMethodWorker.java:146)
	at org.testng.internal.TestMethodWorker.run(TestMethodWorker.java:128)
	at java.base/java.util.ArrayList.forEach(ArrayList.java:1511)
	at org.testng.TestRunner.privateRun(TestRunner.java:794)
	at org.testng.TestRunner.run(TestRunner.java:596)
	at org.testng.SuiteRunner.runTest(SuiteRunner.java:377)
	at org.testng.SuiteRunner.runSequentially(SuiteRunner.java:371)
	at org.testng.SuiteRunner.privateRun(SuiteRunner.java:332)
	at org.testng.SuiteRunner.run(SuiteRunner.java:276)
	at org.testng.SuiteRunnerWorker.runSuite(SuiteRunnerWorker.java:53)
	at org.testng.SuiteRunnerWorker.run(SuiteRunnerWorker.java:96)
	at org.testng.TestNG.runSuitesSequentially(TestNG.java:1212)
	at org.testng.TestNG.runSuitesLocally(TestNG.java:1134)
	at org.testng.TestNG.runSuites(TestNG.java:1063)
	at org.testng.TestNG.run(TestNG.java:1031)
	at org.testng.remote.AbstractRemoteTestNG.run(AbstractRemoteTestNG.java:115)
	at org.testng.remote.RemoteTestNG.initAndRun(RemoteTestNG.java:251)
	at org.testng.remote.RemoteTestNG.main(RemoteTestNG.java:77)
</pre></div></td>
<td>0</td>
<td>com.amt.test.LOU.LOU_used_car_broker_individual_purchase_accept_flow_Test@25641d39</td></tr>
<tr>
<td title='com.amt.test.LOU.LOU_used_car_broker_individual_purchase_accept_flow_Test.UW4_verify_underwriting_proposal_page_flow()'><b>UW4_verify_underwriting_proposal_page_flow</b><br>Test class: com.amt.test.LOU.LOU_used_car_broker_individual_purchase_accept_flow_Test</td>
<td><div><pre>java.lang.Throwable: Method LOU_used_car_broker_individual_purchase_accept_flow_Test.UW4_verify_underwriting_proposal_page_flow()[pri:13, instance:com.amt.test.LOU.LOU_used_car_broker_individual_purchase_accept_flow_Test@25641d39] depends on not successfully finished methods
	at java.base/java.util.ArrayList.forEach(ArrayList.java:1511)
... Removed 18 stack frames</pre></div><a href='#' onClick='toggleBox("stack-trace568168922", this, "Click to show all stack frames", "Click to hide stack frames")'>Click to show all stack frames</a>
<div class='stack-trace' id='stack-trace568168922'><pre>java.lang.Throwable: Method LOU_used_car_broker_individual_purchase_accept_flow_Test.UW4_verify_underwriting_proposal_page_flow()[pri:13, instance:com.amt.test.LOU.LOU_used_car_broker_individual_purchase_accept_flow_Test@25641d39] depends on not successfully finished methods
	at org.testng.internal.TestInvoker.invokeTestMethods(TestInvoker.java:102)
	at org.testng.internal.TestMethodWorker.invokeTestMethods(TestMethodWorker.java:146)
	at org.testng.internal.TestMethodWorker.run(TestMethodWorker.java:128)
	at java.base/java.util.ArrayList.forEach(ArrayList.java:1511)
	at org.testng.TestRunner.privateRun(TestRunner.java:794)
	at org.testng.TestRunner.run(TestRunner.java:596)
	at org.testng.SuiteRunner.runTest(SuiteRunner.java:377)
	at org.testng.SuiteRunner.runSequentially(SuiteRunner.java:371)
	at org.testng.SuiteRunner.privateRun(SuiteRunner.java:332)
	at org.testng.SuiteRunner.run(SuiteRunner.java:276)
	at org.testng.SuiteRunnerWorker.runSuite(SuiteRunnerWorker.java:53)
	at org.testng.SuiteRunnerWorker.run(SuiteRunnerWorker.java:96)
	at org.testng.TestNG.runSuitesSequentially(TestNG.java:1212)
	at org.testng.TestNG.runSuitesLocally(TestNG.java:1134)
	at org.testng.TestNG.runSuites(TestNG.java:1063)
	at org.testng.TestNG.run(TestNG.java:1031)
	at org.testng.remote.AbstractRemoteTestNG.run(AbstractRemoteTestNG.java:115)
	at org.testng.remote.RemoteTestNG.initAndRun(RemoteTestNG.java:251)
	at org.testng.remote.RemoteTestNG.main(RemoteTestNG.java:77)
</pre></div></td>
<td>0</td>
<td>com.amt.test.LOU.LOU_used_car_broker_individual_purchase_accept_flow_Test@25641d39</td></tr>
<tr>
<td title='com.amt.test.LOU.LOU_used_car_broker_individual_purchase_accept_flow_Test.L9_verify_status_after_contract_signed()'><b>L9_verify_status_after_contract_signed</b><br>Test class: com.amt.test.LOU.LOU_used_car_broker_individual_purchase_accept_flow_Test</td>
<td><div><pre>java.lang.Throwable: Method LOU_used_car_broker_individual_purchase_accept_flow_Test.L9_verify_status_after_contract_signed()[pri:9, instance:com.amt.test.LOU.LOU_used_car_broker_individual_purchase_accept_flow_Test@25641d39] depends on not successfully finished methods
	at java.base/java.util.ArrayList.forEach(ArrayList.java:1511)
... Removed 18 stack frames</pre></div><a href='#' onClick='toggleBox("stack-trace664714644", this, "Click to show all stack frames", "Click to hide stack frames")'>Click to show all stack frames</a>
<div class='stack-trace' id='stack-trace664714644'><pre>java.lang.Throwable: Method LOU_used_car_broker_individual_purchase_accept_flow_Test.L9_verify_status_after_contract_signed()[pri:9, instance:com.amt.test.LOU.LOU_used_car_broker_individual_purchase_accept_flow_Test@25641d39] depends on not successfully finished methods
	at org.testng.internal.TestInvoker.invokeTestMethods(TestInvoker.java:102)
	at org.testng.internal.TestMethodWorker.invokeTestMethods(TestMethodWorker.java:146)
	at org.testng.internal.TestMethodWorker.run(TestMethodWorker.java:128)
	at java.base/java.util.ArrayList.forEach(ArrayList.java:1511)
	at org.testng.TestRunner.privateRun(TestRunner.java:794)
	at org.testng.TestRunner.run(TestRunner.java:596)
	at org.testng.SuiteRunner.runTest(SuiteRunner.java:377)
	at org.testng.SuiteRunner.runSequentially(SuiteRunner.java:371)
	at org.testng.SuiteRunner.privateRun(SuiteRunner.java:332)
	at org.testng.SuiteRunner.run(SuiteRunner.java:276)
	at org.testng.SuiteRunnerWorker.runSuite(SuiteRunnerWorker.java:53)
	at org.testng.SuiteRunnerWorker.run(SuiteRunnerWorker.java:96)
	at org.testng.TestNG.runSuitesSequentially(TestNG.java:1212)
	at org.testng.TestNG.runSuitesLocally(TestNG.java:1134)
	at org.testng.TestNG.runSuites(TestNG.java:1063)
	at org.testng.TestNG.run(TestNG.java:1031)
	at org.testng.remote.AbstractRemoteTestNG.run(AbstractRemoteTestNG.java:115)
	at org.testng.remote.RemoteTestNG.initAndRun(RemoteTestNG.java:251)
	at org.testng.remote.RemoteTestNG.main(RemoteTestNG.java:77)
</pre></div></td>
<td>0</td>
<td>com.amt.test.LOU.LOU_used_car_broker_individual_purchase_accept_flow_Test@25641d39</td></tr>
<tr>
<td title='com.amt.test.LOU.LOU_used_car_broker_individual_purchase_accept_flow_Test.UW1_verify_underwriting_flow_ownbook_with_status()'><b>UW1_verify_underwriting_flow_ownbook_with_status</b><br>Test class: com.amt.test.LOU.LOU_used_car_broker_individual_purchase_accept_flow_Test</td>
<td><div><pre>java.lang.Throwable: Method LOU_used_car_broker_individual_purchase_accept_flow_Test.UW1_verify_underwriting_flow_ownbook_with_status()[pri:10, instance:com.amt.test.LOU.LOU_used_car_broker_individual_purchase_accept_flow_Test@25641d39] depends on not successfully finished methods
	at java.base/java.util.ArrayList.forEach(ArrayList.java:1511)
... Removed 18 stack frames</pre></div><a href='#' onClick='toggleBox("stack-trace304061522", this, "Click to show all stack frames", "Click to hide stack frames")'>Click to show all stack frames</a>
<div class='stack-trace' id='stack-trace304061522'><pre>java.lang.Throwable: Method LOU_used_car_broker_individual_purchase_accept_flow_Test.UW1_verify_underwriting_flow_ownbook_with_status()[pri:10, instance:com.amt.test.LOU.LOU_used_car_broker_individual_purchase_accept_flow_Test@25641d39] depends on not successfully finished methods
	at org.testng.internal.TestInvoker.invokeTestMethods(TestInvoker.java:102)
	at org.testng.internal.TestMethodWorker.invokeTestMethods(TestMethodWorker.java:146)
	at org.testng.internal.TestMethodWorker.run(TestMethodWorker.java:128)
	at java.base/java.util.ArrayList.forEach(ArrayList.java:1511)
	at org.testng.TestRunner.privateRun(TestRunner.java:794)
	at org.testng.TestRunner.run(TestRunner.java:596)
	at org.testng.SuiteRunner.runTest(SuiteRunner.java:377)
	at org.testng.SuiteRunner.runSequentially(SuiteRunner.java:371)
	at org.testng.SuiteRunner.privateRun(SuiteRunner.java:332)
	at org.testng.SuiteRunner.run(SuiteRunner.java:276)
	at org.testng.SuiteRunnerWorker.runSuite(SuiteRunnerWorker.java:53)
	at org.testng.SuiteRunnerWorker.run(SuiteRunnerWorker.java:96)
	at org.testng.TestNG.runSuitesSequentially(TestNG.java:1212)
	at org.testng.TestNG.runSuitesLocally(TestNG.java:1134)
	at org.testng.TestNG.runSuites(TestNG.java:1063)
	at org.testng.TestNG.run(TestNG.java:1031)
	at org.testng.remote.AbstractRemoteTestNG.run(AbstractRemoteTestNG.java:115)
	at org.testng.remote.RemoteTestNG.initAndRun(RemoteTestNG.java:251)
	at org.testng.remote.RemoteTestNG.main(RemoteTestNG.java:77)
</pre></div></td>
<td>0</td>
<td>com.amt.test.LOU.LOU_used_car_broker_individual_purchase_accept_flow_Test@25641d39</td></tr>
<tr>
<td title='com.amt.test.LOU.LOU_used_car_broker_individual_purchase_accept_flow_Test.UW2_verify_status_after_sending_to_underwriting()'><b>UW2_verify_status_after_sending_to_underwriting</b><br>Test class: com.amt.test.LOU.LOU_used_car_broker_individual_purchase_accept_flow_Test</td>
<td><div><pre>java.lang.Throwable: Method LOU_used_car_broker_individual_purchase_accept_flow_Test.UW2_verify_status_after_sending_to_underwriting()[pri:11, instance:com.amt.test.LOU.LOU_used_car_broker_individual_purchase_accept_flow_Test@25641d39] depends on not successfully finished methods
	at java.base/java.util.ArrayList.forEach(ArrayList.java:1511)
... Removed 18 stack frames</pre></div><a href='#' onClick='toggleBox("stack-trace359596673", this, "Click to show all stack frames", "Click to hide stack frames")'>Click to show all stack frames</a>
<div class='stack-trace' id='stack-trace359596673'><pre>java.lang.Throwable: Method LOU_used_car_broker_individual_purchase_accept_flow_Test.UW2_verify_status_after_sending_to_underwriting()[pri:11, instance:com.amt.test.LOU.LOU_used_car_broker_individual_purchase_accept_flow_Test@25641d39] depends on not successfully finished methods
	at org.testng.internal.TestInvoker.invokeTestMethods(TestInvoker.java:102)
	at org.testng.internal.TestMethodWorker.invokeTestMethods(TestMethodWorker.java:146)
	at org.testng.internal.TestMethodWorker.run(TestMethodWorker.java:128)
	at java.base/java.util.ArrayList.forEach(ArrayList.java:1511)
	at org.testng.TestRunner.privateRun(TestRunner.java:794)
	at org.testng.TestRunner.run(TestRunner.java:596)
	at org.testng.SuiteRunner.runTest(SuiteRunner.java:377)
	at org.testng.SuiteRunner.runSequentially(SuiteRunner.java:371)
	at org.testng.SuiteRunner.privateRun(SuiteRunner.java:332)
	at org.testng.SuiteRunner.run(SuiteRunner.java:276)
	at org.testng.SuiteRunnerWorker.runSuite(SuiteRunnerWorker.java:53)
	at org.testng.SuiteRunnerWorker.run(SuiteRunnerWorker.java:96)
	at org.testng.TestNG.runSuitesSequentially(TestNG.java:1212)
	at org.testng.TestNG.runSuitesLocally(TestNG.java:1134)
	at org.testng.TestNG.runSuites(TestNG.java:1063)
	at org.testng.TestNG.run(TestNG.java:1031)
	at org.testng.remote.AbstractRemoteTestNG.run(AbstractRemoteTestNG.java:115)
	at org.testng.remote.RemoteTestNG.initAndRun(RemoteTestNG.java:251)
	at org.testng.remote.RemoteTestNG.main(RemoteTestNG.java:77)
</pre></div></td>
<td>0</td>
<td>com.amt.test.LOU.LOU_used_car_broker_individual_purchase_accept_flow_Test@25641d39</td></tr>
</table><p>
</body>
</html>