<html>
<head>
<title>TestNG:  Used Car Ownbook Business Purchase with funder</title>
<link href="../testng.css" rel="stylesheet" type="text/css" />
<link href="../my-testng.css" rel="stylesheet" type="text/css" />

<style type="text/css">
.log { display: none;} 
.stack-trace { display: none;} 
</style>
<script type="text/javascript">
<!--
function flip(e) {
  current = e.style.display;
  if (current == 'block') {
    e.style.display = 'none';
    return 0;
  }
  else {
    e.style.display = 'block';
    return 1;
  }
}

function toggleBox(szDivId, elem, msg1, msg2)
{
  var res = -1;  if (document.getElementById) {
    res = flip(document.getElementById(szDivId));
  }
  else if (document.all) {
    // this is the way old msie versions work
    res = flip(document.all[szDivId]);
  }
  if(elem) {
    if(res == 0) elem.innerHTML = msg1; else elem.innerHTML = msg2;
  }

}

function toggleAllBoxes() {
  if (document.getElementsByTagName) {
    d = document.getElementsByTagName('div');
    for (i = 0; i < d.length; i++) {
      if (d[i].className == 'log') {
        flip(d[i]);
      }
    }
  }
}

// -->
</script>

</head>
<body>
<h2 align='center'>Used Car Ownbook Business Purchase with funder</h2><table border='1' align="center">
<tr>
<td>Tests passed/Failed/Skipped:</td><td>14/1/10</td>
</tr><tr>
<td>Started on:</td><td>Tue Jun 18 22:01:58 IST 2024</td>
</tr>
<tr><td>Total time:</td><td>669 seconds (669027 ms)</td>
</tr><tr>
<td>Included groups:</td><td></td>
</tr><tr>
<td>Excluded groups:</td><td></td>
</tr>
</table><p/>
<small><i>(Hover the method name to see the test class name)</i></small><p/>
<table width='100%' border='1' class='invocation-failed'>
<tr><td colspan='4' align='center'><b>FAILED TESTS</b></td></tr>
<tr><td><b>Test method</b></td>
<td width="30%"><b>Exception</b></td>
<td width="10%"><b>Time (seconds)</b></td>
<td><b>Instance</b></td>
</tr>
<tr>
<td title='com.amt.test.LOU.LOU_used_car_ownbook_business_purchase_funder_accept_with_changes_Test.L9_ownbook_status_after_contract_signed()'><b>L9_ownbook_status_after_contract_signed</b><br>Test class: com.amt.test.LOU.LOU_used_car_ownbook_business_purchase_funder_accept_with_changes_Test<br/>
<a href="#Output-891321353" onClick='toggleBox("Output-891321353", this, "Show output", "Hide output");'>Show output</a>

<a href="#Output-891321353" onClick="toggleAllBoxes();">Show all outputs</a>
<div class='log' id="Output-891321353">
<b>Current Status of Proposal value is = Proposal Received</b> <br /><br/>
<b>Current Status of Channel value is =  Draft</b> <br /><br/>
<b>Current Status of  Quote ref is = Draft</b> <br /><br/>
<br>----------Screenshot---------<br><br/>
<img src="D:\LOU\AMT_LOU\target\surefire-reports\html\failure_screenshots\L9_ownbook_status_after_contract_signed_18_06_2024_10_13_07.png" height="800" width="1000"><br/>
</div>
</td>
<td><div><pre>java.lang.AssertionError: expected [true] but found [false]
	at com.amt.test.LOU.LOU_used_car_ownbook_business_purchase_funder_accept_with_changes_Test.L9_ownbook_status_after_contract_signed(LOU_used_car_ownbook_business_purchase_funder_accept_with_changes_Test.java:239)
	at java.base/java.util.ArrayList.forEach(ArrayList.java:1511)
... Removed 30 stack frames</pre></div><a href='#' onClick='toggleBox("stack-trace891321353", this, "Click to show all stack frames", "Click to hide stack frames")'>Click to show all stack frames</a>
<div class='stack-trace' id='stack-trace891321353'><pre>java.lang.AssertionError: expected [true] but found [false]
	at org.testng.Assert.fail(Assert.java:99)
	at org.testng.Assert.failNotEquals(Assert.java:1037)
	at org.testng.Assert.assertTrue(Assert.java:45)
	at org.testng.Assert.assertTrue(Assert.java:55)
	at com.amt.test.LOU.LOU_used_car_ownbook_business_purchase_funder_accept_with_changes_Test.L9_ownbook_status_after_contract_signed(LOU_used_car_ownbook_business_purchase_funder_accept_with_changes_Test.java:239)
	at java.base/jdk.internal.reflect.DirectMethodHandleAccessor.invoke(DirectMethodHandleAccessor.java:104)
	at java.base/java.lang.reflect.Method.invoke(Method.java:578)
	at org.testng.internal.MethodInvocationHelper.invokeMethod(MethodInvocationHelper.java:133)
	at org.testng.internal.TestInvoker.invokeMethod(TestInvoker.java:598)
	at org.testng.internal.TestInvoker.invokeTestMethod(TestInvoker.java:173)
	at org.testng.internal.MethodRunner.runInSequence(MethodRunner.java:46)
	at org.testng.internal.TestInvoker$MethodInvocationAgent.invoke(TestInvoker.java:824)
	at org.testng.internal.TestInvoker.invokeTestMethods(TestInvoker.java:146)
	at org.testng.internal.TestMethodWorker.invokeTestMethods(TestMethodWorker.java:146)
	at org.testng.internal.TestMethodWorker.run(TestMethodWorker.java:128)
	at java.base/java.util.ArrayList.forEach(ArrayList.java:1511)
	at org.testng.TestRunner.privateRun(TestRunner.java:794)
	at org.testng.TestRunner.run(TestRunner.java:596)
	at org.testng.SuiteRunner.runTest(SuiteRunner.java:377)
	at org.testng.SuiteRunner.runSequentially(SuiteRunner.java:371)
	at org.testng.SuiteRunner.privateRun(SuiteRunner.java:332)
	at org.testng.SuiteRunner.run(SuiteRunner.java:276)
	at org.testng.SuiteRunnerWorker.runSuite(SuiteRunnerWorker.java:53)
	at org.testng.SuiteRunnerWorker.run(SuiteRunnerWorker.java:96)
	at org.testng.TestNG.runSuitesSequentially(TestNG.java:1212)
	at org.testng.TestNG.runSuitesSequentially(TestNG.java:1207)
	at org.testng.TestNG.runSuitesLocally(TestNG.java:1134)
	at org.testng.TestNG.runSuites(TestNG.java:1063)
	at org.testng.TestNG.run(TestNG.java:1031)
	at org.testng.remote.AbstractRemoteTestNG.run(AbstractRemoteTestNG.java:115)
	at org.testng.remote.RemoteTestNG.initAndRun(RemoteTestNG.java:251)
	at org.testng.remote.RemoteTestNG.main(RemoteTestNG.java:77)
</pre></div></td>
<td>10</td>
<td>com.amt.test.LOU.LOU_used_car_ownbook_business_purchase_funder_accept_with_changes_Test@eadd4fb</td></tr>
</table><p>
<table width='100%' border='1' class='invocation-passed'>
<tr><td colspan='4' align='center'><b>PASSED TESTS</b></td></tr>
<tr><td><b>Test method</b></td>
<td width="30%"><b>Exception</b></td>
<td width="10%"><b>Time (seconds)</b></td>
<td><b>Instance</b></td>
</tr>
<tr>
<td title='com.amt.test.LOU.LOU_used_car_ownbook_business_purchase_funder_accept_with_changes_Test.L7_verify_current_status_on_opportunity_page_after_sending_contract_for_ownbook_business_flow()'><b>L7_verify_current_status_on_opportunity_page_after_sending_contract_for_ownbook_business_flow</b><br>Test class: com.amt.test.LOU.LOU_used_car_ownbook_business_purchase_funder_accept_with_changes_Test<br/>
<a href="#Output-1288519116" onClick='toggleBox("Output-1288519116", this, "Show output", "Hide output");'>Show output</a>

<a href="#Output-1288519116" onClick="toggleAllBoxes();">Show all outputs</a>
<div class='log' id="Output-1288519116">
<b>Current Status of Proposal value is = Proposal Received</b> <br /><br/>
<b>Current Status of Channel value is =  Sent to customer</b> <br /><br/>
<b>Current Status of  Quote ref is = Sent to customer</b> <br /><br/>
<b>Status Verified : Sent to customer</b> <br /><br/>
</div>
</td>
<td></td>
<td>4</td>
<td>com.amt.test.LOU.LOU_used_car_ownbook_business_purchase_funder_accept_with_changes_Test@eadd4fb</td></tr>
<tr>
<td title='com.amt.test.LOU.LOU_used_car_ownbook_business_purchase_funder_accept_with_changes_Test.L3_verify_table_values_on_opportunity_page_before_sending_proposal()'><b>L3_verify_table_values_on_opportunity_page_before_sending_proposal</b><br>Test class: com.amt.test.LOU.LOU_used_car_ownbook_business_purchase_funder_accept_with_changes_Test<br/>
<a href="#Output-991942684" onClick='toggleBox("Output-991942684", this, "Show output", "Hide output");'>Show output</a>

<a href="#Output-991942684" onClick="toggleAllBoxes();">Show all outputs</a>
<div class='log' id="Output-991942684">
<b></b> <br /><br/>
<b>Started Verifying Table values</b> <br /><br/>
<b></b> <br /><br/>
<b>AKE26558 = AKE26558</b> <br /><br/>
<b>Quote no. compared and found ok</b> <br /><br/>
<b></b> <br /><br/>
<b>MERCEDES-BENZ A CLASS AMG HATCHBACK (2019 - 2022) A35 4Matic Premium 5dr Auto = MERCEDES-BENZ A CLASS AMG HATCHBACK (2019 - 2022) A35 4Matic Premium 5dr Auto</b> <br /><br/>
<b>Vehicle name compared and found ok</b> <br /><br/>
<b></b> <br /><br/>
<b>Hire Purchase Non-Regulated = Hire Purchase Non-Regulated</b> <br /><br/>
<b>Contract type compared and found ok</b> <br /><br/>
<b></b> <br /><br/>
<b>1588.04 = 1588.04</b> <br /><br/>
<b>Monthly finance rental compared and found ok</b> <br /><br/>
<b></b> <br /><br/>
<b>5000.0 = 5000.0</b> <br /><br/>
<b>Mileage compared and found ok</b> <br /><br/>
<b></b> <br /><br/>
<b>12.0 = 12.0</b> <br /><br/>
<b>Terms compared and found ok</b> <br /><br/>
<b></b> <br /><br/>
<b>05/12/2024 != 05/12/24</b> <br /><br/>
<b>Expiry date compared but found not ok</b> <br /><br/>
<b></b> <br /><br/>
<b>Table values verified Successfully</b> <br /><br/>
</div>
</td>
<td></td>
<td>3</td>
<td>com.amt.test.LOU.LOU_used_car_ownbook_business_purchase_funder_accept_with_changes_Test@eadd4fb</td></tr>
<tr>
<td title='com.amt.test.HPNR.Acquisition_Quotes_HPNR_HPNR_used_car_with_funder_quote_addition_without_maintenance_Test.aquisition_quotes_quote_summary_values_verification_without_maintenance_test()'><b>aquisition_quotes_quote_summary_values_verification_without_maintenance_test</b><br>Test class: com.amt.test.HPNR.Acquisition_Quotes_HPNR_HPNR_used_car_with_funder_quote_addition_without_maintenance_Test<br>Parameters: GY19XAG, 15000, 60000, 1000, REF001, 05/12/24, 12, 5000, 1000, 200, 12, 500, 6000, 20, 10000, 6000, 2000, 1000, 0, 199.99, 0, NO, 20, 200, NO, 0, Limited Credit, YES, HPNR(F3)-HPNR_Used_car<br/>
<a href="#Output-1032750026" onClick='toggleBox("Output-1032750026", this, "Show output", "Hide output");'>Show output</a>

<a href="#Output-1032750026" onClick="toggleAllBoxes();">Show all outputs</a>
<div class='log' id="Output-1032750026">
<b>*********Customer Quote generated successfully and Quote_ref_no is=AKE26558</b> <br /><br/>
<b>*************OTR Calulation on quote summary page has been started************</b> <br /><br/>
<b>Reading values from OTR calculation -Quote Summary Page</b> <br /><br/>
<b></b> <br /><br/>
<b>Cost otr price from screen is 22650.0</b> <br /><br/>
<b>Cost price ex vat and rfl from screen is 18875.0</b> <br /><br/>
<b>Otr Vat from screen is 3775.0</b> <br /><br/>
<b></b> <br /><br/>
<b>Cost otr price from excel is 22650.0</b> <br /><br/>
<b>Cost price ex vat and rfl from excel is 18875.0</b> <br /><br/>
<b>Otr Vat from excel is 3775.0</b> <br /><br/>
<b>OTR price compared</b> <br /><br/>
<b>Cost price ex vat and rfl compared</b> <br /><br/>
<b>VAT compared</b> <br /><br/>
<b>*************Holding Cost Calulation on quote summary page has been started************</b> <br /><br/>
<b>Reading values from Holding Cost summary -Quote Summary Page</b> <br /><br/>
<b>holding_cost_terms_from_screen12.0</b> <br /><br/>
<b>holding_cost_miles_per_annum_from_screen5000.0</b> <br /><br/>
<b>holding_cost_monthly_finance_cost_from_screen501.0</b> <br /><br/>
<b>holding_cost_total_monthly_holding_cost_from_screen =501.0</b> <br /><br/>
<b>terms compared</b> <br /><br/>
<b>Miles per annum compared</b> <br /><br/>
<b>Finance cost compared</b> <br /><br/>
<b>Total Monthly Holding Cost compared</b> <br /><br/>
<b>*************Customer Quote Calulation on quote summary page has been started************</b> <br /><br/>
<b>Terms found OK</b> <br /><br/>
<b>miles found OK</b> <br /><br/>
<b>Basic Cash Price found OK</b> <br /><br/>
<b>VAT found OK</b> <br /><br/>
<b>Non VAT Items Value found OK</b> <br /><br/>
<b>Total Cash Price found OK</b> <br /><br/>
<b>Order Deposit found OK</b> <br /><br/>
<b>Finance Deposit found OK</b> <br /><br/>
<b>Total Deposit found OK</b> <br /><br/>
<b>Balance to Finance found OK</b> <br /><br/>
<b>Finance Charges - found OK</b> <br /><br/>
<b>Document Fee - found OK</b> <br /><br/>
<b>Balance Payable - found OK</b> <br /><br/>
<b>Option To Purchase Fee - found OK</b> <br /><br/>
<b>Initial Cash Payment - found OK</b> <br /><br/>
<b>Followed By months - found OK</b> <br /><br/>
<b>Monthly Finance Payment - found OK</b> <br /><br/>
<b>Final Payment - found OK</b> <br /><br/>
<b>Vehicle Commission - found OK</b> <br /><br/>
<b>Default Finance Commission - found OK</b> <br /><br/>
<b>Document Fee Commission - found OK</b> <br /><br/>
<b>Total Commission - found OK</b> <br /><br/>
<b>*************Configuration Values Verification on quote summary page has been started************</b> <br /><br/>
<b>Base Interest Rate found OK</b> <br /><br/>
<b>Finance Margin found OK</b> <br /><br/>
<b>Deductions found OK</b> <br /><br/>
<b>Additional Margin found OK</b> <br /><br/>
<b>Total Margin found OK</b> <br /><br/>
<b>Default Broker Margin percentage found OK</b> <br /><br/>
<b>Customer Interest Rate found OK</b> <br /><br/>
<b>Document Fee Margin found OK</b> <br /><br/>
<b>Default Broker Margin found OK</b> <br /><br/>
<b>*************Editing Base Interest Rate and Verifying  Values on quote summary page has been started************</b> <br /><br/>
<b>Base Interest Rate changed to 7.0 %</b> <br /><br/>
<b>Holding Cost after changing Base Int. Rate -  found OK</b> <br /><br/>
<b>Monthly Finance Rental after changing Base Int. Rate -  found OK</b> <br /><br/>
<b>Finance Charges - found OK</b> <br /><br/>
<b>Balance Payable - found OK</b> <br /><br/>
<b>*************Editing Customer Rate Over Base and Verifying Values on quote summary page has been started************</b> <br /><br/>
<b>Customer Base Over Rate changed to 5.0 %</b> <br /><br/>
<b>Monthly Finance Rental after changing Customer Base Over Rate -  found OK</b> <br /><br/>
<b>Finance Charges - found OK</b> <br /><br/>
<b>Balance Payable - found OK</b> <br /><br/>
<b>*************Calculations for Quote Summary page gas been started************</b> <br /><br/>
<b>Reading values from OTR calculation -Quote Summary Page</b> <br /><br/>
<b>Writing completed for some of the important required values to quote save excel sheet in the sheet HPNRHPNRFunderQuoteNo</b> <br /><br/>
</div>
</td>
<td></td>
<td>161</td>
<td>com.amt.test.HPNR.Acquisition_Quotes_HPNR_HPNR_used_car_with_funder_quote_addition_without_maintenance_Test@4e5ed836</td></tr>
<tr>
<td title='com.amt.test.HPNR.Acquisition_Quotes_HPNR_HPNR_used_car_with_funder_quote_addition_without_maintenance_Test.aquisition_quotes_used_car_edit_cost_price_and_check_OTR_without_maintenance_test()'><b>aquisition_quotes_used_car_edit_cost_price_and_check_OTR_without_maintenance_test</b><br>Test class: com.amt.test.HPNR.Acquisition_Quotes_HPNR_HPNR_used_car_with_funder_quote_addition_without_maintenance_Test<br>Parameters: GY19XAG, 15000, 60000, 1000, REF001, 05/12/24, 12, 5000, 1000, 200, 12, 500, 6000, 20, 10000, 6000, 2000, 1000, 0, 199.99, 0, NO, 20, 200, NO, 0, Limited Credit, YES, HPNR(F3)-HPNR_Used_car</td>
<td></td>
<td>0</td>
<td>com.amt.test.HPNR.Acquisition_Quotes_HPNR_HPNR_used_car_with_funder_quote_addition_without_maintenance_Test@4e5ed836</td></tr>
<tr>
<td title='com.amt.test.HPNR.Acquisition_Quotes_HPNR_HPNR_used_car_with_funder_quote_addition_without_maintenance_Test.aquisition_quotes_holding_cost_calculations_without_maintenance_test()'><b>aquisition_quotes_holding_cost_calculations_without_maintenance_test</b><br>Test class: com.amt.test.HPNR.Acquisition_Quotes_HPNR_HPNR_used_car_with_funder_quote_addition_without_maintenance_Test<br>Parameters: GY19XAG, 15000, 60000, 1000, REF001, 05/12/24, 12, 5000, 1000, 200, 12, 500, 6000, 20, 10000, 6000, 2000, 1000, 0, 199.99, 0, NO, 20, 200, NO, 0, Limited Credit, YES, HPNR(F3)-HPNR_Used_car<br/>
<a href="#Output-560963332" onClick='toggleBox("Output-560963332", this, "Show output", "Hide output");'>Show output</a>

<a href="#Output-560963332" onClick="toggleAllBoxes();">Show all outputs</a>
<div class='log' id="Output-560963332">
<b>***********Entered in holding cost page ***********</b> <br /><br/>
<b>***********Holding Cost Calculations has been Started*************</b> <br /><br/>
<b>Writing Holding Cost Summary values to excel has been completed</b> <br /><br/>
<b>Reading Monthly Holding Cost value from excel</b> <br /><br/>
<b>Total_monthly_holding_cost_from_screen =501.00</b> <br /><br/>
<b>Total_monthly_holding_cost_from_excel =501.0</b> <br /><br/>
</div>
</td>
<td></td>
<td>19</td>
<td>com.amt.test.HPNR.Acquisition_Quotes_HPNR_HPNR_used_car_with_funder_quote_addition_without_maintenance_Test@4e5ed836</td></tr>
<tr>
<td title='com.amt.test.LOU.LOU_used_car_ownbook_business_purchase_funder_accept_with_changes_Test.L4_fill_up_the_required_fields_for_sending_a_proposal()'><b>L4_fill_up_the_required_fields_for_sending_a_proposal</b><br>Test class: com.amt.test.LOU.LOU_used_car_ownbook_business_purchase_funder_accept_with_changes_Test<br/>
<a href="#Output-838478609" onClick='toggleBox("Output-838478609", this, "Show output", "Hide output");'>Show output</a>

<a href="#Output-838478609" onClick="toggleAllBoxes();">Show all outputs</a>
<div class='log' id="Output-838478609">
<b>click on Proposal icon</b> <br /><br/>
<b>Proposal page will display </b> <br /><br/>
<b>Send proposal to customer pop up  will open</b> <br /><br/>
<b>Click on Manual fill radio button - Yes</b> <br /><br/>
<b>Click on manually submit behalf of customer link</b> <br /><br/>
</div>
</td>
<td></td>
<td>68</td>
<td>com.amt.test.LOU.LOU_used_car_ownbook_business_purchase_funder_accept_with_changes_Test@eadd4fb</td></tr>
<tr>
<td title='com.amt.test.HPNR.Acquisition_Quotes_HPNR_HPNR_used_car_with_funder_quote_addition_without_maintenance_Test.aquisition_quotes_customer_quote_monthly_finance_payment_after_balloon_payment_off_without_maintenance_test()'><b>aquisition_quotes_customer_quote_monthly_finance_payment_after_balloon_payment_off_without_maintenance_test</b><br>Test class: com.amt.test.HPNR.Acquisition_Quotes_HPNR_HPNR_used_car_with_funder_quote_addition_without_maintenance_Test<br>Parameters: GY19XAG, 15000, 60000, 1000, REF001, 05/12/24, 12, 5000, 1000, 200, 12, 500, 6000, 20, 10000, 6000, 2000, 1000, 0, 199.99, 0, NO, 20, 200, NO, 0, Limited Credit, YES, HPNR(F3)-HPNR_Used_car<br/>
<a href="#Output-1128627753" onClick='toggleBox("Output-1128627753", this, "Show output", "Hide output");'>Show output</a>

<a href="#Output-1128627753" onClick="toggleAllBoxes();">Show all outputs</a>
<div class='log' id="Output-1128627753">
<b>Actual Monthly Finance Payment after making balloon payment toggle button off is 1951.54</b> <br /><br/>
<b></b> <br /><br/>
<b>Expected Monthly Finance Payment after making balloon payment toggle button off is 1951.5393773694834</b> <br /><br/>
<b></b> <br /><br/>
<b>Monthly Finance Payment verified after making balloon payment toggle button off</b> <br /><br/>
</div>
</td>
<td></td>
<td>20</td>
<td>com.amt.test.HPNR.Acquisition_Quotes_HPNR_HPNR_used_car_with_funder_quote_addition_without_maintenance_Test@4e5ed836</td></tr>
<tr>
<td title='com.amt.test.LOU.LOU_used_car_ownbook_business_purchase_funder_accept_with_changes_Test.L5_ownbook_create_opportunity_business_currentstatus_after_sending_to_proposal()'><b>L5_ownbook_create_opportunity_business_currentstatus_after_sending_to_proposal</b><br>Test class: com.amt.test.LOU.LOU_used_car_ownbook_business_purchase_funder_accept_with_changes_Test<br/>
<a href="#Output-1165455097" onClick='toggleBox("Output-1165455097", this, "Show output", "Hide output");'>Show output</a>

<a href="#Output-1165455097" onClick="toggleAllBoxes();">Show all outputs</a>
<div class='log' id="Output-1165455097">
<b>Current Status of Opportunity Status value is = Open</b> <br /><br/>
<b>Current Status of Proposal value is = Proposal Received</b> <br /><br/>
<b>Current Status of Channel value is =  Draft</b> <br /><br/>
<b>Current Status of  Quote ref is = Draft</b> <br /><br/>
<b>Status Verified : After sending the proposal</b> <br /><br/>
</div>
</td>
<td></td>
<td>3</td>
<td>com.amt.test.LOU.LOU_used_car_ownbook_business_purchase_funder_accept_with_changes_Test@eadd4fb</td></tr>
<tr>
<td title='com.amt.test.LOU.LOU_used_car_ownbook_business_purchase_funder_accept_with_changes_Test.L1_create_lead_convert_to_lead_for_ownbook_business_flow()'><b>L1_create_lead_convert_to_lead_for_ownbook_business_flow</b><br>Test class: com.amt.test.LOU.LOU_used_car_ownbook_business_purchase_funder_accept_with_changes_Test<br/>
<a href="#Output-1681732941" onClick='toggleBox("Output-1681732941", this, "Show output", "Hide output");'>Show output</a>

<a href="#Output-1681732941" onClick="toggleAllBoxes();">Show all outputs</a>
<div class='log' id="Output-1681732941">
<b>Clicked on Leads on Side Menu</b> <br /><br/>
<b>Clicked on add lead</b> <br /><br/>
<b>Lead is assigned</b> <br /><br/>
<b>Added data in General Notes</b> <br /><br/>
<b>Customer type - Business selected</b> <br /><br/>
<b>Clicked on Add new vehicle request</b> <br /><br/>
<b>Clicked on ownbook channel</b> <br /><br/>
<b>Vehicle request for broker has been saved</b> <br /><br/>
<b>Click on Map New Quote icon</b> <br /><br/>
<b>Click on acquisition contract type icon</b> <br /><br/>
<b>Click on customer contract type icon</b> <br /><br/>
<b>Click on search button</b> <br /><br/>
<b>Click on created date button 1st </b> <br /><br/>
<b>Click on created date button 2nd</b> <br /><br/>
<b>New Quote has been mapped with lead</b> <br /><br/>
<b></b> <br /><br/>
<b>Started Verifying Table values</b> <br /><br/>
<b></b> <br /><br/>
<b>AKE26558 = AKE26558</b> <br /><br/>
<b>Quote no. compared and found ok</b> <br /><br/>
<b></b> <br /><br/>
<b>MERCEDES-BENZ A CLASS AMG HATCHBACK (2019 - 2022) A35 4Matic Premium 5dr Auto = MERCEDES-BENZ A CLASS AMG HATCHBACK (2019 - 2022) A35 4Matic Premium 5dr Auto</b> <br /><br/>
<b>Vehicle name compared and found ok</b> <br /><br/>
<b></b> <br /><br/>
<b>Hire Purchase Non-Regulated = Hire Purchase Non-Regulated</b> <br /><br/>
<b>Contract type compared and found ok</b> <br /><br/>
<b></b> <br /><br/>
<b>1588.04 = 1588.04</b> <br /><br/>
<b>Monthly finance rental compared and found ok</b> <br /><br/>
<b></b> <br /><br/>
<b>5000.0 = 5000.0</b> <br /><br/>
<b>Mileage compared and found ok</b> <br /><br/>
<b></b> <br /><br/>
<b>12.0 = 12.0</b> <br /><br/>
<b>Terms compared and found ok</b> <br /><br/>
<b></b> <br /><br/>
<b>05/12/2024 != 05/12/24</b> <br /><br/>
<b>Expiry date compared but found not ok</b> <br /><br/>
<b>Click on Lead save and Convert button</b> <br /><br/>
<b></b> <br /><br/>
<b>Started Verifying Table values</b> <br /><br/>
<b></b> <br /><br/>
<b>AKE26558 = AKE26558</b> <br /><br/>
<b>Quote no. compared and found ok</b> <br /><br/>
<b></b> <br /><br/>
<b>MERCEDES-BENZ A CLASS AMG HATCHBACK (2019 - 2022) A35 4Matic Premium 5dr Auto = MERCEDES-BENZ A CLASS AMG HATCHBACK (2019 - 2022) A35 4Matic Premium 5dr Auto</b> <br /><br/>
<b>Vehicle name compared and found ok</b> <br /><br/>
<b></b> <br /><br/>
<b>Hire Purchase Non-Regulated = Hire Purchase Non-Regulated</b> <br /><br/>
<b>Contract type compared and found ok</b> <br /><br/>
<b></b> <br /><br/>
<b>1588.04 = 1588.04</b> <br /><br/>
<b>Monthly finance rental compared and found ok</b> <br /><br/>
<b></b> <br /><br/>
<b>5000.0 = 5000.0</b> <br /><br/>
<b>Mileage compared and found ok</b> <br /><br/>
<b></b> <br /><br/>
<b>12.0 = 12.0</b> <br /><br/>
<b>Terms compared and found ok</b> <br /><br/>
<b></b> <br /><br/>
<b>05/12/2024 != 05/12/24</b> <br /><br/>
<b>Expiry date compared but found not ok</b> <br /><br/>
<b></b> <br /><br/>
<b>In Lead created Opportunity Id is =VB-8281</b> <br /><br/>
<b></b> <br /><br/>
</div>
</td>
<td></td>
<td>130</td>
<td>com.amt.test.LOU.LOU_used_car_ownbook_business_purchase_funder_accept_with_changes_Test@eadd4fb</td></tr>
<tr>
<td title='com.amt.test.HPNR.Acquisition_Quotes_HPNR_HPNR_used_car_with_funder_quote_addition_without_maintenance_Test.aquisition_quotes_customer_quote_calculations_check_monthly_finance_payment_without_maintenance_test()'><b>aquisition_quotes_customer_quote_calculations_check_monthly_finance_payment_without_maintenance_test</b><br>Test class: com.amt.test.HPNR.Acquisition_Quotes_HPNR_HPNR_used_car_with_funder_quote_addition_without_maintenance_Test<br>Parameters: GY19XAG, 15000, 60000, 1000, REF001, 05/12/24, 12, 5000, 1000, 200, 12, 500, 6000, 20, 10000, 6000, 2000, 1000, 0, 199.99, 0, NO, 20, 200, NO, 0, Limited Credit, YES, HPNR(F3)-HPNR_Used_car<br/>
<a href="#Output-830735031" onClick='toggleBox("Output-830735031", this, "Show output", "Hide output");'>Show output</a>

<a href="#Output-830735031" onClick="toggleAllBoxes();">Show all outputs</a>
<div class='log' id="Output-830735031">
<b>***********Entered in Customer Quote page ***********</b> <br /><br/>
<b>Matrix credit type Limited Credit has been selected</b> <br /><br/>
<b>Writing configuration values from property file to Excel for customer quote calculation -started</b> <br /><br/>
<b>Writing configuration values from property file to Excel for customer quote calculation -completed</b> <br /><br/>
<b>Actual Monthly Finance Payment from screen is 1609.77</b> <br /><br/>
<b>Writing screen values to Excel for customer quote calculation -started</b> <br /><br/>
<b>Writing screen values to Excel for customer quote calculation -completed</b> <br /><br/>
<b>Expected Monthly Finance Rental from excel is 1609.7652178561818</b> <br /><br/>
</div>
</td>
<td></td>
<td>50</td>
<td>com.amt.test.HPNR.Acquisition_Quotes_HPNR_HPNR_used_car_with_funder_quote_addition_without_maintenance_Test@4e5ed836</td></tr>
<tr>
<td title='com.amt.test.HPNR.Acquisition_Quotes_HPNR_HPNR_used_car_with_funder_quote_addition_without_maintenance_Test.aquisition_quotes_OTR_calculation_without_maintenance_test()'><b>aquisition_quotes_OTR_calculation_without_maintenance_test</b><br>Test class: com.amt.test.HPNR.Acquisition_Quotes_HPNR_HPNR_used_car_with_funder_quote_addition_without_maintenance_Test<br>Parameters: GY19XAG, 15000, 60000, 1000, REF001, 05/12/24, 12, 5000, 1000, 200, 12, 500, 6000, 20, 10000, 6000, 2000, 1000, 0, 199.99, 0, NO, 20, 200, NO, 0, Limited Credit, YES, HPNR(F3)-HPNR_Used_car<br/>
<a href="#Output-1359911801" onClick='toggleBox("Output-1359911801", this, "Show output", "Hide output");'>Show output</a>

<a href="#Output-1359911801" onClick="toggleAllBoxes();">Show all outputs</a>
<div class='log' id="Output-1359911801">
<b>Clicked on Quote button </b> <br /><br/>
<b>Selecting used vehicle with registration no. = GY19XAG and mileage = 15000</b> <br /><br/>
<b>Vehicle selected</b> <br /><br/>
<b>Paint option has been selected</b> <br /><br/>
<b>Interior option has been selected</b> <br /><br/>
<b> Acquisition Contract type option = HPNR has been selected</b> <br /><br/>
<b> Customer Contract type option = HPNR has been selected</b> <br /><br/>
<b>Cost Price ex VAT and RFL from screen is 18875.0</b> <br /><br/>
<b>VAT from screen is 3775.0</b> <br /><br/>
<b>Cost Price ex VAT and RFL calculated is 18875.0</b> <br /><br/>
<b>Cost Price ex VAT and RFL verified and found OK</b> <br /><br/>
</div>
</td>
<td></td>
<td>75</td>
<td>com.amt.test.HPNR.Acquisition_Quotes_HPNR_HPNR_used_car_with_funder_quote_addition_without_maintenance_Test@4e5ed836</td></tr>
<tr>
<td title='com.amt.test.LOU.LOU_used_car_ownbook_business_purchase_funder_accept_with_changes_Test.L6_ownbook_sending_contract()'><b>L6_ownbook_sending_contract</b><br>Test class: com.amt.test.LOU.LOU_used_car_ownbook_business_purchase_funder_accept_with_changes_Test<br/>
<a href="#Output-1525439989" onClick='toggleBox("Output-1525439989", this, "Show output", "Hide output");'>Show output</a>

<a href="#Output-1525439989" onClick="toggleAllBoxes();">Show all outputs</a>
<div class='log' id="Output-1525439989">
<b>click on Send_Contract icon</b> <br /><br/>
<b>Contract Sent Successfully</b> <br /><br/>
</div>
</td>
<td></td>
<td>13</td>
<td>com.amt.test.LOU.LOU_used_car_ownbook_business_purchase_funder_accept_with_changes_Test@eadd4fb</td></tr>
<tr>
<td title='com.amt.test.LOU.LOU_used_car_ownbook_business_purchase_funder_accept_with_changes_Test.L2_ownbook_business_current_status_before_sending_to_proposal()'><b>L2_ownbook_business_current_status_before_sending_to_proposal</b><br>Test class: com.amt.test.LOU.LOU_used_car_ownbook_business_purchase_funder_accept_with_changes_Test<br/>
<a href="#Output-885719344" onClick='toggleBox("Output-885719344", this, "Show output", "Hide output");'>Show output</a>

<a href="#Output-885719344" onClick="toggleAllBoxes();">Show all outputs</a>
<div class='log' id="Output-885719344">
<b>Clicked on Opportunity link from Menu </b> <br /><br/>
<b>listing_proposal_status is = Proposal Required</b> <br /><br/>
<b>Enter the Opportunity id in Search Text box</b> <br /><br/>
<b>Current Status of Opportunity Status value is = Open</b> <br /><br/>
<b>Current Status of Proposal value is = Proposal Required</b> <br /><br/>
<b>Current Status of Channel value is =  Draft</b> <br /><br/>
<b>Current Status of  Quote ref is = Draft</b> <br /><br/>
<b>Status Verified : Before sending the proposal</b> <br /><br/>
</div>
</td>
<td></td>
<td>13</td>
<td>com.amt.test.LOU.LOU_used_car_ownbook_business_purchase_funder_accept_with_changes_Test@eadd4fb</td></tr>
<tr>
<td title='com.amt.test.LOU.LOU_used_car_ownbook_business_purchase_funder_accept_with_changes_Test.L8_ownbook_signed_contract_status_with_api_call()'><b>L8_ownbook_signed_contract_status_with_api_call</b><br>Test class: com.amt.test.LOU.LOU_used_car_ownbook_business_purchase_funder_accept_with_changes_Test<br/>
<a href="#Output-1896858994" onClick='toggleBox("Output-1896858994", this, "Show output", "Hide output");'>Show output</a>

<a href="#Output-1896858994" onClick="toggleAllBoxes();">Show all outputs</a>
<div class='log' id="Output-1896858994">
<b>Status code 200 received </b> <br /><br/>
<b>Enter the Opportunity id in Search Text box</b> <br /><br/>
</div>
</td>
<td></td>
<td>39</td>
<td>com.amt.test.LOU.LOU_used_car_ownbook_business_purchase_funder_accept_with_changes_Test@eadd4fb</td></tr>
</table><p>
<table width='100%' border='1' class='invocation-skipped'>
<tr><td colspan='4' align='center'><b>SKIPPED TESTS</b></td></tr>
<tr><td><b>Test method</b></td>
<td width="30%"><b>Exception</b></td>
<td width="10%"><b>Time (seconds)</b></td>
<td><b>Instance</b></td>
</tr>
<tr>
<td title='com.amt.test.LOU.LOU_used_car_ownbook_business_purchase_funder_accept_with_changes_Test.UW3_verify_underwriting_lisitig_page()'><b>UW3_verify_underwriting_lisitig_page</b><br>Test class: com.amt.test.LOU.LOU_used_car_ownbook_business_purchase_funder_accept_with_changes_Test</td>
<td><div><pre>java.lang.Throwable: Method LOU_used_car_ownbook_business_purchase_funder_accept_with_changes_Test.UW3_verify_underwriting_lisitig_page()[pri:12, instance:com.amt.test.LOU.LOU_used_car_ownbook_business_purchase_funder_accept_with_changes_Test@eadd4fb] depends on not successfully finished methods
	at java.base/java.util.ArrayList.forEach(ArrayList.java:1511)
... Removed 19 stack frames</pre></div><a href='#' onClick='toggleBox("stack-trace1449923212", this, "Click to show all stack frames", "Click to hide stack frames")'>Click to show all stack frames</a>
<div class='stack-trace' id='stack-trace1449923212'><pre>java.lang.Throwable: Method LOU_used_car_ownbook_business_purchase_funder_accept_with_changes_Test.UW3_verify_underwriting_lisitig_page()[pri:12, instance:com.amt.test.LOU.LOU_used_car_ownbook_business_purchase_funder_accept_with_changes_Test@eadd4fb] depends on not successfully finished methods
	at org.testng.internal.TestInvoker.invokeTestMethods(TestInvoker.java:102)
	at org.testng.internal.TestMethodWorker.invokeTestMethods(TestMethodWorker.java:146)
	at org.testng.internal.TestMethodWorker.run(TestMethodWorker.java:128)
	at java.base/java.util.ArrayList.forEach(ArrayList.java:1511)
	at org.testng.TestRunner.privateRun(TestRunner.java:794)
	at org.testng.TestRunner.run(TestRunner.java:596)
	at org.testng.SuiteRunner.runTest(SuiteRunner.java:377)
	at org.testng.SuiteRunner.runSequentially(SuiteRunner.java:371)
	at org.testng.SuiteRunner.privateRun(SuiteRunner.java:332)
	at org.testng.SuiteRunner.run(SuiteRunner.java:276)
	at org.testng.SuiteRunnerWorker.runSuite(SuiteRunnerWorker.java:53)
	at org.testng.SuiteRunnerWorker.run(SuiteRunnerWorker.java:96)
	at org.testng.TestNG.runSuitesSequentially(TestNG.java:1212)
	at org.testng.TestNG.runSuitesSequentially(TestNG.java:1207)
	at org.testng.TestNG.runSuitesLocally(TestNG.java:1134)
	at org.testng.TestNG.runSuites(TestNG.java:1063)
	at org.testng.TestNG.run(TestNG.java:1031)
	at org.testng.remote.AbstractRemoteTestNG.run(AbstractRemoteTestNG.java:115)
	at org.testng.remote.RemoteTestNG.initAndRun(RemoteTestNG.java:251)
	at org.testng.remote.RemoteTestNG.main(RemoteTestNG.java:77)
</pre></div></td>
<td>0</td>
<td>com.amt.test.LOU.LOU_used_car_ownbook_business_purchase_funder_accept_with_changes_Test@eadd4fb</td></tr>
<tr>
<td title='com.amt.test.LOU.LOU_used_car_ownbook_business_purchase_funder_accept_with_changes_Test.UW1_verify_underwriting_flow_ownbook_with_status()'><b>UW1_verify_underwriting_flow_ownbook_with_status</b><br>Test class: com.amt.test.LOU.LOU_used_car_ownbook_business_purchase_funder_accept_with_changes_Test</td>
<td><div><pre>java.lang.Throwable: Method LOU_used_car_ownbook_business_purchase_funder_accept_with_changes_Test.UW1_verify_underwriting_flow_ownbook_with_status()[pri:10, instance:com.amt.test.LOU.LOU_used_car_ownbook_business_purchase_funder_accept_with_changes_Test@eadd4fb] depends on not successfully finished methods
	at java.base/java.util.ArrayList.forEach(ArrayList.java:1511)
... Removed 19 stack frames</pre></div><a href='#' onClick='toggleBox("stack-trace2056524550", this, "Click to show all stack frames", "Click to hide stack frames")'>Click to show all stack frames</a>
<div class='stack-trace' id='stack-trace2056524550'><pre>java.lang.Throwable: Method LOU_used_car_ownbook_business_purchase_funder_accept_with_changes_Test.UW1_verify_underwriting_flow_ownbook_with_status()[pri:10, instance:com.amt.test.LOU.LOU_used_car_ownbook_business_purchase_funder_accept_with_changes_Test@eadd4fb] depends on not successfully finished methods
	at org.testng.internal.TestInvoker.invokeTestMethods(TestInvoker.java:102)
	at org.testng.internal.TestMethodWorker.invokeTestMethods(TestMethodWorker.java:146)
	at org.testng.internal.TestMethodWorker.run(TestMethodWorker.java:128)
	at java.base/java.util.ArrayList.forEach(ArrayList.java:1511)
	at org.testng.TestRunner.privateRun(TestRunner.java:794)
	at org.testng.TestRunner.run(TestRunner.java:596)
	at org.testng.SuiteRunner.runTest(SuiteRunner.java:377)
	at org.testng.SuiteRunner.runSequentially(SuiteRunner.java:371)
	at org.testng.SuiteRunner.privateRun(SuiteRunner.java:332)
	at org.testng.SuiteRunner.run(SuiteRunner.java:276)
	at org.testng.SuiteRunnerWorker.runSuite(SuiteRunnerWorker.java:53)
	at org.testng.SuiteRunnerWorker.run(SuiteRunnerWorker.java:96)
	at org.testng.TestNG.runSuitesSequentially(TestNG.java:1212)
	at org.testng.TestNG.runSuitesSequentially(TestNG.java:1207)
	at org.testng.TestNG.runSuitesLocally(TestNG.java:1134)
	at org.testng.TestNG.runSuites(TestNG.java:1063)
	at org.testng.TestNG.run(TestNG.java:1031)
	at org.testng.remote.AbstractRemoteTestNG.run(AbstractRemoteTestNG.java:115)
	at org.testng.remote.RemoteTestNG.initAndRun(RemoteTestNG.java:251)
	at org.testng.remote.RemoteTestNG.main(RemoteTestNG.java:77)
</pre></div></td>
<td>0</td>
<td>com.amt.test.LOU.LOU_used_car_ownbook_business_purchase_funder_accept_with_changes_Test@eadd4fb</td></tr>
<tr>
<td title='com.amt.test.LOU.LOU_used_car_ownbook_business_purchase_funder_accept_with_changes_Test.UW6_verify_ownbook_opportunity_search_text_box_accept_with_changes()'><b>UW6_verify_ownbook_opportunity_search_text_box_accept_with_changes</b><br>Test class: com.amt.test.LOU.LOU_used_car_ownbook_business_purchase_funder_accept_with_changes_Test</td>
<td><div><pre>java.lang.Throwable: Method LOU_used_car_ownbook_business_purchase_funder_accept_with_changes_Test.UW6_verify_ownbook_opportunity_search_text_box_accept_with_changes()[pri:15, instance:com.amt.test.LOU.LOU_used_car_ownbook_business_purchase_funder_accept_with_changes_Test@eadd4fb] depends on not successfully finished methods
	at java.base/java.util.ArrayList.forEach(ArrayList.java:1511)
... Removed 19 stack frames</pre></div><a href='#' onClick='toggleBox("stack-trace232597167", this, "Click to show all stack frames", "Click to hide stack frames")'>Click to show all stack frames</a>
<div class='stack-trace' id='stack-trace232597167'><pre>java.lang.Throwable: Method LOU_used_car_ownbook_business_purchase_funder_accept_with_changes_Test.UW6_verify_ownbook_opportunity_search_text_box_accept_with_changes()[pri:15, instance:com.amt.test.LOU.LOU_used_car_ownbook_business_purchase_funder_accept_with_changes_Test@eadd4fb] depends on not successfully finished methods
	at org.testng.internal.TestInvoker.invokeTestMethods(TestInvoker.java:102)
	at org.testng.internal.TestMethodWorker.invokeTestMethods(TestMethodWorker.java:146)
	at org.testng.internal.TestMethodWorker.run(TestMethodWorker.java:128)
	at java.base/java.util.ArrayList.forEach(ArrayList.java:1511)
	at org.testng.TestRunner.privateRun(TestRunner.java:794)
	at org.testng.TestRunner.run(TestRunner.java:596)
	at org.testng.SuiteRunner.runTest(SuiteRunner.java:377)
	at org.testng.SuiteRunner.runSequentially(SuiteRunner.java:371)
	at org.testng.SuiteRunner.privateRun(SuiteRunner.java:332)
	at org.testng.SuiteRunner.run(SuiteRunner.java:276)
	at org.testng.SuiteRunnerWorker.runSuite(SuiteRunnerWorker.java:53)
	at org.testng.SuiteRunnerWorker.run(SuiteRunnerWorker.java:96)
	at org.testng.TestNG.runSuitesSequentially(TestNG.java:1212)
	at org.testng.TestNG.runSuitesSequentially(TestNG.java:1207)
	at org.testng.TestNG.runSuitesLocally(TestNG.java:1134)
	at org.testng.TestNG.runSuites(TestNG.java:1063)
	at org.testng.TestNG.run(TestNG.java:1031)
	at org.testng.remote.AbstractRemoteTestNG.run(AbstractRemoteTestNG.java:115)
	at org.testng.remote.RemoteTestNG.initAndRun(RemoteTestNG.java:251)
	at org.testng.remote.RemoteTestNG.main(RemoteTestNG.java:77)
</pre></div></td>
<td>0</td>
<td>com.amt.test.LOU.LOU_used_car_ownbook_business_purchase_funder_accept_with_changes_Test@eadd4fb</td></tr>
<tr>
<td title='com.amt.test.LOU.LOU_used_car_ownbook_business_purchase_funder_accept_with_changes_Test.UW2_verify_status_after_sending_to_underwriting()'><b>UW2_verify_status_after_sending_to_underwriting</b><br>Test class: com.amt.test.LOU.LOU_used_car_ownbook_business_purchase_funder_accept_with_changes_Test</td>
<td><div><pre>java.lang.Throwable: Method LOU_used_car_ownbook_business_purchase_funder_accept_with_changes_Test.UW2_verify_status_after_sending_to_underwriting()[pri:11, instance:com.amt.test.LOU.LOU_used_car_ownbook_business_purchase_funder_accept_with_changes_Test@eadd4fb] depends on not successfully finished methods
	at java.base/java.util.ArrayList.forEach(ArrayList.java:1511)
... Removed 19 stack frames</pre></div><a href='#' onClick='toggleBox("stack-trace1783576633", this, "Click to show all stack frames", "Click to hide stack frames")'>Click to show all stack frames</a>
<div class='stack-trace' id='stack-trace1783576633'><pre>java.lang.Throwable: Method LOU_used_car_ownbook_business_purchase_funder_accept_with_changes_Test.UW2_verify_status_after_sending_to_underwriting()[pri:11, instance:com.amt.test.LOU.LOU_used_car_ownbook_business_purchase_funder_accept_with_changes_Test@eadd4fb] depends on not successfully finished methods
	at org.testng.internal.TestInvoker.invokeTestMethods(TestInvoker.java:102)
	at org.testng.internal.TestMethodWorker.invokeTestMethods(TestMethodWorker.java:146)
	at org.testng.internal.TestMethodWorker.run(TestMethodWorker.java:128)
	at java.base/java.util.ArrayList.forEach(ArrayList.java:1511)
	at org.testng.TestRunner.privateRun(TestRunner.java:794)
	at org.testng.TestRunner.run(TestRunner.java:596)
	at org.testng.SuiteRunner.runTest(SuiteRunner.java:377)
	at org.testng.SuiteRunner.runSequentially(SuiteRunner.java:371)
	at org.testng.SuiteRunner.privateRun(SuiteRunner.java:332)
	at org.testng.SuiteRunner.run(SuiteRunner.java:276)
	at org.testng.SuiteRunnerWorker.runSuite(SuiteRunnerWorker.java:53)
	at org.testng.SuiteRunnerWorker.run(SuiteRunnerWorker.java:96)
	at org.testng.TestNG.runSuitesSequentially(TestNG.java:1212)
	at org.testng.TestNG.runSuitesSequentially(TestNG.java:1207)
	at org.testng.TestNG.runSuitesLocally(TestNG.java:1134)
	at org.testng.TestNG.runSuites(TestNG.java:1063)
	at org.testng.TestNG.run(TestNG.java:1031)
	at org.testng.remote.AbstractRemoteTestNG.run(AbstractRemoteTestNG.java:115)
	at org.testng.remote.RemoteTestNG.initAndRun(RemoteTestNG.java:251)
	at org.testng.remote.RemoteTestNG.main(RemoteTestNG.java:77)
</pre></div></td>
<td>0</td>
<td>com.amt.test.LOU.LOU_used_car_ownbook_business_purchase_funder_accept_with_changes_Test@eadd4fb</td></tr>
<tr>
<td title='com.amt.test.LOU.LOU_used_car_ownbook_business_purchase_funder_accept_with_changes_Test.UW9_ownbook_after_opportunity_underwriting_accept_with_changes_signed_contract_status_with_api_call()'><b>UW9_ownbook_after_opportunity_underwriting_accept_with_changes_signed_contract_status_with_api_call</b><br>Test class: com.amt.test.LOU.LOU_used_car_ownbook_business_purchase_funder_accept_with_changes_Test</td>
<td><div><pre>java.lang.Throwable: Method LOU_used_car_ownbook_business_purchase_funder_accept_with_changes_Test.UW9_ownbook_after_opportunity_underwriting_accept_with_changes_signed_contract_status_with_api_call()[pri:18, instance:com.amt.test.LOU.LOU_used_car_ownbook_business_purchase_funder_accept_with_changes_Test@eadd4fb] depends on not successfully finished methods
	at java.base/java.util.ArrayList.forEach(ArrayList.java:1511)
... Removed 19 stack frames</pre></div><a href='#' onClick='toggleBox("stack-trace1956343612", this, "Click to show all stack frames", "Click to hide stack frames")'>Click to show all stack frames</a>
<div class='stack-trace' id='stack-trace1956343612'><pre>java.lang.Throwable: Method LOU_used_car_ownbook_business_purchase_funder_accept_with_changes_Test.UW9_ownbook_after_opportunity_underwriting_accept_with_changes_signed_contract_status_with_api_call()[pri:18, instance:com.amt.test.LOU.LOU_used_car_ownbook_business_purchase_funder_accept_with_changes_Test@eadd4fb] depends on not successfully finished methods
	at org.testng.internal.TestInvoker.invokeTestMethods(TestInvoker.java:102)
	at org.testng.internal.TestMethodWorker.invokeTestMethods(TestMethodWorker.java:146)
	at org.testng.internal.TestMethodWorker.run(TestMethodWorker.java:128)
	at java.base/java.util.ArrayList.forEach(ArrayList.java:1511)
	at org.testng.TestRunner.privateRun(TestRunner.java:794)
	at org.testng.TestRunner.run(TestRunner.java:596)
	at org.testng.SuiteRunner.runTest(SuiteRunner.java:377)
	at org.testng.SuiteRunner.runSequentially(SuiteRunner.java:371)
	at org.testng.SuiteRunner.privateRun(SuiteRunner.java:332)
	at org.testng.SuiteRunner.run(SuiteRunner.java:276)
	at org.testng.SuiteRunnerWorker.runSuite(SuiteRunnerWorker.java:53)
	at org.testng.SuiteRunnerWorker.run(SuiteRunnerWorker.java:96)
	at org.testng.TestNG.runSuitesSequentially(TestNG.java:1212)
	at org.testng.TestNG.runSuitesSequentially(TestNG.java:1207)
	at org.testng.TestNG.runSuitesLocally(TestNG.java:1134)
	at org.testng.TestNG.runSuites(TestNG.java:1063)
	at org.testng.TestNG.run(TestNG.java:1031)
	at org.testng.remote.AbstractRemoteTestNG.run(AbstractRemoteTestNG.java:115)
	at org.testng.remote.RemoteTestNG.initAndRun(RemoteTestNG.java:251)
	at org.testng.remote.RemoteTestNG.main(RemoteTestNG.java:77)
</pre></div></td>
<td>0</td>
<td>com.amt.test.LOU.LOU_used_car_ownbook_business_purchase_funder_accept_with_changes_Test@eadd4fb</td></tr>
<tr>
<td title='com.amt.test.LOU.LOU_used_car_ownbook_business_purchase_funder_accept_with_changes_Test.UW4_verify_ownbook_underwriting_proposal_page_flow()'><b>UW4_verify_ownbook_underwriting_proposal_page_flow</b><br>Test class: com.amt.test.LOU.LOU_used_car_ownbook_business_purchase_funder_accept_with_changes_Test</td>
<td><div><pre>java.lang.Throwable: Method LOU_used_car_ownbook_business_purchase_funder_accept_with_changes_Test.UW4_verify_ownbook_underwriting_proposal_page_flow()[pri:13, instance:com.amt.test.LOU.LOU_used_car_ownbook_business_purchase_funder_accept_with_changes_Test@eadd4fb] depends on not successfully finished methods
	at java.base/java.util.ArrayList.forEach(ArrayList.java:1511)
... Removed 19 stack frames</pre></div><a href='#' onClick='toggleBox("stack-trace512456419", this, "Click to show all stack frames", "Click to hide stack frames")'>Click to show all stack frames</a>
<div class='stack-trace' id='stack-trace512456419'><pre>java.lang.Throwable: Method LOU_used_car_ownbook_business_purchase_funder_accept_with_changes_Test.UW4_verify_ownbook_underwriting_proposal_page_flow()[pri:13, instance:com.amt.test.LOU.LOU_used_car_ownbook_business_purchase_funder_accept_with_changes_Test@eadd4fb] depends on not successfully finished methods
	at org.testng.internal.TestInvoker.invokeTestMethods(TestInvoker.java:102)
	at org.testng.internal.TestMethodWorker.invokeTestMethods(TestMethodWorker.java:146)
	at org.testng.internal.TestMethodWorker.run(TestMethodWorker.java:128)
	at java.base/java.util.ArrayList.forEach(ArrayList.java:1511)
	at org.testng.TestRunner.privateRun(TestRunner.java:794)
	at org.testng.TestRunner.run(TestRunner.java:596)
	at org.testng.SuiteRunner.runTest(SuiteRunner.java:377)
	at org.testng.SuiteRunner.runSequentially(SuiteRunner.java:371)
	at org.testng.SuiteRunner.privateRun(SuiteRunner.java:332)
	at org.testng.SuiteRunner.run(SuiteRunner.java:276)
	at org.testng.SuiteRunnerWorker.runSuite(SuiteRunnerWorker.java:53)
	at org.testng.SuiteRunnerWorker.run(SuiteRunnerWorker.java:96)
	at org.testng.TestNG.runSuitesSequentially(TestNG.java:1212)
	at org.testng.TestNG.runSuitesSequentially(TestNG.java:1207)
	at org.testng.TestNG.runSuitesLocally(TestNG.java:1134)
	at org.testng.TestNG.runSuites(TestNG.java:1063)
	at org.testng.TestNG.run(TestNG.java:1031)
	at org.testng.remote.AbstractRemoteTestNG.run(AbstractRemoteTestNG.java:115)
	at org.testng.remote.RemoteTestNG.initAndRun(RemoteTestNG.java:251)
	at org.testng.remote.RemoteTestNG.main(RemoteTestNG.java:77)
</pre></div></td>
<td>0</td>
<td>com.amt.test.LOU.LOU_used_car_ownbook_business_purchase_funder_accept_with_changes_Test@eadd4fb</td></tr>
<tr>
<td title='com.amt.test.LOU.LOU_used_car_ownbook_business_purchase_funder_accept_with_changes_Test.UW7_verify_ownbook_opportunity_accept_with_changes_underwriting_pop_up()'><b>UW7_verify_ownbook_opportunity_accept_with_changes_underwriting_pop_up</b><br>Test class: com.amt.test.LOU.LOU_used_car_ownbook_business_purchase_funder_accept_with_changes_Test</td>
<td><div><pre>java.lang.Throwable: Method LOU_used_car_ownbook_business_purchase_funder_accept_with_changes_Test.UW7_verify_ownbook_opportunity_accept_with_changes_underwriting_pop_up()[pri:16, instance:com.amt.test.LOU.LOU_used_car_ownbook_business_purchase_funder_accept_with_changes_Test@eadd4fb] depends on not successfully finished methods
	at java.base/java.util.ArrayList.forEach(ArrayList.java:1511)
... Removed 19 stack frames</pre></div><a href='#' onClick='toggleBox("stack-trace1338311500", this, "Click to show all stack frames", "Click to hide stack frames")'>Click to show all stack frames</a>
<div class='stack-trace' id='stack-trace1338311500'><pre>java.lang.Throwable: Method LOU_used_car_ownbook_business_purchase_funder_accept_with_changes_Test.UW7_verify_ownbook_opportunity_accept_with_changes_underwriting_pop_up()[pri:16, instance:com.amt.test.LOU.LOU_used_car_ownbook_business_purchase_funder_accept_with_changes_Test@eadd4fb] depends on not successfully finished methods
	at org.testng.internal.TestInvoker.invokeTestMethods(TestInvoker.java:102)
	at org.testng.internal.TestMethodWorker.invokeTestMethods(TestMethodWorker.java:146)
	at org.testng.internal.TestMethodWorker.run(TestMethodWorker.java:128)
	at java.base/java.util.ArrayList.forEach(ArrayList.java:1511)
	at org.testng.TestRunner.privateRun(TestRunner.java:794)
	at org.testng.TestRunner.run(TestRunner.java:596)
	at org.testng.SuiteRunner.runTest(SuiteRunner.java:377)
	at org.testng.SuiteRunner.runSequentially(SuiteRunner.java:371)
	at org.testng.SuiteRunner.privateRun(SuiteRunner.java:332)
	at org.testng.SuiteRunner.run(SuiteRunner.java:276)
	at org.testng.SuiteRunnerWorker.runSuite(SuiteRunnerWorker.java:53)
	at org.testng.SuiteRunnerWorker.run(SuiteRunnerWorker.java:96)
	at org.testng.TestNG.runSuitesSequentially(TestNG.java:1212)
	at org.testng.TestNG.runSuitesSequentially(TestNG.java:1207)
	at org.testng.TestNG.runSuitesLocally(TestNG.java:1134)
	at org.testng.TestNG.runSuites(TestNG.java:1063)
	at org.testng.TestNG.run(TestNG.java:1031)
	at org.testng.remote.AbstractRemoteTestNG.run(AbstractRemoteTestNG.java:115)
	at org.testng.remote.RemoteTestNG.initAndRun(RemoteTestNG.java:251)
	at org.testng.remote.RemoteTestNG.main(RemoteTestNG.java:77)
</pre></div></td>
<td>0</td>
<td>com.amt.test.LOU.LOU_used_car_ownbook_business_purchase_funder_accept_with_changes_Test@eadd4fb</td></tr>
<tr>
<td title='com.amt.test.LOU.LOU_used_car_ownbook_business_purchase_funder_accept_with_changes_Test.UW5_verify_ownbook_underwriting_proposal_decision_with_accept()'><b>UW5_verify_ownbook_underwriting_proposal_decision_with_accept</b><br>Test class: com.amt.test.LOU.LOU_used_car_ownbook_business_purchase_funder_accept_with_changes_Test</td>
<td><div><pre>java.lang.Throwable: Method LOU_used_car_ownbook_business_purchase_funder_accept_with_changes_Test.UW5_verify_ownbook_underwriting_proposal_decision_with_accept()[pri:14, instance:com.amt.test.LOU.LOU_used_car_ownbook_business_purchase_funder_accept_with_changes_Test@eadd4fb] depends on not successfully finished methods
	at java.base/java.util.ArrayList.forEach(ArrayList.java:1511)
... Removed 19 stack frames</pre></div><a href='#' onClick='toggleBox("stack-trace1975775311", this, "Click to show all stack frames", "Click to hide stack frames")'>Click to show all stack frames</a>
<div class='stack-trace' id='stack-trace1975775311'><pre>java.lang.Throwable: Method LOU_used_car_ownbook_business_purchase_funder_accept_with_changes_Test.UW5_verify_ownbook_underwriting_proposal_decision_with_accept()[pri:14, instance:com.amt.test.LOU.LOU_used_car_ownbook_business_purchase_funder_accept_with_changes_Test@eadd4fb] depends on not successfully finished methods
	at org.testng.internal.TestInvoker.invokeTestMethods(TestInvoker.java:102)
	at org.testng.internal.TestMethodWorker.invokeTestMethods(TestMethodWorker.java:146)
	at org.testng.internal.TestMethodWorker.run(TestMethodWorker.java:128)
	at java.base/java.util.ArrayList.forEach(ArrayList.java:1511)
	at org.testng.TestRunner.privateRun(TestRunner.java:794)
	at org.testng.TestRunner.run(TestRunner.java:596)
	at org.testng.SuiteRunner.runTest(SuiteRunner.java:377)
	at org.testng.SuiteRunner.runSequentially(SuiteRunner.java:371)
	at org.testng.SuiteRunner.privateRun(SuiteRunner.java:332)
	at org.testng.SuiteRunner.run(SuiteRunner.java:276)
	at org.testng.SuiteRunnerWorker.runSuite(SuiteRunnerWorker.java:53)
	at org.testng.SuiteRunnerWorker.run(SuiteRunnerWorker.java:96)
	at org.testng.TestNG.runSuitesSequentially(TestNG.java:1212)
	at org.testng.TestNG.runSuitesSequentially(TestNG.java:1207)
	at org.testng.TestNG.runSuitesLocally(TestNG.java:1134)
	at org.testng.TestNG.runSuites(TestNG.java:1063)
	at org.testng.TestNG.run(TestNG.java:1031)
	at org.testng.remote.AbstractRemoteTestNG.run(AbstractRemoteTestNG.java:115)
	at org.testng.remote.RemoteTestNG.initAndRun(RemoteTestNG.java:251)
	at org.testng.remote.RemoteTestNG.main(RemoteTestNG.java:77)
</pre></div></td>
<td>0</td>
<td>com.amt.test.LOU.LOU_used_car_ownbook_business_purchase_funder_accept_with_changes_Test@eadd4fb</td></tr>
<tr>
<td title='com.amt.test.LOU.LOU_used_car_ownbook_business_purchase_funder_accept_with_changes_Test.UW8_verify_ownbook_opportunity_underwriting_accept_with_changes_cancel_flow_verification()'><b>UW8_verify_ownbook_opportunity_underwriting_accept_with_changes_cancel_flow_verification</b><br>Test class: com.amt.test.LOU.LOU_used_car_ownbook_business_purchase_funder_accept_with_changes_Test</td>
<td><div><pre>java.lang.Throwable: Method LOU_used_car_ownbook_business_purchase_funder_accept_with_changes_Test.UW8_verify_ownbook_opportunity_underwriting_accept_with_changes_cancel_flow_verification()[pri:17, instance:com.amt.test.LOU.LOU_used_car_ownbook_business_purchase_funder_accept_with_changes_Test@eadd4fb] depends on not successfully finished methods
	at java.base/java.util.ArrayList.forEach(ArrayList.java:1511)
... Removed 19 stack frames</pre></div><a href='#' onClick='toggleBox("stack-trace1081063602", this, "Click to show all stack frames", "Click to hide stack frames")'>Click to show all stack frames</a>
<div class='stack-trace' id='stack-trace1081063602'><pre>java.lang.Throwable: Method LOU_used_car_ownbook_business_purchase_funder_accept_with_changes_Test.UW8_verify_ownbook_opportunity_underwriting_accept_with_changes_cancel_flow_verification()[pri:17, instance:com.amt.test.LOU.LOU_used_car_ownbook_business_purchase_funder_accept_with_changes_Test@eadd4fb] depends on not successfully finished methods
	at org.testng.internal.TestInvoker.invokeTestMethods(TestInvoker.java:102)
	at org.testng.internal.TestMethodWorker.invokeTestMethods(TestMethodWorker.java:146)
	at org.testng.internal.TestMethodWorker.run(TestMethodWorker.java:128)
	at java.base/java.util.ArrayList.forEach(ArrayList.java:1511)
	at org.testng.TestRunner.privateRun(TestRunner.java:794)
	at org.testng.TestRunner.run(TestRunner.java:596)
	at org.testng.SuiteRunner.runTest(SuiteRunner.java:377)
	at org.testng.SuiteRunner.runSequentially(SuiteRunner.java:371)
	at org.testng.SuiteRunner.privateRun(SuiteRunner.java:332)
	at org.testng.SuiteRunner.run(SuiteRunner.java:276)
	at org.testng.SuiteRunnerWorker.runSuite(SuiteRunnerWorker.java:53)
	at org.testng.SuiteRunnerWorker.run(SuiteRunnerWorker.java:96)
	at org.testng.TestNG.runSuitesSequentially(TestNG.java:1212)
	at org.testng.TestNG.runSuitesSequentially(TestNG.java:1207)
	at org.testng.TestNG.runSuitesLocally(TestNG.java:1134)
	at org.testng.TestNG.runSuites(TestNG.java:1063)
	at org.testng.TestNG.run(TestNG.java:1031)
	at org.testng.remote.AbstractRemoteTestNG.run(AbstractRemoteTestNG.java:115)
	at org.testng.remote.RemoteTestNG.initAndRun(RemoteTestNG.java:251)
	at org.testng.remote.RemoteTestNG.main(RemoteTestNG.java:77)
</pre></div></td>
<td>0</td>
<td>com.amt.test.LOU.LOU_used_car_ownbook_business_purchase_funder_accept_with_changes_Test@eadd4fb</td></tr>
<tr>
<td title='com.amt.test.LOU.LOU_used_car_ownbook_business_purchase_funder_accept_with_changes_Test.OP1_ownbook_after_Underwriting_accepted_mothlty_payment_price()'><b>OP1_ownbook_after_Underwriting_accepted_mothlty_payment_price</b><br>Test class: com.amt.test.LOU.LOU_used_car_ownbook_business_purchase_funder_accept_with_changes_Test</td>
<td><div><pre>java.lang.Throwable: Method LOU_used_car_ownbook_business_purchase_funder_accept_with_changes_Test.OP1_ownbook_after_Underwriting_accepted_mothlty_payment_price()[pri:19, instance:com.amt.test.LOU.LOU_used_car_ownbook_business_purchase_funder_accept_with_changes_Test@eadd4fb] depends on not successfully finished methods
	at java.base/java.util.ArrayList.forEach(ArrayList.java:1511)
... Removed 19 stack frames</pre></div><a href='#' onClick='toggleBox("stack-trace1963273610", this, "Click to show all stack frames", "Click to hide stack frames")'>Click to show all stack frames</a>
<div class='stack-trace' id='stack-trace1963273610'><pre>java.lang.Throwable: Method LOU_used_car_ownbook_business_purchase_funder_accept_with_changes_Test.OP1_ownbook_after_Underwriting_accepted_mothlty_payment_price()[pri:19, instance:com.amt.test.LOU.LOU_used_car_ownbook_business_purchase_funder_accept_with_changes_Test@eadd4fb] depends on not successfully finished methods
	at org.testng.internal.TestInvoker.invokeTestMethods(TestInvoker.java:102)
	at org.testng.internal.TestMethodWorker.invokeTestMethods(TestMethodWorker.java:146)
	at org.testng.internal.TestMethodWorker.run(TestMethodWorker.java:128)
	at java.base/java.util.ArrayList.forEach(ArrayList.java:1511)
	at org.testng.TestRunner.privateRun(TestRunner.java:794)
	at org.testng.TestRunner.run(TestRunner.java:596)
	at org.testng.SuiteRunner.runTest(SuiteRunner.java:377)
	at org.testng.SuiteRunner.runSequentially(SuiteRunner.java:371)
	at org.testng.SuiteRunner.privateRun(SuiteRunner.java:332)
	at org.testng.SuiteRunner.run(SuiteRunner.java:276)
	at org.testng.SuiteRunnerWorker.runSuite(SuiteRunnerWorker.java:53)
	at org.testng.SuiteRunnerWorker.run(SuiteRunnerWorker.java:96)
	at org.testng.TestNG.runSuitesSequentially(TestNG.java:1212)
	at org.testng.TestNG.runSuitesSequentially(TestNG.java:1207)
	at org.testng.TestNG.runSuitesLocally(TestNG.java:1134)
	at org.testng.TestNG.runSuites(TestNG.java:1063)
	at org.testng.TestNG.run(TestNG.java:1031)
	at org.testng.remote.AbstractRemoteTestNG.run(AbstractRemoteTestNG.java:115)
	at org.testng.remote.RemoteTestNG.initAndRun(RemoteTestNG.java:251)
	at org.testng.remote.RemoteTestNG.main(RemoteTestNG.java:77)
</pre></div></td>
<td>0</td>
<td>com.amt.test.LOU.LOU_used_car_ownbook_business_purchase_funder_accept_with_changes_Test@eadd4fb</td></tr>
</table><p>
</body>
</html>