<html>
<head>
<title>TestNG:  Used Car Ownbook Individual hire</title>
<link href="../testng.css" rel="stylesheet" type="text/css" />
<link href="../my-testng.css" rel="stylesheet" type="text/css" />

<style type="text/css">
.log { display: none;} 
.stack-trace { display: none;} 
</style>
<script type="text/javascript">
<!--
function flip(e) {
  current = e.style.display;
  if (current == 'block') {
    e.style.display = 'none';
    return 0;
  }
  else {
    e.style.display = 'block';
    return 1;
  }
}

function toggleBox(szDivId, elem, msg1, msg2)
{
  var res = -1;  if (document.getElementById) {
    res = flip(document.getElementById(szDivId));
  }
  else if (document.all) {
    // this is the way old msie versions work
    res = flip(document.all[szDivId]);
  }
  if(elem) {
    if(res == 0) elem.innerHTML = msg1; else elem.innerHTML = msg2;
  }

}

function toggleAllBoxes() {
  if (document.getElementsByTagName) {
    d = document.getElementsByTagName('div');
    for (i = 0; i < d.length; i++) {
      if (d[i].className == 'log') {
        flip(d[i]);
      }
    }
  }
}

// -->
</script>

</head>
<body>
<h2 align='center'>Used Car Ownbook Individual hire</h2><table border='1' align="center">
<tr>
<td>Tests passed/Failed/Skipped:</td><td>13/1/11</td>
</tr><tr>
<td>Started on:</td><td>Mon Jan 29 23:27:07 IST 2024</td>
</tr>
<tr><td>Total time:</td><td>726 seconds (726587 ms)</td>
</tr><tr>
<td>Included groups:</td><td></td>
</tr><tr>
<td>Excluded groups:</td><td></td>
</tr>
</table><p/>
<small><i>(Hover the method name to see the test class name)</i></small><p/>
<table width='100%' border='1' class='invocation-failed'>
<tr><td colspan='4' align='center'><b>FAILED TESTS</b></td></tr>
<tr><td><b>Test method</b></td>
<td width="30%"><b>Exception</b></td>
<td width="10%"><b>Time (seconds)</b></td>
<td><b>Instance</b></td>
</tr>
<tr>
<td title='com.amt.test.LOU.LOU_used_car_ownbook_individual_hire_accept_with_changes_Test.UW1_verify_status_after_contract_signed()'><b>UW1_verify_status_after_contract_signed</b><br>Test class: com.amt.test.LOU.LOU_used_car_ownbook_individual_hire_accept_with_changes_Test<br/>
<a href="#Output-1504501446" onClick='toggleBox("Output-1504501446", this, "Show output", "Hide output");'>Show output</a>

<a href="#Output-1504501446" onClick="toggleAllBoxes();">Show all outputs</a>
<div class='log' id="Output-1504501446">
<b>Current Status of Proposal value is = Proposal Received</b> <br /><br/>
<b>Current Status of Channel value is =  Draft</b> <br /><br/>
<b>Current Status of  Quote ref is = Draft</b> <br /><br/>
<br>----------Screenshot---------<br><br/>
<img src="D:\LOU\AMT_LOU\target\surefire-reports\html\failure_screenshots\UW1_verify_status_after_contract_signed_29_01_2024_11_39_13.png" height="800" width="1000"><br/>
</div>
</td>
<td><div><pre>java.lang.AssertionError: expected [true] but found [false]
	at com.amt.test.LOU.LOU_used_car_ownbook_individual_hire_accept_with_changes_Test.UW1_verify_status_after_contract_signed(LOU_used_car_ownbook_individual_hire_accept_with_changes_Test.java:234)
	at java.base/java.util.ArrayList.forEach(ArrayList.java:1511)
... Removed 30 stack frames</pre></div><a href='#' onClick='toggleBox("stack-trace1504501446", this, "Click to show all stack frames", "Click to hide stack frames")'>Click to show all stack frames</a>
<div class='stack-trace' id='stack-trace1504501446'><pre>java.lang.AssertionError: expected [true] but found [false]
	at org.testng.Assert.fail(Assert.java:99)
	at org.testng.Assert.failNotEquals(Assert.java:1037)
	at org.testng.Assert.assertTrue(Assert.java:45)
	at org.testng.Assert.assertTrue(Assert.java:55)
	at com.amt.test.LOU.LOU_used_car_ownbook_individual_hire_accept_with_changes_Test.UW1_verify_status_after_contract_signed(LOU_used_car_ownbook_individual_hire_accept_with_changes_Test.java:234)
	at java.base/jdk.internal.reflect.DirectMethodHandleAccessor.invoke(DirectMethodHandleAccessor.java:104)
	at java.base/java.lang.reflect.Method.invoke(Method.java:578)
	at org.testng.internal.MethodInvocationHelper.invokeMethod(MethodInvocationHelper.java:133)
	at org.testng.internal.TestInvoker.invokeMethod(TestInvoker.java:598)
	at org.testng.internal.TestInvoker.invokeTestMethod(TestInvoker.java:173)
	at org.testng.internal.MethodRunner.runInSequence(MethodRunner.java:46)
	at org.testng.internal.TestInvoker$MethodInvocationAgent.invoke(TestInvoker.java:824)
	at org.testng.internal.TestInvoker.invokeTestMethods(TestInvoker.java:146)
	at org.testng.internal.TestMethodWorker.invokeTestMethods(TestMethodWorker.java:146)
	at org.testng.internal.TestMethodWorker.run(TestMethodWorker.java:128)
	at java.base/java.util.ArrayList.forEach(ArrayList.java:1511)
	at org.testng.TestRunner.privateRun(TestRunner.java:794)
	at org.testng.TestRunner.run(TestRunner.java:596)
	at org.testng.SuiteRunner.runTest(SuiteRunner.java:377)
	at org.testng.SuiteRunner.runSequentially(SuiteRunner.java:371)
	at org.testng.SuiteRunner.privateRun(SuiteRunner.java:332)
	at org.testng.SuiteRunner.run(SuiteRunner.java:276)
	at org.testng.SuiteRunnerWorker.runSuite(SuiteRunnerWorker.java:53)
	at org.testng.SuiteRunnerWorker.run(SuiteRunnerWorker.java:96)
	at org.testng.TestNG.runSuitesSequentially(TestNG.java:1212)
	at org.testng.TestNG.runSuitesSequentially(TestNG.java:1207)
	at org.testng.TestNG.runSuitesLocally(TestNG.java:1134)
	at org.testng.TestNG.runSuites(TestNG.java:1063)
	at org.testng.TestNG.run(TestNG.java:1031)
	at org.testng.remote.AbstractRemoteTestNG.run(AbstractRemoteTestNG.java:115)
	at org.testng.remote.RemoteTestNG.initAndRun(RemoteTestNG.java:251)
	at org.testng.remote.RemoteTestNG.main(RemoteTestNG.java:77)
</pre></div></td>
<td>10</td>
<td>com.amt.test.LOU.LOU_used_car_ownbook_individual_hire_accept_with_changes_Test@2f953efd</td></tr>
</table><p>
<table width='100%' border='1' class='invocation-passed'>
<tr><td colspan='4' align='center'><b>PASSED TESTS</b></td></tr>
<tr><td><b>Test method</b></td>
<td width="30%"><b>Exception</b></td>
<td width="10%"><b>Time (seconds)</b></td>
<td><b>Instance</b></td>
</tr>
<tr>
<td title='com.amt.test.LOU.LOU_used_car_ownbook_individual_hire_accept_with_changes_Test.L3_verify_table_values_on_opportunity_page_before_sending_proposal()'><b>L3_verify_table_values_on_opportunity_page_before_sending_proposal</b><br>Test class: com.amt.test.LOU.LOU_used_car_ownbook_individual_hire_accept_with_changes_Test<br/>
<a href="#Output-655853429" onClick='toggleBox("Output-655853429", this, "Show output", "Hide output");'>Show output</a>

<a href="#Output-655853429" onClick="toggleAllBoxes();">Show all outputs</a>
<div class='log' id="Output-655853429">
<b></b> <br /><br/>
<b>Started Verifying Table values</b> <br /><br/>
<b></b> <br /><br/>
<b>OOA37980 = OOA37980</b> <br /><br/>
<b>Quote no. compared and found ok</b> <br /><br/>
<b></b> <br /><br/>
<b>MERCEDES-BENZ A CLASS AMG HATCHBACK (2019 - Current) A35 4Matic Premium 5dr Auto = MERCEDES-BENZ A CLASS AMG HATCHBACK (2019 - Current) A35 4Matic Premium 5dr Auto</b> <br /><br/>
<b>Vehicle name compared and found ok</b> <br /><br/>
<b></b> <br /><br/>
<b>Personal Contract Hire = Personal Contract Hire</b> <br /><br/>
<b>Contract type compared and found ok</b> <br /><br/>
<b></b> <br /><br/>
<b>708.35 = 708.35</b> <br /><br/>
<b>Monthly finance rental compared and found ok</b> <br /><br/>
<b></b> <br /><br/>
<b>10000.0 = 10000.0</b> <br /><br/>
<b>Mileage compared and found ok</b> <br /><br/>
<b></b> <br /><br/>
<b>36.0 = 36.0</b> <br /><br/>
<b>Terms compared and found ok</b> <br /><br/>
<b></b> <br /><br/>
<b>28/02/2024 = 28/02/2024</b> <br /><br/>
<b>Expiry date compared and found ok</b> <br /><br/>
<b></b> <br /><br/>
<b>Table values verified Successfully</b> <br /><br/>
</div>
</td>
<td></td>
<td>4</td>
<td>com.amt.test.LOU.LOU_used_car_ownbook_individual_hire_accept_with_changes_Test@2f953efd</td></tr>
<tr>
<td title='com.amt.test.LOU.LOU_used_car_ownbook_individual_hire_accept_with_changes_Test.L1_create_lead_convert_to_lead_for_ownbook_individual_flow()'><b>L1_create_lead_convert_to_lead_for_ownbook_individual_flow</b><br>Test class: com.amt.test.LOU.LOU_used_car_ownbook_individual_hire_accept_with_changes_Test<br/>
<a href="#Output-1631246495" onClick='toggleBox("Output-1631246495", this, "Show output", "Hide output");'>Show output</a>

<a href="#Output-1631246495" onClick="toggleAllBoxes();">Show all outputs</a>
<div class='log' id="Output-1631246495">
<b>Clicked on Leads on Side Menu</b> <br /><br/>
<b>Clicked on add lead</b> <br /><br/>
<b>Lead is assigned</b> <br /><br/>
<b>Added data in General Notes</b> <br /><br/>
<b>Customer type - Individual selected</b> <br /><br/>
<b>Clicked on Add new vehicle request</b> <br /><br/>
<b>Clicked on ownbook channel</b> <br /><br/>
<b>Vehicle request for broker has been saved</b> <br /><br/>
<b>Click on Map New Quote icon</b> <br /><br/>
<b>Click on acquisition contract type icon</b> <br /><br/>
<b>Click on customer contract type icon</b> <br /><br/>
<b>Click on search button</b> <br /><br/>
<b>Click on created date button 1st </b> <br /><br/>
<b>Click on created date button 2nd</b> <br /><br/>
<b>New Quote has been mapped with lead</b> <br /><br/>
<b>click ok button on Map  new quote </b> <br /><br/>
<b></b> <br /><br/>
<b>Started Verifying Table values</b> <br /><br/>
<b></b> <br /><br/>
<b>OOA37980 = OOA37980</b> <br /><br/>
<b>Quote no. compared and found ok</b> <br /><br/>
<b></b> <br /><br/>
<b>MERCEDES-BENZ A CLASS AMG HATCHBACK (2019 - Current) A35 4Matic Premium 5dr Auto = MERCEDES-BENZ A CLASS AMG HATCHBACK (2019 - Current) A35 4Matic Premium 5dr Auto</b> <br /><br/>
<b>Vehicle name compared and found ok</b> <br /><br/>
<b></b> <br /><br/>
<b>Personal Contract Hire = Personal Contract Hire</b> <br /><br/>
<b>Contract type compared and found ok</b> <br /><br/>
<b></b> <br /><br/>
<b>708.35 = 708.35</b> <br /><br/>
<b>Monthly finance rental compared and found ok</b> <br /><br/>
<b></b> <br /><br/>
<b>10000.0 = 10000.0</b> <br /><br/>
<b>Mileage compared and found ok</b> <br /><br/>
<b></b> <br /><br/>
<b>36.0 = 36.0</b> <br /><br/>
<b>Terms compared and found ok</b> <br /><br/>
<b></b> <br /><br/>
<b>28/02/2024 = 28/02/2024</b> <br /><br/>
<b>Expiry date compared and found ok</b> <br /><br/>
<b>Click on Lead save and Convert button</b> <br /><br/>
<b></b> <br /><br/>
<b>Started Verifying Table values</b> <br /><br/>
<b></b> <br /><br/>
<b>OOA37980 = OOA37980</b> <br /><br/>
<b>Quote no. compared and found ok</b> <br /><br/>
<b></b> <br /><br/>
<b>MERCEDES-BENZ A CLASS AMG HATCHBACK (2019 - Current) A35 4Matic Premium 5dr Auto = MERCEDES-BENZ A CLASS AMG HATCHBACK (2019 - Current) A35 4Matic Premium 5dr Auto</b> <br /><br/>
<b>Vehicle name compared and found ok</b> <br /><br/>
<b></b> <br /><br/>
<b>Personal Contract Hire = Personal Contract Hire</b> <br /><br/>
<b>Contract type compared and found ok</b> <br /><br/>
<b></b> <br /><br/>
<b>708.35 = 708.35</b> <br /><br/>
<b>Monthly finance rental compared and found ok</b> <br /><br/>
<b></b> <br /><br/>
<b>10000.0 = 10000.0</b> <br /><br/>
<b>Mileage compared and found ok</b> <br /><br/>
<b></b> <br /><br/>
<b>36.0 = 36.0</b> <br /><br/>
<b>Terms compared and found ok</b> <br /><br/>
<b></b> <br /><br/>
<b>28/02/2024 = 28/02/2024</b> <br /><br/>
<b>Expiry date compared and found ok</b> <br /><br/>
<b></b> <br /><br/>
<b>In Lead created Opportunity Id is =KM-2744</b> <br /><br/>
<b></b> <br /><br/>
</div>
</td>
<td></td>
<td>165</td>
<td>com.amt.test.LOU.LOU_used_car_ownbook_individual_hire_accept_with_changes_Test@2f953efd</td></tr>
<tr>
<td title='com.amt.test.LOU.LOU_used_car_ownbook_individual_hire_accept_with_changes_Test.L6_ownbook_sending_contract()'><b>L6_ownbook_sending_contract</b><br>Test class: com.amt.test.LOU.LOU_used_car_ownbook_individual_hire_accept_with_changes_Test<br/>
<a href="#Output-1590478698" onClick='toggleBox("Output-1590478698", this, "Show output", "Hide output");'>Show output</a>

<a href="#Output-1590478698" onClick="toggleAllBoxes();">Show all outputs</a>
<div class='log' id="Output-1590478698">
<b>click on Send_Contract icon</b> <br /><br/>
<b>Contract Sent Successfully</b> <br /><br/>
</div>
</td>
<td></td>
<td>19</td>
<td>com.amt.test.LOU.LOU_used_car_ownbook_individual_hire_accept_with_changes_Test@2f953efd</td></tr>
<tr>
<td title='com.amt.test.HPNR.Acquisition_Quotes_HPNR_PCH_used_car_without_maintenance_Test.aquisition_quotes_HPNR_PCH_used_car_edit_cost_price_and_check_OTR_without_maintenance_test()'><b>aquisition_quotes_HPNR_PCH_used_car_edit_cost_price_and_check_OTR_without_maintenance_test</b><br>Test class: com.amt.test.HPNR.Acquisition_Quotes_HPNR_PCH_used_car_without_maintenance_Test<br>Parameters: GY19XAG, 15000, 60000, 1000, 30, 20000, 10000, 6000, 2000, 1000, 239.99, 500, 200, 200, 35, 35000, YES, 0.2, 200, NO, 0, Formula1-PCH_Used_car</td>
<td></td>
<td>0</td>
<td>com.amt.test.HPNR.Acquisition_Quotes_HPNR_PCH_used_car_without_maintenance_Test@51891008</td></tr>
<tr>
<td title='com.amt.test.HPNR.Acquisition_Quotes_HPNR_PCH_used_car_without_maintenance_Test.aquisition_quotes_HPNR_PCH_customer_quote_payment_profile_calculations_without_maintenance_test()'><b>aquisition_quotes_HPNR_PCH_customer_quote_payment_profile_calculations_without_maintenance_test</b><br>Test class: com.amt.test.HPNR.Acquisition_Quotes_HPNR_PCH_used_car_without_maintenance_Test<br>Parameters: GY19XAG, 15000, 60000, 1000, 30, 20000, 10000, 6000, 2000, 1000, 239.99, 500, 200, 200, 35, 35000, YES, 0.2, 200, NO, 0, Formula1-PCH_Used_car<br/>
<a href="#Output-1528041341" onClick='toggleBox("Output-1528041341", this, "Show output", "Hide output");'>Show output</a>

<a href="#Output-1528041341" onClick="toggleAllBoxes();">Show all outputs</a>
<div class='log' id="Output-1528041341">
<b>Writing configuration values from property file to Excel for customer quote calculation -started</b> <br /><br/>
<b>Writing configuration values from property file to Excel for customer quote calculation -completed</b> <br /><br/>
<b>************Calculations for Customer Quote Page has been started***********</b> <br /><br/>
<b>Payment Profile Monthly in Advance option has been selected</b> <br /><br/>
<b>Writing values to Excel for customer quote calculation -started</b> <br /><br/>
<b>Writing values to Excel for customer quote calculation -completed</b> <br /><br/>
<b>Reading  Monthly Finance Rental from  Excel   -started</b> <br /><br/>
<b>Reading  Monthly Finance Rental from  Excel   -completed</b> <br /><br/>
<b>Monthly Finance Rental from Excel is =419.93189049720553</b> <br /><br/>
<b>Monthly Finance Rental from screen is 419.93</b> <br /><br/>
<b>Monthly Finance Rental from screen (after submitting upsell values) is 434.85</b> <br /><br/>
<b>Writing upsell values to excel</b> <br /><br/>
<b>Monthly Finance Rental from Excel (after submitting upsell values) is 434.8512875061583</b> <br /><br/>
<b>Monthly finance (after submitting upsell values) is found OK</b> <br /><br/>
<b>Clicked on Part Exchange panel</b> <br /><br/>
<b>Monthly Finance Rental from screen (with part exchange values) is 434.85</b> <br /><br/>
<b>Writing part exchange values to excel</b> <br /><br/>
<b>Monthly Finance Rental from Excel (with part exchange values) is 434.8512875061583</b> <br /><br/>
<b>Monthly finance rental (with part exchange values) is found OK</b> <br /><br/>
<b></b> <br /><br/>
<b>Balance Due value started verifying</b> <br /><br/>
<b>Balance due value Actual from screen is -2760.01</b> <br /><br/>
<b></b> <br /><br/>
<b>Balance due value Expected from Excel is -2760.01</b> <br /><br/>
<b></b> <br /><br/>
<b>Balance due value (with part exchange values) is verified and found ok</b> <br /><br/>
<b>Monthly Finance Rental from screen (after updating customer quote summary upsell value) is 442.31</b> <br /><br/>
<b>Writing upsell values to excel</b> <br /><br/>
<b>Monthly Finance Rental from Excel (after updating customer quote summary upsell value) is 442.31098601063053</b> <br /><br/>
<b>Monthly finance rental (after updating customer quote summary upsell value) is found OK</b> <br /><br/>
</div>
</td>
<td></td>
<td>79</td>
<td>com.amt.test.HPNR.Acquisition_Quotes_HPNR_PCH_used_car_without_maintenance_Test@51891008</td></tr>
<tr>
<td title='com.amt.test.LOU.LOU_used_car_ownbook_individual_hire_accept_with_changes_Test.L5_ownbook_create_opportunity_individual_current_status_after_sending_to_proposal()'><b>L5_ownbook_create_opportunity_individual_current_status_after_sending_to_proposal</b><br>Test class: com.amt.test.LOU.LOU_used_car_ownbook_individual_hire_accept_with_changes_Test<br/>
<a href="#Output-1771187775" onClick='toggleBox("Output-1771187775", this, "Show output", "Hide output");'>Show output</a>

<a href="#Output-1771187775" onClick="toggleAllBoxes();">Show all outputs</a>
<div class='log' id="Output-1771187775">
<b>Current Status of Opportunity Status value is = Open</b> <br /><br/>
<b>Current Status of Proposal value is = Proposal Received</b> <br /><br/>
<b>Current Status of Channel value is =  Draft</b> <br /><br/>
<b>Current Status of  Quote ref is = Draft</b> <br /><br/>
<b>Status Verified : After sending the proposal</b> <br /><br/>
</div>
</td>
<td></td>
<td>0</td>
<td>com.amt.test.LOU.LOU_used_car_ownbook_individual_hire_accept_with_changes_Test@2f953efd</td></tr>
<tr>
<td title='com.amt.test.LOU.LOU_used_car_ownbook_individual_hire_accept_with_changes_Test.L4_verify_current_status_on_opportunity_page_before_sending_to_proposal_for_ownbook_individual_flow()'><b>L4_verify_current_status_on_opportunity_page_before_sending_to_proposal_for_ownbook_individual_flow</b><br>Test class: com.amt.test.LOU.LOU_used_car_ownbook_individual_hire_accept_with_changes_Test<br/>
<a href="#Output-351972309" onClick='toggleBox("Output-351972309", this, "Show output", "Hide output");'>Show output</a>

<a href="#Output-351972309" onClick="toggleAllBoxes();">Show all outputs</a>
<div class='log' id="Output-351972309">
<b>click on Proposal icon</b> <br /><br/>
<b>Send proposal to customer pop up  will open</b> <br /><br/>
<b>Click on Manual fill radio button - Yes</b> <br /><br/>
<b>Click on manually submit behalf of customer link</b> <br /><br/>
<b></b> <br /><br/>
<b>Proposal Received Successfully</b> <br /><br/>
</div>
</td>
<td></td>
<td>95</td>
<td>com.amt.test.LOU.LOU_used_car_ownbook_individual_hire_accept_with_changes_Test@2f953efd</td></tr>
<tr>
<td title='com.amt.test.LOU.LOU_used_car_ownbook_individual_hire_accept_with_changes_Test.L7_verify_current_status_on_opportunity_page_after_sending_contract_for_ownbook_individual_flow()'><b>L7_verify_current_status_on_opportunity_page_after_sending_contract_for_ownbook_individual_flow</b><br>Test class: com.amt.test.LOU.LOU_used_car_ownbook_individual_hire_accept_with_changes_Test<br/>
<a href="#Output-1775432130" onClick='toggleBox("Output-1775432130", this, "Show output", "Hide output");'>Show output</a>

<a href="#Output-1775432130" onClick="toggleAllBoxes();">Show all outputs</a>
<div class='log' id="Output-1775432130">
<b>Current Status of Proposal value is = Proposal Received</b> <br /><br/>
<b>Current Status of Channel value is =  Sent to customer</b> <br /><br/>
<b>Current Status of  Quote ref is = Sent to customer</b> <br /><br/>
<b>Status Verified : Sent to customer</b> <br /><br/>
</div>
</td>
<td></td>
<td>4</td>
<td>com.amt.test.LOU.LOU_used_car_ownbook_individual_hire_accept_with_changes_Test@2f953efd</td></tr>
<tr>
<td title='com.amt.test.HPNR.Acquisition_Quotes_HPNR_PCH_used_car_without_maintenance_Test.aquisition_quotes_HPNR_PCH_quote_summary_values_verification_without_maintenance_test()'><b>aquisition_quotes_HPNR_PCH_quote_summary_values_verification_without_maintenance_test</b><br>Test class: com.amt.test.HPNR.Acquisition_Quotes_HPNR_PCH_used_car_without_maintenance_Test<br>Parameters: GY19XAG, 15000, 60000, 1000, 30, 20000, 10000, 6000, 2000, 1000, 239.99, 500, 200, 200, 35, 35000, YES, 0.2, 200, NO, 0, Formula1-PCH_Used_car<br/>
<a href="#Output-973051788" onClick='toggleBox("Output-973051788", this, "Show output", "Hide output");'>Show output</a>

<a href="#Output-973051788" onClick="toggleAllBoxes();">Show all outputs</a>
<div class='log' id="Output-973051788">
<b>*********Customer Quote generated successfully and Quote_ref_no is=OOA37980</b> <br /><br/>
<b>*************OTR Calulation on quote summary page has been started************</b> <br /><br/>
<b>Reading values from OTR calculation -Quote Summary Page</b> <br /><br/>
<b></b> <br /><br/>
<b>Cost otr price from screen is 22050.0</b> <br /><br/>
<b>Cost price ex vat and rfl from screen is 18375.0</b> <br /><br/>
<b>Otr Vat from screen is 3675.0</b> <br /><br/>
<b></b> <br /><br/>
<b>Cost otr price from excel is 22050.0</b> <br /><br/>
<b>Cost price ex vat and rfl from excel is 18375.0</b> <br /><br/>
<b>Otr Vat from excel is 3675.0</b> <br /><br/>
<b>OTR price compared</b> <br /><br/>
<b>Cost price ex vat and rfl compared</b> <br /><br/>
<b>VAT compared</b> <br /><br/>
<b>*************Holding Cost Calulation on quote summary page has been started************</b> <br /><br/>
<b>Reading values from Holding Cost summary -Quote Summary Page</b> <br /><br/>
<b></b> <br /><br/>
<b>Holding cost Terms from screen36.0</b> <br /><br/>
<b>Holding cost miles per annum from screen is 10000.0</b> <br /><br/>
<b>Holding cost monthly finance cost from screen is 247.38</b> <br /><br/>
<b>Holding cost total monthly holding cost from screen is 247.38</b> <br /><br/>
<b></b> <br /><br/>
<b>Holding cost Terms from excel is 36.0</b> <br /><br/>
<b>Holding cost miles per annum from excel is 10000.0</b> <br /><br/>
<b>Holding cost monthly finance cost from excel is 247.37909402360353</b> <br /><br/>
<b>Holding cost total monthly holding cost from excel is 247.37909402360353</b> <br /><br/>
<b>terms compared</b> <br /><br/>
<b>Miles per annum compared</b> <br /><br/>
<b>Finance cost compared</b> <br /><br/>
<b>Total Monthly Holding Cost compared</b> <br /><br/>
<b>*************Customer Quote Calulation on quote summary page has been started************</b> <br /><br/>
<b>Terms found OK</b> <br /><br/>
<b>miles found OK</b> <br /><br/>
<b>Monthly Finance Rental found OK</b> <br /><br/>
<b>Initial Finance Rental found OK</b> <br /><br/>
<b>Followed By months - found OK</b> <br /><br/>
<b>Pence per excess mile finance - found OK</b> <br /><br/>
<b>Document Fee - found OK</b> <br /><br/>
<b>Upsell - found OK</b> <br /><br/>
<b>Default Finance Commission - found OK</b> <br /><br/>
<b>Upsell Commission - found OK</b> <br /><br/>
<b>Document Fee Commission - found OK</b> <br /><br/>
<b>Total Commission - found wrong</b> <br /><br/>
<b>Referrer Commission - found OK</b> <br /><br/>
<b>*************Configuration Values Verification on quote summary page has been started************</b> <br /><br/>
<b>Base Interest Rate found OK</b> <br /><br/>
<b>Finance Margin found OK</b> <br /><br/>
<b>Deductions found OK</b> <br /><br/>
<b>Additional Margin found OK</b> <br /><br/>
<b>Total Margin found OK</b> <br /><br/>
<b>Default Broker Margin percentage found OK</b> <br /><br/>
<b>Broker Upsell Margin percentage found OK</b> <br /><br/>
<b>Broker Upsell Margin  found OK</b> <br /><br/>
<b>Document Fee Margin  found OK</b> <br /><br/>
<b>Refferer Margin  found OK</b> <br /><br/>
<b>*************Editing and Verifying Configuration Values on quote summary page has been started************</b> <br /><br/>
<b>Base Interest Rate changed to 7.0 %</b> <br /><br/>
<b>Holding Cost after changing Base Int. Rate -  found OK</b> <br /><br/>
<b>Monthly Finance Rental after changing Base Int. Rate -  found OK</b> <br /><br/>
<b>Initial Finance Rental found OK</b> <br /><br/>
<b>*************Editing Finance Margin and Verifying Values on quote summary page has been started************</b> <br /><br/>
<b>Finance margin changed to 10000</b> <br /><br/>
<b>Monthly Finance Rental after changing finance margin -  found OK</b> <br /><br/>
<b>Initial Finance Rental found OK</b> <br /><br/>
<b>*************Calculations for Quote Summary page gas been started************</b> <br /><br/>
<b>Reading values from OTR calculation -Quote Summary Page</b> <br /><br/>
<b>Writing completed for some of the important required values to quote save excel sheet in the sheet HPNRPCHQuoteNo</b> <br /><br/>
</div>
</td>
<td></td>
<td>129</td>
<td>com.amt.test.HPNR.Acquisition_Quotes_HPNR_PCH_used_car_without_maintenance_Test@51891008</td></tr>
<tr>
<td title='com.amt.test.LOU.LOU_used_car_ownbook_individual_hire_accept_with_changes_Test.L2_ownbook_individual_current_status_before_sending_to_proposal()'><b>L2_ownbook_individual_current_status_before_sending_to_proposal</b><br>Test class: com.amt.test.LOU.LOU_used_car_ownbook_individual_hire_accept_with_changes_Test<br/>
<a href="#Output-1554478385" onClick='toggleBox("Output-1554478385", this, "Show output", "Hide output");'>Show output</a>

<a href="#Output-1554478385" onClick="toggleAllBoxes();">Show all outputs</a>
<div class='log' id="Output-1554478385">
<b>Clicked on Opportunity link from Menu </b> <br /><br/>
<b>listing_proposal_status is = Proposal Required</b> <br /><br/>
<b>Enter the Opportunity id in Search Text box</b> <br /><br/>
<b>Current Status of Opportunity Status value is = Open</b> <br /><br/>
<b>Current Status of Proposal value is = Proposal Required</b> <br /><br/>
<b>Current Status of Channel value is =  Draft</b> <br /><br/>
<b>Current Status of  Quote ref is = Draft</b> <br /><br/>
<b>Status Verified : Before sending the proposal</b> <br /><br/>
</div>
</td>
<td></td>
<td>20</td>
<td>com.amt.test.LOU.LOU_used_car_ownbook_individual_hire_accept_with_changes_Test@2f953efd</td></tr>
<tr>
<td title='com.amt.test.HPNR.Acquisition_Quotes_HPNR_PCH_used_car_without_maintenance_Test.aquisition_quotes_HPNR_PCH_used_car_holding_cost_calculations_without_maintenance_test()'><b>aquisition_quotes_HPNR_PCH_used_car_holding_cost_calculations_without_maintenance_test</b><br>Test class: com.amt.test.HPNR.Acquisition_Quotes_HPNR_PCH_used_car_without_maintenance_Test<br>Parameters: GY19XAG, 15000, 60000, 1000, 30, 20000, 10000, 6000, 2000, 1000, 239.99, 500, 200, 200, 35, 35000, YES, 0.2, 200, NO, 0, Formula1-PCH_Used_car<br/>
<a href="#Output-1597457345" onClick='toggleBox("Output-1597457345", this, "Show output", "Hide output");'>Show output</a>

<a href="#Output-1597457345" onClick="toggleAllBoxes();">Show all outputs</a>
<div class='log' id="Output-1597457345">
<b>***********Entered in holding cost page ***********</b> <br /><br/>
<b>Clicked on holding cost summary</b> <br /><br/>
<b></b> <br /><br/>
<b>Verifying Holding Cost Based on CAP data</b> <br /><br/>
<b>Getting on screen values from Holding Cost Page</b> <br /><br/>
<b>Duration(Terms) =36.0</b> <br /><br/>
<b>Annual_mileage =10000.0</b> <br /><br/>
<b>Cap_residual_value_from_screen =15100.0</b> <br /><br/>
<b>Writing Holding Cost Summary values to excel has been started</b> <br /><br/>
<b>Writing Holding Cost Summary values to excel has been completed</b> <br /><br/>
<b>Reading Monthly Holding Cost value from excel has been started</b> <br /><br/>
<b>Reading Monthly Holding Cost value from excel has been completed</b> <br /><br/>
<b>Total_monthly_holding_cost_from_screen =247.38</b> <br /><br/>
<b>Total_monthly_holding_cost_from_excel =247.37909402360353</b> <br /><br/>
<b>Total Monthly Holding Cost based on CAP data is Verified and Found OK</b> <br /><br/>
</div>
</td>
<td></td>
<td>20</td>
<td>com.amt.test.HPNR.Acquisition_Quotes_HPNR_PCH_used_car_without_maintenance_Test@51891008</td></tr>
<tr>
<td title='com.amt.test.HPNR.Acquisition_Quotes_HPNR_PCH_used_car_without_maintenance_Test.aquisition_quotes_HPNR_PCH_used_car_OTR_calculation_without_maintenance_test()'><b>aquisition_quotes_HPNR_PCH_used_car_OTR_calculation_without_maintenance_test</b><br>Test class: com.amt.test.HPNR.Acquisition_Quotes_HPNR_PCH_used_car_without_maintenance_Test<br>Parameters: GY19XAG, 15000, 60000, 1000, 30, 20000, 10000, 6000, 2000, 1000, 239.99, 500, 200, 200, 35, 35000, YES, 0.2, 200, NO, 0, Formula1-PCH_Used_car<br/>
<a href="#Output-979624159" onClick='toggleBox("Output-979624159", this, "Show output", "Hide output");'>Show output</a>

<a href="#Output-979624159" onClick="toggleAllBoxes();">Show all outputs</a>
<div class='log' id="Output-979624159">
<b>Clicked on Quote button </b> <br /><br/>
<b>Selecting used vehicle with registration no. = GY19XAG and mileage = 15000</b> <br /><br/>
<b>Vehicle selected</b> <br /><br/>
<b>Paint option has been selected</b> <br /><br/>
<b>Interior option has been selected</b> <br /><br/>
<b> Acquisition Contract type option = HPNR has been selected</b> <br /><br/>
<b> Customer Contract type option = Personal Contract Hire(PCH) has been selected</b> <br /><br/>
<b>Cost Price ex VAT and RFL from screen is 18375.0</b> <br /><br/>
<b>VAT from screen is 3675.0</b> <br /><br/>
<b>Cost Price ex VAT and RFL calculated is 18375.0</b> <br /><br/>
<b>Cost Price ex VAT and RFL verified and found OK</b> <br /><br/>
</div>
</td>
<td></td>
<td>59</td>
<td>com.amt.test.HPNR.Acquisition_Quotes_HPNR_PCH_used_car_without_maintenance_Test@51891008</td></tr>
<tr>
<td title='com.amt.test.LOU.LOU_used_car_ownbook_individual_hire_accept_with_changes_Test.L8_ownbook_signed_contract_status_with_api_call()'><b>L8_ownbook_signed_contract_status_with_api_call</b><br>Test class: com.amt.test.LOU.LOU_used_car_ownbook_individual_hire_accept_with_changes_Test<br/>
<a href="#Output-151172351" onClick='toggleBox("Output-151172351", this, "Show output", "Hide output");'>Show output</a>

<a href="#Output-151172351" onClick="toggleAllBoxes();">Show all outputs</a>
<div class='log' id="Output-151172351">
<b>Status code 200 received </b> <br /><br/>
<b>Enter the Opportunity id in Search Text box</b> <br /><br/>
</div>
</td>
<td></td>
<td>62</td>
<td>com.amt.test.LOU.LOU_used_car_ownbook_individual_hire_accept_with_changes_Test@2f953efd</td></tr>
</table><p>
<table width='100%' border='1' class='invocation-skipped'>
<tr><td colspan='4' align='center'><b>SKIPPED TESTS</b></td></tr>
<tr><td><b>Test method</b></td>
<td width="30%"><b>Exception</b></td>
<td width="10%"><b>Time (seconds)</b></td>
<td><b>Instance</b></td>
</tr>
<tr>
<td title='com.amt.test.LOU.LOU_used_car_ownbook_individual_hire_accept_with_changes_Test.UW2_verify_underwriting_pop_up_summary_values_for_ownbook_individual_flow()'><b>UW2_verify_underwriting_pop_up_summary_values_for_ownbook_individual_flow</b><br>Test class: com.amt.test.LOU.LOU_used_car_ownbook_individual_hire_accept_with_changes_Test</td>
<td><div><pre>java.lang.Throwable: Method LOU_used_car_ownbook_individual_hire_accept_with_changes_Test.UW2_verify_underwriting_pop_up_summary_values_for_ownbook_individual_flow()[pri:10, instance:com.amt.test.LOU.LOU_used_car_ownbook_individual_hire_accept_with_changes_Test@2f953efd] depends on not successfully finished methods
	at java.base/java.util.ArrayList.forEach(ArrayList.java:1511)
... Removed 19 stack frames</pre></div><a href='#' onClick='toggleBox("stack-trace1578939754", this, "Click to show all stack frames", "Click to hide stack frames")'>Click to show all stack frames</a>
<div class='stack-trace' id='stack-trace1578939754'><pre>java.lang.Throwable: Method LOU_used_car_ownbook_individual_hire_accept_with_changes_Test.UW2_verify_underwriting_pop_up_summary_values_for_ownbook_individual_flow()[pri:10, instance:com.amt.test.LOU.LOU_used_car_ownbook_individual_hire_accept_with_changes_Test@2f953efd] depends on not successfully finished methods
	at org.testng.internal.TestInvoker.invokeTestMethods(TestInvoker.java:102)
	at org.testng.internal.TestMethodWorker.invokeTestMethods(TestMethodWorker.java:146)
	at org.testng.internal.TestMethodWorker.run(TestMethodWorker.java:128)
	at java.base/java.util.ArrayList.forEach(ArrayList.java:1511)
	at org.testng.TestRunner.privateRun(TestRunner.java:794)
	at org.testng.TestRunner.run(TestRunner.java:596)
	at org.testng.SuiteRunner.runTest(SuiteRunner.java:377)
	at org.testng.SuiteRunner.runSequentially(SuiteRunner.java:371)
	at org.testng.SuiteRunner.privateRun(SuiteRunner.java:332)
	at org.testng.SuiteRunner.run(SuiteRunner.java:276)
	at org.testng.SuiteRunnerWorker.runSuite(SuiteRunnerWorker.java:53)
	at org.testng.SuiteRunnerWorker.run(SuiteRunnerWorker.java:96)
	at org.testng.TestNG.runSuitesSequentially(TestNG.java:1212)
	at org.testng.TestNG.runSuitesSequentially(TestNG.java:1207)
	at org.testng.TestNG.runSuitesLocally(TestNG.java:1134)
	at org.testng.TestNG.runSuites(TestNG.java:1063)
	at org.testng.TestNG.run(TestNG.java:1031)
	at org.testng.remote.AbstractRemoteTestNG.run(AbstractRemoteTestNG.java:115)
	at org.testng.remote.RemoteTestNG.initAndRun(RemoteTestNG.java:251)
	at org.testng.remote.RemoteTestNG.main(RemoteTestNG.java:77)
</pre></div></td>
<td>0</td>
<td>com.amt.test.LOU.LOU_used_car_ownbook_individual_hire_accept_with_changes_Test@2f953efd</td></tr>
<tr>
<td title='com.amt.test.LOU.LOU_used_car_ownbook_individual_hire_accept_with_changes_Test.UW3_verify_underwriting_lisitig_page()'><b>UW3_verify_underwriting_lisitig_page</b><br>Test class: com.amt.test.LOU.LOU_used_car_ownbook_individual_hire_accept_with_changes_Test</td>
<td><div><pre>java.lang.Throwable: Method LOU_used_car_ownbook_individual_hire_accept_with_changes_Test.UW3_verify_underwriting_lisitig_page()[pri:12, instance:com.amt.test.LOU.LOU_used_car_ownbook_individual_hire_accept_with_changes_Test@2f953efd] depends on not successfully finished methods
	at java.base/java.util.ArrayList.forEach(ArrayList.java:1511)
... Removed 19 stack frames</pre></div><a href='#' onClick='toggleBox("stack-trace2074260436", this, "Click to show all stack frames", "Click to hide stack frames")'>Click to show all stack frames</a>
<div class='stack-trace' id='stack-trace2074260436'><pre>java.lang.Throwable: Method LOU_used_car_ownbook_individual_hire_accept_with_changes_Test.UW3_verify_underwriting_lisitig_page()[pri:12, instance:com.amt.test.LOU.LOU_used_car_ownbook_individual_hire_accept_with_changes_Test@2f953efd] depends on not successfully finished methods
	at org.testng.internal.TestInvoker.invokeTestMethods(TestInvoker.java:102)
	at org.testng.internal.TestMethodWorker.invokeTestMethods(TestMethodWorker.java:146)
	at org.testng.internal.TestMethodWorker.run(TestMethodWorker.java:128)
	at java.base/java.util.ArrayList.forEach(ArrayList.java:1511)
	at org.testng.TestRunner.privateRun(TestRunner.java:794)
	at org.testng.TestRunner.run(TestRunner.java:596)
	at org.testng.SuiteRunner.runTest(SuiteRunner.java:377)
	at org.testng.SuiteRunner.runSequentially(SuiteRunner.java:371)
	at org.testng.SuiteRunner.privateRun(SuiteRunner.java:332)
	at org.testng.SuiteRunner.run(SuiteRunner.java:276)
	at org.testng.SuiteRunnerWorker.runSuite(SuiteRunnerWorker.java:53)
	at org.testng.SuiteRunnerWorker.run(SuiteRunnerWorker.java:96)
	at org.testng.TestNG.runSuitesSequentially(TestNG.java:1212)
	at org.testng.TestNG.runSuitesSequentially(TestNG.java:1207)
	at org.testng.TestNG.runSuitesLocally(TestNG.java:1134)
	at org.testng.TestNG.runSuites(TestNG.java:1063)
	at org.testng.TestNG.run(TestNG.java:1031)
	at org.testng.remote.AbstractRemoteTestNG.run(AbstractRemoteTestNG.java:115)
	at org.testng.remote.RemoteTestNG.initAndRun(RemoteTestNG.java:251)
	at org.testng.remote.RemoteTestNG.main(RemoteTestNG.java:77)
</pre></div></td>
<td>0</td>
<td>com.amt.test.LOU.LOU_used_car_ownbook_individual_hire_accept_with_changes_Test@2f953efd</td></tr>
<tr>
<td title='com.amt.test.LOU.LOU_used_car_ownbook_individual_hire_accept_with_changes_Test.UW5_ownbook_underwriting_decision_accept_with_changes()'><b>UW5_ownbook_underwriting_decision_accept_with_changes</b><br>Test class: com.amt.test.LOU.LOU_used_car_ownbook_individual_hire_accept_with_changes_Test</td>
<td><div><pre>java.lang.Throwable: Method LOU_used_car_ownbook_individual_hire_accept_with_changes_Test.UW5_ownbook_underwriting_decision_accept_with_changes()[pri:14, instance:com.amt.test.LOU.LOU_used_car_ownbook_individual_hire_accept_with_changes_Test@2f953efd] depends on not successfully finished methods
	at java.base/java.util.ArrayList.forEach(ArrayList.java:1511)
... Removed 19 stack frames</pre></div><a href='#' onClick='toggleBox("stack-trace817466174", this, "Click to show all stack frames", "Click to hide stack frames")'>Click to show all stack frames</a>
<div class='stack-trace' id='stack-trace817466174'><pre>java.lang.Throwable: Method LOU_used_car_ownbook_individual_hire_accept_with_changes_Test.UW5_ownbook_underwriting_decision_accept_with_changes()[pri:14, instance:com.amt.test.LOU.LOU_used_car_ownbook_individual_hire_accept_with_changes_Test@2f953efd] depends on not successfully finished methods
	at org.testng.internal.TestInvoker.invokeTestMethods(TestInvoker.java:102)
	at org.testng.internal.TestMethodWorker.invokeTestMethods(TestMethodWorker.java:146)
	at org.testng.internal.TestMethodWorker.run(TestMethodWorker.java:128)
	at java.base/java.util.ArrayList.forEach(ArrayList.java:1511)
	at org.testng.TestRunner.privateRun(TestRunner.java:794)
	at org.testng.TestRunner.run(TestRunner.java:596)
	at org.testng.SuiteRunner.runTest(SuiteRunner.java:377)
	at org.testng.SuiteRunner.runSequentially(SuiteRunner.java:371)
	at org.testng.SuiteRunner.privateRun(SuiteRunner.java:332)
	at org.testng.SuiteRunner.run(SuiteRunner.java:276)
	at org.testng.SuiteRunnerWorker.runSuite(SuiteRunnerWorker.java:53)
	at org.testng.SuiteRunnerWorker.run(SuiteRunnerWorker.java:96)
	at org.testng.TestNG.runSuitesSequentially(TestNG.java:1212)
	at org.testng.TestNG.runSuitesSequentially(TestNG.java:1207)
	at org.testng.TestNG.runSuitesLocally(TestNG.java:1134)
	at org.testng.TestNG.runSuites(TestNG.java:1063)
	at org.testng.TestNG.run(TestNG.java:1031)
	at org.testng.remote.AbstractRemoteTestNG.run(AbstractRemoteTestNG.java:115)
	at org.testng.remote.RemoteTestNG.initAndRun(RemoteTestNG.java:251)
	at org.testng.remote.RemoteTestNG.main(RemoteTestNG.java:77)
</pre></div></td>
<td>0</td>
<td>com.amt.test.LOU.LOU_used_car_ownbook_individual_hire_accept_with_changes_Test@2f953efd</td></tr>
<tr>
<td title='com.amt.test.LOU.LOU_used_car_ownbook_individual_hire_accept_with_changes_Test.UW9_verify_ownbook_opportunity_underwriting_accept_with_changes_underwriting_pop_up()'><b>UW9_verify_ownbook_opportunity_underwriting_accept_with_changes_underwriting_pop_up</b><br>Test class: com.amt.test.LOU.LOU_used_car_ownbook_individual_hire_accept_with_changes_Test</td>
<td><div><pre>java.lang.Throwable: Method LOU_used_car_ownbook_individual_hire_accept_with_changes_Test.UW9_verify_ownbook_opportunity_underwriting_accept_with_changes_underwriting_pop_up()[pri:18, instance:com.amt.test.LOU.LOU_used_car_ownbook_individual_hire_accept_with_changes_Test@2f953efd] depends on not successfully finished methods
	at java.base/java.util.ArrayList.forEach(ArrayList.java:1511)
... Removed 19 stack frames</pre></div><a href='#' onClick='toggleBox("stack-trace2014363655", this, "Click to show all stack frames", "Click to hide stack frames")'>Click to show all stack frames</a>
<div class='stack-trace' id='stack-trace2014363655'><pre>java.lang.Throwable: Method LOU_used_car_ownbook_individual_hire_accept_with_changes_Test.UW9_verify_ownbook_opportunity_underwriting_accept_with_changes_underwriting_pop_up()[pri:18, instance:com.amt.test.LOU.LOU_used_car_ownbook_individual_hire_accept_with_changes_Test@2f953efd] depends on not successfully finished methods
	at org.testng.internal.TestInvoker.invokeTestMethods(TestInvoker.java:102)
	at org.testng.internal.TestMethodWorker.invokeTestMethods(TestMethodWorker.java:146)
	at org.testng.internal.TestMethodWorker.run(TestMethodWorker.java:128)
	at java.base/java.util.ArrayList.forEach(ArrayList.java:1511)
	at org.testng.TestRunner.privateRun(TestRunner.java:794)
	at org.testng.TestRunner.run(TestRunner.java:596)
	at org.testng.SuiteRunner.runTest(SuiteRunner.java:377)
	at org.testng.SuiteRunner.runSequentially(SuiteRunner.java:371)
	at org.testng.SuiteRunner.privateRun(SuiteRunner.java:332)
	at org.testng.SuiteRunner.run(SuiteRunner.java:276)
	at org.testng.SuiteRunnerWorker.runSuite(SuiteRunnerWorker.java:53)
	at org.testng.SuiteRunnerWorker.run(SuiteRunnerWorker.java:96)
	at org.testng.TestNG.runSuitesSequentially(TestNG.java:1212)
	at org.testng.TestNG.runSuitesSequentially(TestNG.java:1207)
	at org.testng.TestNG.runSuitesLocally(TestNG.java:1134)
	at org.testng.TestNG.runSuites(TestNG.java:1063)
	at org.testng.TestNG.run(TestNG.java:1031)
	at org.testng.remote.AbstractRemoteTestNG.run(AbstractRemoteTestNG.java:115)
	at org.testng.remote.RemoteTestNG.initAndRun(RemoteTestNG.java:251)
	at org.testng.remote.RemoteTestNG.main(RemoteTestNG.java:77)
</pre></div></td>
<td>0</td>
<td>com.amt.test.LOU.LOU_used_car_ownbook_individual_hire_accept_with_changes_Test@2f953efd</td></tr>
<tr>
<td title='com.amt.test.LOU.LOU_used_car_ownbook_individual_hire_accept_with_changes_Test.UW7_verify_ownbook_opportunity_accept_with_changes_underwriting_pop_up()'><b>UW7_verify_ownbook_opportunity_accept_with_changes_underwriting_pop_up</b><br>Test class: com.amt.test.LOU.LOU_used_car_ownbook_individual_hire_accept_with_changes_Test</td>
<td><div><pre>java.lang.Throwable: Method LOU_used_car_ownbook_individual_hire_accept_with_changes_Test.UW7_verify_ownbook_opportunity_accept_with_changes_underwriting_pop_up()[pri:16, instance:com.amt.test.LOU.LOU_used_car_ownbook_individual_hire_accept_with_changes_Test@2f953efd] depends on not successfully finished methods
	at java.base/java.util.ArrayList.forEach(ArrayList.java:1511)
... Removed 19 stack frames</pre></div><a href='#' onClick='toggleBox("stack-trace109091050", this, "Click to show all stack frames", "Click to hide stack frames")'>Click to show all stack frames</a>
<div class='stack-trace' id='stack-trace109091050'><pre>java.lang.Throwable: Method LOU_used_car_ownbook_individual_hire_accept_with_changes_Test.UW7_verify_ownbook_opportunity_accept_with_changes_underwriting_pop_up()[pri:16, instance:com.amt.test.LOU.LOU_used_car_ownbook_individual_hire_accept_with_changes_Test@2f953efd] depends on not successfully finished methods
	at org.testng.internal.TestInvoker.invokeTestMethods(TestInvoker.java:102)
	at org.testng.internal.TestMethodWorker.invokeTestMethods(TestMethodWorker.java:146)
	at org.testng.internal.TestMethodWorker.run(TestMethodWorker.java:128)
	at java.base/java.util.ArrayList.forEach(ArrayList.java:1511)
	at org.testng.TestRunner.privateRun(TestRunner.java:794)
	at org.testng.TestRunner.run(TestRunner.java:596)
	at org.testng.SuiteRunner.runTest(SuiteRunner.java:377)
	at org.testng.SuiteRunner.runSequentially(SuiteRunner.java:371)
	at org.testng.SuiteRunner.privateRun(SuiteRunner.java:332)
	at org.testng.SuiteRunner.run(SuiteRunner.java:276)
	at org.testng.SuiteRunnerWorker.runSuite(SuiteRunnerWorker.java:53)
	at org.testng.SuiteRunnerWorker.run(SuiteRunnerWorker.java:96)
	at org.testng.TestNG.runSuitesSequentially(TestNG.java:1212)
	at org.testng.TestNG.runSuitesSequentially(TestNG.java:1207)
	at org.testng.TestNG.runSuitesLocally(TestNG.java:1134)
	at org.testng.TestNG.runSuites(TestNG.java:1063)
	at org.testng.TestNG.run(TestNG.java:1031)
	at org.testng.remote.AbstractRemoteTestNG.run(AbstractRemoteTestNG.java:115)
	at org.testng.remote.RemoteTestNG.initAndRun(RemoteTestNG.java:251)
	at org.testng.remote.RemoteTestNG.main(RemoteTestNG.java:77)
</pre></div></td>
<td>0</td>
<td>com.amt.test.LOU.LOU_used_car_ownbook_individual_hire_accept_with_changes_Test@2f953efd</td></tr>
<tr>
<td title='com.amt.test.LOU.LOU_used_car_ownbook_individual_hire_accept_with_changes_Test.UW6_verify_ownbook_opportunity_search_text_box_accept_with_changes()'><b>UW6_verify_ownbook_opportunity_search_text_box_accept_with_changes</b><br>Test class: com.amt.test.LOU.LOU_used_car_ownbook_individual_hire_accept_with_changes_Test</td>
<td><div><pre>java.lang.Throwable: Method LOU_used_car_ownbook_individual_hire_accept_with_changes_Test.UW6_verify_ownbook_opportunity_search_text_box_accept_with_changes()[pri:15, instance:com.amt.test.LOU.LOU_used_car_ownbook_individual_hire_accept_with_changes_Test@2f953efd] depends on not successfully finished methods
	at java.base/java.util.ArrayList.forEach(ArrayList.java:1511)
... Removed 19 stack frames</pre></div><a href='#' onClick='toggleBox("stack-trace2030903030", this, "Click to show all stack frames", "Click to hide stack frames")'>Click to show all stack frames</a>
<div class='stack-trace' id='stack-trace2030903030'><pre>java.lang.Throwable: Method LOU_used_car_ownbook_individual_hire_accept_with_changes_Test.UW6_verify_ownbook_opportunity_search_text_box_accept_with_changes()[pri:15, instance:com.amt.test.LOU.LOU_used_car_ownbook_individual_hire_accept_with_changes_Test@2f953efd] depends on not successfully finished methods
	at org.testng.internal.TestInvoker.invokeTestMethods(TestInvoker.java:102)
	at org.testng.internal.TestMethodWorker.invokeTestMethods(TestMethodWorker.java:146)
	at org.testng.internal.TestMethodWorker.run(TestMethodWorker.java:128)
	at java.base/java.util.ArrayList.forEach(ArrayList.java:1511)
	at org.testng.TestRunner.privateRun(TestRunner.java:794)
	at org.testng.TestRunner.run(TestRunner.java:596)
	at org.testng.SuiteRunner.runTest(SuiteRunner.java:377)
	at org.testng.SuiteRunner.runSequentially(SuiteRunner.java:371)
	at org.testng.SuiteRunner.privateRun(SuiteRunner.java:332)
	at org.testng.SuiteRunner.run(SuiteRunner.java:276)
	at org.testng.SuiteRunnerWorker.runSuite(SuiteRunnerWorker.java:53)
	at org.testng.SuiteRunnerWorker.run(SuiteRunnerWorker.java:96)
	at org.testng.TestNG.runSuitesSequentially(TestNG.java:1212)
	at org.testng.TestNG.runSuitesSequentially(TestNG.java:1207)
	at org.testng.TestNG.runSuitesLocally(TestNG.java:1134)
	at org.testng.TestNG.runSuites(TestNG.java:1063)
	at org.testng.TestNG.run(TestNG.java:1031)
	at org.testng.remote.AbstractRemoteTestNG.run(AbstractRemoteTestNG.java:115)
	at org.testng.remote.RemoteTestNG.initAndRun(RemoteTestNG.java:251)
	at org.testng.remote.RemoteTestNG.main(RemoteTestNG.java:77)
</pre></div></td>
<td>0</td>
<td>com.amt.test.LOU.LOU_used_car_ownbook_individual_hire_accept_with_changes_Test@2f953efd</td></tr>
<tr>
<td title='com.amt.test.LOU.LOU_used_car_ownbook_individual_hire_accept_with_changes_Test.UW4_verify_values_on_underwriting_quote_tab_for_ownbook_individual_flow()'><b>UW4_verify_values_on_underwriting_quote_tab_for_ownbook_individual_flow</b><br>Test class: com.amt.test.LOU.LOU_used_car_ownbook_individual_hire_accept_with_changes_Test</td>
<td><div><pre>java.lang.Throwable: Method LOU_used_car_ownbook_individual_hire_accept_with_changes_Test.UW4_verify_values_on_underwriting_quote_tab_for_ownbook_individual_flow()[pri:13, instance:com.amt.test.LOU.LOU_used_car_ownbook_individual_hire_accept_with_changes_Test@2f953efd] depends on not successfully finished methods
	at java.base/java.util.ArrayList.forEach(ArrayList.java:1511)
... Removed 19 stack frames</pre></div><a href='#' onClick='toggleBox("stack-trace1765302084", this, "Click to show all stack frames", "Click to hide stack frames")'>Click to show all stack frames</a>
<div class='stack-trace' id='stack-trace1765302084'><pre>java.lang.Throwable: Method LOU_used_car_ownbook_individual_hire_accept_with_changes_Test.UW4_verify_values_on_underwriting_quote_tab_for_ownbook_individual_flow()[pri:13, instance:com.amt.test.LOU.LOU_used_car_ownbook_individual_hire_accept_with_changes_Test@2f953efd] depends on not successfully finished methods
	at org.testng.internal.TestInvoker.invokeTestMethods(TestInvoker.java:102)
	at org.testng.internal.TestMethodWorker.invokeTestMethods(TestMethodWorker.java:146)
	at org.testng.internal.TestMethodWorker.run(TestMethodWorker.java:128)
	at java.base/java.util.ArrayList.forEach(ArrayList.java:1511)
	at org.testng.TestRunner.privateRun(TestRunner.java:794)
	at org.testng.TestRunner.run(TestRunner.java:596)
	at org.testng.SuiteRunner.runTest(SuiteRunner.java:377)
	at org.testng.SuiteRunner.runSequentially(SuiteRunner.java:371)
	at org.testng.SuiteRunner.privateRun(SuiteRunner.java:332)
	at org.testng.SuiteRunner.run(SuiteRunner.java:276)
	at org.testng.SuiteRunnerWorker.runSuite(SuiteRunnerWorker.java:53)
	at org.testng.SuiteRunnerWorker.run(SuiteRunnerWorker.java:96)
	at org.testng.TestNG.runSuitesSequentially(TestNG.java:1212)
	at org.testng.TestNG.runSuitesSequentially(TestNG.java:1207)
	at org.testng.TestNG.runSuitesLocally(TestNG.java:1134)
	at org.testng.TestNG.runSuites(TestNG.java:1063)
	at org.testng.TestNG.run(TestNG.java:1031)
	at org.testng.remote.AbstractRemoteTestNG.run(AbstractRemoteTestNG.java:115)
	at org.testng.remote.RemoteTestNG.initAndRun(RemoteTestNG.java:251)
	at org.testng.remote.RemoteTestNG.main(RemoteTestNG.java:77)
</pre></div></td>
<td>0</td>
<td>com.amt.test.LOU.LOU_used_car_ownbook_individual_hire_accept_with_changes_Test@2f953efd</td></tr>
<tr>
<td title='com.amt.test.LOU.LOU_used_car_ownbook_individual_hire_accept_with_changes_Test.UW8_verify_ownbook_opportunity_underwriting_accept_with_changes_cancel_flow_verification()'><b>UW8_verify_ownbook_opportunity_underwriting_accept_with_changes_cancel_flow_verification</b><br>Test class: com.amt.test.LOU.LOU_used_car_ownbook_individual_hire_accept_with_changes_Test</td>
<td><div><pre>java.lang.Throwable: Method LOU_used_car_ownbook_individual_hire_accept_with_changes_Test.UW8_verify_ownbook_opportunity_underwriting_accept_with_changes_cancel_flow_verification()[pri:17, instance:com.amt.test.LOU.LOU_used_car_ownbook_individual_hire_accept_with_changes_Test@2f953efd] depends on not successfully finished methods
	at java.base/java.util.ArrayList.forEach(ArrayList.java:1511)
... Removed 19 stack frames</pre></div><a href='#' onClick='toggleBox("stack-trace1622428665", this, "Click to show all stack frames", "Click to hide stack frames")'>Click to show all stack frames</a>
<div class='stack-trace' id='stack-trace1622428665'><pre>java.lang.Throwable: Method LOU_used_car_ownbook_individual_hire_accept_with_changes_Test.UW8_verify_ownbook_opportunity_underwriting_accept_with_changes_cancel_flow_verification()[pri:17, instance:com.amt.test.LOU.LOU_used_car_ownbook_individual_hire_accept_with_changes_Test@2f953efd] depends on not successfully finished methods
	at org.testng.internal.TestInvoker.invokeTestMethods(TestInvoker.java:102)
	at org.testng.internal.TestMethodWorker.invokeTestMethods(TestMethodWorker.java:146)
	at org.testng.internal.TestMethodWorker.run(TestMethodWorker.java:128)
	at java.base/java.util.ArrayList.forEach(ArrayList.java:1511)
	at org.testng.TestRunner.privateRun(TestRunner.java:794)
	at org.testng.TestRunner.run(TestRunner.java:596)
	at org.testng.SuiteRunner.runTest(SuiteRunner.java:377)
	at org.testng.SuiteRunner.runSequentially(SuiteRunner.java:371)
	at org.testng.SuiteRunner.privateRun(SuiteRunner.java:332)
	at org.testng.SuiteRunner.run(SuiteRunner.java:276)
	at org.testng.SuiteRunnerWorker.runSuite(SuiteRunnerWorker.java:53)
	at org.testng.SuiteRunnerWorker.run(SuiteRunnerWorker.java:96)
	at org.testng.TestNG.runSuitesSequentially(TestNG.java:1212)
	at org.testng.TestNG.runSuitesSequentially(TestNG.java:1207)
	at org.testng.TestNG.runSuitesLocally(TestNG.java:1134)
	at org.testng.TestNG.runSuites(TestNG.java:1063)
	at org.testng.TestNG.run(TestNG.java:1031)
	at org.testng.remote.AbstractRemoteTestNG.run(AbstractRemoteTestNG.java:115)
	at org.testng.remote.RemoteTestNG.initAndRun(RemoteTestNG.java:251)
	at org.testng.remote.RemoteTestNG.main(RemoteTestNG.java:77)
</pre></div></td>
<td>0</td>
<td>com.amt.test.LOU.LOU_used_car_ownbook_individual_hire_accept_with_changes_Test@2f953efd</td></tr>
<tr>
<td title='com.amt.test.LOU.LOU_used_car_ownbook_individual_hire_accept_with_changes_Test.UW10_ownbook_after_opportunity_underwriting_accept_with_changes_signed_contract_status_with_api_call()'><b>UW10_ownbook_after_opportunity_underwriting_accept_with_changes_signed_contract_status_with_api_call</b><br>Test class: com.amt.test.LOU.LOU_used_car_ownbook_individual_hire_accept_with_changes_Test</td>
<td><div><pre>java.lang.Throwable: Method LOU_used_car_ownbook_individual_hire_accept_with_changes_Test.UW10_ownbook_after_opportunity_underwriting_accept_with_changes_signed_contract_status_with_api_call()[pri:19, instance:com.amt.test.LOU.LOU_used_car_ownbook_individual_hire_accept_with_changes_Test@2f953efd] depends on not successfully finished methods
	at java.base/java.util.ArrayList.forEach(ArrayList.java:1511)
... Removed 19 stack frames</pre></div><a href='#' onClick='toggleBox("stack-trace862137245", this, "Click to show all stack frames", "Click to hide stack frames")'>Click to show all stack frames</a>
<div class='stack-trace' id='stack-trace862137245'><pre>java.lang.Throwable: Method LOU_used_car_ownbook_individual_hire_accept_with_changes_Test.UW10_ownbook_after_opportunity_underwriting_accept_with_changes_signed_contract_status_with_api_call()[pri:19, instance:com.amt.test.LOU.LOU_used_car_ownbook_individual_hire_accept_with_changes_Test@2f953efd] depends on not successfully finished methods
	at org.testng.internal.TestInvoker.invokeTestMethods(TestInvoker.java:102)
	at org.testng.internal.TestMethodWorker.invokeTestMethods(TestMethodWorker.java:146)
	at org.testng.internal.TestMethodWorker.run(TestMethodWorker.java:128)
	at java.base/java.util.ArrayList.forEach(ArrayList.java:1511)
	at org.testng.TestRunner.privateRun(TestRunner.java:794)
	at org.testng.TestRunner.run(TestRunner.java:596)
	at org.testng.SuiteRunner.runTest(SuiteRunner.java:377)
	at org.testng.SuiteRunner.runSequentially(SuiteRunner.java:371)
	at org.testng.SuiteRunner.privateRun(SuiteRunner.java:332)
	at org.testng.SuiteRunner.run(SuiteRunner.java:276)
	at org.testng.SuiteRunnerWorker.runSuite(SuiteRunnerWorker.java:53)
	at org.testng.SuiteRunnerWorker.run(SuiteRunnerWorker.java:96)
	at org.testng.TestNG.runSuitesSequentially(TestNG.java:1212)
	at org.testng.TestNG.runSuitesSequentially(TestNG.java:1207)
	at org.testng.TestNG.runSuitesLocally(TestNG.java:1134)
	at org.testng.TestNG.runSuites(TestNG.java:1063)
	at org.testng.TestNG.run(TestNG.java:1031)
	at org.testng.remote.AbstractRemoteTestNG.run(AbstractRemoteTestNG.java:115)
	at org.testng.remote.RemoteTestNG.initAndRun(RemoteTestNG.java:251)
	at org.testng.remote.RemoteTestNG.main(RemoteTestNG.java:77)
</pre></div></td>
<td>0</td>
<td>com.amt.test.LOU.LOU_used_car_ownbook_individual_hire_accept_with_changes_Test@2f953efd</td></tr>
<tr>
<td title='com.amt.test.LOU.LOU_used_car_ownbook_individual_hire_accept_with_changes_Test.OP1_ownbook_after_Underwriting_accepted_mothlty_payment_price()'><b>OP1_ownbook_after_Underwriting_accepted_mothlty_payment_price</b><br>Test class: com.amt.test.LOU.LOU_used_car_ownbook_individual_hire_accept_with_changes_Test</td>
<td><div><pre>java.lang.Throwable: Method LOU_used_car_ownbook_individual_hire_accept_with_changes_Test.OP1_ownbook_after_Underwriting_accepted_mothlty_payment_price()[pri:20, instance:com.amt.test.LOU.LOU_used_car_ownbook_individual_hire_accept_with_changes_Test@2f953efd] depends on not successfully finished methods
	at java.base/java.util.ArrayList.forEach(ArrayList.java:1511)
... Removed 19 stack frames</pre></div><a href='#' onClick='toggleBox("stack-trace495662901", this, "Click to show all stack frames", "Click to hide stack frames")'>Click to show all stack frames</a>
<div class='stack-trace' id='stack-trace495662901'><pre>java.lang.Throwable: Method LOU_used_car_ownbook_individual_hire_accept_with_changes_Test.OP1_ownbook_after_Underwriting_accepted_mothlty_payment_price()[pri:20, instance:com.amt.test.LOU.LOU_used_car_ownbook_individual_hire_accept_with_changes_Test@2f953efd] depends on not successfully finished methods
	at org.testng.internal.TestInvoker.invokeTestMethods(TestInvoker.java:102)
	at org.testng.internal.TestMethodWorker.invokeTestMethods(TestMethodWorker.java:146)
	at org.testng.internal.TestMethodWorker.run(TestMethodWorker.java:128)
	at java.base/java.util.ArrayList.forEach(ArrayList.java:1511)
	at org.testng.TestRunner.privateRun(TestRunner.java:794)
	at org.testng.TestRunner.run(TestRunner.java:596)
	at org.testng.SuiteRunner.runTest(SuiteRunner.java:377)
	at org.testng.SuiteRunner.runSequentially(SuiteRunner.java:371)
	at org.testng.SuiteRunner.privateRun(SuiteRunner.java:332)
	at org.testng.SuiteRunner.run(SuiteRunner.java:276)
	at org.testng.SuiteRunnerWorker.runSuite(SuiteRunnerWorker.java:53)
	at org.testng.SuiteRunnerWorker.run(SuiteRunnerWorker.java:96)
	at org.testng.TestNG.runSuitesSequentially(TestNG.java:1212)
	at org.testng.TestNG.runSuitesSequentially(TestNG.java:1207)
	at org.testng.TestNG.runSuitesLocally(TestNG.java:1134)
	at org.testng.TestNG.runSuites(TestNG.java:1063)
	at org.testng.TestNG.run(TestNG.java:1031)
	at org.testng.remote.AbstractRemoteTestNG.run(AbstractRemoteTestNG.java:115)
	at org.testng.remote.RemoteTestNG.initAndRun(RemoteTestNG.java:251)
	at org.testng.remote.RemoteTestNG.main(RemoteTestNG.java:77)
</pre></div></td>
<td>0</td>
<td>com.amt.test.LOU.LOU_used_car_ownbook_individual_hire_accept_with_changes_Test@2f953efd</td></tr>
<tr>
<td title='com.amt.test.LOU.LOU_used_car_ownbook_individual_hire_accept_with_changes_Test.UW2_verify_status_after_sending_to_underwriting()'><b>UW2_verify_status_after_sending_to_underwriting</b><br>Test class: com.amt.test.LOU.LOU_used_car_ownbook_individual_hire_accept_with_changes_Test</td>
<td><div><pre>java.lang.Throwable: Method LOU_used_car_ownbook_individual_hire_accept_with_changes_Test.UW2_verify_status_after_sending_to_underwriting()[pri:11, instance:com.amt.test.LOU.LOU_used_car_ownbook_individual_hire_accept_with_changes_Test@2f953efd] depends on not successfully finished methods
	at java.base/java.util.ArrayList.forEach(ArrayList.java:1511)
... Removed 19 stack frames</pre></div><a href='#' onClick='toggleBox("stack-trace1086288704", this, "Click to show all stack frames", "Click to hide stack frames")'>Click to show all stack frames</a>
<div class='stack-trace' id='stack-trace1086288704'><pre>java.lang.Throwable: Method LOU_used_car_ownbook_individual_hire_accept_with_changes_Test.UW2_verify_status_after_sending_to_underwriting()[pri:11, instance:com.amt.test.LOU.LOU_used_car_ownbook_individual_hire_accept_with_changes_Test@2f953efd] depends on not successfully finished methods
	at org.testng.internal.TestInvoker.invokeTestMethods(TestInvoker.java:102)
	at org.testng.internal.TestMethodWorker.invokeTestMethods(TestMethodWorker.java:146)
	at org.testng.internal.TestMethodWorker.run(TestMethodWorker.java:128)
	at java.base/java.util.ArrayList.forEach(ArrayList.java:1511)
	at org.testng.TestRunner.privateRun(TestRunner.java:794)
	at org.testng.TestRunner.run(TestRunner.java:596)
	at org.testng.SuiteRunner.runTest(SuiteRunner.java:377)
	at org.testng.SuiteRunner.runSequentially(SuiteRunner.java:371)
	at org.testng.SuiteRunner.privateRun(SuiteRunner.java:332)
	at org.testng.SuiteRunner.run(SuiteRunner.java:276)
	at org.testng.SuiteRunnerWorker.runSuite(SuiteRunnerWorker.java:53)
	at org.testng.SuiteRunnerWorker.run(SuiteRunnerWorker.java:96)
	at org.testng.TestNG.runSuitesSequentially(TestNG.java:1212)
	at org.testng.TestNG.runSuitesSequentially(TestNG.java:1207)
	at org.testng.TestNG.runSuitesLocally(TestNG.java:1134)
	at org.testng.TestNG.runSuites(TestNG.java:1063)
	at org.testng.TestNG.run(TestNG.java:1031)
	at org.testng.remote.AbstractRemoteTestNG.run(AbstractRemoteTestNG.java:115)
	at org.testng.remote.RemoteTestNG.initAndRun(RemoteTestNG.java:251)
	at org.testng.remote.RemoteTestNG.main(RemoteTestNG.java:77)
</pre></div></td>
<td>0</td>
<td>com.amt.test.LOU.LOU_used_car_ownbook_individual_hire_accept_with_changes_Test@2f953efd</td></tr>
</table><p>
</body>
</html>