<html>
<head>
<title>TestNG:  Used Car Ownbook Individual hire with funder</title>
<link href="../testng.css" rel="stylesheet" type="text/css" />
<link href="../my-testng.css" rel="stylesheet" type="text/css" />

<style type="text/css">
.log { display: none;} 
.stack-trace { display: none;} 
</style>
<script type="text/javascript">
<!--
function flip(e) {
  current = e.style.display;
  if (current == 'block') {
    e.style.display = 'none';
    return 0;
  }
  else {
    e.style.display = 'block';
    return 1;
  }
}

function toggleBox(szDivId, elem, msg1, msg2)
{
  var res = -1;  if (document.getElementById) {
    res = flip(document.getElementById(szDivId));
  }
  else if (document.all) {
    // this is the way old msie versions work
    res = flip(document.all[szDivId]);
  }
  if(elem) {
    if(res == 0) elem.innerHTML = msg1; else elem.innerHTML = msg2;
  }

}

function toggleAllBoxes() {
  if (document.getElementsByTagName) {
    d = document.getElementsByTagName('div');
    for (i = 0; i < d.length; i++) {
      if (d[i].className == 'log') {
        flip(d[i]);
      }
    }
  }
}

// -->
</script>

</head>
<body>
<h2 align='center'>Used Car Ownbook Individual hire with funder</h2><table border='1' align="center">
<tr>
<td>Tests passed/Failed/Skipped:</td><td>12/1/12</td>
</tr><tr>
<td>Started on:</td><td>Mon Jan 29 23:45:11 IST 2024</td>
</tr>
<tr><td>Total time:</td><td>942 seconds (942018 ms)</td>
</tr><tr>
<td>Included groups:</td><td></td>
</tr><tr>
<td>Excluded groups:</td><td></td>
</tr>
</table><p/>
<small><i>(Hover the method name to see the test class name)</i></small><p/>
<table width='100%' border='1' class='invocation-failed'>
<tr><td colspan='4' align='center'><b>FAILED TESTS</b></td></tr>
<tr><td><b>Test method</b></td>
<td width="30%"><b>Exception</b></td>
<td width="10%"><b>Time (seconds)</b></td>
<td><b>Instance</b></td>
</tr>
<tr>
<td title='com.amt.test.LOU.LOU_used_car_ownbook_individual_hire_funder_accept_with_changes_Test.L8_ownbook_signed_contract_status_with_api_call()'><b>L8_ownbook_signed_contract_status_with_api_call</b><br>Test class: com.amt.test.LOU.LOU_used_car_ownbook_individual_hire_funder_accept_with_changes_Test<br/>
<a href="#Output-1287234060" onClick='toggleBox("Output-1287234060", this, "Show output", "Hide output");'>Show output</a>

<a href="#Output-1287234060" onClick="toggleAllBoxes();">Show all outputs</a>
<div class='log' id="Output-1287234060">
<br>----------Screenshot---------<br><br/>
<img src="D:\LOU\AMT_LOU\target\surefire-reports\html\failure_screenshots\L8_ownbook_signed_contract_status_with_api_call_30_01_2024_12_00_53.png" height="800" width="1000"><br/>
</div>
</td>
<td><div><pre>org.openqa.selenium.TimeoutException: Expected condition failed: waiting for visibility of Proxy element for: DefaultElementLocator &apos;By.xpath: //table[@class=&apos;table mb-0 levelthreetr&apos;]//td[7]&apos; (tried for 50 second(s) with 500 milliseconds interval)
	at org.openqa.selenium.support.ui.WebDriverWait.timeoutException(WebDriverWait.java:138)
	at org.openqa.selenium.support.ui.FluentWait.until(FluentWait.java:231)
	at com.amt.testUtil.ExplicitWait.visibleElement(ExplicitWait.java:24)
	at com.amt.pages.Opportunities.postAPITest(Opportunities.java:1349)
	at com.amt.test.LOU.LOU_used_car_ownbook_individual_hire_funder_accept_with_changes_Test.L8_ownbook_signed_contract_status_with_api_call(LOU_used_car_ownbook_individual_hire_funder_accept_with_changes_Test.java:211)
	at java.base/java.util.ArrayList.forEach(ArrayList.java:1511)
Caused by: org.openqa.selenium.NoSuchElementException: no such element: Unable to locate element: {&quot;method&quot;:&quot;xpath&quot;,&quot;selector&quot;:&quot;//table[@class=&apos;table mb-0 levelthreetr&apos;]//td[7]&quot;}
  (Session info: chrome=120.0.6099.225)
For documentation on this error, please visit: https://www.selenium.dev/documentation/webdriver/troubleshooting/errors#no-such-element-exception
Build info: version: &apos;4.10.0&apos;, revision: &apos;c14d967899&apos;
System info: os.name: &apos;Windows 10&apos;, os.arch: &apos;amd64&apos;, os.version: &apos;10.0&apos;, java.version: &apos;19.0.1&apos;
Driver info: org.openqa.selenium.chrome.ChromeDriver
Command: [bafe5dda9c160605dd021a751d26cb65, findElement {using=xpath, value=//table[@class=&apos;table mb-0 levelthreetr&apos;]//td[7]}]
Capabilities {acceptInsecureCerts: false, browserName: chrome, browserVersion: 120.0.6099.225, chrome: {chromedriverVersion: 119.0.6045.105 (38c72552c5e..., userDataDir: C:\Users\NITEIN~1.KUR\AppDa...}, fedcm:accounts: true, goog:chromeOptions: {debuggerAddress: localhost:51348}, javascriptEnabled: true, networkConnectionEnabled: false, pageLoadStrategy: normal, platform: windows, platformName: windows, proxy: Proxy(), se:cdp: ws://localhost:51348/devtoo..., se:cdpVersion: 120.0.6099.225, setWindowRect: true, strictFileInteractability: false, timeouts: {implicit: 0, pageLoad: 300000, script: 30000}, unhandledPromptBehavior: dismiss and notify, webauthn:extension:credBlob: true, webauthn:extension:largeBlob: true, webauthn:extension:minPinLength: true, webauthn:extension:prf: true, webauthn:virtualAuthenticators: true}
Session ID: bafe5dda9c160605dd021a751d26cb65
	at org.openqa.selenium.remote.codec.w3c.W3CHttpResponseCodec.createException(W3CHttpResponseCodec.java:200)
	at org.openqa.selenium.remote.codec.w3c.W3CHttpResponseCodec.decode(W3CHttpResponseCodec.java:133)
	at org.openqa.selenium.remote.codec.w3c.W3CHttpResponseCodec.decode(W3CHttpResponseCodec.java:53)
	at org.openqa.selenium.remote.HttpCommandExecutor.execute(HttpCommandExecutor.java:184)
	at org.openqa.selenium.remote.service.DriverCommandExecutor.invokeExecute(DriverCommandExecutor.java:164)
	at org.openqa.selenium.remote.service.DriverCommandExecutor.execute(DriverCommandExecutor.java:139)
	at org.openqa.selenium.remote.RemoteWebDriver.execute(RemoteWebDriver.java:559)
	at org.openqa.selenium.remote.ElementLocation$ElementFinder$2.findElement(ElementLocation.java:162)
	at org.openqa.selenium.remote.ElementLocation.findElement(ElementLocation.java:60)
	at org.openqa.selenium.remote.RemoteWebDriver.findElement(RemoteWebDriver.java:383)
	at org.openqa.selenium.remote.RemoteWebDriver.findElement(RemoteWebDriver.java:375)
	at org.openqa.selenium.support.pagefactory.DefaultElementLocator.findElement(DefaultElementLocator.java:70)
	at org.openqa.selenium.support.pagefactory.internal.LocatingElementHandler.invoke(LocatingElementHandler.java:39)
	at jdk.proxy2/jdk.proxy2.$Proxy18.isDisplayed(Unknown Source)
	at org.openqa.selenium.support.ui.ExpectedConditions.elementIfVisible(ExpectedConditions.java:307)
	at org.openqa.selenium.support.ui.ExpectedConditions.access$000(ExpectedConditions.java:40)
	at org.openqa.selenium.support.ui.ExpectedConditions$10.apply(ExpectedConditions.java:293)
	at org.openqa.selenium.support.ui.ExpectedConditions$10.apply(ExpectedConditions.java:290)
	at org.openqa.selenium.support.ui.FluentWait.until(FluentWait.java:208)
	... 30 more
... Removed 29 stack frames</pre></div><a href='#' onClick='toggleBox("stack-trace1287234060", this, "Click to show all stack frames", "Click to hide stack frames")'>Click to show all stack frames</a>
<div class='stack-trace' id='stack-trace1287234060'><pre>org.openqa.selenium.TimeoutException: Expected condition failed: waiting for visibility of Proxy element for: DefaultElementLocator &apos;By.xpath: //table[@class=&apos;table mb-0 levelthreetr&apos;]//td[7]&apos; (tried for 50 second(s) with 500 milliseconds interval)
	at org.openqa.selenium.support.ui.WebDriverWait.timeoutException(WebDriverWait.java:138)
	at org.openqa.selenium.support.ui.FluentWait.until(FluentWait.java:231)
	at com.amt.testUtil.ExplicitWait.visibleElement(ExplicitWait.java:24)
	at com.amt.pages.Opportunities.postAPITest(Opportunities.java:1349)
	at com.amt.test.LOU.LOU_used_car_ownbook_individual_hire_funder_accept_with_changes_Test.L8_ownbook_signed_contract_status_with_api_call(LOU_used_car_ownbook_individual_hire_funder_accept_with_changes_Test.java:211)
	at java.base/jdk.internal.reflect.DirectMethodHandleAccessor.invoke(DirectMethodHandleAccessor.java:104)
	at java.base/java.lang.reflect.Method.invoke(Method.java:578)
	at org.testng.internal.MethodInvocationHelper.invokeMethod(MethodInvocationHelper.java:133)
	at org.testng.internal.TestInvoker.invokeMethod(TestInvoker.java:598)
	at org.testng.internal.TestInvoker.invokeTestMethod(TestInvoker.java:173)
	at org.testng.internal.MethodRunner.runInSequence(MethodRunner.java:46)
	at org.testng.internal.TestInvoker$MethodInvocationAgent.invoke(TestInvoker.java:824)
	at org.testng.internal.TestInvoker.invokeTestMethods(TestInvoker.java:146)
	at org.testng.internal.TestMethodWorker.invokeTestMethods(TestMethodWorker.java:146)
	at org.testng.internal.TestMethodWorker.run(TestMethodWorker.java:128)
	at java.base/java.util.ArrayList.forEach(ArrayList.java:1511)
	at org.testng.TestRunner.privateRun(TestRunner.java:794)
	at org.testng.TestRunner.run(TestRunner.java:596)
	at org.testng.SuiteRunner.runTest(SuiteRunner.java:377)
	at org.testng.SuiteRunner.runSequentially(SuiteRunner.java:371)
	at org.testng.SuiteRunner.privateRun(SuiteRunner.java:332)
	at org.testng.SuiteRunner.run(SuiteRunner.java:276)
	at org.testng.SuiteRunnerWorker.runSuite(SuiteRunnerWorker.java:53)
	at org.testng.SuiteRunnerWorker.run(SuiteRunnerWorker.java:96)
	at org.testng.TestNG.runSuitesSequentially(TestNG.java:1212)
	at org.testng.TestNG.runSuitesSequentially(TestNG.java:1207)
	at org.testng.TestNG.runSuitesLocally(TestNG.java:1134)
	at org.testng.TestNG.runSuites(TestNG.java:1063)
	at org.testng.TestNG.run(TestNG.java:1031)
	at org.testng.remote.AbstractRemoteTestNG.run(AbstractRemoteTestNG.java:115)
	at org.testng.remote.RemoteTestNG.initAndRun(RemoteTestNG.java:251)
	at org.testng.remote.RemoteTestNG.main(RemoteTestNG.java:77)
Caused by: org.openqa.selenium.NoSuchElementException: no such element: Unable to locate element: {&quot;method&quot;:&quot;xpath&quot;,&quot;selector&quot;:&quot;//table[@class=&apos;table mb-0 levelthreetr&apos;]//td[7]&quot;}
  (Session info: chrome=120.0.6099.225)
For documentation on this error, please visit: https://www.selenium.dev/documentation/webdriver/troubleshooting/errors#no-such-element-exception
Build info: version: &apos;4.10.0&apos;, revision: &apos;c14d967899&apos;
System info: os.name: &apos;Windows 10&apos;, os.arch: &apos;amd64&apos;, os.version: &apos;10.0&apos;, java.version: &apos;19.0.1&apos;
Driver info: org.openqa.selenium.chrome.ChromeDriver
Command: [bafe5dda9c160605dd021a751d26cb65, findElement {using=xpath, value=//table[@class=&apos;table mb-0 levelthreetr&apos;]//td[7]}]
Capabilities {acceptInsecureCerts: false, browserName: chrome, browserVersion: 120.0.6099.225, chrome: {chromedriverVersion: 119.0.6045.105 (38c72552c5e..., userDataDir: C:\Users\NITEIN~1.KUR\AppDa...}, fedcm:accounts: true, goog:chromeOptions: {debuggerAddress: localhost:51348}, javascriptEnabled: true, networkConnectionEnabled: false, pageLoadStrategy: normal, platform: windows, platformName: windows, proxy: Proxy(), se:cdp: ws://localhost:51348/devtoo..., se:cdpVersion: 120.0.6099.225, setWindowRect: true, strictFileInteractability: false, timeouts: {implicit: 0, pageLoad: 300000, script: 30000}, unhandledPromptBehavior: dismiss and notify, webauthn:extension:credBlob: true, webauthn:extension:largeBlob: true, webauthn:extension:minPinLength: true, webauthn:extension:prf: true, webauthn:virtualAuthenticators: true}
Session ID: bafe5dda9c160605dd021a751d26cb65
	at java.base/jdk.internal.reflect.DirectConstructorHandleAccessor.newInstance(DirectConstructorHandleAccessor.java:67)
	at java.base/java.lang.reflect.Constructor.newInstanceWithCaller(Constructor.java:500)
	at java.base/java.lang.reflect.Constructor.newInstance(Constructor.java:484)
	at org.openqa.selenium.remote.codec.w3c.W3CHttpResponseCodec.createException(W3CHttpResponseCodec.java:200)
	at org.openqa.selenium.remote.codec.w3c.W3CHttpResponseCodec.decode(W3CHttpResponseCodec.java:133)
	at org.openqa.selenium.remote.codec.w3c.W3CHttpResponseCodec.decode(W3CHttpResponseCodec.java:53)
	at org.openqa.selenium.remote.HttpCommandExecutor.execute(HttpCommandExecutor.java:184)
	at org.openqa.selenium.remote.service.DriverCommandExecutor.invokeExecute(DriverCommandExecutor.java:164)
	at org.openqa.selenium.remote.service.DriverCommandExecutor.execute(DriverCommandExecutor.java:139)
	at org.openqa.selenium.remote.RemoteWebDriver.execute(RemoteWebDriver.java:559)
	at org.openqa.selenium.remote.ElementLocation$ElementFinder$2.findElement(ElementLocation.java:162)
	at org.openqa.selenium.remote.ElementLocation.findElement(ElementLocation.java:60)
	at org.openqa.selenium.remote.RemoteWebDriver.findElement(RemoteWebDriver.java:383)
	at org.openqa.selenium.remote.RemoteWebDriver.findElement(RemoteWebDriver.java:375)
	at org.openqa.selenium.support.pagefactory.DefaultElementLocator.findElement(DefaultElementLocator.java:70)
	at org.openqa.selenium.support.pagefactory.internal.LocatingElementHandler.invoke(LocatingElementHandler.java:39)
	at jdk.proxy2/jdk.proxy2.$Proxy18.isDisplayed(Unknown Source)
	at org.openqa.selenium.support.ui.ExpectedConditions.elementIfVisible(ExpectedConditions.java:307)
	at org.openqa.selenium.support.ui.ExpectedConditions.access$000(ExpectedConditions.java:40)
	at org.openqa.selenium.support.ui.ExpectedConditions$10.apply(ExpectedConditions.java:293)
	at org.openqa.selenium.support.ui.ExpectedConditions$10.apply(ExpectedConditions.java:290)
	at org.openqa.selenium.support.ui.FluentWait.until(FluentWait.java:208)
	... 30 more
</pre></div></td>
<td>197</td>
<td>com.amt.test.LOU.LOU_used_car_ownbook_individual_hire_funder_accept_with_changes_Test@3b35a229</td></tr>
</table><p>
<table width='100%' border='1' class='invocation-passed'>
<tr><td colspan='4' align='center'><b>PASSED TESTS</b></td></tr>
<tr><td><b>Test method</b></td>
<td width="30%"><b>Exception</b></td>
<td width="10%"><b>Time (seconds)</b></td>
<td><b>Instance</b></td>
</tr>
<tr>
<td title='com.amt.test.LOU.LOU_used_car_ownbook_individual_hire_funder_accept_with_changes_Test.L7_verify_current_status_on_opportunity_page_after_sending_contract_for_ownbook_individual_flow()'><b>L7_verify_current_status_on_opportunity_page_after_sending_contract_for_ownbook_individual_flow</b><br>Test class: com.amt.test.LOU.LOU_used_car_ownbook_individual_hire_funder_accept_with_changes_Test<br/>
<a href="#Output-155223784" onClick='toggleBox("Output-155223784", this, "Show output", "Hide output");'>Show output</a>

<a href="#Output-155223784" onClick="toggleAllBoxes();">Show all outputs</a>
<div class='log' id="Output-155223784">
<b>Current Status of Proposal value is = Proposal Received</b> <br /><br/>
<b>Current Status of Channel value is =  Sent to customer</b> <br /><br/>
<b>Current Status of  Quote ref is = Sent to customer</b> <br /><br/>
<b>Status Verified : Sent to customer</b> <br /><br/>
</div>
</td>
<td></td>
<td>4</td>
<td>com.amt.test.LOU.LOU_used_car_ownbook_individual_hire_funder_accept_with_changes_Test@3b35a229</td></tr>
<tr>
<td title='com.amt.test.LOU.LOU_used_car_ownbook_individual_hire_funder_accept_with_changes_Test.L3_verify_table_values_on_opportunity_page_before_sending_proposal()'><b>L3_verify_table_values_on_opportunity_page_before_sending_proposal</b><br>Test class: com.amt.test.LOU.LOU_used_car_ownbook_individual_hire_funder_accept_with_changes_Test<br/>
<a href="#Output-820682595" onClick='toggleBox("Output-820682595", this, "Show output", "Hide output");'>Show output</a>

<a href="#Output-820682595" onClick="toggleAllBoxes();">Show all outputs</a>
<div class='log' id="Output-820682595">
<b></b> <br /><br/>
<b>Started Verifying Table values</b> <br /><br/>
<b></b> <br /><br/>
<b>OYR75612 = OYR75612</b> <br /><br/>
<b>Quote no. compared and found ok</b> <br /><br/>
<b></b> <br /><br/>
<b>MERCEDES-BENZ A CLASS AMG HATCHBACK (2019 - Current) A35 4Matic Premium 5dr Auto = MERCEDES-BENZ A CLASS AMG HATCHBACK (2019 - Current) A35 4Matic Premium 5dr Auto</b> <br /><br/>
<b>Vehicle name compared and found ok</b> <br /><br/>
<b></b> <br /><br/>
<b>Personal Contract Hire = Personal Contract Hire</b> <br /><br/>
<b>Contract type compared and found ok</b> <br /><br/>
<b></b> <br /><br/>
<b>1764.11 = 1764.11</b> <br /><br/>
<b>Monthly finance rental compared and found ok</b> <br /><br/>
<b></b> <br /><br/>
<b>5000.0 = 5000.0</b> <br /><br/>
<b>Mileage compared and found ok</b> <br /><br/>
<b></b> <br /><br/>
<b>12.0 = 12.0</b> <br /><br/>
<b>Terms compared and found ok</b> <br /><br/>
<b></b> <br /><br/>
<b>05/12/2024 != 05/12/24</b> <br /><br/>
<b>Expiry date compared but found not ok</b> <br /><br/>
<b></b> <br /><br/>
<b>Table values verified Successfully</b> <br /><br/>
</div>
</td>
<td></td>
<td>4</td>
<td>com.amt.test.LOU.LOU_used_car_ownbook_individual_hire_funder_accept_with_changes_Test@3b35a229</td></tr>
<tr>
<td title='com.amt.test.HPNR.Acquisition_Quotes_HPNR_PCH_used_car_with_funder_quote_addition_without_maintenance_Test.aquisition_quotes_customer_quote_payment_profile_calculations_without_maintenance_test()'><b>aquisition_quotes_customer_quote_payment_profile_calculations_without_maintenance_test</b><br>Test class: com.amt.test.HPNR.Acquisition_Quotes_HPNR_PCH_used_car_with_funder_quote_addition_without_maintenance_Test<br>Parameters: GY19XAG, 15000, 60000, 1000, REF001, 05/12/24, 12, 5000, 1000, 200, 12, 500, 6000, 20, 10000, 6000, 2000, 1000, 239.99, 500, 200, 200, 22, 22000, NO, 0, 200, YES, 0, HPNR (F3)-PCH_Used_car<br/>
<a href="#Output-1563695583" onClick='toggleBox("Output-1563695583", this, "Show output", "Hide output");'>Show output</a>

<a href="#Output-1563695583" onClick="toggleAllBoxes();">Show all outputs</a>
<div class='log' id="Output-1563695583">
<b>Writing configuration values from property file to Excel for customer quote calculation -started</b> <br /><br/>
<b>Writing configuration values from property file to Excel for customer quote calculation -completed</b> <br /><br/>
<b>************Calculations for Customer Quote Page has been started***********</b> <br /><br/>
<b>Payment Profile Monthly in Advance option has been selected</b> <br /><br/>
<b>Writing values to Excel for customer quote calculation -started</b> <br /><br/>
<b>Writing values to Excel for customer quote calculation -completed</b> <br /><br/>
<b>Reading  Monthly Finance Rental from  Excel   -started</b> <br /><br/>
<b>Reading  Monthly Finance Rental from  Excel   -completed</b> <br /><br/>
<b>Monthly Finance Rental from Excel is =845.3507513110167</b> <br /><br/>
<b>Monthly Finance Rental from screen is 845.35</b> <br /><br/>
<b>Monthly Finance Rental from screen (after submitting upsell values) is 890.11</b> <br /><br/>
<b>Writing upsell values to excel</b> <br /><br/>
<b>Monthly Finance Rental from Excel (after submitting upsell values) is 890.1089423378584</b> <br /><br/>
<b>Monthly finance (after submitting upsell values) is found OK</b> <br /><br/>
<b>Clicked on Part Exchange panel</b> <br /><br/>
<b>Expected Monthly Finance Rental From Excel is =890.1089423378584</b> <br /><br/>
<b>Actuacl Monthly Finance Rental From screen is =890.11</b> <br /><br/>
<b></b> <br /><br/>
<b>Balance Due value started verifying</b> <br /><br/>
<b>Balance due value Actual from screen is -2760.01</b> <br /><br/>
<b></b> <br /><br/>
<b>Balance due value Expected from Excel is -2760.01</b> <br /><br/>
<b></b> <br /><br/>
<b>Balance due value (with part exchange values) is verified and found ok</b> <br /><br/>
<b>Monthly Finance Rental from screen (after updating customer quote summary upsell value) is 912.49</b> <br /><br/>
<b>Writing upsell values to excel</b> <br /><br/>
<b>Monthly Finance Rental from Excel (after submitting upsell values) is 912.4880378512834</b> <br /><br/>
<b>Monthly finance rental (after updating customer quote summary upsell value) is found OK</b> <br /><br/>
</div>
</td>
<td></td>
<td>68</td>
<td>com.amt.test.HPNR.Acquisition_Quotes_HPNR_PCH_used_car_with_funder_quote_addition_without_maintenance_Test@700fb871</td></tr>
<tr>
<td title='com.amt.test.LOU.LOU_used_car_ownbook_individual_hire_funder_accept_with_changes_Test.L2_ownbook_individual_current_status_before_sending_to_proposal()'><b>L2_ownbook_individual_current_status_before_sending_to_proposal</b><br>Test class: com.amt.test.LOU.LOU_used_car_ownbook_individual_hire_funder_accept_with_changes_Test<br/>
<a href="#Output-1908429294" onClick='toggleBox("Output-1908429294", this, "Show output", "Hide output");'>Show output</a>

<a href="#Output-1908429294" onClick="toggleAllBoxes();">Show all outputs</a>
<div class='log' id="Output-1908429294">
<b>Clicked on Opportunity link from Menu </b> <br /><br/>
<b>listing_proposal_status is = Proposal Required</b> <br /><br/>
<b>Enter the Opportunity id in Search Text box</b> <br /><br/>
<b>Current Status of Opportunity Status value is = Open</b> <br /><br/>
<b>Current Status of Proposal value is = Proposal Required</b> <br /><br/>
<b>Current Status of Channel value is =  Draft</b> <br /><br/>
<b>Current Status of  Quote ref is = Draft</b> <br /><br/>
<b>Status Verified : Before sending the proposal</b> <br /><br/>
</div>
</td>
<td></td>
<td>21</td>
<td>com.amt.test.LOU.LOU_used_car_ownbook_individual_hire_funder_accept_with_changes_Test@3b35a229</td></tr>
<tr>
<td title='com.amt.test.HPNR.Acquisition_Quotes_HPNR_PCH_used_car_with_funder_quote_addition_without_maintenance_Test.aquisition_quotes_used_car_edit_cost_price_and_check_OTR_with_maintenance_test()'><b>aquisition_quotes_used_car_edit_cost_price_and_check_OTR_with_maintenance_test</b><br>Test class: com.amt.test.HPNR.Acquisition_Quotes_HPNR_PCH_used_car_with_funder_quote_addition_without_maintenance_Test<br>Parameters: GY19XAG, 15000, 60000, 1000, REF001, 05/12/24, 12, 5000, 1000, 200, 12, 500, 6000, 20, 10000, 6000, 2000, 1000, 239.99, 500, 200, 200, 22, 22000, NO, 0, 200, YES, 0, HPNR (F3)-PCH_Used_car</td>
<td></td>
<td>0</td>
<td>com.amt.test.HPNR.Acquisition_Quotes_HPNR_PCH_used_car_with_funder_quote_addition_without_maintenance_Test@700fb871</td></tr>
<tr>
<td title='com.amt.test.LOU.LOU_used_car_ownbook_individual_hire_funder_accept_with_changes_Test.L5_ownbook_create_opportunity_individual_current_status_after_sending_to_proposal()'><b>L5_ownbook_create_opportunity_individual_current_status_after_sending_to_proposal</b><br>Test class: com.amt.test.LOU.LOU_used_car_ownbook_individual_hire_funder_accept_with_changes_Test<br/>
<a href="#Output-182622806" onClick='toggleBox("Output-182622806", this, "Show output", "Hide output");'>Show output</a>

<a href="#Output-182622806" onClick="toggleAllBoxes();">Show all outputs</a>
<div class='log' id="Output-182622806">
<b>Current Status of Opportunity Status value is = Open</b> <br /><br/>
<b>Current Status of Proposal value is = Proposal Received</b> <br /><br/>
<b>Current Status of Channel value is =  Draft</b> <br /><br/>
<b>Current Status of  Quote ref is = Draft</b> <br /><br/>
<b>Status Verified : After sending the proposal</b> <br /><br/>
</div>
</td>
<td></td>
<td>0</td>
<td>com.amt.test.LOU.LOU_used_car_ownbook_individual_hire_funder_accept_with_changes_Test@3b35a229</td></tr>
<tr>
<td title='com.amt.test.HPNR.Acquisition_Quotes_HPNR_PCH_used_car_with_funder_quote_addition_without_maintenance_Test.aquisition_quotes_holding_cost_calculations_without_maintenance_test()'><b>aquisition_quotes_holding_cost_calculations_without_maintenance_test</b><br>Test class: com.amt.test.HPNR.Acquisition_Quotes_HPNR_PCH_used_car_with_funder_quote_addition_without_maintenance_Test<br>Parameters: GY19XAG, 15000, 60000, 1000, REF001, 05/12/24, 12, 5000, 1000, 200, 12, 500, 6000, 20, 10000, 6000, 2000, 1000, 239.99, 500, 200, 200, 22, 22000, NO, 0, 200, YES, 0, HPNR (F3)-PCH_Used_car<br/>
<a href="#Output-1541057996" onClick='toggleBox("Output-1541057996", this, "Show output", "Hide output");'>Show output</a>

<a href="#Output-1541057996" onClick="toggleAllBoxes();">Show all outputs</a>
<div class='log' id="Output-1541057996">
<b>***********Entered in holding cost page ***********</b> <br /><br/>
<b>***********Holding Cost Calculations has been Started*************</b> <br /><br/>
<b>Writing Holding Cost Summary values to excel has been completed</b> <br /><br/>
<b>Reading Monthly Holding Cost value from excel</b> <br /><br/>
<b>Total_monthly_holding_cost_from_screen =501.00</b> <br /><br/>
<b>Total_monthly_holding_cost_from_excel =501.0</b> <br /><br/>
</div>
</td>
<td></td>
<td>27</td>
<td>com.amt.test.HPNR.Acquisition_Quotes_HPNR_PCH_used_car_with_funder_quote_addition_without_maintenance_Test@700fb871</td></tr>
<tr>
<td title='com.amt.test.LOU.LOU_used_car_ownbook_individual_hire_funder_accept_with_changes_Test.L6_ownbook_sending_contract()'><b>L6_ownbook_sending_contract</b><br>Test class: com.amt.test.LOU.LOU_used_car_ownbook_individual_hire_funder_accept_with_changes_Test<br/>
<a href="#Output-1624191833" onClick='toggleBox("Output-1624191833", this, "Show output", "Hide output");'>Show output</a>

<a href="#Output-1624191833" onClick="toggleAllBoxes();">Show all outputs</a>
<div class='log' id="Output-1624191833">
<b>click on Send_Contract icon</b> <br /><br/>
<b>Contract Sent Successfully</b> <br /><br/>
</div>
</td>
<td></td>
<td>43</td>
<td>com.amt.test.LOU.LOU_used_car_ownbook_individual_hire_funder_accept_with_changes_Test@3b35a229</td></tr>
<tr>
<td title='com.amt.test.LOU.LOU_used_car_ownbook_individual_hire_funder_accept_with_changes_Test.L1_create_lead_convert_to_lead_for_ownbook_individual_flow()'><b>L1_create_lead_convert_to_lead_for_ownbook_individual_flow</b><br>Test class: com.amt.test.LOU.LOU_used_car_ownbook_individual_hire_funder_accept_with_changes_Test<br/>
<a href="#Output-1986740530" onClick='toggleBox("Output-1986740530", this, "Show output", "Hide output");'>Show output</a>

<a href="#Output-1986740530" onClick="toggleAllBoxes();">Show all outputs</a>
<div class='log' id="Output-1986740530">
<b>Clicked on Leads on Side Menu</b> <br /><br/>
<b>Clicked on add lead</b> <br /><br/>
<b>Lead is assigned</b> <br /><br/>
<b>Added data in General Notes</b> <br /><br/>
<b>Customer type - Individual selected</b> <br /><br/>
<b>Clicked on Add new vehicle request</b> <br /><br/>
<b>Clicked on ownbook channel</b> <br /><br/>
<b>Vehicle request for broker has been saved</b> <br /><br/>
<b>Click on Map New Quote icon</b> <br /><br/>
<b>Click on acquisition contract type icon</b> <br /><br/>
<b>Click on customer contract type icon</b> <br /><br/>
<b>Click on search button</b> <br /><br/>
<b>Click on created date button 1st </b> <br /><br/>
<b>Click on created date button 2nd</b> <br /><br/>
<b>New Quote has been mapped with lead</b> <br /><br/>
<b>click ok button on Map  new quote </b> <br /><br/>
<b></b> <br /><br/>
<b>Started Verifying Table values</b> <br /><br/>
<b></b> <br /><br/>
<b>OYR75612 = OYR75612</b> <br /><br/>
<b>Quote no. compared and found ok</b> <br /><br/>
<b></b> <br /><br/>
<b>MERCEDES-BENZ A CLASS AMG HATCHBACK (2019 - Current) A35 4Matic Premium 5dr Auto = MERCEDES-BENZ A CLASS AMG HATCHBACK (2019 - Current) A35 4Matic Premium 5dr Auto</b> <br /><br/>
<b>Vehicle name compared and found ok</b> <br /><br/>
<b></b> <br /><br/>
<b>Personal Contract Hire = Personal Contract Hire</b> <br /><br/>
<b>Contract type compared and found ok</b> <br /><br/>
<b></b> <br /><br/>
<b>1764.11 = 1764.11</b> <br /><br/>
<b>Monthly finance rental compared and found ok</b> <br /><br/>
<b></b> <br /><br/>
<b>5000.0 = 5000.0</b> <br /><br/>
<b>Mileage compared and found ok</b> <br /><br/>
<b></b> <br /><br/>
<b>12.0 = 12.0</b> <br /><br/>
<b>Terms compared and found ok</b> <br /><br/>
<b></b> <br /><br/>
<b>05/12/2024 != 05/12/24</b> <br /><br/>
<b>Expiry date compared but found not ok</b> <br /><br/>
<b>Click on Lead save and Convert button</b> <br /><br/>
<b></b> <br /><br/>
<b>Started Verifying Table values</b> <br /><br/>
<b></b> <br /><br/>
<b>OYR75612 = OYR75612</b> <br /><br/>
<b>Quote no. compared and found ok</b> <br /><br/>
<b></b> <br /><br/>
<b>MERCEDES-BENZ A CLASS AMG HATCHBACK (2019 - Current) A35 4Matic Premium 5dr Auto = MERCEDES-BENZ A CLASS AMG HATCHBACK (2019 - Current) A35 4Matic Premium 5dr Auto</b> <br /><br/>
<b>Vehicle name compared and found ok</b> <br /><br/>
<b></b> <br /><br/>
<b>Personal Contract Hire = Personal Contract Hire</b> <br /><br/>
<b>Contract type compared and found ok</b> <br /><br/>
<b></b> <br /><br/>
<b>1764.11 = 1764.11</b> <br /><br/>
<b>Monthly finance rental compared and found ok</b> <br /><br/>
<b></b> <br /><br/>
<b>5000.0 = 5000.0</b> <br /><br/>
<b>Mileage compared and found ok</b> <br /><br/>
<b></b> <br /><br/>
<b>12.0 = 12.0</b> <br /><br/>
<b>Terms compared and found ok</b> <br /><br/>
<b></b> <br /><br/>
<b>05/12/2024 != 05/12/24</b> <br /><br/>
<b>Expiry date compared but found not ok</b> <br /><br/>
<b></b> <br /><br/>
<b>In Lead created Opportunity Id is =UG-0100</b> <br /><br/>
<b></b> <br /><br/>
</div>
</td>
<td></td>
<td>163</td>
<td>com.amt.test.LOU.LOU_used_car_ownbook_individual_hire_funder_accept_with_changes_Test@3b35a229</td></tr>
<tr>
<td title='com.amt.test.HPNR.Acquisition_Quotes_HPNR_PCH_used_car_with_funder_quote_addition_without_maintenance_Test.aquisition_quotes_used_car_OTR_calculation_with_maintenance_test()'><b>aquisition_quotes_used_car_OTR_calculation_with_maintenance_test</b><br>Test class: com.amt.test.HPNR.Acquisition_Quotes_HPNR_PCH_used_car_with_funder_quote_addition_without_maintenance_Test<br>Parameters: GY19XAG, 15000, 60000, 1000, REF001, 05/12/24, 12, 5000, 1000, 200, 12, 500, 6000, 20, 10000, 6000, 2000, 1000, 239.99, 500, 200, 200, 22, 22000, NO, 0, 200, YES, 0, HPNR (F3)-PCH_Used_car<br/>
<a href="#Output-1508241180" onClick='toggleBox("Output-1508241180", this, "Show output", "Hide output");'>Show output</a>

<a href="#Output-1508241180" onClick="toggleAllBoxes();">Show all outputs</a>
<div class='log' id="Output-1508241180">
<b>Clicked on Quote button </b> <br /><br/>
<b>Selecting used vehicle with registration no. = GY19XAG and mileage = 15000</b> <br /><br/>
<b>Vehicle selected</b> <br /><br/>
<b>Paint option has been selected</b> <br /><br/>
<b>Interior option has been selected</b> <br /><br/>
<b> Acquisition Contract type option = HPNR has been selected</b> <br /><br/>
<b> Customer Contract type option = Personal Contract Hire(PCH) has been selected</b> <br /><br/>
<b>Cost Price ex VAT and RFL from screen is 18375.0</b> <br /><br/>
<b>VAT from screen is 3675.0</b> <br /><br/>
<b>Cost Price ex VAT and RFL calculated is 18375.0</b> <br /><br/>
<b>Cost Price ex VAT and RFL verified and found OK</b> <br /><br/>
</div>
</td>
<td></td>
<td>61</td>
<td>com.amt.test.HPNR.Acquisition_Quotes_HPNR_PCH_used_car_with_funder_quote_addition_without_maintenance_Test@700fb871</td></tr>
<tr>
<td title='com.amt.test.HPNR.Acquisition_Quotes_HPNR_PCH_used_car_with_funder_quote_addition_without_maintenance_Test.aquisition_quotes_quote_summary_values_verification_without_maintenance_test()'><b>aquisition_quotes_quote_summary_values_verification_without_maintenance_test</b><br>Test class: com.amt.test.HPNR.Acquisition_Quotes_HPNR_PCH_used_car_with_funder_quote_addition_without_maintenance_Test<br>Parameters: GY19XAG, 15000, 60000, 1000, REF001, 05/12/24, 12, 5000, 1000, 200, 12, 500, 6000, 20, 10000, 6000, 2000, 1000, 239.99, 500, 200, 200, 22, 22000, NO, 0, 200, YES, 0, HPNR (F3)-PCH_Used_car<br/>
<a href="#Output-2044517728" onClick='toggleBox("Output-2044517728", this, "Show output", "Hide output");'>Show output</a>

<a href="#Output-2044517728" onClick="toggleAllBoxes();">Show all outputs</a>
<div class='log' id="Output-2044517728">
<b>*********Customer Quote generated successfully and Quote_ref_no is=OYR75612</b> <br /><br/>
<b>*************OTR Calulation on quote summary page has been started************</b> <br /><br/>
<b>Reading values from OTR calculation -Quote Summary Page</b> <br /><br/>
<b></b> <br /><br/>
<b>Cost otr price from screen is 22050.0</b> <br /><br/>
<b>Cost price ex vat and rfl from screen is 18375.0</b> <br /><br/>
<b>Otr Vat from screen is 3675.0</b> <br /><br/>
<b></b> <br /><br/>
<b>Cost otr price from excel is 22050.0</b> <br /><br/>
<b>Cost price ex vat and rfl from excel is 18375.0</b> <br /><br/>
<b>Otr Vat from excel is 3675.0</b> <br /><br/>
<b>OTR price compared</b> <br /><br/>
<b>Cost price ex vat and rfl compared</b> <br /><br/>
<b>VAT compared</b> <br /><br/>
<b>*************Holding Cost Calulation on quote summary page has been started************</b> <br /><br/>
<b>Reading values from Holding Cost summary -Quote Summary Page</b> <br /><br/>
<b>holding_cost_terms_from_screen12.0</b> <br /><br/>
<b>holding_cost_miles_per_annum_from_screen5000.0</b> <br /><br/>
<b>holding_cost_monthly_finance_cost_from_screen501.0</b> <br /><br/>
<b>holding_cost_total_monthly_holding_cost_from_screen =501.0</b> <br /><br/>
<b>terms compared</b> <br /><br/>
<b>Miles per annum compared</b> <br /><br/>
<b>Finance cost compared</b> <br /><br/>
<b>Total Monthly Holding Cost compared</b> <br /><br/>
<b>*************Customer Quote Calulation on quote summary page has been started************</b> <br /><br/>
<b>Terms found OK</b> <br /><br/>
<b>miles found OK</b> <br /><br/>
<b>Monthly Finance Rental found OK</b> <br /><br/>
<b>Initial Finance Rental found OK</b> <br /><br/>
<b>Followed By months - found OK</b> <br /><br/>
<b>Pence per excess mile finance - found OK</b> <br /><br/>
<b>Document Fee - found OK</b> <br /><br/>
<b>Upsell - found OK</b> <br /><br/>
<b>Default Finance Commission - found OK</b> <br /><br/>
<b>Upsell Commission - found OK</b> <br /><br/>
<b>Document Fee Commission - found OK</b> <br /><br/>
<b>Total Commission - found OK</b> <br /><br/>
<b>Referrer Commission - found OK</b> <br /><br/>
<b>*************Configuration Values Verification on quote summary page has been started************</b> <br /><br/>
<b>Finance Margin found OK</b> <br /><br/>
<b>Deductions found OK</b> <br /><br/>
<b>Additional Margin found OK</b> <br /><br/>
<b>Total Margin found OK</b> <br /><br/>
<b>Default Broker Margin percentage found OK</b> <br /><br/>
<b>Broker Upsell Margin percentage found OK</b> <br /><br/>
<b>Broker Upsell Margin  found OK</b> <br /><br/>
<b>Document Fee Margin  found OK</b> <br /><br/>
<b>Refferer Margin  found OK</b> <br /><br/>
<b>*************Editing Finance Margin and Verifying Values on quote summary page has been started************</b> <br /><br/>
<b>Finance margin changed to 10000</b> <br /><br/>
<b>Monthly Finance Rental after changing finance margin -  found OK</b> <br /><br/>
<b>Initial Finance Rental found OK</b> <br /><br/>
<b>*************Calculations for Quote Summary page gas been started************</b> <br /><br/>
<b>Reading values from OTR calculation -Quote Summary Page</b> <br /><br/>
<b>Writing completed for some of the important required values to quote save excel sheet in the sheet HPNRPCHFunderQuoteNo</b> <br /><br/>
</div>
</td>
<td></td>
<td>129</td>
<td>com.amt.test.HPNR.Acquisition_Quotes_HPNR_PCH_used_car_with_funder_quote_addition_without_maintenance_Test@700fb871</td></tr>
<tr>
<td title='com.amt.test.LOU.LOU_used_car_ownbook_individual_hire_funder_accept_with_changes_Test.L4_fill_up_the_required_fields_for_sending_a_proposal()'><b>L4_fill_up_the_required_fields_for_sending_a_proposal</b><br>Test class: com.amt.test.LOU.LOU_used_car_ownbook_individual_hire_funder_accept_with_changes_Test<br/>
<a href="#Output-1770718740" onClick='toggleBox("Output-1770718740", this, "Show output", "Hide output");'>Show output</a>

<a href="#Output-1770718740" onClick="toggleAllBoxes();">Show all outputs</a>
<div class='log' id="Output-1770718740">
<b>click on Proposal icon</b> <br /><br/>
<b>Send proposal to customer pop up  will open</b> <br /><br/>
<b>Click on Manual fill radio button - Yes</b> <br /><br/>
<b>Click on manually submit behalf of customer link</b> <br /><br/>
<b></b> <br /><br/>
<b>Proposal Received Successfully</b> <br /><br/>
</div>
</td>
<td></td>
<td>165</td>
<td>com.amt.test.LOU.LOU_used_car_ownbook_individual_hire_funder_accept_with_changes_Test@3b35a229</td></tr>
</table><p>
<table width='100%' border='1' class='invocation-skipped'>
<tr><td colspan='4' align='center'><b>SKIPPED TESTS</b></td></tr>
<tr><td><b>Test method</b></td>
<td width="30%"><b>Exception</b></td>
<td width="10%"><b>Time (seconds)</b></td>
<td><b>Instance</b></td>
</tr>
<tr>
<td title='com.amt.test.LOU.LOU_used_car_ownbook_individual_hire_funder_accept_with_changes_Test.UW3_verify_underwriting_lisitig_page()'><b>UW3_verify_underwriting_lisitig_page</b><br>Test class: com.amt.test.LOU.LOU_used_car_ownbook_individual_hire_funder_accept_with_changes_Test</td>
<td><div><pre>java.lang.Throwable: Method LOU_used_car_ownbook_individual_hire_funder_accept_with_changes_Test.UW3_verify_underwriting_lisitig_page()[pri:12, instance:com.amt.test.LOU.LOU_used_car_ownbook_individual_hire_funder_accept_with_changes_Test@3b35a229] depends on not successfully finished methods
	at java.base/java.util.ArrayList.forEach(ArrayList.java:1511)
... Removed 19 stack frames</pre></div><a href='#' onClick='toggleBox("stack-trace985892514", this, "Click to show all stack frames", "Click to hide stack frames")'>Click to show all stack frames</a>
<div class='stack-trace' id='stack-trace985892514'><pre>java.lang.Throwable: Method LOU_used_car_ownbook_individual_hire_funder_accept_with_changes_Test.UW3_verify_underwriting_lisitig_page()[pri:12, instance:com.amt.test.LOU.LOU_used_car_ownbook_individual_hire_funder_accept_with_changes_Test@3b35a229] depends on not successfully finished methods
	at org.testng.internal.TestInvoker.invokeTestMethods(TestInvoker.java:102)
	at org.testng.internal.TestMethodWorker.invokeTestMethods(TestMethodWorker.java:146)
	at org.testng.internal.TestMethodWorker.run(TestMethodWorker.java:128)
	at java.base/java.util.ArrayList.forEach(ArrayList.java:1511)
	at org.testng.TestRunner.privateRun(TestRunner.java:794)
	at org.testng.TestRunner.run(TestRunner.java:596)
	at org.testng.SuiteRunner.runTest(SuiteRunner.java:377)
	at org.testng.SuiteRunner.runSequentially(SuiteRunner.java:371)
	at org.testng.SuiteRunner.privateRun(SuiteRunner.java:332)
	at org.testng.SuiteRunner.run(SuiteRunner.java:276)
	at org.testng.SuiteRunnerWorker.runSuite(SuiteRunnerWorker.java:53)
	at org.testng.SuiteRunnerWorker.run(SuiteRunnerWorker.java:96)
	at org.testng.TestNG.runSuitesSequentially(TestNG.java:1212)
	at org.testng.TestNG.runSuitesSequentially(TestNG.java:1207)
	at org.testng.TestNG.runSuitesLocally(TestNG.java:1134)
	at org.testng.TestNG.runSuites(TestNG.java:1063)
	at org.testng.TestNG.run(TestNG.java:1031)
	at org.testng.remote.AbstractRemoteTestNG.run(AbstractRemoteTestNG.java:115)
	at org.testng.remote.RemoteTestNG.initAndRun(RemoteTestNG.java:251)
	at org.testng.remote.RemoteTestNG.main(RemoteTestNG.java:77)
</pre></div></td>
<td>0</td>
<td>com.amt.test.LOU.LOU_used_car_ownbook_individual_hire_funder_accept_with_changes_Test@3b35a229</td></tr>
<tr>
<td title='com.amt.test.LOU.LOU_used_car_ownbook_individual_hire_funder_accept_with_changes_Test.UW1_verify_status_after_contract_signed()'><b>UW1_verify_status_after_contract_signed</b><br>Test class: com.amt.test.LOU.LOU_used_car_ownbook_individual_hire_funder_accept_with_changes_Test</td>
<td><div><pre>java.lang.Throwable: Method LOU_used_car_ownbook_individual_hire_funder_accept_with_changes_Test.UW1_verify_status_after_contract_signed()[pri:9, instance:com.amt.test.LOU.LOU_used_car_ownbook_individual_hire_funder_accept_with_changes_Test@3b35a229] depends on not successfully finished methods
	at java.base/java.util.ArrayList.forEach(ArrayList.java:1511)
... Removed 19 stack frames</pre></div><a href='#' onClick='toggleBox("stack-trace1804201322", this, "Click to show all stack frames", "Click to hide stack frames")'>Click to show all stack frames</a>
<div class='stack-trace' id='stack-trace1804201322'><pre>java.lang.Throwable: Method LOU_used_car_ownbook_individual_hire_funder_accept_with_changes_Test.UW1_verify_status_after_contract_signed()[pri:9, instance:com.amt.test.LOU.LOU_used_car_ownbook_individual_hire_funder_accept_with_changes_Test@3b35a229] depends on not successfully finished methods
	at org.testng.internal.TestInvoker.invokeTestMethods(TestInvoker.java:102)
	at org.testng.internal.TestMethodWorker.invokeTestMethods(TestMethodWorker.java:146)
	at org.testng.internal.TestMethodWorker.run(TestMethodWorker.java:128)
	at java.base/java.util.ArrayList.forEach(ArrayList.java:1511)
	at org.testng.TestRunner.privateRun(TestRunner.java:794)
	at org.testng.TestRunner.run(TestRunner.java:596)
	at org.testng.SuiteRunner.runTest(SuiteRunner.java:377)
	at org.testng.SuiteRunner.runSequentially(SuiteRunner.java:371)
	at org.testng.SuiteRunner.privateRun(SuiteRunner.java:332)
	at org.testng.SuiteRunner.run(SuiteRunner.java:276)
	at org.testng.SuiteRunnerWorker.runSuite(SuiteRunnerWorker.java:53)
	at org.testng.SuiteRunnerWorker.run(SuiteRunnerWorker.java:96)
	at org.testng.TestNG.runSuitesSequentially(TestNG.java:1212)
	at org.testng.TestNG.runSuitesSequentially(TestNG.java:1207)
	at org.testng.TestNG.runSuitesLocally(TestNG.java:1134)
	at org.testng.TestNG.runSuites(TestNG.java:1063)
	at org.testng.TestNG.run(TestNG.java:1031)
	at org.testng.remote.AbstractRemoteTestNG.run(AbstractRemoteTestNG.java:115)
	at org.testng.remote.RemoteTestNG.initAndRun(RemoteTestNG.java:251)
	at org.testng.remote.RemoteTestNG.main(RemoteTestNG.java:77)
</pre></div></td>
<td>0</td>
<td>com.amt.test.LOU.LOU_used_car_ownbook_individual_hire_funder_accept_with_changes_Test@3b35a229</td></tr>
<tr>
<td title='com.amt.test.LOU.LOU_used_car_ownbook_individual_hire_funder_accept_with_changes_Test.UW9_verify_ownbook_opportunity_underwriting_accept_with_changes_underwriting_pop_up()'><b>UW9_verify_ownbook_opportunity_underwriting_accept_with_changes_underwriting_pop_up</b><br>Test class: com.amt.test.LOU.LOU_used_car_ownbook_individual_hire_funder_accept_with_changes_Test</td>
<td><div><pre>java.lang.Throwable: Method LOU_used_car_ownbook_individual_hire_funder_accept_with_changes_Test.UW9_verify_ownbook_opportunity_underwriting_accept_with_changes_underwriting_pop_up()[pri:18, instance:com.amt.test.LOU.LOU_used_car_ownbook_individual_hire_funder_accept_with_changes_Test@3b35a229] depends on not successfully finished methods
	at java.base/java.util.ArrayList.forEach(ArrayList.java:1511)
... Removed 19 stack frames</pre></div><a href='#' onClick='toggleBox("stack-trace1917739821", this, "Click to show all stack frames", "Click to hide stack frames")'>Click to show all stack frames</a>
<div class='stack-trace' id='stack-trace1917739821'><pre>java.lang.Throwable: Method LOU_used_car_ownbook_individual_hire_funder_accept_with_changes_Test.UW9_verify_ownbook_opportunity_underwriting_accept_with_changes_underwriting_pop_up()[pri:18, instance:com.amt.test.LOU.LOU_used_car_ownbook_individual_hire_funder_accept_with_changes_Test@3b35a229] depends on not successfully finished methods
	at org.testng.internal.TestInvoker.invokeTestMethods(TestInvoker.java:102)
	at org.testng.internal.TestMethodWorker.invokeTestMethods(TestMethodWorker.java:146)
	at org.testng.internal.TestMethodWorker.run(TestMethodWorker.java:128)
	at java.base/java.util.ArrayList.forEach(ArrayList.java:1511)
	at org.testng.TestRunner.privateRun(TestRunner.java:794)
	at org.testng.TestRunner.run(TestRunner.java:596)
	at org.testng.SuiteRunner.runTest(SuiteRunner.java:377)
	at org.testng.SuiteRunner.runSequentially(SuiteRunner.java:371)
	at org.testng.SuiteRunner.privateRun(SuiteRunner.java:332)
	at org.testng.SuiteRunner.run(SuiteRunner.java:276)
	at org.testng.SuiteRunnerWorker.runSuite(SuiteRunnerWorker.java:53)
	at org.testng.SuiteRunnerWorker.run(SuiteRunnerWorker.java:96)
	at org.testng.TestNG.runSuitesSequentially(TestNG.java:1212)
	at org.testng.TestNG.runSuitesSequentially(TestNG.java:1207)
	at org.testng.TestNG.runSuitesLocally(TestNG.java:1134)
	at org.testng.TestNG.runSuites(TestNG.java:1063)
	at org.testng.TestNG.run(TestNG.java:1031)
	at org.testng.remote.AbstractRemoteTestNG.run(AbstractRemoteTestNG.java:115)
	at org.testng.remote.RemoteTestNG.initAndRun(RemoteTestNG.java:251)
	at org.testng.remote.RemoteTestNG.main(RemoteTestNG.java:77)
</pre></div></td>
<td>0</td>
<td>com.amt.test.LOU.LOU_used_car_ownbook_individual_hire_funder_accept_with_changes_Test@3b35a229</td></tr>
<tr>
<td title='com.amt.test.LOU.LOU_used_car_ownbook_individual_hire_funder_accept_with_changes_Test.UW7_verify_ownbook_opportunity_accept_with_changes_underwriting_pop_up()'><b>UW7_verify_ownbook_opportunity_accept_with_changes_underwriting_pop_up</b><br>Test class: com.amt.test.LOU.LOU_used_car_ownbook_individual_hire_funder_accept_with_changes_Test</td>
<td><div><pre>java.lang.Throwable: Method LOU_used_car_ownbook_individual_hire_funder_accept_with_changes_Test.UW7_verify_ownbook_opportunity_accept_with_changes_underwriting_pop_up()[pri:16, instance:com.amt.test.LOU.LOU_used_car_ownbook_individual_hire_funder_accept_with_changes_Test@3b35a229] depends on not successfully finished methods
	at java.base/java.util.ArrayList.forEach(ArrayList.java:1511)
... Removed 19 stack frames</pre></div><a href='#' onClick='toggleBox("stack-trace1271423564", this, "Click to show all stack frames", "Click to hide stack frames")'>Click to show all stack frames</a>
<div class='stack-trace' id='stack-trace1271423564'><pre>java.lang.Throwable: Method LOU_used_car_ownbook_individual_hire_funder_accept_with_changes_Test.UW7_verify_ownbook_opportunity_accept_with_changes_underwriting_pop_up()[pri:16, instance:com.amt.test.LOU.LOU_used_car_ownbook_individual_hire_funder_accept_with_changes_Test@3b35a229] depends on not successfully finished methods
	at org.testng.internal.TestInvoker.invokeTestMethods(TestInvoker.java:102)
	at org.testng.internal.TestMethodWorker.invokeTestMethods(TestMethodWorker.java:146)
	at org.testng.internal.TestMethodWorker.run(TestMethodWorker.java:128)
	at java.base/java.util.ArrayList.forEach(ArrayList.java:1511)
	at org.testng.TestRunner.privateRun(TestRunner.java:794)
	at org.testng.TestRunner.run(TestRunner.java:596)
	at org.testng.SuiteRunner.runTest(SuiteRunner.java:377)
	at org.testng.SuiteRunner.runSequentially(SuiteRunner.java:371)
	at org.testng.SuiteRunner.privateRun(SuiteRunner.java:332)
	at org.testng.SuiteRunner.run(SuiteRunner.java:276)
	at org.testng.SuiteRunnerWorker.runSuite(SuiteRunnerWorker.java:53)
	at org.testng.SuiteRunnerWorker.run(SuiteRunnerWorker.java:96)
	at org.testng.TestNG.runSuitesSequentially(TestNG.java:1212)
	at org.testng.TestNG.runSuitesSequentially(TestNG.java:1207)
	at org.testng.TestNG.runSuitesLocally(TestNG.java:1134)
	at org.testng.TestNG.runSuites(TestNG.java:1063)
	at org.testng.TestNG.run(TestNG.java:1031)
	at org.testng.remote.AbstractRemoteTestNG.run(AbstractRemoteTestNG.java:115)
	at org.testng.remote.RemoteTestNG.initAndRun(RemoteTestNG.java:251)
	at org.testng.remote.RemoteTestNG.main(RemoteTestNG.java:77)
</pre></div></td>
<td>0</td>
<td>com.amt.test.LOU.LOU_used_car_ownbook_individual_hire_funder_accept_with_changes_Test@3b35a229</td></tr>
<tr>
<td title='com.amt.test.LOU.LOU_used_car_ownbook_individual_hire_funder_accept_with_changes_Test.UW10_ownbook_after_opportunity_underwriting_accept_with_changes_signed_contract_status_with_api_call()'><b>UW10_ownbook_after_opportunity_underwriting_accept_with_changes_signed_contract_status_with_api_call</b><br>Test class: com.amt.test.LOU.LOU_used_car_ownbook_individual_hire_funder_accept_with_changes_Test</td>
<td><div><pre>java.lang.Throwable: Method LOU_used_car_ownbook_individual_hire_funder_accept_with_changes_Test.UW10_ownbook_after_opportunity_underwriting_accept_with_changes_signed_contract_status_with_api_call()[pri:19, instance:com.amt.test.LOU.LOU_used_car_ownbook_individual_hire_funder_accept_with_changes_Test@3b35a229] depends on not successfully finished methods
	at java.base/java.util.ArrayList.forEach(ArrayList.java:1511)
... Removed 19 stack frames</pre></div><a href='#' onClick='toggleBox("stack-trace506928506", this, "Click to show all stack frames", "Click to hide stack frames")'>Click to show all stack frames</a>
<div class='stack-trace' id='stack-trace506928506'><pre>java.lang.Throwable: Method LOU_used_car_ownbook_individual_hire_funder_accept_with_changes_Test.UW10_ownbook_after_opportunity_underwriting_accept_with_changes_signed_contract_status_with_api_call()[pri:19, instance:com.amt.test.LOU.LOU_used_car_ownbook_individual_hire_funder_accept_with_changes_Test@3b35a229] depends on not successfully finished methods
	at org.testng.internal.TestInvoker.invokeTestMethods(TestInvoker.java:102)
	at org.testng.internal.TestMethodWorker.invokeTestMethods(TestMethodWorker.java:146)
	at org.testng.internal.TestMethodWorker.run(TestMethodWorker.java:128)
	at java.base/java.util.ArrayList.forEach(ArrayList.java:1511)
	at org.testng.TestRunner.privateRun(TestRunner.java:794)
	at org.testng.TestRunner.run(TestRunner.java:596)
	at org.testng.SuiteRunner.runTest(SuiteRunner.java:377)
	at org.testng.SuiteRunner.runSequentially(SuiteRunner.java:371)
	at org.testng.SuiteRunner.privateRun(SuiteRunner.java:332)
	at org.testng.SuiteRunner.run(SuiteRunner.java:276)
	at org.testng.SuiteRunnerWorker.runSuite(SuiteRunnerWorker.java:53)
	at org.testng.SuiteRunnerWorker.run(SuiteRunnerWorker.java:96)
	at org.testng.TestNG.runSuitesSequentially(TestNG.java:1212)
	at org.testng.TestNG.runSuitesSequentially(TestNG.java:1207)
	at org.testng.TestNG.runSuitesLocally(TestNG.java:1134)
	at org.testng.TestNG.runSuites(TestNG.java:1063)
	at org.testng.TestNG.run(TestNG.java:1031)
	at org.testng.remote.AbstractRemoteTestNG.run(AbstractRemoteTestNG.java:115)
	at org.testng.remote.RemoteTestNG.initAndRun(RemoteTestNG.java:251)
	at org.testng.remote.RemoteTestNG.main(RemoteTestNG.java:77)
</pre></div></td>
<td>0</td>
<td>com.amt.test.LOU.LOU_used_car_ownbook_individual_hire_funder_accept_with_changes_Test@3b35a229</td></tr>
<tr>
<td title='com.amt.test.LOU.LOU_used_car_ownbook_individual_hire_funder_accept_with_changes_Test.UW2_verify_status_after_sending_to_underwriting()'><b>UW2_verify_status_after_sending_to_underwriting</b><br>Test class: com.amt.test.LOU.LOU_used_car_ownbook_individual_hire_funder_accept_with_changes_Test</td>
<td><div><pre>java.lang.Throwable: Method LOU_used_car_ownbook_individual_hire_funder_accept_with_changes_Test.UW2_verify_status_after_sending_to_underwriting()[pri:11, instance:com.amt.test.LOU.LOU_used_car_ownbook_individual_hire_funder_accept_with_changes_Test@3b35a229] depends on not successfully finished methods
	at java.base/java.util.ArrayList.forEach(ArrayList.java:1511)
... Removed 19 stack frames</pre></div><a href='#' onClick='toggleBox("stack-trace1867381858", this, "Click to show all stack frames", "Click to hide stack frames")'>Click to show all stack frames</a>
<div class='stack-trace' id='stack-trace1867381858'><pre>java.lang.Throwable: Method LOU_used_car_ownbook_individual_hire_funder_accept_with_changes_Test.UW2_verify_status_after_sending_to_underwriting()[pri:11, instance:com.amt.test.LOU.LOU_used_car_ownbook_individual_hire_funder_accept_with_changes_Test@3b35a229] depends on not successfully finished methods
	at org.testng.internal.TestInvoker.invokeTestMethods(TestInvoker.java:102)
	at org.testng.internal.TestMethodWorker.invokeTestMethods(TestMethodWorker.java:146)
	at org.testng.internal.TestMethodWorker.run(TestMethodWorker.java:128)
	at java.base/java.util.ArrayList.forEach(ArrayList.java:1511)
	at org.testng.TestRunner.privateRun(TestRunner.java:794)
	at org.testng.TestRunner.run(TestRunner.java:596)
	at org.testng.SuiteRunner.runTest(SuiteRunner.java:377)
	at org.testng.SuiteRunner.runSequentially(SuiteRunner.java:371)
	at org.testng.SuiteRunner.privateRun(SuiteRunner.java:332)
	at org.testng.SuiteRunner.run(SuiteRunner.java:276)
	at org.testng.SuiteRunnerWorker.runSuite(SuiteRunnerWorker.java:53)
	at org.testng.SuiteRunnerWorker.run(SuiteRunnerWorker.java:96)
	at org.testng.TestNG.runSuitesSequentially(TestNG.java:1212)
	at org.testng.TestNG.runSuitesSequentially(TestNG.java:1207)
	at org.testng.TestNG.runSuitesLocally(TestNG.java:1134)
	at org.testng.TestNG.runSuites(TestNG.java:1063)
	at org.testng.TestNG.run(TestNG.java:1031)
	at org.testng.remote.AbstractRemoteTestNG.run(AbstractRemoteTestNG.java:115)
	at org.testng.remote.RemoteTestNG.initAndRun(RemoteTestNG.java:251)
	at org.testng.remote.RemoteTestNG.main(RemoteTestNG.java:77)
</pre></div></td>
<td>0</td>
<td>com.amt.test.LOU.LOU_used_car_ownbook_individual_hire_funder_accept_with_changes_Test@3b35a229</td></tr>
<tr>
<td title='com.amt.test.LOU.LOU_used_car_ownbook_individual_hire_funder_accept_with_changes_Test.UW8_verify_ownbook_opportunity_underwriting_accept_with_changes_cancel_flow_verification()'><b>UW8_verify_ownbook_opportunity_underwriting_accept_with_changes_cancel_flow_verification</b><br>Test class: com.amt.test.LOU.LOU_used_car_ownbook_individual_hire_funder_accept_with_changes_Test</td>
<td><div><pre>java.lang.Throwable: Method LOU_used_car_ownbook_individual_hire_funder_accept_with_changes_Test.UW8_verify_ownbook_opportunity_underwriting_accept_with_changes_cancel_flow_verification()[pri:17, instance:com.amt.test.LOU.LOU_used_car_ownbook_individual_hire_funder_accept_with_changes_Test@3b35a229] depends on not successfully finished methods
	at java.base/java.util.ArrayList.forEach(ArrayList.java:1511)
... Removed 19 stack frames</pre></div><a href='#' onClick='toggleBox("stack-trace1746487146", this, "Click to show all stack frames", "Click to hide stack frames")'>Click to show all stack frames</a>
<div class='stack-trace' id='stack-trace1746487146'><pre>java.lang.Throwable: Method LOU_used_car_ownbook_individual_hire_funder_accept_with_changes_Test.UW8_verify_ownbook_opportunity_underwriting_accept_with_changes_cancel_flow_verification()[pri:17, instance:com.amt.test.LOU.LOU_used_car_ownbook_individual_hire_funder_accept_with_changes_Test@3b35a229] depends on not successfully finished methods
	at org.testng.internal.TestInvoker.invokeTestMethods(TestInvoker.java:102)
	at org.testng.internal.TestMethodWorker.invokeTestMethods(TestMethodWorker.java:146)
	at org.testng.internal.TestMethodWorker.run(TestMethodWorker.java:128)
	at java.base/java.util.ArrayList.forEach(ArrayList.java:1511)
	at org.testng.TestRunner.privateRun(TestRunner.java:794)
	at org.testng.TestRunner.run(TestRunner.java:596)
	at org.testng.SuiteRunner.runTest(SuiteRunner.java:377)
	at org.testng.SuiteRunner.runSequentially(SuiteRunner.java:371)
	at org.testng.SuiteRunner.privateRun(SuiteRunner.java:332)
	at org.testng.SuiteRunner.run(SuiteRunner.java:276)
	at org.testng.SuiteRunnerWorker.runSuite(SuiteRunnerWorker.java:53)
	at org.testng.SuiteRunnerWorker.run(SuiteRunnerWorker.java:96)
	at org.testng.TestNG.runSuitesSequentially(TestNG.java:1212)
	at org.testng.TestNG.runSuitesSequentially(TestNG.java:1207)
	at org.testng.TestNG.runSuitesLocally(TestNG.java:1134)
	at org.testng.TestNG.runSuites(TestNG.java:1063)
	at org.testng.TestNG.run(TestNG.java:1031)
	at org.testng.remote.AbstractRemoteTestNG.run(AbstractRemoteTestNG.java:115)
	at org.testng.remote.RemoteTestNG.initAndRun(RemoteTestNG.java:251)
	at org.testng.remote.RemoteTestNG.main(RemoteTestNG.java:77)
</pre></div></td>
<td>0</td>
<td>com.amt.test.LOU.LOU_used_car_ownbook_individual_hire_funder_accept_with_changes_Test@3b35a229</td></tr>
<tr>
<td title='com.amt.test.LOU.LOU_used_car_ownbook_individual_hire_funder_accept_with_changes_Test.UW6_verify_ownbook_opportunity_search_text_box_accept_with_changes()'><b>UW6_verify_ownbook_opportunity_search_text_box_accept_with_changes</b><br>Test class: com.amt.test.LOU.LOU_used_car_ownbook_individual_hire_funder_accept_with_changes_Test</td>
<td><div><pre>java.lang.Throwable: Method LOU_used_car_ownbook_individual_hire_funder_accept_with_changes_Test.UW6_verify_ownbook_opportunity_search_text_box_accept_with_changes()[pri:15, instance:com.amt.test.LOU.LOU_used_car_ownbook_individual_hire_funder_accept_with_changes_Test@3b35a229] depends on not successfully finished methods
	at java.base/java.util.ArrayList.forEach(ArrayList.java:1511)
... Removed 19 stack frames</pre></div><a href='#' onClick='toggleBox("stack-trace1854335794", this, "Click to show all stack frames", "Click to hide stack frames")'>Click to show all stack frames</a>
<div class='stack-trace' id='stack-trace1854335794'><pre>java.lang.Throwable: Method LOU_used_car_ownbook_individual_hire_funder_accept_with_changes_Test.UW6_verify_ownbook_opportunity_search_text_box_accept_with_changes()[pri:15, instance:com.amt.test.LOU.LOU_used_car_ownbook_individual_hire_funder_accept_with_changes_Test@3b35a229] depends on not successfully finished methods
	at org.testng.internal.TestInvoker.invokeTestMethods(TestInvoker.java:102)
	at org.testng.internal.TestMethodWorker.invokeTestMethods(TestMethodWorker.java:146)
	at org.testng.internal.TestMethodWorker.run(TestMethodWorker.java:128)
	at java.base/java.util.ArrayList.forEach(ArrayList.java:1511)
	at org.testng.TestRunner.privateRun(TestRunner.java:794)
	at org.testng.TestRunner.run(TestRunner.java:596)
	at org.testng.SuiteRunner.runTest(SuiteRunner.java:377)
	at org.testng.SuiteRunner.runSequentially(SuiteRunner.java:371)
	at org.testng.SuiteRunner.privateRun(SuiteRunner.java:332)
	at org.testng.SuiteRunner.run(SuiteRunner.java:276)
	at org.testng.SuiteRunnerWorker.runSuite(SuiteRunnerWorker.java:53)
	at org.testng.SuiteRunnerWorker.run(SuiteRunnerWorker.java:96)
	at org.testng.TestNG.runSuitesSequentially(TestNG.java:1212)
	at org.testng.TestNG.runSuitesSequentially(TestNG.java:1207)
	at org.testng.TestNG.runSuitesLocally(TestNG.java:1134)
	at org.testng.TestNG.runSuites(TestNG.java:1063)
	at org.testng.TestNG.run(TestNG.java:1031)
	at org.testng.remote.AbstractRemoteTestNG.run(AbstractRemoteTestNG.java:115)
	at org.testng.remote.RemoteTestNG.initAndRun(RemoteTestNG.java:251)
	at org.testng.remote.RemoteTestNG.main(RemoteTestNG.java:77)
</pre></div></td>
<td>0</td>
<td>com.amt.test.LOU.LOU_used_car_ownbook_individual_hire_funder_accept_with_changes_Test@3b35a229</td></tr>
<tr>
<td title='com.amt.test.LOU.LOU_used_car_ownbook_individual_hire_funder_accept_with_changes_Test.UW5_ownbook_underwriting_decision_accept_with_changes()'><b>UW5_ownbook_underwriting_decision_accept_with_changes</b><br>Test class: com.amt.test.LOU.LOU_used_car_ownbook_individual_hire_funder_accept_with_changes_Test</td>
<td><div><pre>java.lang.Throwable: Method LOU_used_car_ownbook_individual_hire_funder_accept_with_changes_Test.UW5_ownbook_underwriting_decision_accept_with_changes()[pri:14, instance:com.amt.test.LOU.LOU_used_car_ownbook_individual_hire_funder_accept_with_changes_Test@3b35a229] depends on not successfully finished methods
	at java.base/java.util.ArrayList.forEach(ArrayList.java:1511)
... Removed 19 stack frames</pre></div><a href='#' onClick='toggleBox("stack-trace476205016", this, "Click to show all stack frames", "Click to hide stack frames")'>Click to show all stack frames</a>
<div class='stack-trace' id='stack-trace476205016'><pre>java.lang.Throwable: Method LOU_used_car_ownbook_individual_hire_funder_accept_with_changes_Test.UW5_ownbook_underwriting_decision_accept_with_changes()[pri:14, instance:com.amt.test.LOU.LOU_used_car_ownbook_individual_hire_funder_accept_with_changes_Test@3b35a229] depends on not successfully finished methods
	at org.testng.internal.TestInvoker.invokeTestMethods(TestInvoker.java:102)
	at org.testng.internal.TestMethodWorker.invokeTestMethods(TestMethodWorker.java:146)
	at org.testng.internal.TestMethodWorker.run(TestMethodWorker.java:128)
	at java.base/java.util.ArrayList.forEach(ArrayList.java:1511)
	at org.testng.TestRunner.privateRun(TestRunner.java:794)
	at org.testng.TestRunner.run(TestRunner.java:596)
	at org.testng.SuiteRunner.runTest(SuiteRunner.java:377)
	at org.testng.SuiteRunner.runSequentially(SuiteRunner.java:371)
	at org.testng.SuiteRunner.privateRun(SuiteRunner.java:332)
	at org.testng.SuiteRunner.run(SuiteRunner.java:276)
	at org.testng.SuiteRunnerWorker.runSuite(SuiteRunnerWorker.java:53)
	at org.testng.SuiteRunnerWorker.run(SuiteRunnerWorker.java:96)
	at org.testng.TestNG.runSuitesSequentially(TestNG.java:1212)
	at org.testng.TestNG.runSuitesSequentially(TestNG.java:1207)
	at org.testng.TestNG.runSuitesLocally(TestNG.java:1134)
	at org.testng.TestNG.runSuites(TestNG.java:1063)
	at org.testng.TestNG.run(TestNG.java:1031)
	at org.testng.remote.AbstractRemoteTestNG.run(AbstractRemoteTestNG.java:115)
	at org.testng.remote.RemoteTestNG.initAndRun(RemoteTestNG.java:251)
	at org.testng.remote.RemoteTestNG.main(RemoteTestNG.java:77)
</pre></div></td>
<td>0</td>
<td>com.amt.test.LOU.LOU_used_car_ownbook_individual_hire_funder_accept_with_changes_Test@3b35a229</td></tr>
<tr>
<td title='com.amt.test.LOU.LOU_used_car_ownbook_individual_hire_funder_accept_with_changes_Test.UW4_verify_values_on_underwriting_quote_tab_for_ownbook_individual_flow()'><b>UW4_verify_values_on_underwriting_quote_tab_for_ownbook_individual_flow</b><br>Test class: com.amt.test.LOU.LOU_used_car_ownbook_individual_hire_funder_accept_with_changes_Test</td>
<td><div><pre>java.lang.Throwable: Method LOU_used_car_ownbook_individual_hire_funder_accept_with_changes_Test.UW4_verify_values_on_underwriting_quote_tab_for_ownbook_individual_flow()[pri:13, instance:com.amt.test.LOU.LOU_used_car_ownbook_individual_hire_funder_accept_with_changes_Test@3b35a229] depends on not successfully finished methods
	at java.base/java.util.ArrayList.forEach(ArrayList.java:1511)
... Removed 19 stack frames</pre></div><a href='#' onClick='toggleBox("stack-trace749113659", this, "Click to show all stack frames", "Click to hide stack frames")'>Click to show all stack frames</a>
<div class='stack-trace' id='stack-trace749113659'><pre>java.lang.Throwable: Method LOU_used_car_ownbook_individual_hire_funder_accept_with_changes_Test.UW4_verify_values_on_underwriting_quote_tab_for_ownbook_individual_flow()[pri:13, instance:com.amt.test.LOU.LOU_used_car_ownbook_individual_hire_funder_accept_with_changes_Test@3b35a229] depends on not successfully finished methods
	at org.testng.internal.TestInvoker.invokeTestMethods(TestInvoker.java:102)
	at org.testng.internal.TestMethodWorker.invokeTestMethods(TestMethodWorker.java:146)
	at org.testng.internal.TestMethodWorker.run(TestMethodWorker.java:128)
	at java.base/java.util.ArrayList.forEach(ArrayList.java:1511)
	at org.testng.TestRunner.privateRun(TestRunner.java:794)
	at org.testng.TestRunner.run(TestRunner.java:596)
	at org.testng.SuiteRunner.runTest(SuiteRunner.java:377)
	at org.testng.SuiteRunner.runSequentially(SuiteRunner.java:371)
	at org.testng.SuiteRunner.privateRun(SuiteRunner.java:332)
	at org.testng.SuiteRunner.run(SuiteRunner.java:276)
	at org.testng.SuiteRunnerWorker.runSuite(SuiteRunnerWorker.java:53)
	at org.testng.SuiteRunnerWorker.run(SuiteRunnerWorker.java:96)
	at org.testng.TestNG.runSuitesSequentially(TestNG.java:1212)
	at org.testng.TestNG.runSuitesSequentially(TestNG.java:1207)
	at org.testng.TestNG.runSuitesLocally(TestNG.java:1134)
	at org.testng.TestNG.runSuites(TestNG.java:1063)
	at org.testng.TestNG.run(TestNG.java:1031)
	at org.testng.remote.AbstractRemoteTestNG.run(AbstractRemoteTestNG.java:115)
	at org.testng.remote.RemoteTestNG.initAndRun(RemoteTestNG.java:251)
	at org.testng.remote.RemoteTestNG.main(RemoteTestNG.java:77)
</pre></div></td>
<td>0</td>
<td>com.amt.test.LOU.LOU_used_car_ownbook_individual_hire_funder_accept_with_changes_Test@3b35a229</td></tr>
<tr>
<td title='com.amt.test.LOU.LOU_used_car_ownbook_individual_hire_funder_accept_with_changes_Test.UW2_verify_underwriting_pop_up_summary_values_for_ownbook_individual_flow()'><b>UW2_verify_underwriting_pop_up_summary_values_for_ownbook_individual_flow</b><br>Test class: com.amt.test.LOU.LOU_used_car_ownbook_individual_hire_funder_accept_with_changes_Test</td>
<td><div><pre>java.lang.Throwable: Method LOU_used_car_ownbook_individual_hire_funder_accept_with_changes_Test.UW2_verify_underwriting_pop_up_summary_values_for_ownbook_individual_flow()[pri:10, instance:com.amt.test.LOU.LOU_used_car_ownbook_individual_hire_funder_accept_with_changes_Test@3b35a229] depends on not successfully finished methods
	at java.base/java.util.ArrayList.forEach(ArrayList.java:1511)
... Removed 19 stack frames</pre></div><a href='#' onClick='toggleBox("stack-trace756275725", this, "Click to show all stack frames", "Click to hide stack frames")'>Click to show all stack frames</a>
<div class='stack-trace' id='stack-trace756275725'><pre>java.lang.Throwable: Method LOU_used_car_ownbook_individual_hire_funder_accept_with_changes_Test.UW2_verify_underwriting_pop_up_summary_values_for_ownbook_individual_flow()[pri:10, instance:com.amt.test.LOU.LOU_used_car_ownbook_individual_hire_funder_accept_with_changes_Test@3b35a229] depends on not successfully finished methods
	at org.testng.internal.TestInvoker.invokeTestMethods(TestInvoker.java:102)
	at org.testng.internal.TestMethodWorker.invokeTestMethods(TestMethodWorker.java:146)
	at org.testng.internal.TestMethodWorker.run(TestMethodWorker.java:128)
	at java.base/java.util.ArrayList.forEach(ArrayList.java:1511)
	at org.testng.TestRunner.privateRun(TestRunner.java:794)
	at org.testng.TestRunner.run(TestRunner.java:596)
	at org.testng.SuiteRunner.runTest(SuiteRunner.java:377)
	at org.testng.SuiteRunner.runSequentially(SuiteRunner.java:371)
	at org.testng.SuiteRunner.privateRun(SuiteRunner.java:332)
	at org.testng.SuiteRunner.run(SuiteRunner.java:276)
	at org.testng.SuiteRunnerWorker.runSuite(SuiteRunnerWorker.java:53)
	at org.testng.SuiteRunnerWorker.run(SuiteRunnerWorker.java:96)
	at org.testng.TestNG.runSuitesSequentially(TestNG.java:1212)
	at org.testng.TestNG.runSuitesSequentially(TestNG.java:1207)
	at org.testng.TestNG.runSuitesLocally(TestNG.java:1134)
	at org.testng.TestNG.runSuites(TestNG.java:1063)
	at org.testng.TestNG.run(TestNG.java:1031)
	at org.testng.remote.AbstractRemoteTestNG.run(AbstractRemoteTestNG.java:115)
	at org.testng.remote.RemoteTestNG.initAndRun(RemoteTestNG.java:251)
	at org.testng.remote.RemoteTestNG.main(RemoteTestNG.java:77)
</pre></div></td>
<td>0</td>
<td>com.amt.test.LOU.LOU_used_car_ownbook_individual_hire_funder_accept_with_changes_Test@3b35a229</td></tr>
<tr>
<td title='com.amt.test.LOU.LOU_used_car_ownbook_individual_hire_funder_accept_with_changes_Test.OP1_ownbook_after_Underwriting_accepted_mothlty_payment_price()'><b>OP1_ownbook_after_Underwriting_accepted_mothlty_payment_price</b><br>Test class: com.amt.test.LOU.LOU_used_car_ownbook_individual_hire_funder_accept_with_changes_Test</td>
<td><div><pre>java.lang.Throwable: Method LOU_used_car_ownbook_individual_hire_funder_accept_with_changes_Test.OP1_ownbook_after_Underwriting_accepted_mothlty_payment_price()[pri:20, instance:com.amt.test.LOU.LOU_used_car_ownbook_individual_hire_funder_accept_with_changes_Test@3b35a229] depends on not successfully finished methods
	at java.base/java.util.ArrayList.forEach(ArrayList.java:1511)
... Removed 19 stack frames</pre></div><a href='#' onClick='toggleBox("stack-trace4447164", this, "Click to show all stack frames", "Click to hide stack frames")'>Click to show all stack frames</a>
<div class='stack-trace' id='stack-trace4447164'><pre>java.lang.Throwable: Method LOU_used_car_ownbook_individual_hire_funder_accept_with_changes_Test.OP1_ownbook_after_Underwriting_accepted_mothlty_payment_price()[pri:20, instance:com.amt.test.LOU.LOU_used_car_ownbook_individual_hire_funder_accept_with_changes_Test@3b35a229] depends on not successfully finished methods
	at org.testng.internal.TestInvoker.invokeTestMethods(TestInvoker.java:102)
	at org.testng.internal.TestMethodWorker.invokeTestMethods(TestMethodWorker.java:146)
	at org.testng.internal.TestMethodWorker.run(TestMethodWorker.java:128)
	at java.base/java.util.ArrayList.forEach(ArrayList.java:1511)
	at org.testng.TestRunner.privateRun(TestRunner.java:794)
	at org.testng.TestRunner.run(TestRunner.java:596)
	at org.testng.SuiteRunner.runTest(SuiteRunner.java:377)
	at org.testng.SuiteRunner.runSequentially(SuiteRunner.java:371)
	at org.testng.SuiteRunner.privateRun(SuiteRunner.java:332)
	at org.testng.SuiteRunner.run(SuiteRunner.java:276)
	at org.testng.SuiteRunnerWorker.runSuite(SuiteRunnerWorker.java:53)
	at org.testng.SuiteRunnerWorker.run(SuiteRunnerWorker.java:96)
	at org.testng.TestNG.runSuitesSequentially(TestNG.java:1212)
	at org.testng.TestNG.runSuitesSequentially(TestNG.java:1207)
	at org.testng.TestNG.runSuitesLocally(TestNG.java:1134)
	at org.testng.TestNG.runSuites(TestNG.java:1063)
	at org.testng.TestNG.run(TestNG.java:1031)
	at org.testng.remote.AbstractRemoteTestNG.run(AbstractRemoteTestNG.java:115)
	at org.testng.remote.RemoteTestNG.initAndRun(RemoteTestNG.java:251)
	at org.testng.remote.RemoteTestNG.main(RemoteTestNG.java:77)
</pre></div></td>
<td>0</td>
<td>com.amt.test.LOU.LOU_used_car_ownbook_individual_hire_funder_accept_with_changes_Test@3b35a229</td></tr>
</table><p>
</body>
</html>