<!DOCTYPE html>

<html>
  <head>
  <meta charset='utf-8'>
  <title>TestNG reports</title>

    <link type="text/css" href="testng-reports1.css" rel="stylesheet" id="ultra" />
    <link type="text/css" href="testng-reports.css" rel="stylesheet" id="retro" disabled="false"/>
    <script type="text/javascript" src="jquery.min.js"></script>
    <script type="text/javascript" src="testng-reports.js"></script>
    <script type="text/javascript" src="https://www.google.com/jsapi"></script>
    <script type='text/javascript'>
      google.load('visualization', '1', {packages:['table']});
      google.setOnLoadCallback(drawTable);
      var suiteTableInitFunctions = new Array();
      var suiteTableData = new Array();
    </script>
    <!--
      <script type="text/javascript" src="jquery-ui/js/jquery-ui-1.8.16.custom.min.js"></script>
     -->
  </head>

  <body>
    <div class="top-banner-root">
      <span class="top-banner-title-font">Test results</span>
      <button id="button" class="button">Switch Retro Theme</button> <!-- button -->
      <br/>
      <span class="top-banner-font-1">1 suite, 8 failed tests</span>
    </div> <!-- top-banner-root -->
    <div class="navigator-root">
      <div class="navigator-suite-header">
        <span>All suites</span>
        <a href="#" title="Collapse/expand all the suites" class="collapse-all-link">
          <img src="collapseall.gif" class="collapse-all-icon">
          </img> <!-- collapse-all-icon -->
        </a> <!-- collapse-all-link -->
      </div> <!-- navigator-suite-header -->
      <div class="suite">
        <div class="rounded-window">
          <div class="suite-header light-rounded-window-top">
            <a href="#" panel-name="suite-Default_suite" class="navigator-link">
              <span class="suite-name border-failed">Default suite</span>
            </a> <!-- navigator-link -->
          </div> <!-- suite-header light-rounded-window-top -->
          <div class="navigator-suite-content">
            <div class="suite-section-title">
              <span>Info</span>
            </div> <!-- suite-section-title -->
            <div class="suite-section-content">
              <ul>
                <li>
                  <a href="#" panel-name="test-xml-Default_suite" class="navigator-link ">
                    <span>C:\Users\mehul.nagar\AppData\Local\Temp\testng-eclipse-859067859\testng-customsuite.xml</span>
                  </a> <!-- navigator-link  -->
                </li>
                <li>
                  <a href="#" panel-name="testlist-Default_suite" class="navigator-link ">
                    <span class="test-stats">1 test</span>
                  </a> <!-- navigator-link  -->
                </li>
                <li>
                  <a href="#" panel-name="group-Default_suite" class="navigator-link ">
                    <span>0 groups</span>
                  </a> <!-- navigator-link  -->
                </li>
                <li>
                  <a href="#" panel-name="times-Default_suite" class="navigator-link ">
                    <span>Times</span>
                  </a> <!-- navigator-link  -->
                </li>
                <li>
                  <a href="#" panel-name="reporter-Default_suite" class="navigator-link ">
                    <span>Reporter output</span>
                  </a> <!-- navigator-link  -->
                </li>
                <li>
                  <a href="#" panel-name="ignored-methods-Default_suite" class="navigator-link ">
                    <span>Ignored methods</span>
                  </a> <!-- navigator-link  -->
                </li>
                <li>
                  <a href="#" panel-name="chronological-Default_suite" class="navigator-link ">
                    <span>Chronological view</span>
                  </a> <!-- navigator-link  -->
                </li>
              </ul>
            </div> <!-- suite-section-content -->
            <div class="result-section">
              <div class="suite-section-title">
                <span>Results</span>
              </div> <!-- suite-section-title -->
              <div class="suite-section-content">
                <ul>
                  <li>
                    <span class="method-stats">20 methods, 8 failed,   12 passed</span>
                  </li>
                  <li>
                    <span class="method-list-title failed">Failed methods</span>
                    <span class="show-or-hide-methods failed">
                      <a href="#" panel-name="suite-Default_suite" class="hide-methods failed suite-Default_suite"> (hide)</a> <!-- hide-methods failed suite-Default_suite -->
                      <a href="#" panel-name="suite-Default_suite" class="show-methods failed suite-Default_suite"> (show)</a> <!-- show-methods failed suite-Default_suite -->
                    </span>
                    <div class="method-list-content failed suite-Default_suite">
                      <span>
                        <img src="failed.png" width="3%"/>
                        <a href="#" panel-name="suite-Default_suite" title="com.amt.test.LOU.Lead_ownbook_business_flow_edit_accept_flow_test" class="method navigator-link" hash-for-method="L7_ownbook_create_opportunity_business_currentstatus_after_sending_to_contract">L7_ownbook_create_opportunity_business_currentstatus_after_sending_to_contract</a> <!-- method navigator-link -->
                      </span>
                      <br/>
                      <span>
                        <img src="failed.png" width="3%"/>
                        <a href="#" panel-name="suite-Default_suite" title="com.amt.test.LOU.Lead_ownbook_business_flow_edit_accept_flow_test" class="method navigator-link" hash-for-method="OP1_verify_underwriting_flow_ownbook_after_contract_signed_with_latest_changes_">OP1_verify_underwriting_flow_ownbook_after_contract_signed_with_latest_changes_</a> <!-- method navigator-link -->
                      </span>
                      <br/>
                      <span>
                        <img src="failed.png" width="3%"/>
                        <a href="#" panel-name="suite-Default_suite" title="com.amt.test.LOU.Lead_ownbook_business_flow_edit_accept_flow_test" class="method navigator-link" hash-for-method="UW5_verify_ownbook_underwriting_proposal_decision_accept_with_changes">UW5_verify_ownbook_underwriting_proposal_decision_accept_with_changes</a> <!-- method navigator-link -->
                      </span>
                      <br/>
                      <span>
                        <img src="failed.png" width="3%"/>
                        <a href="#" panel-name="suite-Default_suite" title="com.amt.test.LOU.Lead_ownbook_business_flow_edit_accept_flow_test" class="method navigator-link" hash-for-method="UW7_verify_ownbook_opportunity_accept_with_changes_underwriting_pop_up">UW7_verify_ownbook_opportunity_accept_with_changes_underwriting_pop_up</a> <!-- method navigator-link -->
                      </span>
                      <br/>
                      <span>
                        <img src="failed.png" width="3%"/>
                        <a href="#" panel-name="suite-Default_suite" title="com.amt.test.LOU.Lead_ownbook_business_flow_edit_accept_flow_test" class="method navigator-link" hash-for-method="UW8_verify_ownbook_opportunity_underwriting_accept_with_changes_cancel_flow_verification">UW8_verify_ownbook_opportunity_underwriting_accept_with_changes_cancel_flow_verification</a> <!-- method navigator-link -->
                      </span>
                      <br/>
                      <span>
                        <img src="failed.png" width="3%"/>
                        <a href="#" panel-name="suite-Default_suite" title="com.amt.test.LOU.Lead_ownbook_business_flow_edit_accept_flow_test" class="method navigator-link" hash-for-method="UW8_verify_ownbook_opportunity_underwriting_accept_with_changes_underwriting_pop_up">UW8_verify_ownbook_opportunity_underwriting_accept_with_changes_underwriting_pop_up</a> <!-- method navigator-link -->
                      </span>
                      <br/>
                      <span>
                        <img src="failed.png" width="3%"/>
                        <a href="#" panel-name="suite-Default_suite" title="com.amt.test.LOU.Lead_ownbook_business_flow_edit_accept_flow_test" class="method navigator-link" hash-for-method="UW9B_ownbook_after_Underwriting_accepted_mothlty_payment_price">UW9B_ownbook_after_Underwriting_accepted_mothlty_payment_price</a> <!-- method navigator-link -->
                      </span>
                      <br/>
                      <span>
                        <img src="failed.png" width="3%"/>
                        <a href="#" panel-name="suite-Default_suite" title="com.amt.test.LOU.Lead_ownbook_business_flow_edit_accept_flow_test" class="method navigator-link" hash-for-method="UW9_ownbook_after_opportunity_underwriting_accept_with_changes_signed_contract_status_with_api_call">UW9_ownbook_after_opportunity_underwriting_accept_with_changes_signed_contract_status_with_api_call</a> <!-- method navigator-link -->
                      </span>
                      <br/>
                    </div> <!-- method-list-content failed suite-Default_suite -->
                  </li>
                  <li>
                    <span class="method-list-title passed">Passed methods</span>
                    <span class="show-or-hide-methods passed">
                      <a href="#" panel-name="suite-Default_suite" class="hide-methods passed suite-Default_suite"> (hide)</a> <!-- hide-methods passed suite-Default_suite -->
                      <a href="#" panel-name="suite-Default_suite" class="show-methods passed suite-Default_suite"> (show)</a> <!-- show-methods passed suite-Default_suite -->
                    </span>
                    <div class="method-list-content passed suite-Default_suite">
                      <span>
                        <img src="passed.png" width="3%"/>
                        <a href="#" panel-name="suite-Default_suite" title="com.amt.test.LOU.Lead_ownbook_business_flow_edit_accept_flow_test" class="method navigator-link" hash-for-method="L1_ownbook_create_lead_business">L1_ownbook_create_lead_business</a> <!-- method navigator-link -->
                      </span>
                      <br/>
                      <span>
                        <img src="passed.png" width="3%"/>
                        <a href="#" panel-name="suite-Default_suite" title="com.amt.test.LOU.Lead_ownbook_business_flow_edit_accept_flow_test" class="method navigator-link" hash-for-method="L2_ownbook_create_opportunity_business">L2_ownbook_create_opportunity_business</a> <!-- method navigator-link -->
                      </span>
                      <br/>
                      <span>
                        <img src="passed.png" width="3%"/>
                        <a href="#" panel-name="suite-Default_suite" title="com.amt.test.LOU.Lead_ownbook_business_flow_edit_accept_flow_test" class="method navigator-link" hash-for-method="L3_Ownbook_create_opportunity_business_currentstatus_before_sending_to_proposal">L3_Ownbook_create_opportunity_business_currentstatus_before_sending_to_proposal</a> <!-- method navigator-link -->
                      </span>
                      <br/>
                      <span>
                        <img src="passed.png" width="3%"/>
                        <a href="#" panel-name="suite-Default_suite" title="com.amt.test.LOU.Lead_ownbook_business_flow_edit_accept_flow_test" class="method navigator-link" hash-for-method="L4_ownbook_create_opportunity_business_adding_proposal">L4_ownbook_create_opportunity_business_adding_proposal</a> <!-- method navigator-link -->
                      </span>
                      <br/>
                      <span>
                        <img src="passed.png" width="3%"/>
                        <a href="#" panel-name="suite-Default_suite" title="com.amt.test.LOU.Lead_ownbook_business_flow_edit_accept_flow_test" class="method navigator-link" hash-for-method="L5_ownbook_create_opportunity_business_currentstatus_after_sending_to_proposal">L5_ownbook_create_opportunity_business_currentstatus_after_sending_to_proposal</a> <!-- method navigator-link -->
                      </span>
                      <br/>
                      <span>
                        <img src="passed.png" width="3%"/>
                        <a href="#" panel-name="suite-Default_suite" title="com.amt.test.LOU.Lead_ownbook_business_flow_edit_accept_flow_test" class="method navigator-link" hash-for-method="L6_ownbook_create_opportunity_business_sending_to_contract">L6_ownbook_create_opportunity_business_sending_to_contract</a> <!-- method navigator-link -->
                      </span>
                      <br/>
                      <span>
                        <img src="passed.png" width="3%"/>
                        <a href="#" panel-name="suite-Default_suite" title="com.amt.test.LOU.Lead_ownbook_business_flow_edit_accept_flow_test" class="method navigator-link" hash-for-method="L8_ownbook_signed_contract_status_with_api_call">L8_ownbook_signed_contract_status_with_api_call</a> <!-- method navigator-link -->
                      </span>
                      <br/>
                      <span>
                        <img src="passed.png" width="3%"/>
                        <a href="#" panel-name="suite-Default_suite" title="com.amt.test.LOU.Lead_ownbook_business_flow_edit_accept_flow_test" class="method navigator-link" hash-for-method="UW1_verify_underwriting_flow_ownbook_with_status">UW1_verify_underwriting_flow_ownbook_with_status</a> <!-- method navigator-link -->
                      </span>
                      <br/>
                      <span>
                        <img src="passed.png" width="3%"/>
                        <a href="#" panel-name="suite-Default_suite" title="com.amt.test.LOU.Lead_ownbook_business_flow_edit_accept_flow_test" class="method navigator-link" hash-for-method="UW2_verify_status_after_sending_to_underwriting">UW2_verify_status_after_sending_to_underwriting</a> <!-- method navigator-link -->
                      </span>
                      <br/>
                      <span>
                        <img src="passed.png" width="3%"/>
                        <a href="#" panel-name="suite-Default_suite" title="com.amt.test.LOU.Lead_ownbook_business_flow_edit_accept_flow_test" class="method navigator-link" hash-for-method="UW3_verify_underwriting_lisitig_page">UW3_verify_underwriting_lisitig_page</a> <!-- method navigator-link -->
                      </span>
                      <br/>
                      <span>
                        <img src="passed.png" width="3%"/>
                        <a href="#" panel-name="suite-Default_suite" title="com.amt.test.LOU.Lead_ownbook_business_flow_edit_accept_flow_test" class="method navigator-link" hash-for-method="UW4_verify_ownbook_underwriting_proposal_page_flow">UW4_verify_ownbook_underwriting_proposal_page_flow</a> <!-- method navigator-link -->
                      </span>
                      <br/>
                      <span>
                        <img src="passed.png" width="3%"/>
                        <a href="#" panel-name="suite-Default_suite" title="com.amt.test.LOU.Lead_ownbook_business_flow_edit_accept_flow_test" class="method navigator-link" hash-for-method="UW6_verify_ownbook_opportunity_search_text_box_accept_with_changes">UW6_verify_ownbook_opportunity_search_text_box_accept_with_changes</a> <!-- method navigator-link -->
                      </span>
                      <br/>
                    </div> <!-- method-list-content passed suite-Default_suite -->
                  </li>
                </ul>
              </div> <!-- suite-section-content -->
            </div> <!-- result-section -->
          </div> <!-- navigator-suite-content -->
        </div> <!-- rounded-window -->
      </div> <!-- suite -->
    </div> <!-- navigator-root -->
    <div class="wrapper">
      <div class="main-panel-root">
        <div panel-name="suite-Default_suite" class="panel Default_suite">
          <div class="suite-Default_suite-class-failed">
            <div class="main-panel-header rounded-window-top">
              <img src="failed.png"/>
              <span class="class-name">com.amt.test.LOU.Lead_ownbook_business_flow_edit_accept_flow_test</span>
            </div> <!-- main-panel-header rounded-window-top -->
            <div class="main-panel-content rounded-window-bottom">
              <div class="method">
                <div class="method-content">
                  <a name="L7_ownbook_create_opportunity_business_currentstatus_after_sending_to_contract">
                  </a> <!-- L7_ownbook_create_opportunity_business_currentstatus_after_sending_to_contract -->
                  <span class="method-name">L7_ownbook_create_opportunity_business_currentstatus_after_sending_to_contract</span>
                  <div class="stack-trace">java.lang.AssertionError: expected [true] but found [false]
	at org.testng.Assert.fail(Assert.java:99)
	at org.testng.Assert.failNotEquals(Assert.java:1037)
	at org.testng.Assert.assertTrue(Assert.java:45)
	at org.testng.Assert.assertTrue(Assert.java:55)
	at com.amt.test.LOU.Lead_ownbook_business_flow_edit_accept_flow_test.L7_ownbook_create_opportunity_business_currentstatus_after_sending_to_contract(Lead_ownbook_business_flow_edit_accept_flow_test.java:201)
	at java.base/jdk.internal.reflect.NativeMethodAccessorImpl.invoke0(Native Method)
	at java.base/jdk.internal.reflect.NativeMethodAccessorImpl.invoke(NativeMethodAccessorImpl.java:77)
	at java.base/jdk.internal.reflect.DelegatingMethodAccessorImpl.invoke(DelegatingMethodAccessorImpl.java:43)
	at java.base/java.lang.reflect.Method.invoke(Method.java:568)
	at org.testng.internal.MethodInvocationHelper.invokeMethod(MethodInvocationHelper.java:133)
	at org.testng.internal.TestInvoker.invokeMethod(TestInvoker.java:598)
	at org.testng.internal.TestInvoker.invokeTestMethod(TestInvoker.java:173)
	at org.testng.internal.MethodRunner.runInSequence(MethodRunner.java:46)
	at org.testng.internal.TestInvoker$MethodInvocationAgent.invoke(TestInvoker.java:824)
	at org.testng.internal.TestInvoker.invokeTestMethods(TestInvoker.java:146)
	at org.testng.internal.TestMethodWorker.invokeTestMethods(TestMethodWorker.java:146)
	at org.testng.internal.TestMethodWorker.run(TestMethodWorker.java:128)
	at java.base/java.util.ArrayList.forEach(ArrayList.java:1511)
	at org.testng.TestRunner.privateRun(TestRunner.java:794)
	at org.testng.TestRunner.run(TestRunner.java:596)
	at org.testng.SuiteRunner.runTest(SuiteRunner.java:377)
	at org.testng.SuiteRunner.runSequentially(SuiteRunner.java:371)
	at org.testng.SuiteRunner.privateRun(SuiteRunner.java:332)
	at org.testng.SuiteRunner.run(SuiteRunner.java:276)
	at org.testng.SuiteRunnerWorker.runSuite(SuiteRunnerWorker.java:53)
	at org.testng.SuiteRunnerWorker.run(SuiteRunnerWorker.java:96)
	at org.testng.TestNG.runSuitesSequentially(TestNG.java:1212)
	at org.testng.TestNG.runSuitesLocally(TestNG.java:1134)
	at org.testng.TestNG.runSuites(TestNG.java:1063)
	at org.testng.TestNG.run(TestNG.java:1031)
	at org.testng.remote.AbstractRemoteTestNG.run(AbstractRemoteTestNG.java:115)
	at org.testng.remote.RemoteTestNG.initAndRun(RemoteTestNG.java:251)
	at org.testng.remote.RemoteTestNG.main(RemoteTestNG.java:77)

</div> <!-- stack-trace -->
                </div> <!-- method-content -->
              </div> <!-- method -->
              <div class="method">
                <div class="method-content">
                  <a name="OP1_verify_underwriting_flow_ownbook_after_contract_signed_with_latest_changes_">
                  </a> <!-- OP1_verify_underwriting_flow_ownbook_after_contract_signed_with_latest_changes_ -->
                  <span class="method-name">OP1_verify_underwriting_flow_ownbook_after_contract_signed_with_latest_changes_</span>
                  <div class="stack-trace">org.openqa.selenium.NoSuchElementException: no such element: Unable to locate element: {&quot;method&quot;:&quot;xpath&quot;,&quot;selector&quot;:&quot;//*[@id=&quot;cWraper&quot;]/div/app-opportunity-management/div[2]/div/div/div/app-grid/div[2]/div/div[2]/div[1]/table/tbody/tr[2]/td[2]/table/tbody/tr[2]/td[2]/table/tbody/tr[1]/td[7]/div/div/div/span&quot;}
  (Session info: chrome=113.0.5672.129)
For documentation on this error, please visit: https://selenium.dev/exceptions/#no_such_element
Build info: version: &apos;4.0.0&apos;, revision: &apos;3a21814679&apos;
System info: host: &apos;DSK-4174&apos;, ip: &apos;10.0.3.220&apos;, os.name: &apos;Windows 11&apos;, os.arch: &apos;amd64&apos;, os.version: &apos;10.0&apos;, java.version: &apos;17.0.7&apos;
Driver info: org.openqa.selenium.chrome.ChromeDriver
Command: [ce80635c0b78aff39836c38a684d9dcb, findElement {using=xpath, value=//*[@id=&quot;cWraper&quot;]/div/app-opportunity-management/div[2]/div/div/div/app-grid/div[2]/div/div[2]/div[1]/table/tbody/tr[2]/td[2]/table/tbody/tr[2]/td[2]/table/tbody/tr[1]/td[7]/div/div/div/span}]
Capabilities {acceptInsecureCerts: false, browserName: chrome, browserVersion: 113.0.5672.129, chrome: {chromedriverVersion: 113.0.5672.63 (0e1a4471d5ae..., userDataDir: C:\Users\MEHUL~1.NAG\AppDat...}, goog:chromeOptions: {debuggerAddress: localhost:49793}, javascriptEnabled: true, networkConnectionEnabled: false, pageLoadStrategy: normal, platform: WINDOWS, platformName: WINDOWS, proxy: Proxy(), se:cdp: ws://localhost:49793/devtoo..., se:cdpVersion: 113.0.5672.129, setWindowRect: true, strictFileInteractability: false, timeouts: {implicit: 0, pageLoad: 300000, script: 30000}, unhandledPromptBehavior: dismiss and notify, webauthn:extension:credBlob: true, webauthn:extension:largeBlob: true, webauthn:extension:minPinLength: true, webauthn:extension:prf: true, webauthn:virtualAuthenticators: true}
Session ID: ce80635c0b78aff39836c38a684d9dcb
	at jdk.internal.reflect.GeneratedConstructorAccessor33.newInstance(Unknown Source)
	at java.base/jdk.internal.reflect.DelegatingConstructorAccessorImpl.newInstance(DelegatingConstructorAccessorImpl.java:45)
	at java.base/java.lang.reflect.Constructor.newInstanceWithCaller(Constructor.java:499)
	at java.base/java.lang.reflect.Constructor.newInstance(Constructor.java:480)
	at org.openqa.selenium.remote.codec.w3c.W3CHttpResponseCodec.createException(W3CHttpResponseCodec.java:200)
	at org.openqa.selenium.remote.codec.w3c.W3CHttpResponseCodec.decode(W3CHttpResponseCodec.java:133)
	at org.openqa.selenium.remote.codec.w3c.W3CHttpResponseCodec.decode(W3CHttpResponseCodec.java:53)
	at org.openqa.selenium.remote.HttpCommandExecutor.execute(HttpCommandExecutor.java:184)
	at org.openqa.selenium.remote.service.DriverCommandExecutor.invokeExecute(DriverCommandExecutor.java:164)
	at org.openqa.selenium.remote.service.DriverCommandExecutor.execute(DriverCommandExecutor.java:139)
	at org.openqa.selenium.remote.RemoteWebDriver.execute(RemoteWebDriver.java:559)
	at org.openqa.selenium.remote.ElementLocation$ElementFinder$2.findElement(ElementLocation.java:162)
	at org.openqa.selenium.remote.ElementLocation.findElement(ElementLocation.java:60)
	at org.openqa.selenium.remote.RemoteWebDriver.findElement(RemoteWebDriver.java:383)
	at org.openqa.selenium.remote.RemoteWebDriver.findElement(RemoteWebDriver.java:375)
	at com.amt.pages.Opportunities.search_and_verify_underwriting_icon_is_availabale_after_cancel_flow(Opportunities.java:2668)
	at com.amt.test.LOU.Lead_ownbook_business_flow_edit_accept_flow_test.OP1_verify_underwriting_flow_ownbook_after_contract_signed_with_latest_changes_(Lead_ownbook_business_flow_edit_accept_flow_test.java:531)
	at java.base/jdk.internal.reflect.NativeMethodAccessorImpl.invoke0(Native Method)
	at java.base/jdk.internal.reflect.NativeMethodAccessorImpl.invoke(NativeMethodAccessorImpl.java:77)
	at java.base/jdk.internal.reflect.DelegatingMethodAccessorImpl.invoke(DelegatingMethodAccessorImpl.java:43)
	at java.base/java.lang.reflect.Method.invoke(Method.java:568)
	at org.testng.internal.MethodInvocationHelper.invokeMethod(MethodInvocationHelper.java:133)
	at org.testng.internal.TestInvoker.invokeMethod(TestInvoker.java:598)
	at org.testng.internal.TestInvoker.invokeTestMethod(TestInvoker.java:173)
	at org.testng.internal.MethodRunner.runInSequence(MethodRunner.java:46)
	at org.testng.internal.TestInvoker$MethodInvocationAgent.invoke(TestInvoker.java:824)
	at org.testng.internal.TestInvoker.invokeTestMethods(TestInvoker.java:146)
	at org.testng.internal.TestMethodWorker.invokeTestMethods(TestMethodWorker.java:146)
	at org.testng.internal.TestMethodWorker.run(TestMethodWorker.java:128)
	at java.base/java.util.ArrayList.forEach(ArrayList.java:1511)
	at org.testng.TestRunner.privateRun(TestRunner.java:794)
	at org.testng.TestRunner.run(TestRunner.java:596)
	at org.testng.SuiteRunner.runTest(SuiteRunner.java:377)
	at org.testng.SuiteRunner.runSequentially(SuiteRunner.java:371)
	at org.testng.SuiteRunner.privateRun(SuiteRunner.java:332)
	at org.testng.SuiteRunner.run(SuiteRunner.java:276)
	at org.testng.SuiteRunnerWorker.runSuite(SuiteRunnerWorker.java:53)
	at org.testng.SuiteRunnerWorker.run(SuiteRunnerWorker.java:96)
	at org.testng.TestNG.runSuitesSequentially(TestNG.java:1212)
	at org.testng.TestNG.runSuitesLocally(TestNG.java:1134)
	at org.testng.TestNG.runSuites(TestNG.java:1063)
	at org.testng.TestNG.run(TestNG.java:1031)
	at org.testng.remote.AbstractRemoteTestNG.run(AbstractRemoteTestNG.java:115)
	at org.testng.remote.RemoteTestNG.initAndRun(RemoteTestNG.java:251)
	at org.testng.remote.RemoteTestNG.main(RemoteTestNG.java:77)

</div> <!-- stack-trace -->
                </div> <!-- method-content -->
              </div> <!-- method -->
              <div class="method">
                <div class="method-content">
                  <a name="UW5_verify_ownbook_underwriting_proposal_decision_accept_with_changes">
                  </a> <!-- UW5_verify_ownbook_underwriting_proposal_decision_accept_with_changes -->
                  <span class="method-name">UW5_verify_ownbook_underwriting_proposal_decision_accept_with_changes</span>
                  <div class="stack-trace">java.lang.AssertionError: expected [true] but found [false]
	at org.testng.Assert.fail(Assert.java:99)
	at org.testng.Assert.failNotEquals(Assert.java:1037)
	at org.testng.Assert.assertTrue(Assert.java:45)
	at org.testng.Assert.assertTrue(Assert.java:55)
	at com.amt.test.LOU.Lead_ownbook_business_flow_edit_accept_flow_test.UW5_verify_ownbook_underwriting_proposal_decision_accept_with_changes(Lead_ownbook_business_flow_edit_accept_flow_test.java:406)
	at java.base/jdk.internal.reflect.NativeMethodAccessorImpl.invoke0(Native Method)
	at java.base/jdk.internal.reflect.NativeMethodAccessorImpl.invoke(NativeMethodAccessorImpl.java:77)
	at java.base/jdk.internal.reflect.DelegatingMethodAccessorImpl.invoke(DelegatingMethodAccessorImpl.java:43)
	at java.base/java.lang.reflect.Method.invoke(Method.java:568)
	at org.testng.internal.MethodInvocationHelper.invokeMethod(MethodInvocationHelper.java:133)
	at org.testng.internal.TestInvoker.invokeMethod(TestInvoker.java:598)
	at org.testng.internal.TestInvoker.invokeTestMethod(TestInvoker.java:173)
	at org.testng.internal.MethodRunner.runInSequence(MethodRunner.java:46)
	at org.testng.internal.TestInvoker$MethodInvocationAgent.invoke(TestInvoker.java:824)
	at org.testng.internal.TestInvoker.invokeTestMethods(TestInvoker.java:146)
	at org.testng.internal.TestMethodWorker.invokeTestMethods(TestMethodWorker.java:146)
	at org.testng.internal.TestMethodWorker.run(TestMethodWorker.java:128)
	at java.base/java.util.ArrayList.forEach(ArrayList.java:1511)
	at org.testng.TestRunner.privateRun(TestRunner.java:794)
	at org.testng.TestRunner.run(TestRunner.java:596)
	at org.testng.SuiteRunner.runTest(SuiteRunner.java:377)
	at org.testng.SuiteRunner.runSequentially(SuiteRunner.java:371)
	at org.testng.SuiteRunner.privateRun(SuiteRunner.java:332)
	at org.testng.SuiteRunner.run(SuiteRunner.java:276)
	at org.testng.SuiteRunnerWorker.runSuite(SuiteRunnerWorker.java:53)
	at org.testng.SuiteRunnerWorker.run(SuiteRunnerWorker.java:96)
	at org.testng.TestNG.runSuitesSequentially(TestNG.java:1212)
	at org.testng.TestNG.runSuitesLocally(TestNG.java:1134)
	at org.testng.TestNG.runSuites(TestNG.java:1063)
	at org.testng.TestNG.run(TestNG.java:1031)
	at org.testng.remote.AbstractRemoteTestNG.run(AbstractRemoteTestNG.java:115)
	at org.testng.remote.RemoteTestNG.initAndRun(RemoteTestNG.java:251)
	at org.testng.remote.RemoteTestNG.main(RemoteTestNG.java:77)

</div> <!-- stack-trace -->
                </div> <!-- method-content -->
              </div> <!-- method -->
              <div class="method">
                <div class="method-content">
                  <a name="UW7_verify_ownbook_opportunity_accept_with_changes_underwriting_pop_up">
                  </a> <!-- UW7_verify_ownbook_opportunity_accept_with_changes_underwriting_pop_up -->
                  <span class="method-name">UW7_verify_ownbook_opportunity_accept_with_changes_underwriting_pop_up</span>
                  <div class="stack-trace">org.openqa.selenium.TimeoutException: Expected condition failed: waiting for visibility of Proxy element for: DefaultElementLocator &apos;By.xpath: (//img[@src=&apos;../../assets/images/opportunity/underwritting.svg&apos;])[1]&apos; (tried for 30 second(s) with 500 milliseconds interval)
	at org.openqa.selenium.support.ui.WebDriverWait.timeoutException(WebDriverWait.java:138)
	at org.openqa.selenium.support.ui.FluentWait.until(FluentWait.java:231)
	at com.amt.testUtil.ExplicitWait.visibleElement(ExplicitWait.java:24)
	at com.amt.pages.UnderwritingPopupPage.search_and_verify_underwriting_icon_is_availabale(UnderwritingPopupPage.java:180)
	at com.amt.test.LOU.Lead_ownbook_business_flow_edit_accept_flow_test.UW7_verify_ownbook_opportunity_accept_with_changes_underwriting_pop_up(Lead_ownbook_business_flow_edit_accept_flow_test.java:439)
	at java.base/jdk.internal.reflect.NativeMethodAccessorImpl.invoke0(Native Method)
	at java.base/jdk.internal.reflect.NativeMethodAccessorImpl.invoke(NativeMethodAccessorImpl.java:77)
	at java.base/jdk.internal.reflect.DelegatingMethodAccessorImpl.invoke(DelegatingMethodAccessorImpl.java:43)
	at java.base/java.lang.reflect.Method.invoke(Method.java:568)
	at org.testng.internal.MethodInvocationHelper.invokeMethod(MethodInvocationHelper.java:133)
	at org.testng.internal.TestInvoker.invokeMethod(TestInvoker.java:598)
	at org.testng.internal.TestInvoker.invokeTestMethod(TestInvoker.java:173)
	at org.testng.internal.MethodRunner.runInSequence(MethodRunner.java:46)
	at org.testng.internal.TestInvoker$MethodInvocationAgent.invoke(TestInvoker.java:824)
	at org.testng.internal.TestInvoker.invokeTestMethods(TestInvoker.java:146)
	at org.testng.internal.TestMethodWorker.invokeTestMethods(TestMethodWorker.java:146)
	at org.testng.internal.TestMethodWorker.run(TestMethodWorker.java:128)
	at java.base/java.util.ArrayList.forEach(ArrayList.java:1511)
	at org.testng.TestRunner.privateRun(TestRunner.java:794)
	at org.testng.TestRunner.run(TestRunner.java:596)
	at org.testng.SuiteRunner.runTest(SuiteRunner.java:377)
	at org.testng.SuiteRunner.runSequentially(SuiteRunner.java:371)
	at org.testng.SuiteRunner.privateRun(SuiteRunner.java:332)
	at org.testng.SuiteRunner.run(SuiteRunner.java:276)
	at org.testng.SuiteRunnerWorker.runSuite(SuiteRunnerWorker.java:53)
	at org.testng.SuiteRunnerWorker.run(SuiteRunnerWorker.java:96)
	at org.testng.TestNG.runSuitesSequentially(TestNG.java:1212)
	at org.testng.TestNG.runSuitesLocally(TestNG.java:1134)
	at org.testng.TestNG.runSuites(TestNG.java:1063)
	at org.testng.TestNG.run(TestNG.java:1031)
	at org.testng.remote.AbstractRemoteTestNG.run(AbstractRemoteTestNG.java:115)
	at org.testng.remote.RemoteTestNG.initAndRun(RemoteTestNG.java:251)
	at org.testng.remote.RemoteTestNG.main(RemoteTestNG.java:77)
Caused by: org.openqa.selenium.NoSuchElementException: no such element: Unable to locate element: {&quot;method&quot;:&quot;xpath&quot;,&quot;selector&quot;:&quot;(//img[@src=&apos;../../assets/images/opportunity/underwritting.svg&apos;])[1]&quot;}
  (Session info: chrome=113.0.5672.129)
For documentation on this error, please visit: https://selenium.dev/exceptions/#no_such_element
Build info: version: &apos;4.0.0&apos;, revision: &apos;3a21814679&apos;
System info: host: &apos;DSK-4174&apos;, ip: &apos;10.0.3.220&apos;, os.name: &apos;Windows 11&apos;, os.arch: &apos;amd64&apos;, os.version: &apos;10.0&apos;, java.version: &apos;17.0.7&apos;
Driver info: org.openqa.selenium.chrome.ChromeDriver
Command: [ce80635c0b78aff39836c38a684d9dcb, findElement {using=xpath, value=(//img[@src=&apos;../../assets/images/opportunity/underwritting.svg&apos;])[1]}]
Capabilities {acceptInsecureCerts: false, browserName: chrome, browserVersion: 113.0.5672.129, chrome: {chromedriverVersion: 113.0.5672.63 (0e1a4471d5ae..., userDataDir: C:\Users\MEHUL~1.NAG\AppDat...}, goog:chromeOptions: {debuggerAddress: localhost:49793}, javascriptEnabled: true, networkConnectionEnabled: false, pageLoadStrategy: normal, platform: WINDOWS, platformName: WINDOWS, proxy: Proxy(), se:cdp: ws://localhost:49793/devtoo..., se:cdpVersion: 113.0.5672.129, setWindowRect: true, strictFileInteractability: false, timeouts: {implicit: 0, pageLoad: 300000, script: 30000}, unhandledPromptBehavior: dismiss and notify, webauthn:extension:credBlob: true, webauthn:extension:largeBlob: true, webauthn:extension:minPinLength: true, webauthn:extension:prf: true, webauthn:virtualAuthenticators: true}
Session ID: ce80635c0b78aff39836c38a684d9dcb
	at jdk.internal.reflect.GeneratedConstructorAccessor33.newInstance(Unknown Source)
	at java.base/jdk.internal.reflect.DelegatingConstructorAccessorImpl.newInstance(DelegatingConstructorAccessorImpl.java:45)
	at java.base/java.lang.reflect.Constructor.newInstanceWithCaller(Constructor.java:499)
	at java.base/java.lang.reflect.Constructor.newInstance(Constructor.java:480)
	at org.openqa.selenium.remote.codec.w3c.W3CHttpResponseCodec.createException(W3CHttpResponseCodec.java:200)
	at org.openqa.selenium.remote.codec.w3c.W3CHttpResponseCodec.decode(W3CHttpResponseCodec.java:133)
	at org.openqa.selenium.remote.codec.w3c.W3CHttpResponseCodec.decode(W3CHttpResponseCodec.java:53)
	at org.openqa.selenium.remote.HttpCommandExecutor.execute(HttpCommandExecutor.java:184)
	at org.openqa.selenium.remote.service.DriverCommandExecutor.invokeExecute(DriverCommandExecutor.java:164)
	at org.openqa.selenium.remote.service.DriverCommandExecutor.execute(DriverCommandExecutor.java:139)
	at org.openqa.selenium.remote.RemoteWebDriver.execute(RemoteWebDriver.java:559)
	at org.openqa.selenium.remote.ElementLocation$ElementFinder$2.findElement(ElementLocation.java:162)
	at org.openqa.selenium.remote.ElementLocation.findElement(ElementLocation.java:60)
	at org.openqa.selenium.remote.RemoteWebDriver.findElement(RemoteWebDriver.java:383)
	at org.openqa.selenium.remote.RemoteWebDriver.findElement(RemoteWebDriver.java:375)
	at org.openqa.selenium.support.pagefactory.DefaultElementLocator.findElement(DefaultElementLocator.java:70)
	at org.openqa.selenium.support.pagefactory.internal.LocatingElementHandler.invoke(LocatingElementHandler.java:39)
	at jdk.proxy2/jdk.proxy2.$Proxy17.isDisplayed(Unknown Source)
	at org.openqa.selenium.support.ui.ExpectedConditions.elementIfVisible(ExpectedConditions.java:307)
	at org.openqa.selenium.support.ui.ExpectedConditions.access$000(ExpectedConditions.java:40)
	at org.openqa.selenium.support.ui.ExpectedConditions$10.apply(ExpectedConditions.java:293)
	at org.openqa.selenium.support.ui.ExpectedConditions$10.apply(ExpectedConditions.java:290)
	at org.openqa.selenium.support.ui.FluentWait.until(FluentWait.java:208)
	... 31 more

</div> <!-- stack-trace -->
                </div> <!-- method-content -->
              </div> <!-- method -->
              <div class="method">
                <div class="method-content">
                  <a name="UW8_verify_ownbook_opportunity_underwriting_accept_with_changes_cancel_flow_verification">
                  </a> <!-- UW8_verify_ownbook_opportunity_underwriting_accept_with_changes_cancel_flow_verification -->
                  <span class="method-name">UW8_verify_ownbook_opportunity_underwriting_accept_with_changes_cancel_flow_verification</span>
                  <div class="stack-trace">org.openqa.selenium.TimeoutException: Expected condition failed: waiting for visibility of Proxy element for: DefaultElementLocator &apos;By.xpath: //tr[@class=&apos;ng-star-inserted&apos;]//td[10]&apos; (tried for 30 second(s) with 500 milliseconds interval)
	at org.openqa.selenium.support.ui.WebDriverWait.timeoutException(WebDriverWait.java:138)
	at org.openqa.selenium.support.ui.FluentWait.until(FluentWait.java:231)
	at com.amt.testUtil.ExplicitWait.visibleElement(ExplicitWait.java:24)
	at com.amt.pages.Opportunities.verify_current_status_after_accept_new_changes_from_underwriting_pop_up(Opportunities.java:2355)
	at com.amt.test.LOU.Lead_ownbook_business_flow_edit_accept_flow_test.UW8_verify_ownbook_opportunity_underwriting_accept_with_changes_cancel_flow_verification(Lead_ownbook_business_flow_edit_accept_flow_test.java:459)
	at java.base/jdk.internal.reflect.NativeMethodAccessorImpl.invoke0(Native Method)
	at java.base/jdk.internal.reflect.NativeMethodAccessorImpl.invoke(NativeMethodAccessorImpl.java:77)
	at java.base/jdk.internal.reflect.DelegatingMethodAccessorImpl.invoke(DelegatingMethodAccessorImpl.java:43)
	at java.base/java.lang.reflect.Method.invoke(Method.java:568)
	at org.testng.internal.MethodInvocationHelper.invokeMethod(MethodInvocationHelper.java:133)
	at org.testng.internal.TestInvoker.invokeMethod(TestInvoker.java:598)
	at org.testng.internal.TestInvoker.invokeTestMethod(TestInvoker.java:173)
	at org.testng.internal.MethodRunner.runInSequence(MethodRunner.java:46)
	at org.testng.internal.TestInvoker$MethodInvocationAgent.invoke(TestInvoker.java:824)
	at org.testng.internal.TestInvoker.invokeTestMethods(TestInvoker.java:146)
	at org.testng.internal.TestMethodWorker.invokeTestMethods(TestMethodWorker.java:146)
	at org.testng.internal.TestMethodWorker.run(TestMethodWorker.java:128)
	at java.base/java.util.ArrayList.forEach(ArrayList.java:1511)
	at org.testng.TestRunner.privateRun(TestRunner.java:794)
	at org.testng.TestRunner.run(TestRunner.java:596)
	at org.testng.SuiteRunner.runTest(SuiteRunner.java:377)
	at org.testng.SuiteRunner.runSequentially(SuiteRunner.java:371)
	at org.testng.SuiteRunner.privateRun(SuiteRunner.java:332)
	at org.testng.SuiteRunner.run(SuiteRunner.java:276)
	at org.testng.SuiteRunnerWorker.runSuite(SuiteRunnerWorker.java:53)
	at org.testng.SuiteRunnerWorker.run(SuiteRunnerWorker.java:96)
	at org.testng.TestNG.runSuitesSequentially(TestNG.java:1212)
	at org.testng.TestNG.runSuitesLocally(TestNG.java:1134)
	at org.testng.TestNG.runSuites(TestNG.java:1063)
	at org.testng.TestNG.run(TestNG.java:1031)
	at org.testng.remote.AbstractRemoteTestNG.run(AbstractRemoteTestNG.java:115)
	at org.testng.remote.RemoteTestNG.initAndRun(RemoteTestNG.java:251)
	at org.testng.remote.RemoteTestNG.main(RemoteTestNG.java:77)
Caused by: org.openqa.selenium.NoSuchElementException: no such element: Unable to locate element: {&quot;method&quot;:&quot;xpath&quot;,&quot;selector&quot;:&quot;//tr[@class=&apos;ng-star-inserted&apos;]//td[10]&quot;}
  (Session info: chrome=113.0.5672.129)
For documentation on this error, please visit: https://selenium.dev/exceptions/#no_such_element
Build info: version: &apos;4.0.0&apos;, revision: &apos;3a21814679&apos;
System info: host: &apos;DSK-4174&apos;, ip: &apos;10.0.3.220&apos;, os.name: &apos;Windows 11&apos;, os.arch: &apos;amd64&apos;, os.version: &apos;10.0&apos;, java.version: &apos;17.0.7&apos;
Driver info: org.openqa.selenium.chrome.ChromeDriver
Command: [ce80635c0b78aff39836c38a684d9dcb, findElement {using=xpath, value=//tr[@class=&apos;ng-star-inserted&apos;]//td[10]}]
Capabilities {acceptInsecureCerts: false, browserName: chrome, browserVersion: 113.0.5672.129, chrome: {chromedriverVersion: 113.0.5672.63 (0e1a4471d5ae..., userDataDir: C:\Users\MEHUL~1.NAG\AppDat...}, goog:chromeOptions: {debuggerAddress: localhost:49793}, javascriptEnabled: true, networkConnectionEnabled: false, pageLoadStrategy: normal, platform: WINDOWS, platformName: WINDOWS, proxy: Proxy(), se:cdp: ws://localhost:49793/devtoo..., se:cdpVersion: 113.0.5672.129, setWindowRect: true, strictFileInteractability: false, timeouts: {implicit: 0, pageLoad: 300000, script: 30000}, unhandledPromptBehavior: dismiss and notify, webauthn:extension:credBlob: true, webauthn:extension:largeBlob: true, webauthn:extension:minPinLength: true, webauthn:extension:prf: true, webauthn:virtualAuthenticators: true}
Session ID: ce80635c0b78aff39836c38a684d9dcb
	at jdk.internal.reflect.GeneratedConstructorAccessor33.newInstance(Unknown Source)
	at java.base/jdk.internal.reflect.DelegatingConstructorAccessorImpl.newInstance(DelegatingConstructorAccessorImpl.java:45)
	at java.base/java.lang.reflect.Constructor.newInstanceWithCaller(Constructor.java:499)
	at java.base/java.lang.reflect.Constructor.newInstance(Constructor.java:480)
	at org.openqa.selenium.remote.codec.w3c.W3CHttpResponseCodec.createException(W3CHttpResponseCodec.java:200)
	at org.openqa.selenium.remote.codec.w3c.W3CHttpResponseCodec.decode(W3CHttpResponseCodec.java:133)
	at org.openqa.selenium.remote.codec.w3c.W3CHttpResponseCodec.decode(W3CHttpResponseCodec.java:53)
	at org.openqa.selenium.remote.HttpCommandExecutor.execute(HttpCommandExecutor.java:184)
	at org.openqa.selenium.remote.service.DriverCommandExecutor.invokeExecute(DriverCommandExecutor.java:164)
	at org.openqa.selenium.remote.service.DriverCommandExecutor.execute(DriverCommandExecutor.java:139)
	at org.openqa.selenium.remote.RemoteWebDriver.execute(RemoteWebDriver.java:559)
	at org.openqa.selenium.remote.ElementLocation$ElementFinder$2.findElement(ElementLocation.java:162)
	at org.openqa.selenium.remote.ElementLocation.findElement(ElementLocation.java:60)
	at org.openqa.selenium.remote.RemoteWebDriver.findElement(RemoteWebDriver.java:383)
	at org.openqa.selenium.remote.RemoteWebDriver.findElement(RemoteWebDriver.java:375)
	at org.openqa.selenium.support.pagefactory.DefaultElementLocator.findElement(DefaultElementLocator.java:70)
	at org.openqa.selenium.support.pagefactory.internal.LocatingElementHandler.invoke(LocatingElementHandler.java:39)
	at jdk.proxy2/jdk.proxy2.$Proxy17.isDisplayed(Unknown Source)
	at org.openqa.selenium.support.ui.ExpectedConditions.elementIfVisible(ExpectedConditions.java:307)
	at org.openqa.selenium.support.ui.ExpectedConditions.access$000(ExpectedConditions.java:40)
	at org.openqa.selenium.support.ui.ExpectedConditions$10.apply(ExpectedConditions.java:293)
	at org.openqa.selenium.support.ui.ExpectedConditions$10.apply(ExpectedConditions.java:290)
	at org.openqa.selenium.support.ui.FluentWait.until(FluentWait.java:208)
	... 31 more

</div> <!-- stack-trace -->
                </div> <!-- method-content -->
              </div> <!-- method -->
              <div class="method">
                <div class="method-content">
                  <a name="UW8_verify_ownbook_opportunity_underwriting_accept_with_changes_underwriting_pop_up">
                  </a> <!-- UW8_verify_ownbook_opportunity_underwriting_accept_with_changes_underwriting_pop_up -->
                  <span class="method-name">UW8_verify_ownbook_opportunity_underwriting_accept_with_changes_underwriting_pop_up</span>
                  <div class="stack-trace">org.openqa.selenium.TimeoutException: Expected condition failed: waiting for visibility of Proxy element for: DefaultElementLocator &apos;By.xpath: //input[@placeholder=&apos;Search something here&apos;]&apos; (tried for 20 second(s) with 500 milliseconds interval)
	at org.openqa.selenium.support.ui.WebDriverWait.timeoutException(WebDriverWait.java:138)
	at org.openqa.selenium.support.ui.FluentWait.until(FluentWait.java:231)
	at com.amt.testUtil.ExplicitWait.visibleElement(ExplicitWait.java:24)
	at com.amt.pages.Opportunities.verify_opportunity_ownbook_quote_search_text_box(Opportunities.java:2117)
	at com.amt.test.LOU.Lead_ownbook_business_flow_edit_accept_flow_test.UW8_verify_ownbook_opportunity_underwriting_accept_with_changes_underwriting_pop_up(Lead_ownbook_business_flow_edit_accept_flow_test.java:481)
	at java.base/jdk.internal.reflect.NativeMethodAccessorImpl.invoke0(Native Method)
	at java.base/jdk.internal.reflect.NativeMethodAccessorImpl.invoke(NativeMethodAccessorImpl.java:77)
	at java.base/jdk.internal.reflect.DelegatingMethodAccessorImpl.invoke(DelegatingMethodAccessorImpl.java:43)
	at java.base/java.lang.reflect.Method.invoke(Method.java:568)
	at org.testng.internal.MethodInvocationHelper.invokeMethod(MethodInvocationHelper.java:133)
	at org.testng.internal.TestInvoker.invokeMethod(TestInvoker.java:598)
	at org.testng.internal.TestInvoker.invokeTestMethod(TestInvoker.java:173)
	at org.testng.internal.MethodRunner.runInSequence(MethodRunner.java:46)
	at org.testng.internal.TestInvoker$MethodInvocationAgent.invoke(TestInvoker.java:824)
	at org.testng.internal.TestInvoker.invokeTestMethods(TestInvoker.java:146)
	at org.testng.internal.TestMethodWorker.invokeTestMethods(TestMethodWorker.java:146)
	at org.testng.internal.TestMethodWorker.run(TestMethodWorker.java:128)
	at java.base/java.util.ArrayList.forEach(ArrayList.java:1511)
	at org.testng.TestRunner.privateRun(TestRunner.java:794)
	at org.testng.TestRunner.run(TestRunner.java:596)
	at org.testng.SuiteRunner.runTest(SuiteRunner.java:377)
	at org.testng.SuiteRunner.runSequentially(SuiteRunner.java:371)
	at org.testng.SuiteRunner.privateRun(SuiteRunner.java:332)
	at org.testng.SuiteRunner.run(SuiteRunner.java:276)
	at org.testng.SuiteRunnerWorker.runSuite(SuiteRunnerWorker.java:53)
	at org.testng.SuiteRunnerWorker.run(SuiteRunnerWorker.java:96)
	at org.testng.TestNG.runSuitesSequentially(TestNG.java:1212)
	at org.testng.TestNG.runSuitesLocally(TestNG.java:1134)
	at org.testng.TestNG.runSuites(TestNG.java:1063)
	at org.testng.TestNG.run(TestNG.java:1031)
	at org.testng.remote.AbstractRemoteTestNG.run(AbstractRemoteTestNG.java:115)
	at org.testng.remote.RemoteTestNG.initAndRun(RemoteTestNG.java:251)
	at org.testng.remote.RemoteTestNG.main(RemoteTestNG.java:77)
Caused by: org.openqa.selenium.NoSuchElementException: no such element: Unable to locate element: {&quot;method&quot;:&quot;xpath&quot;,&quot;selector&quot;:&quot;//input[@placeholder=&apos;Search something here&apos;]&quot;}
  (Session info: chrome=113.0.5672.129)
For documentation on this error, please visit: https://selenium.dev/exceptions/#no_such_element
Build info: version: &apos;4.0.0&apos;, revision: &apos;3a21814679&apos;
System info: host: &apos;DSK-4174&apos;, ip: &apos;10.0.3.220&apos;, os.name: &apos;Windows 11&apos;, os.arch: &apos;amd64&apos;, os.version: &apos;10.0&apos;, java.version: &apos;17.0.7&apos;
Driver info: org.openqa.selenium.chrome.ChromeDriver
Command: [ce80635c0b78aff39836c38a684d9dcb, findElement {using=xpath, value=//input[@placeholder=&apos;Search something here&apos;]}]
Capabilities {acceptInsecureCerts: false, browserName: chrome, browserVersion: 113.0.5672.129, chrome: {chromedriverVersion: 113.0.5672.63 (0e1a4471d5ae..., userDataDir: C:\Users\MEHUL~1.NAG\AppDat...}, goog:chromeOptions: {debuggerAddress: localhost:49793}, javascriptEnabled: true, networkConnectionEnabled: false, pageLoadStrategy: normal, platform: WINDOWS, platformName: WINDOWS, proxy: Proxy(), se:cdp: ws://localhost:49793/devtoo..., se:cdpVersion: 113.0.5672.129, setWindowRect: true, strictFileInteractability: false, timeouts: {implicit: 0, pageLoad: 300000, script: 30000}, unhandledPromptBehavior: dismiss and notify, webauthn:extension:credBlob: true, webauthn:extension:largeBlob: true, webauthn:extension:minPinLength: true, webauthn:extension:prf: true, webauthn:virtualAuthenticators: true}
Session ID: ce80635c0b78aff39836c38a684d9dcb
	at jdk.internal.reflect.GeneratedConstructorAccessor33.newInstance(Unknown Source)
	at java.base/jdk.internal.reflect.DelegatingConstructorAccessorImpl.newInstance(DelegatingConstructorAccessorImpl.java:45)
	at java.base/java.lang.reflect.Constructor.newInstanceWithCaller(Constructor.java:499)
	at java.base/java.lang.reflect.Constructor.newInstance(Constructor.java:480)
	at org.openqa.selenium.remote.codec.w3c.W3CHttpResponseCodec.createException(W3CHttpResponseCodec.java:200)
	at org.openqa.selenium.remote.codec.w3c.W3CHttpResponseCodec.decode(W3CHttpResponseCodec.java:133)
	at org.openqa.selenium.remote.codec.w3c.W3CHttpResponseCodec.decode(W3CHttpResponseCodec.java:53)
	at org.openqa.selenium.remote.HttpCommandExecutor.execute(HttpCommandExecutor.java:184)
	at org.openqa.selenium.remote.service.DriverCommandExecutor.invokeExecute(DriverCommandExecutor.java:164)
	at org.openqa.selenium.remote.service.DriverCommandExecutor.execute(DriverCommandExecutor.java:139)
	at org.openqa.selenium.remote.RemoteWebDriver.execute(RemoteWebDriver.java:559)
	at org.openqa.selenium.remote.ElementLocation$ElementFinder$2.findElement(ElementLocation.java:162)
	at org.openqa.selenium.remote.ElementLocation.findElement(ElementLocation.java:60)
	at org.openqa.selenium.remote.RemoteWebDriver.findElement(RemoteWebDriver.java:383)
	at org.openqa.selenium.remote.RemoteWebDriver.findElement(RemoteWebDriver.java:375)
	at org.openqa.selenium.support.pagefactory.DefaultElementLocator.findElement(DefaultElementLocator.java:70)
	at org.openqa.selenium.support.pagefactory.internal.LocatingElementHandler.invoke(LocatingElementHandler.java:39)
	at jdk.proxy2/jdk.proxy2.$Proxy17.isDisplayed(Unknown Source)
	at org.openqa.selenium.support.ui.ExpectedConditions.elementIfVisible(ExpectedConditions.java:307)
	at org.openqa.selenium.support.ui.ExpectedConditions.access$000(ExpectedConditions.java:40)
	at org.openqa.selenium.support.ui.ExpectedConditions$10.apply(ExpectedConditions.java:293)
	at org.openqa.selenium.support.ui.ExpectedConditions$10.apply(ExpectedConditions.java:290)
	at org.openqa.selenium.support.ui.FluentWait.until(FluentWait.java:208)
	... 31 more

</div> <!-- stack-trace -->
                </div> <!-- method-content -->
              </div> <!-- method -->
              <div class="method">
                <div class="method-content">
                  <a name="UW9B_ownbook_after_Underwriting_accepted_mothlty_payment_price">
                  </a> <!-- UW9B_ownbook_after_Underwriting_accepted_mothlty_payment_price -->
                  <span class="method-name">UW9B_ownbook_after_Underwriting_accepted_mothlty_payment_price</span>
                  <div class="stack-trace">org.openqa.selenium.NoSuchElementException: no such element: Unable to locate element: {&quot;method&quot;:&quot;xpath&quot;,&quot;selector&quot;:&quot;//*[@id=&quot;cWraper&quot;]/div/app-opportunity-management/div[2]/div/div/div/app-grid/div[2]/div/div[2]/div[1]/table/tbody/tr[2]/td[2]/table/tbody/tr[2]/td[2]/table/tbody/tr[1]/td[7]/div/div/div/span&quot;}
  (Session info: chrome=113.0.5672.129)
For documentation on this error, please visit: https://selenium.dev/exceptions/#no_such_element
Build info: version: &apos;4.0.0&apos;, revision: &apos;3a21814679&apos;
System info: host: &apos;DSK-4174&apos;, ip: &apos;10.0.3.220&apos;, os.name: &apos;Windows 11&apos;, os.arch: &apos;amd64&apos;, os.version: &apos;10.0&apos;, java.version: &apos;17.0.7&apos;
Driver info: org.openqa.selenium.chrome.ChromeDriver
Command: [ce80635c0b78aff39836c38a684d9dcb, findElement {using=xpath, value=//*[@id=&quot;cWraper&quot;]/div/app-opportunity-management/div[2]/div/div/div/app-grid/div[2]/div/div[2]/div[1]/table/tbody/tr[2]/td[2]/table/tbody/tr[2]/td[2]/table/tbody/tr[1]/td[7]/div/div/div/span}]
Capabilities {acceptInsecureCerts: false, browserName: chrome, browserVersion: 113.0.5672.129, chrome: {chromedriverVersion: 113.0.5672.63 (0e1a4471d5ae..., userDataDir: C:\Users\MEHUL~1.NAG\AppDat...}, goog:chromeOptions: {debuggerAddress: localhost:49793}, javascriptEnabled: true, networkConnectionEnabled: false, pageLoadStrategy: normal, platform: WINDOWS, platformName: WINDOWS, proxy: Proxy(), se:cdp: ws://localhost:49793/devtoo..., se:cdpVersion: 113.0.5672.129, setWindowRect: true, strictFileInteractability: false, timeouts: {implicit: 0, pageLoad: 300000, script: 30000}, unhandledPromptBehavior: dismiss and notify, webauthn:extension:credBlob: true, webauthn:extension:largeBlob: true, webauthn:extension:minPinLength: true, webauthn:extension:prf: true, webauthn:virtualAuthenticators: true}
Session ID: ce80635c0b78aff39836c38a684d9dcb
	at jdk.internal.reflect.GeneratedConstructorAccessor33.newInstance(Unknown Source)
	at java.base/jdk.internal.reflect.DelegatingConstructorAccessorImpl.newInstance(DelegatingConstructorAccessorImpl.java:45)
	at java.base/java.lang.reflect.Constructor.newInstanceWithCaller(Constructor.java:499)
	at java.base/java.lang.reflect.Constructor.newInstance(Constructor.java:480)
	at org.openqa.selenium.remote.codec.w3c.W3CHttpResponseCodec.createException(W3CHttpResponseCodec.java:200)
	at org.openqa.selenium.remote.codec.w3c.W3CHttpResponseCodec.decode(W3CHttpResponseCodec.java:133)
	at org.openqa.selenium.remote.codec.w3c.W3CHttpResponseCodec.decode(W3CHttpResponseCodec.java:53)
	at org.openqa.selenium.remote.HttpCommandExecutor.execute(HttpCommandExecutor.java:184)
	at org.openqa.selenium.remote.service.DriverCommandExecutor.invokeExecute(DriverCommandExecutor.java:164)
	at org.openqa.selenium.remote.service.DriverCommandExecutor.execute(DriverCommandExecutor.java:139)
	at org.openqa.selenium.remote.RemoteWebDriver.execute(RemoteWebDriver.java:559)
	at org.openqa.selenium.remote.ElementLocation$ElementFinder$2.findElement(ElementLocation.java:162)
	at org.openqa.selenium.remote.ElementLocation.findElement(ElementLocation.java:60)
	at org.openqa.selenium.remote.RemoteWebDriver.findElement(RemoteWebDriver.java:383)
	at org.openqa.selenium.remote.RemoteWebDriver.findElement(RemoteWebDriver.java:375)
	at com.amt.pages.Opportunities.get_new_quote_price_after_underwriting_accepted(Opportunities.java:935)
	at com.amt.test.LOU.Lead_ownbook_business_flow_edit_accept_flow_test.UW9B_ownbook_after_Underwriting_accepted_mothlty_payment_price(Lead_ownbook_business_flow_edit_accept_flow_test.java:547)
	at java.base/jdk.internal.reflect.NativeMethodAccessorImpl.invoke0(Native Method)
	at java.base/jdk.internal.reflect.NativeMethodAccessorImpl.invoke(NativeMethodAccessorImpl.java:77)
	at java.base/jdk.internal.reflect.DelegatingMethodAccessorImpl.invoke(DelegatingMethodAccessorImpl.java:43)
	at java.base/java.lang.reflect.Method.invoke(Method.java:568)
	at org.testng.internal.MethodInvocationHelper.invokeMethod(MethodInvocationHelper.java:133)
	at org.testng.internal.TestInvoker.invokeMethod(TestInvoker.java:598)
	at org.testng.internal.TestInvoker.invokeTestMethod(TestInvoker.java:173)
	at org.testng.internal.MethodRunner.runInSequence(MethodRunner.java:46)
	at org.testng.internal.TestInvoker$MethodInvocationAgent.invoke(TestInvoker.java:824)
	at org.testng.internal.TestInvoker.invokeTestMethods(TestInvoker.java:146)
	at org.testng.internal.TestMethodWorker.invokeTestMethods(TestMethodWorker.java:146)
	at org.testng.internal.TestMethodWorker.run(TestMethodWorker.java:128)
	at java.base/java.util.ArrayList.forEach(ArrayList.java:1511)
	at org.testng.TestRunner.privateRun(TestRunner.java:794)
	at org.testng.TestRunner.run(TestRunner.java:596)
	at org.testng.SuiteRunner.runTest(SuiteRunner.java:377)
	at org.testng.SuiteRunner.runSequentially(SuiteRunner.java:371)
	at org.testng.SuiteRunner.privateRun(SuiteRunner.java:332)
	at org.testng.SuiteRunner.run(SuiteRunner.java:276)
	at org.testng.SuiteRunnerWorker.runSuite(SuiteRunnerWorker.java:53)
	at org.testng.SuiteRunnerWorker.run(SuiteRunnerWorker.java:96)
	at org.testng.TestNG.runSuitesSequentially(TestNG.java:1212)
	at org.testng.TestNG.runSuitesLocally(TestNG.java:1134)
	at org.testng.TestNG.runSuites(TestNG.java:1063)
	at org.testng.TestNG.run(TestNG.java:1031)
	at org.testng.remote.AbstractRemoteTestNG.run(AbstractRemoteTestNG.java:115)
	at org.testng.remote.RemoteTestNG.initAndRun(RemoteTestNG.java:251)
	at org.testng.remote.RemoteTestNG.main(RemoteTestNG.java:77)

</div> <!-- stack-trace -->
                </div> <!-- method-content -->
              </div> <!-- method -->
              <div class="method">
                <div class="method-content">
                  <a name="UW9_ownbook_after_opportunity_underwriting_accept_with_changes_signed_contract_status_with_api_call">
                  </a> <!-- UW9_ownbook_after_opportunity_underwriting_accept_with_changes_signed_contract_status_with_api_call -->
                  <span class="method-name">UW9_ownbook_after_opportunity_underwriting_accept_with_changes_signed_contract_status_with_api_call</span>
                  <div class="stack-trace">org.openqa.selenium.TimeoutException: Expected condition failed: waiting for visibility of Proxy element for: DefaultElementLocator &apos;By.xpath: //*[@id=&quot;cWraper&quot;]/div/app-opportunity-management/div[2]/div/div/div/app-grid/div[2]/div/div[2]/div[1]/table/tbody/tr[1]/td[2]&apos; (tried for 20 second(s) with 500 milliseconds interval)
	at org.openqa.selenium.support.ui.WebDriverWait.timeoutException(WebDriverWait.java:138)
	at org.openqa.selenium.support.ui.FluentWait.until(FluentWait.java:231)
	at com.amt.testUtil.ExplicitWait.visibleElement(ExplicitWait.java:24)
	at com.amt.pages.Opportunities.get_api_data_opp_after_decision_underwriting_accpet_the_changes(Opportunities.java:857)
	at com.amt.test.LOU.Lead_ownbook_business_flow_edit_accept_flow_test.UW9_ownbook_after_opportunity_underwriting_accept_with_changes_signed_contract_status_with_api_call(Lead_ownbook_business_flow_edit_accept_flow_test.java:503)
	at java.base/jdk.internal.reflect.NativeMethodAccessorImpl.invoke0(Native Method)
	at java.base/jdk.internal.reflect.NativeMethodAccessorImpl.invoke(NativeMethodAccessorImpl.java:77)
	at java.base/jdk.internal.reflect.DelegatingMethodAccessorImpl.invoke(DelegatingMethodAccessorImpl.java:43)
	at java.base/java.lang.reflect.Method.invoke(Method.java:568)
	at org.testng.internal.MethodInvocationHelper.invokeMethod(MethodInvocationHelper.java:133)
	at org.testng.internal.TestInvoker.invokeMethod(TestInvoker.java:598)
	at org.testng.internal.TestInvoker.invokeTestMethod(TestInvoker.java:173)
	at org.testng.internal.MethodRunner.runInSequence(MethodRunner.java:46)
	at org.testng.internal.TestInvoker$MethodInvocationAgent.invoke(TestInvoker.java:824)
	at org.testng.internal.TestInvoker.invokeTestMethods(TestInvoker.java:146)
	at org.testng.internal.TestMethodWorker.invokeTestMethods(TestMethodWorker.java:146)
	at org.testng.internal.TestMethodWorker.run(TestMethodWorker.java:128)
	at java.base/java.util.ArrayList.forEach(ArrayList.java:1511)
	at org.testng.TestRunner.privateRun(TestRunner.java:794)
	at org.testng.TestRunner.run(TestRunner.java:596)
	at org.testng.SuiteRunner.runTest(SuiteRunner.java:377)
	at org.testng.SuiteRunner.runSequentially(SuiteRunner.java:371)
	at org.testng.SuiteRunner.privateRun(SuiteRunner.java:332)
	at org.testng.SuiteRunner.run(SuiteRunner.java:276)
	at org.testng.SuiteRunnerWorker.runSuite(SuiteRunnerWorker.java:53)
	at org.testng.SuiteRunnerWorker.run(SuiteRunnerWorker.java:96)
	at org.testng.TestNG.runSuitesSequentially(TestNG.java:1212)
	at org.testng.TestNG.runSuitesLocally(TestNG.java:1134)
	at org.testng.TestNG.runSuites(TestNG.java:1063)
	at org.testng.TestNG.run(TestNG.java:1031)
	at org.testng.remote.AbstractRemoteTestNG.run(AbstractRemoteTestNG.java:115)
	at org.testng.remote.RemoteTestNG.initAndRun(RemoteTestNG.java:251)
	at org.testng.remote.RemoteTestNG.main(RemoteTestNG.java:77)
Caused by: org.openqa.selenium.NoSuchElementException: no such element: Unable to locate element: {&quot;method&quot;:&quot;xpath&quot;,&quot;selector&quot;:&quot;//*[@id=&quot;cWraper&quot;]/div/app-opportunity-management/div[2]/div/div/div/app-grid/div[2]/div/div[2]/div[1]/table/tbody/tr[1]/td[2]&quot;}
  (Session info: chrome=113.0.5672.129)
For documentation on this error, please visit: https://selenium.dev/exceptions/#no_such_element
Build info: version: &apos;4.0.0&apos;, revision: &apos;3a21814679&apos;
System info: host: &apos;DSK-4174&apos;, ip: &apos;10.0.3.220&apos;, os.name: &apos;Windows 11&apos;, os.arch: &apos;amd64&apos;, os.version: &apos;10.0&apos;, java.version: &apos;17.0.7&apos;
Driver info: org.openqa.selenium.chrome.ChromeDriver
Command: [ce80635c0b78aff39836c38a684d9dcb, findElement {using=xpath, value=//*[@id=&quot;cWraper&quot;]/div/app-opportunity-management/div[2]/div/div/div/app-grid/div[2]/div/div[2]/div[1]/table/tbody/tr[1]/td[2]}]
Capabilities {acceptInsecureCerts: false, browserName: chrome, browserVersion: 113.0.5672.129, chrome: {chromedriverVersion: 113.0.5672.63 (0e1a4471d5ae..., userDataDir: C:\Users\MEHUL~1.NAG\AppDat...}, goog:chromeOptions: {debuggerAddress: localhost:49793}, javascriptEnabled: true, networkConnectionEnabled: false, pageLoadStrategy: normal, platform: WINDOWS, platformName: WINDOWS, proxy: Proxy(), se:cdp: ws://localhost:49793/devtoo..., se:cdpVersion: 113.0.5672.129, setWindowRect: true, strictFileInteractability: false, timeouts: {implicit: 0, pageLoad: 300000, script: 30000}, unhandledPromptBehavior: dismiss and notify, webauthn:extension:credBlob: true, webauthn:extension:largeBlob: true, webauthn:extension:minPinLength: true, webauthn:extension:prf: true, webauthn:virtualAuthenticators: true}
Session ID: ce80635c0b78aff39836c38a684d9dcb
	at jdk.internal.reflect.GeneratedConstructorAccessor33.newInstance(Unknown Source)
	at java.base/jdk.internal.reflect.DelegatingConstructorAccessorImpl.newInstance(DelegatingConstructorAccessorImpl.java:45)
	at java.base/java.lang.reflect.Constructor.newInstanceWithCaller(Constructor.java:499)
	at java.base/java.lang.reflect.Constructor.newInstance(Constructor.java:480)
	at org.openqa.selenium.remote.codec.w3c.W3CHttpResponseCodec.createException(W3CHttpResponseCodec.java:200)
	at org.openqa.selenium.remote.codec.w3c.W3CHttpResponseCodec.decode(W3CHttpResponseCodec.java:133)
	at org.openqa.selenium.remote.codec.w3c.W3CHttpResponseCodec.decode(W3CHttpResponseCodec.java:53)
	at org.openqa.selenium.remote.HttpCommandExecutor.execute(HttpCommandExecutor.java:184)
	at org.openqa.selenium.remote.service.DriverCommandExecutor.invokeExecute(DriverCommandExecutor.java:164)
	at org.openqa.selenium.remote.service.DriverCommandExecutor.execute(DriverCommandExecutor.java:139)
	at org.openqa.selenium.remote.RemoteWebDriver.execute(RemoteWebDriver.java:559)
	at org.openqa.selenium.remote.ElementLocation$ElementFinder$2.findElement(ElementLocation.java:162)
	at org.openqa.selenium.remote.ElementLocation.findElement(ElementLocation.java:60)
	at org.openqa.selenium.remote.RemoteWebDriver.findElement(RemoteWebDriver.java:383)
	at org.openqa.selenium.remote.RemoteWebDriver.findElement(RemoteWebDriver.java:375)
	at org.openqa.selenium.support.pagefactory.DefaultElementLocator.findElement(DefaultElementLocator.java:70)
	at org.openqa.selenium.support.pagefactory.internal.LocatingElementHandler.invoke(LocatingElementHandler.java:39)
	at jdk.proxy2/jdk.proxy2.$Proxy17.isDisplayed(Unknown Source)
	at org.openqa.selenium.support.ui.ExpectedConditions.elementIfVisible(ExpectedConditions.java:307)
	at org.openqa.selenium.support.ui.ExpectedConditions.access$000(ExpectedConditions.java:40)
	at org.openqa.selenium.support.ui.ExpectedConditions$10.apply(ExpectedConditions.java:293)
	at org.openqa.selenium.support.ui.ExpectedConditions$10.apply(ExpectedConditions.java:290)
	at org.openqa.selenium.support.ui.FluentWait.until(FluentWait.java:208)
	... 31 more

</div> <!-- stack-trace -->
                </div> <!-- method-content -->
              </div> <!-- method -->
            </div> <!-- main-panel-content rounded-window-bottom -->
          </div> <!-- suite-Default_suite-class-failed -->
          <div class="suite-Default_suite-class-passed">
            <div class="main-panel-header rounded-window-top">
              <img src="passed.png"/>
              <span class="class-name">com.amt.test.LOU.Lead_ownbook_business_flow_edit_accept_flow_test</span>
            </div> <!-- main-panel-header rounded-window-top -->
            <div class="main-panel-content rounded-window-bottom">
              <div class="method">
                <div class="method-content">
                  <a name="L1_ownbook_create_lead_business">
                  </a> <!-- L1_ownbook_create_lead_business -->
                  <span class="method-name">L1_ownbook_create_lead_business</span>
                </div> <!-- method-content -->
              </div> <!-- method -->
              <div class="method">
                <div class="method-content">
                  <a name="L2_ownbook_create_opportunity_business">
                  </a> <!-- L2_ownbook_create_opportunity_business -->
                  <span class="method-name">L2_ownbook_create_opportunity_business</span>
                </div> <!-- method-content -->
              </div> <!-- method -->
              <div class="method">
                <div class="method-content">
                  <a name="L3_Ownbook_create_opportunity_business_currentstatus_before_sending_to_proposal">
                  </a> <!-- L3_Ownbook_create_opportunity_business_currentstatus_before_sending_to_proposal -->
                  <span class="method-name">L3_Ownbook_create_opportunity_business_currentstatus_before_sending_to_proposal</span>
                </div> <!-- method-content -->
              </div> <!-- method -->
              <div class="method">
                <div class="method-content">
                  <a name="L4_ownbook_create_opportunity_business_adding_proposal">
                  </a> <!-- L4_ownbook_create_opportunity_business_adding_proposal -->
                  <span class="method-name">L4_ownbook_create_opportunity_business_adding_proposal</span>
                </div> <!-- method-content -->
              </div> <!-- method -->
              <div class="method">
                <div class="method-content">
                  <a name="L5_ownbook_create_opportunity_business_currentstatus_after_sending_to_proposal">
                  </a> <!-- L5_ownbook_create_opportunity_business_currentstatus_after_sending_to_proposal -->
                  <span class="method-name">L5_ownbook_create_opportunity_business_currentstatus_after_sending_to_proposal</span>
                </div> <!-- method-content -->
              </div> <!-- method -->
              <div class="method">
                <div class="method-content">
                  <a name="L6_ownbook_create_opportunity_business_sending_to_contract">
                  </a> <!-- L6_ownbook_create_opportunity_business_sending_to_contract -->
                  <span class="method-name">L6_ownbook_create_opportunity_business_sending_to_contract</span>
                </div> <!-- method-content -->
              </div> <!-- method -->
              <div class="method">
                <div class="method-content">
                  <a name="L8_ownbook_signed_contract_status_with_api_call">
                  </a> <!-- L8_ownbook_signed_contract_status_with_api_call -->
                  <span class="method-name">L8_ownbook_signed_contract_status_with_api_call</span>
                </div> <!-- method-content -->
              </div> <!-- method -->
              <div class="method">
                <div class="method-content">
                  <a name="UW1_verify_underwriting_flow_ownbook_with_status">
                  </a> <!-- UW1_verify_underwriting_flow_ownbook_with_status -->
                  <span class="method-name">UW1_verify_underwriting_flow_ownbook_with_status</span>
                </div> <!-- method-content -->
              </div> <!-- method -->
              <div class="method">
                <div class="method-content">
                  <a name="UW2_verify_status_after_sending_to_underwriting">
                  </a> <!-- UW2_verify_status_after_sending_to_underwriting -->
                  <span class="method-name">UW2_verify_status_after_sending_to_underwriting</span>
                </div> <!-- method-content -->
              </div> <!-- method -->
              <div class="method">
                <div class="method-content">
                  <a name="UW3_verify_underwriting_lisitig_page">
                  </a> <!-- UW3_verify_underwriting_lisitig_page -->
                  <span class="method-name">UW3_verify_underwriting_lisitig_page</span>
                </div> <!-- method-content -->
              </div> <!-- method -->
              <div class="method">
                <div class="method-content">
                  <a name="UW4_verify_ownbook_underwriting_proposal_page_flow">
                  </a> <!-- UW4_verify_ownbook_underwriting_proposal_page_flow -->
                  <span class="method-name">UW4_verify_ownbook_underwriting_proposal_page_flow</span>
                </div> <!-- method-content -->
              </div> <!-- method -->
              <div class="method">
                <div class="method-content">
                  <a name="UW6_verify_ownbook_opportunity_search_text_box_accept_with_changes">
                  </a> <!-- UW6_verify_ownbook_opportunity_search_text_box_accept_with_changes -->
                  <span class="method-name">UW6_verify_ownbook_opportunity_search_text_box_accept_with_changes</span>
                </div> <!-- method-content -->
              </div> <!-- method -->
            </div> <!-- main-panel-content rounded-window-bottom -->
          </div> <!-- suite-Default_suite-class-passed -->
        </div> <!-- panel Default_suite -->
        <div panel-name="test-xml-Default_suite" class="panel">
          <div class="main-panel-header rounded-window-top">
            <span class="header-content">C:\Users\mehul.nagar\AppData\Local\Temp\testng-eclipse-859067859\testng-customsuite.xml</span>
          </div> <!-- main-panel-header rounded-window-top -->
          <div class="main-panel-content rounded-window-bottom">
            <pre>
&lt;?xml version=&quot;1.0&quot; encoding=&quot;UTF-8&quot;?&gt;
&lt;!DOCTYPE suite SYSTEM &quot;https://testng.org/testng-1.0.dtd&quot;&gt;
&lt;suite name=&quot;Default suite&quot; guice-stage=&quot;DEVELOPMENT&quot;&gt;
  &lt;test thread-count=&quot;5&quot; name=&quot;Default test&quot; verbose=&quot;2&quot;&gt;
    &lt;classes&gt;
      &lt;class name=&quot;com.amt.test.LOU.Lead_ownbook_business_flow_edit_accept_flow_test&quot;/&gt;
    &lt;/classes&gt;
  &lt;/test&gt; &lt;!-- Default test --&gt;
&lt;/suite&gt; &lt;!-- Default suite --&gt;
            </pre>
          </div> <!-- main-panel-content rounded-window-bottom -->
        </div> <!-- panel -->
        <div panel-name="testlist-Default_suite" class="panel">
          <div class="main-panel-header rounded-window-top">
            <span class="header-content">Tests for Default suite</span>
          </div> <!-- main-panel-header rounded-window-top -->
          <div class="main-panel-content rounded-window-bottom">
            <ul>
              <li>
                <span class="test-name">Default test (1 class)</span>
              </li>
            </ul>
          </div> <!-- main-panel-content rounded-window-bottom -->
        </div> <!-- panel -->
        <div panel-name="group-Default_suite" class="panel">
          <div class="main-panel-header rounded-window-top">
            <span class="header-content">Groups for Default suite</span>
          </div> <!-- main-panel-header rounded-window-top -->
          <div class="main-panel-content rounded-window-bottom">
          </div> <!-- main-panel-content rounded-window-bottom -->
        </div> <!-- panel -->
        <div panel-name="times-Default_suite" class="panel">
          <div class="main-panel-header rounded-window-top">
            <span class="header-content">Times for Default suite</span>
          </div> <!-- main-panel-header rounded-window-top -->
          <div class="main-panel-content rounded-window-bottom">
            <div class="times-div">
              <script type="text/javascript">
suiteTableInitFunctions.push('tableData_Default_suite');
function tableData_Default_suite() {
var data = new google.visualization.DataTable();
data.addColumn('number', 'Number');
data.addColumn('string', 'Method');
data.addColumn('string', 'Class');
data.addColumn('number', 'Time (ms)');
data.addRows(20);
data.setCell(0, 0, 0)
data.setCell(0, 1, 'L1_ownbook_create_lead_business')
data.setCell(0, 2, 'com.amt.test.LOU.Lead_ownbook_business_flow_edit_accept_flow_test')
data.setCell(0, 3, 59076);
data.setCell(1, 0, 1)
data.setCell(1, 1, 'L8_ownbook_signed_contract_status_with_api_call')
data.setCell(1, 2, 'com.amt.test.LOU.Lead_ownbook_business_flow_edit_accept_flow_test')
data.setCell(1, 3, 48392);
data.setCell(2, 0, 2)
data.setCell(2, 1, 'L4_ownbook_create_opportunity_business_adding_proposal')
data.setCell(2, 2, 'com.amt.test.LOU.Lead_ownbook_business_flow_edit_accept_flow_test')
data.setCell(2, 3, 39883);
data.setCell(3, 0, 3)
data.setCell(3, 1, 'L6_ownbook_create_opportunity_business_sending_to_contract')
data.setCell(3, 2, 'com.amt.test.LOU.Lead_ownbook_business_flow_edit_accept_flow_test')
data.setCell(3, 3, 38064);
data.setCell(4, 0, 4)
data.setCell(4, 1, 'UW8_verify_ownbook_opportunity_underwriting_accept_with_changes_cancel_flow_verification')
data.setCell(4, 2, 'com.amt.test.LOU.Lead_ownbook_business_flow_edit_accept_flow_test')
data.setCell(4, 3, 34096);
data.setCell(5, 0, 5)
data.setCell(5, 1, 'UW4_verify_ownbook_underwriting_proposal_page_flow')
data.setCell(5, 2, 'com.amt.test.LOU.Lead_ownbook_business_flow_edit_accept_flow_test')
data.setCell(5, 3, 32622);
data.setCell(6, 0, 6)
data.setCell(6, 1, 'L7_ownbook_create_opportunity_business_currentstatus_after_sending_to_contract')
data.setCell(6, 2, 'com.amt.test.LOU.Lead_ownbook_business_flow_edit_accept_flow_test')
data.setCell(6, 3, 31795);
data.setCell(7, 0, 7)
data.setCell(7, 1, 'UW7_verify_ownbook_opportunity_accept_with_changes_underwriting_pop_up')
data.setCell(7, 2, 'com.amt.test.LOU.Lead_ownbook_business_flow_edit_accept_flow_test')
data.setCell(7, 3, 30463);
data.setCell(8, 0, 8)
data.setCell(8, 1, 'UW1_verify_underwriting_flow_ownbook_with_status')
data.setCell(8, 2, 'com.amt.test.LOU.Lead_ownbook_business_flow_edit_accept_flow_test')
data.setCell(8, 3, 29651);
data.setCell(9, 0, 9)
data.setCell(9, 1, 'UW5_verify_ownbook_underwriting_proposal_decision_accept_with_changes')
data.setCell(9, 2, 'com.amt.test.LOU.Lead_ownbook_business_flow_edit_accept_flow_test')
data.setCell(9, 3, 28555);
data.setCell(10, 0, 10)
data.setCell(10, 1, 'UW9_ownbook_after_opportunity_underwriting_accept_with_changes_signed_contract_status_with_api_call')
data.setCell(10, 2, 'com.amt.test.LOU.Lead_ownbook_business_flow_edit_accept_flow_test')
data.setCell(10, 3, 21296);
data.setCell(11, 0, 11)
data.setCell(11, 1, 'UW8_verify_ownbook_opportunity_underwriting_accept_with_changes_underwriting_pop_up')
data.setCell(11, 2, 'com.amt.test.LOU.Lead_ownbook_business_flow_edit_accept_flow_test')
data.setCell(11, 3, 21230);
data.setCell(12, 0, 12)
data.setCell(12, 1, 'UW6_verify_ownbook_opportunity_search_text_box_accept_with_changes')
data.setCell(12, 2, 'com.amt.test.LOU.Lead_ownbook_business_flow_edit_accept_flow_test')
data.setCell(12, 3, 19324);
data.setCell(13, 0, 13)
data.setCell(13, 1, 'L2_ownbook_create_opportunity_business')
data.setCell(13, 2, 'com.amt.test.LOU.Lead_ownbook_business_flow_edit_accept_flow_test')
data.setCell(13, 3, 18842);
data.setCell(14, 0, 14)
data.setCell(14, 1, 'UW3_verify_underwriting_lisitig_page')
data.setCell(14, 2, 'com.amt.test.LOU.Lead_ownbook_business_flow_edit_accept_flow_test')
data.setCell(14, 3, 14333);
data.setCell(15, 0, 15)
data.setCell(15, 1, 'UW2_verify_status_after_sending_to_underwriting')
data.setCell(15, 2, 'com.amt.test.LOU.Lead_ownbook_business_flow_edit_accept_flow_test')
data.setCell(15, 3, 1122);
data.setCell(16, 0, 16)
data.setCell(16, 1, 'UW9B_ownbook_after_Underwriting_accepted_mothlty_payment_price')
data.setCell(16, 2, 'com.amt.test.LOU.Lead_ownbook_business_flow_edit_accept_flow_test')
data.setCell(16, 3, 1033);
data.setCell(17, 0, 17)
data.setCell(17, 1, 'L3_Ownbook_create_opportunity_business_currentstatus_before_sending_to_proposal')
data.setCell(17, 2, 'com.amt.test.LOU.Lead_ownbook_business_flow_edit_accept_flow_test')
data.setCell(17, 3, 205);
data.setCell(18, 0, 18)
data.setCell(18, 1, 'L5_ownbook_create_opportunity_business_currentstatus_after_sending_to_proposal')
data.setCell(18, 2, 'com.amt.test.LOU.Lead_ownbook_business_flow_edit_accept_flow_test')
data.setCell(18, 3, 175);
data.setCell(19, 0, 19)
data.setCell(19, 1, 'OP1_verify_underwriting_flow_ownbook_after_contract_signed_with_latest_changes_')
data.setCell(19, 2, 'com.amt.test.LOU.Lead_ownbook_business_flow_edit_accept_flow_test')
data.setCell(19, 3, 17);
window.suiteTableData['Default_suite']= { tableData: data, tableDiv: 'times-div-Default_suite'}
return data;
}
              </script>
              <span class="suite-total-time">Total running time: 7 minutes</span>
              <div id="times-div-Default_suite">
              </div> <!-- times-div-Default_suite -->
            </div> <!-- times-div -->
          </div> <!-- main-panel-content rounded-window-bottom -->
        </div> <!-- panel -->
        <div panel-name="reporter-Default_suite" class="panel">
          <div class="main-panel-header rounded-window-top">
            <span class="header-content">Reporter output for Default suite</span>
          </div> <!-- main-panel-header rounded-window-top -->
          <div class="main-panel-content rounded-window-bottom">
            <div class="reporter-method-div">
              <span class="reporter-method-name">UW4_verify_ownbook_underwriting_proposal_page_flow</span>
              <div class="reporter-method-output-div">
                <span class="reporter-method-output"><b>Click on Underwriting detail page for proposal</b> <br /></span>
                <span class="reporter-method-output"><b>Click on Underwriting quote page</b> <br /></span>
                <span class="reporter-method-output"><b>Click on decision tab page</b> <br /></span>
              </div> <!-- reporter-method-output-div -->
            </div> <!-- reporter-method-div -->
            <div class="reporter-method-div">
              <span class="reporter-method-name">L4_ownbook_create_opportunity_business_adding_proposal</span>
              <div class="reporter-method-output-div">
                <span class="reporter-method-output"><b>click on Proposal icon</b> <br /></span>
                <span class="reporter-method-output"><b>Proposal page will display </b> <br /></span>
                <span class="reporter-method-output"><b>Send proposal to customer pop up  will open</b> <br /></span>
                <span class="reporter-method-output"><b>Click on Manual fill radio button - Yes</b> <br /></span>
                <span class="reporter-method-output"><b>Click on manually submit behalf of customer link</b> <br /></span>
              </div> <!-- reporter-method-output-div -->
            </div> <!-- reporter-method-div -->
            <div class="reporter-method-div">
              <span class="reporter-method-name">L6_ownbook_create_opportunity_business_sending_to_contract</span>
              <div class="reporter-method-output-div">
                <span class="reporter-method-output"><b>click on Send_Contract icon</b> <br /></span>
              </div> <!-- reporter-method-output-div -->
            </div> <!-- reporter-method-div -->
            <div class="reporter-method-div">
              <span class="reporter-method-name">UW1_verify_underwriting_flow_ownbook_with_status</span>
              <div class="reporter-method-output-div">
                <span class="reporter-method-output"><b> Underwriting icon is available </b> <br /></span>
                <span class="reporter-method-output"><b>Underwriting Popup Proposal Id is =WTA9704</b> <br /></span>
                <span class="reporter-method-output"><b>Underwriting pop up -quote ref no => Quote reference no.:
WPK37751</b> <br /></span>
                <span class="reporter-method-output"><b>click on underwriting_send_for_underwriting  button </b> <br /></span>
              </div> <!-- reporter-method-output-div -->
            </div> <!-- reporter-method-div -->
            <div class="reporter-method-div">
              <span class="reporter-method-name">L5_ownbook_create_opportunity_business_currentstatus_after_sending_to_proposal</span>
              <div class="reporter-method-output-div">
                <span class="reporter-method-output"><b>Current Status of Opportunity Status value is = Open</b> <br /></span>
                <span class="reporter-method-output"><b>Current Status of Proposal value is = Proposal Received</b> <br /></span>
                <span class="reporter-method-output"><b>Current Status of Channel value is =  Draft</b> <br /></span>
                <span class="reporter-method-output"><b>Current Status of  Quote ref is = Draft</b> <br /></span>
                <span class="reporter-method-output"><b>Status Verified : After sending the proposal</b> <br /></span>
              </div> <!-- reporter-method-output-div -->
            </div> <!-- reporter-method-div -->
            <div class="reporter-method-div">
              <span class="reporter-method-name">L1_ownbook_create_lead_business</span>
              <div class="reporter-method-output-div">
                <span class="reporter-method-output"><b>Clicked on Leads on Side Menu</b> <br /></span>
                <span class="reporter-method-output"><b>Clicked on add lead</b> <br /></span>
                <span class="reporter-method-output"><b>Lead is assigned</b> <br /></span>
                <span class="reporter-method-output"><b>Added data in General Notes</b> <br /></span>
                <span class="reporter-method-output"><b>Customer type - Business selected</b> <br /></span>
                <span class="reporter-method-output"><b>Clicked on Add new vehicle request</b> <br /></span>
                <span class="reporter-method-output"><b>Clicked on ownbook channel</b> <br /></span>
                <span class="reporter-method-output"><b>Vehicle request for broker has been saved</b> <br /></span>
                <span class="reporter-method-output"><b>Click on Map New Quote icon</b> <br /></span>
                <span class="reporter-method-output"><b>Click on acquisition contract type icon</b> <br /></span>
                <span class="reporter-method-output"><b>Click on customer contract type icon</b> <br /></span>
                <span class="reporter-method-output"><b>Click on search button</b> <br /></span>
                <span class="reporter-method-output"><b>Click on created date button 1st </b> <br /></span>
                <span class="reporter-method-output"><b>Click on created date button 2nd</b> <br /></span>
                <span class="reporter-method-output"><b>click ok button on Map  new quote </b> <br /></span>
                <span class="reporter-method-output"><b>click on OK button for copy quote </b> <br /></span>
                <span class="reporter-method-output"><b>Click on Lead save and Convert button</b> <br /></span>
              </div> <!-- reporter-method-output-div -->
            </div> <!-- reporter-method-div -->
            <div class="reporter-method-div">
              <span class="reporter-method-name">L2_ownbook_create_opportunity_business</span>
              <div class="reporter-method-output-div">
                <span class="reporter-method-output"><b>In Lead created Opportunity Id is =UH-0641</b> <br /></span>
                <span class="reporter-method-output"><b>Clicked on Opportunity link from Menu </b> <br /></span>
                <span class="reporter-method-output"><b>listing_proposal_status is = Proposal Required</b> <br /></span>
                <span class="reporter-method-output"><b>Enter the Opportunity id in Search Text box</b> <br /></span>
              </div> <!-- reporter-method-output-div -->
            </div> <!-- reporter-method-div -->
            <div class="reporter-method-div">
              <span class="reporter-method-name">UW3_verify_underwriting_lisitig_page</span>
              <div class="reporter-method-output-div">
                <span class="reporter-method-output"><b>Click on Underwriting menu_link </b> <br /></span>
                <span class="reporter-method-output"><b>Click on Underwriting - ownbook tab </b> <br /></span>
                <span class="reporter-method-output"><b>Click on Search text box - broker tab</b> <br /></span>
                <span class="reporter-method-output"><b>Getting the  proposal id from excel sheet =WTA9704</b> <br /></span>
                <span class="reporter-method-output"><b>Enter the proposal in search text box =WTA9704</b> <br /></span>
              </div> <!-- reporter-method-output-div -->
            </div> <!-- reporter-method-div -->
            <div class="reporter-method-div">
              <span class="reporter-method-name">L3_Ownbook_create_opportunity_business_currentstatus_before_sending_to_proposal</span>
              <div class="reporter-method-output-div">
                <span class="reporter-method-output"><b>Current Status of Opportunity Status value is = Open</b> <br /></span>
                <span class="reporter-method-output"><b>Current Status of Proposal value is = Proposal Required</b> <br /></span>
                <span class="reporter-method-output"><b>Current Status of Channel value is =  Draft</b> <br /></span>
                <span class="reporter-method-output"><b>Current Status of  Quote ref is = Draft</b> <br /></span>
                <span class="reporter-method-output"><b>Status Verified : Before sending the proposa</b> <br /></span>
              </div> <!-- reporter-method-output-div -->
            </div> <!-- reporter-method-div -->
            <div class="reporter-method-div">
              <span class="reporter-method-name">L8_ownbook_signed_contract_status_with_api_call</span>
              <div class="reporter-method-output-div">
                <span class="reporter-method-output"><b>Enter the Opportunity id in Search Text box</b> <br /></span>
              </div> <!-- reporter-method-output-div -->
            </div> <!-- reporter-method-div -->
            <div class="reporter-method-div">
              <span class="reporter-method-name">UW6_verify_ownbook_opportunity_search_text_box_accept_with_changes</span>
              <div class="reporter-method-output-div">
                <span class="reporter-method-output"><b>Clicked on Opportunity link from Menu </b> <br /></span>
                <span class="reporter-method-output"><b>Click on Search text box on Opportunity page</b> <br /></span>
                <span class="reporter-method-output"><b>Getting the  quote id from excel sheet =MIV17737</b> <br /></span>
                <span class="reporter-method-output"><b>Enter the proposal in search text box =MIV17737</b> <br /></span>
              </div> <!-- reporter-method-output-div -->
            </div> <!-- reporter-method-div -->
            <div class="reporter-method-div">
              <span class="reporter-method-name">UW2_verify_status_after_sending_to_underwriting</span>
              <div class="reporter-method-output-div">
                <span class="reporter-method-output"><b>Current Status of Proposal value is = Proposal Received</b> <br /></span>
                <span class="reporter-method-output"><b>Current Status of Channel value is =  Awaiting underwriting</b> <br /></span>
                <span class="reporter-method-output"><b>Current Status of  Quote ref is = Awaiting underwriting</b> <br /></span>
              </div> <!-- reporter-method-output-div -->
            </div> <!-- reporter-method-div -->
            <div class="reporter-method-div">
              <span class="reporter-method-name">UW5_verify_ownbook_underwriting_proposal_decision_accept_with_changes</span>
              <div class="reporter-method-output-div">
                <span class="reporter-method-output"><b>Click on decision Accept button</b> <br /></span>
                <span class="reporter-method-output"><b>Current Status of accept value is = 05/06/2023, 10:50 AM</b> <br /></span>
                <span class="reporter-method-output"><br>----------Screenshot---------<br></span>
                <span class="reporter-method-output"><img src="D:\mehul nagar\newWorkspaceStaging\AutomationStaging\target\surefire-reports\html\failure_screenshots\UW5_verify_ownbook_underwriting_proposal_decision_accept_with_changes_05_06_2023_10_51_05.png" height="800" width="1000"></span>
              </div> <!-- reporter-method-output-div -->
            </div> <!-- reporter-method-div -->
            <div class="reporter-method-div">
              <span class="reporter-method-name">UW9B_ownbook_after_Underwriting_accepted_mothlty_payment_price</span>
              <div class="reporter-method-output-div">
                <span class="reporter-method-output"><br>----------Screenshot---------<br></span>
                <span class="reporter-method-output"><img src="D:\mehul nagar\newWorkspaceStaging\AutomationStaging\target\surefire-reports\html\failure_screenshots\UW9B_ownbook_after_Underwriting_accepted_mothlty_payment_price_05_06_2023_10_53_14.png" height="800" width="1000"></span>
              </div> <!-- reporter-method-output-div -->
            </div> <!-- reporter-method-div -->
            <div class="reporter-method-div">
              <span class="reporter-method-name">UW7_verify_ownbook_opportunity_accept_with_changes_underwriting_pop_up</span>
              <div class="reporter-method-output-div">
                <span class="reporter-method-output"><br>----------Screenshot---------<br></span>
                <span class="reporter-method-output"><img src="D:\mehul nagar\newWorkspaceStaging\AutomationStaging\target\surefire-reports\html\failure_screenshots\UW7_verify_ownbook_opportunity_accept_with_changes_underwriting_pop_up_05_06_2023_10_51_55.png" height="800" width="1000"></span>
              </div> <!-- reporter-method-output-div -->
            </div> <!-- reporter-method-div -->
            <div class="reporter-method-div">
              <span class="reporter-method-name">OP1_verify_underwriting_flow_ownbook_after_contract_signed_with_latest_changes_</span>
              <div class="reporter-method-output-div">
                <span class="reporter-method-output"><br>----------Screenshot---------<br></span>
                <span class="reporter-method-output"><img src="D:\mehul nagar\newWorkspaceStaging\AutomationStaging\target\surefire-reports\html\failure_screenshots\OP1_verify_underwriting_flow_ownbook_after_contract_signed_with_latest_changes__05_06_2023_10_53_13.png" height="800" width="1000"></span>
              </div> <!-- reporter-method-output-div -->
            </div> <!-- reporter-method-div -->
            <div class="reporter-method-div">
              <span class="reporter-method-name">L7_ownbook_create_opportunity_business_currentstatus_after_sending_to_contract</span>
              <div class="reporter-method-output-div">
                <span class="reporter-method-output"><b>Current Status of Proposal value is = Proposal Received</b> <br /></span>
                <span class="reporter-method-output"><b>Current Status of Channel value is =  Draft</b> <br /></span>
                <span class="reporter-method-output"><b>Current Status of  Quote ref is = Draft</b> <br /></span>
                <span class="reporter-method-output"><br>----------Screenshot---------<br></span>
                <span class="reporter-method-output"><img src="D:\mehul nagar\newWorkspaceStaging\AutomationStaging\target\surefire-reports\html\failure_screenshots\L7_ownbook_create_opportunity_business_currentstatus_after_sending_to_contract_05_06_2023_10_48_30.png" height="800" width="1000"></span>
              </div> <!-- reporter-method-output-div -->
            </div> <!-- reporter-method-div -->
            <div class="reporter-method-div">
              <span class="reporter-method-name">UW8_verify_ownbook_opportunity_underwriting_accept_with_changes_cancel_flow_verification</span>
              <div class="reporter-method-output-div">
                <span class="reporter-method-output"><br>----------Screenshot---------<br></span>
                <span class="reporter-method-output"><img src="D:\mehul nagar\newWorkspaceStaging\AutomationStaging\target\surefire-reports\html\failure_screenshots\UW8_verify_ownbook_opportunity_underwriting_accept_with_changes_cancel_flow_verification_05_06_2023_10_52_30.png" height="800" width="1000"></span>
              </div> <!-- reporter-method-output-div -->
            </div> <!-- reporter-method-div -->
            <div class="reporter-method-div">
              <span class="reporter-method-name">UW8_verify_ownbook_opportunity_underwriting_accept_with_changes_underwriting_pop_up</span>
              <div class="reporter-method-output-div">
                <span class="reporter-method-output"><br>----------Screenshot---------<br></span>
                <span class="reporter-method-output"><img src="D:\mehul nagar\newWorkspaceStaging\AutomationStaging\target\surefire-reports\html\failure_screenshots\UW8_verify_ownbook_opportunity_underwriting_accept_with_changes_underwriting_pop_up_05_06_2023_10_52_51.png" height="800" width="1000"></span>
              </div> <!-- reporter-method-output-div -->
            </div> <!-- reporter-method-div -->
            <div class="reporter-method-div">
              <span class="reporter-method-name">UW9_ownbook_after_opportunity_underwriting_accept_with_changes_signed_contract_status_with_api_call</span>
              <div class="reporter-method-output-div">
                <span class="reporter-method-output"><br>----------Screenshot---------<br></span>
                <span class="reporter-method-output"><img src="D:\mehul nagar\newWorkspaceStaging\AutomationStaging\target\surefire-reports\html\failure_screenshots\UW9_ownbook_after_opportunity_underwriting_accept_with_changes_signed_contract_status_with_api_call_05_06_2023_10_53_12.png" height="800" width="1000"></span>
              </div> <!-- reporter-method-output-div -->
            </div> <!-- reporter-method-div -->
          </div> <!-- main-panel-content rounded-window-bottom -->
        </div> <!-- panel -->
        <div panel-name="ignored-methods-Default_suite" class="panel">
          <div class="main-panel-header rounded-window-top">
            <span class="header-content">0 ignored methods</span>
          </div> <!-- main-panel-header rounded-window-top -->
          <div class="main-panel-content rounded-window-bottom">
          </div> <!-- main-panel-content rounded-window-bottom -->
        </div> <!-- panel -->
        <div panel-name="chronological-Default_suite" class="panel">
          <div class="main-panel-header rounded-window-top">
            <span class="header-content">Methods in chronological order</span>
          </div> <!-- main-panel-header rounded-window-top -->
          <div class="main-panel-content rounded-window-bottom">
            <div class="chronological-class">
              <div class="chronological-class-name">com.amt.test.LOU.Lead_ownbook_business_flow_edit_accept_flow_test</div> <!-- chronological-class-name -->
              <div class="configuration-class before">
                <span class="method-name">setup</span>
                <span class="method-start">0 ms</span>
              </div> <!-- configuration-class before -->
              <div class="test-method">
                <span class="method-name">L1_ownbook_create_lead_business</span>
                <span class="method-start">10084 ms</span>
              </div> <!-- test-method -->
              <div class="test-method">
                <span class="method-name">L2_ownbook_create_opportunity_business</span>
                <span class="method-start">69166 ms</span>
              </div> <!-- test-method -->
              <div class="test-method">
                <span class="method-name">L3_Ownbook_create_opportunity_business_currentstatus_before_sending_to_proposal</span>
                <span class="method-start">88010 ms</span>
              </div> <!-- test-method -->
              <div class="test-method">
                <span class="method-name">L4_ownbook_create_opportunity_business_adding_proposal</span>
                <span class="method-start">88217 ms</span>
              </div> <!-- test-method -->
              <div class="test-method">
                <span class="method-name">L5_ownbook_create_opportunity_business_currentstatus_after_sending_to_proposal</span>
                <span class="method-start">128101 ms</span>
              </div> <!-- test-method -->
              <div class="test-method">
                <span class="method-name">L6_ownbook_create_opportunity_business_sending_to_contract</span>
                <span class="method-start">128278 ms</span>
              </div> <!-- test-method -->
              <div class="test-method">
                <img src="failed.png">
                </img>
                <span class="method-name">L7_ownbook_create_opportunity_business_currentstatus_after_sending_to_contract</span>
                <span class="method-start">166346 ms</span>
              </div> <!-- test-method -->
              <div class="test-method">
                <span class="method-name">L8_ownbook_signed_contract_status_with_api_call</span>
                <span class="method-start">198309 ms</span>
              </div> <!-- test-method -->
              <div class="test-method">
                <span class="method-name">UW1_verify_underwriting_flow_ownbook_with_status</span>
                <span class="method-start">246703 ms</span>
              </div> <!-- test-method -->
              <div class="test-method">
                <span class="method-name">UW2_verify_status_after_sending_to_underwriting</span>
                <span class="method-start">276355 ms</span>
              </div> <!-- test-method -->
              <div class="test-method">
                <span class="method-name">UW3_verify_underwriting_lisitig_page</span>
                <span class="method-start">277478 ms</span>
              </div> <!-- test-method -->
              <div class="test-method">
                <span class="method-name">UW4_verify_ownbook_underwriting_proposal_page_flow</span>
                <span class="method-start">291812 ms</span>
              </div> <!-- test-method -->
              <div class="test-method">
                <img src="failed.png">
                </img>
                <span class="method-name">UW5_verify_ownbook_underwriting_proposal_decision_accept_with_changes</span>
                <span class="method-start">324436 ms</span>
              </div> <!-- test-method -->
              <div class="test-method">
                <span class="method-name">UW6_verify_ownbook_opportunity_search_text_box_accept_with_changes</span>
                <span class="method-start">353371 ms</span>
              </div> <!-- test-method -->
              <div class="test-method">
                <img src="failed.png">
                </img>
                <span class="method-name">UW7_verify_ownbook_opportunity_accept_with_changes_underwriting_pop_up</span>
                <span class="method-start">372696 ms</span>
              </div> <!-- test-method -->
              <div class="test-method">
                <img src="failed.png">
                </img>
                <span class="method-name">UW8_verify_ownbook_opportunity_underwriting_accept_with_changes_cancel_flow_verification</span>
                <span class="method-start">403351 ms</span>
              </div> <!-- test-method -->
              <div class="test-method">
                <img src="failed.png">
                </img>
                <span class="method-name">UW8_verify_ownbook_opportunity_underwriting_accept_with_changes_underwriting_pop_up</span>
                <span class="method-start">437661 ms</span>
              </div> <!-- test-method -->
              <div class="test-method">
                <img src="failed.png">
                </img>
                <span class="method-name">UW9_ownbook_after_opportunity_underwriting_accept_with_changes_signed_contract_status_with_api_call</span>
                <span class="method-start">459098 ms</span>
              </div> <!-- test-method -->
              <div class="test-method">
                <img src="failed.png">
                </img>
                <span class="method-name">OP1_verify_underwriting_flow_ownbook_after_contract_signed_with_latest_changes_</span>
                <span class="method-start">480568 ms</span>
              </div> <!-- test-method -->
              <div class="test-method">
                <img src="failed.png">
                </img>
                <span class="method-name">UW9B_ownbook_after_Underwriting_accepted_mothlty_payment_price</span>
                <span class="method-start">480768 ms</span>
              </div> <!-- test-method -->
              <div class="configuration-class after">
                <span class="method-name">tearDown</span>
                <span class="method-start">481982 ms</span>
              </div> <!-- configuration-class after -->
          </div> <!-- main-panel-content rounded-window-bottom -->
        </div> <!-- panel -->
      </div> <!-- main-panel-root -->
    </div> <!-- wrapper -->
  </body>
<script type="text/javascript" src="testng-reports2.js"></script>
</html>
