<?xml version="1.0" encoding="UTF-8"?>
<!-- Generated by org.testng.reporters.JUnitReportReporter -->
<testsuite hostname="DSK-4052" failures="0" tests="16" name="com.amt.test.LOU.LOU_broker_business_hire_accept_flow_Test" time="24.379" errors="1" timestamp="2024-03-03T15:53:06 IST" skipped="15">
  <testcase classname="com.amt.test.LOU.LOU_broker_business_hire_accept_flow_Test" name="setup" time="24.379">
    <error message="element click intercepted: Element &lt;a aria-expanded=&quot;false&quot; aria-haspopup=&quot;true&quot; class=&quot;&quot; data-toggle=&quot;dropdown&quot; id=&quot;dropdownRole&quot; tabindex=&quot;0&quot;&gt;...&lt;/a&gt; is not clickable at point (1169, 25). Other element would receive the click: &lt;a aria-expanded=&quot;false&quot; aria-haspopup=&quot;true&quot; data-toggle=&quot;dropdown&quot; id=&quot;dropdownMenuButton&quot; tabindex=&quot;0&quot;&gt;...&lt;/a&gt;
  (Session info: chrome=122.0.6261.95)
Build info: version: &#039;4.10.0&#039;, revision: &#039;c14d967899&#039;
System info: os.name: &#039;Windows 10&#039;, os.arch: &#039;amd64&#039;, os.version: &#039;10.0&#039;, java.version: &#039;19.0.1&#039;
Driver info: org.openqa.selenium.chrome.ChromeDriver
Command: [1360acbfb46289364852b416e2c0921e, clickElement {id=1CE191C0ABF79D8F88CE86DFC9AB998E_element_46}]
Capabilities {acceptInsecureCerts: false, browserName: chrome, browserVersion: 122.0.6261.95, chrome: {chromedriverVersion: 121.0.6167.85 (3f98d690ad7e..., userDataDir: C:\Users\NITEIN~1.KUR\AppDa...}, fedcm:accounts: true, goog:chromeOptions: {debuggerAddress: localhost:60750}, javascriptEnabled: true, networkConnectionEnabled: false, pageLoadStrategy: normal, platform: windows, platformName: windows, proxy: Proxy(), se:cdp: ws://localhost:60750/devtoo..., se:cdpVersion: 122.0.6261.95, setWindowRect: true, strictFileInteractability: false, timeouts: {implicit: 0, pageLoad: 300000, script: 30000}, unhandledPromptBehavior: dismiss and notify, webauthn:extension:credBlob: true, webauthn:extension:largeBlob: true, webauthn:extension:minPinLength: true, webauthn:extension:prf: true, webauthn:virtualAuthenticators: true}
Element: [[ChromeDriver: chrome on windows (1360acbfb46289364852b416e2c0921e)] -&gt; xpath: //*[@id=&#039;dropdownRole&#039;]]
Session ID: 1360acbfb46289364852b416e2c0921e" type="org.openqa.selenium.ElementClickInterceptedException">
      <![CDATA[org.openqa.selenium.ElementClickInterceptedException: element click intercepted: Element <a aria-expanded="false" aria-haspopup="true" class="" data-toggle="dropdown" id="dropdownRole" tabindex="0">...</a> is not clickable at point (1169, 25). Other element would receive the click: <a aria-expanded="false" aria-haspopup="true" data-toggle="dropdown" id="dropdownMenuButton" tabindex="0">...</a>
  (Session info: chrome=122.0.6261.95)
Build info: version: '4.10.0', revision: 'c14d967899'
System info: os.name: 'Windows 10', os.arch: 'amd64', os.version: '10.0', java.version: '19.0.1'
Driver info: org.openqa.selenium.chrome.ChromeDriver
Command: [1360acbfb46289364852b416e2c0921e, clickElement {id=1CE191C0ABF79D8F88CE86DFC9AB998E_element_46}]
Capabilities {acceptInsecureCerts: false, browserName: chrome, browserVersion: 122.0.6261.95, chrome: {chromedriverVersion: 121.0.6167.85 (3f98d690ad7e..., userDataDir: C:\Users\NITEIN~1.KUR\AppDa...}, fedcm:accounts: true, goog:chromeOptions: {debuggerAddress: localhost:60750}, javascriptEnabled: true, networkConnectionEnabled: false, pageLoadStrategy: normal, platform: windows, platformName: windows, proxy: Proxy(), se:cdp: ws://localhost:60750/devtoo..., se:cdpVersion: 122.0.6261.95, setWindowRect: true, strictFileInteractability: false, timeouts: {implicit: 0, pageLoad: 300000, script: 30000}, unhandledPromptBehavior: dismiss and notify, webauthn:extension:credBlob: true, webauthn:extension:largeBlob: true, webauthn:extension:minPinLength: true, webauthn:extension:prf: true, webauthn:virtualAuthenticators: true}
Element: [[ChromeDriver: chrome on windows (1360acbfb46289364852b416e2c0921e)] -> xpath: //*[@id='dropdownRole']]
Session ID: 1360acbfb46289364852b416e2c0921e
at java.base/jdk.internal.reflect.DirectConstructorHandleAccessor.newInstance(DirectConstructorHandleAccessor.java:67)
at java.base/java.lang.reflect.Constructor.newInstanceWithCaller(Constructor.java:500)
at java.base/java.lang.reflect.Constructor.newInstance(Constructor.java:484)
at org.openqa.selenium.remote.codec.w3c.W3CHttpResponseCodec.createException(W3CHttpResponseCodec.java:200)
at org.openqa.selenium.remote.codec.w3c.W3CHttpResponseCodec.decode(W3CHttpResponseCodec.java:133)
at org.openqa.selenium.remote.codec.w3c.W3CHttpResponseCodec.decode(W3CHttpResponseCodec.java:53)
at org.openqa.selenium.remote.HttpCommandExecutor.execute(HttpCommandExecutor.java:184)
at org.openqa.selenium.remote.service.DriverCommandExecutor.invokeExecute(DriverCommandExecutor.java:164)
at org.openqa.selenium.remote.service.DriverCommandExecutor.execute(DriverCommandExecutor.java:139)
at org.openqa.selenium.remote.RemoteWebDriver.execute(RemoteWebDriver.java:559)
at org.openqa.selenium.remote.RemoteWebElement.execute(RemoteWebElement.java:251)
at org.openqa.selenium.remote.RemoteWebElement.click(RemoteWebElement.java:77)
at java.base/jdk.internal.reflect.DirectMethodHandleAccessor.invoke(DirectMethodHandleAccessor.java:104)
at java.base/java.lang.reflect.Method.invoke(Method.java:578)
at org.openqa.selenium.support.pagefactory.internal.LocatingElementHandler.invoke(LocatingElementHandler.java:52)
at jdk.proxy2/jdk.proxy2.$Proxy19.click(Unknown Source)
at com.amt.testUtil.Click.on(Click.java:18)
at com.amt.pages.LoginPage.enter_credentials(LoginPage.java:80)
at com.amt.testBase.TestBase.setup(TestBase.java:127)
at java.base/jdk.internal.reflect.DirectMethodHandleAccessor.invoke(DirectMethodHandleAccessor.java:104)
at java.base/java.lang.reflect.Method.invoke(Method.java:578)
at org.testng.internal.MethodInvocationHelper.invokeMethod(MethodInvocationHelper.java:133)
at org.testng.internal.MethodInvocationHelper.invokeMethodConsideringTimeout(MethodInvocationHelper.java:62)
at org.testng.internal.ConfigInvoker.invokeConfigurationMethod(ConfigInvoker.java:385)
at org.testng.internal.ConfigInvoker.invokeConfigurations(ConfigInvoker.java:321)
at org.testng.internal.TestMethodWorker.invokeBeforeClassMethods(TestMethodWorker.java:176)
at org.testng.internal.TestMethodWorker.run(TestMethodWorker.java:122)
at java.base/java.util.ArrayList.forEach(ArrayList.java:1511)
at org.testng.TestRunner.privateRun(TestRunner.java:794)
at org.testng.TestRunner.run(TestRunner.java:596)
at org.testng.SuiteRunner.runTest(SuiteRunner.java:377)
at org.testng.SuiteRunner.runSequentially(SuiteRunner.java:371)
at org.testng.SuiteRunner.privateRun(SuiteRunner.java:332)
at org.testng.SuiteRunner.run(SuiteRunner.java:276)
at org.testng.SuiteRunnerWorker.runSuite(SuiteRunnerWorker.java:53)
at org.testng.SuiteRunnerWorker.run(SuiteRunnerWorker.java:96)
at org.testng.TestNG.runSuitesSequentially(TestNG.java:1212)
at org.testng.TestNG.runSuitesLocally(TestNG.java:1134)
at org.testng.TestNG.runSuites(TestNG.java:1063)
at org.testng.TestNG.run(TestNG.java:1031)
at org.testng.remote.AbstractRemoteTestNG.run(AbstractRemoteTestNG.java:115)
at org.testng.remote.RemoteTestNG.initAndRun(RemoteTestNG.java:251)
at org.testng.remote.RemoteTestNG.main(RemoteTestNG.java:77)
]]>
    </error>
  </testcase> <!-- setup -->
  <system-out/>
  <testcase classname="com.amt.test.LOU.LOU_broker_business_hire_accept_flow_Test" name="L1_create_lead_for_broker_business" time="0.000">
    <skipped/>
  </testcase> <!-- L1_create_lead_for_broker_business -->
  <system-out/>
  <testcase classname="com.amt.test.LOU.LOU_broker_business_hire_accept_flow_Test" name="L2_broker_business_current_status_before_sending_to_proposal" time="0.000">
    <skipped/>
  </testcase> <!-- L2_broker_business_current_status_before_sending_to_proposal -->
  <system-out/>
  <testcase classname="com.amt.test.LOU.LOU_broker_business_hire_accept_flow_Test" name="L3_verify_table_values_on_opportunity_page_before_sending_proposal" time="0.000">
    <skipped/>
  </testcase> <!-- L3_verify_table_values_on_opportunity_page_before_sending_proposal -->
  <system-out/>
  <testcase classname="com.amt.test.LOU.LOU_broker_business_hire_accept_flow_Test" name="L4_verify_current_status_on_opportunity_page_before_sending_to_proposal_for_broker_business_flow" time="0.000">
    <skipped/>
  </testcase> <!-- L4_verify_current_status_on_opportunity_page_before_sending_to_proposal_for_broker_business_flow -->
  <system-out/>
  <testcase classname="com.amt.test.LOU.LOU_broker_business_hire_accept_flow_Test" name="L5_adding_proposal_on_opportunity_page_broker_business_flow" time="0.000">
    <skipped/>
  </testcase> <!-- L5_adding_proposal_on_opportunity_page_broker_business_flow -->
  <system-out/>
  <testcase classname="com.amt.test.LOU.LOU_broker_business_hire_accept_flow_Test" name="L6_verify_current_status_on_opportunity_page_after_sending_to_proposal_for_broker_business_flow" time="0.000">
    <skipped/>
  </testcase> <!-- L6_verify_current_status_on_opportunity_page_after_sending_to_proposal_for_broker_business_flow -->
  <system-out/>
  <testcase classname="com.amt.test.LOU.LOU_broker_business_hire_accept_flow_Test" name="broker_business_sending_contract" time="0.000">
    <skipped/>
  </testcase> <!-- broker_business_sending_contract -->
  <system-out/>
  <testcase classname="com.amt.test.LOU.LOU_broker_business_hire_accept_flow_Test" name="L8_verify_current_status_on_opportunity_page_after_sending_contract_for_broker_business_flow" time="0.000">
    <skipped/>
  </testcase> <!-- L8_verify_current_status_on_opportunity_page_after_sending_contract_for_broker_business_flow -->
  <system-out/>
  <testcase classname="com.amt.test.LOU.LOU_broker_business_hire_accept_flow_Test" name="L9_verify_signed_contract_status_with_api_call" time="0.000">
    <skipped/>
  </testcase> <!-- L9_verify_signed_contract_status_with_api_call -->
  <system-out/>
  <testcase classname="com.amt.test.LOU.LOU_broker_business_hire_accept_flow_Test" name="L10_verify_status_after_contract_signed" time="0.000">
    <skipped/>
  </testcase> <!-- L10_verify_status_after_contract_signed -->
  <system-out/>
  <testcase classname="com.amt.test.LOU.LOU_broker_business_hire_accept_flow_Test" name="UW1_verify_underwriting_flow_ownbook_with_status" time="0.000">
    <skipped/>
  </testcase> <!-- UW1_verify_underwriting_flow_ownbook_with_status -->
  <system-out/>
  <testcase classname="com.amt.test.LOU.LOU_broker_business_hire_accept_flow_Test" name="UW2_verify_status_after_sending_to_underwriting" time="0.000">
    <skipped/>
  </testcase> <!-- UW2_verify_status_after_sending_to_underwriting -->
  <system-out/>
  <testcase classname="com.amt.test.LOU.LOU_broker_business_hire_accept_flow_Test" name="UW3_verify_underwriting_lisitig_page" time="0.000">
    <skipped/>
  </testcase> <!-- UW3_verify_underwriting_lisitig_page -->
  <system-out/>
  <testcase classname="com.amt.test.LOU.LOU_broker_business_hire_accept_flow_Test" name="UW4_verify_underwriting_proposal_page_flow" time="0.000">
    <skipped/>
  </testcase> <!-- UW4_verify_underwriting_proposal_page_flow -->
  <system-out/>
  <testcase classname="com.amt.test.LOU.LOU_broker_business_hire_accept_flow_Test" name="UW5_verify_underwriting_proposal_decision_with_accept" time="0.000">
    <skipped/>
  </testcase> <!-- UW5_verify_underwriting_proposal_decision_with_accept -->
  <system-out/>
</testsuite> <!-- com.amt.test.LOU.LOU_broker_business_hire_accept_flow_Test -->
