<?xml version="1.0" encoding="UTF-8"?>
<!-- Generated by org.testng.reporters.JUnitReportReporter -->
<testsuite hostname="DSK-4052" failures="0" tests="19" name="com.amt.test.LOU.LOU_used_car_ownbook_individual_purchase_funder_accept_with_changes_Test" time="53.143" errors="1" timestamp="2024-02-09T01:05:31 IST" skipped="18">
  <testcase classname="com.amt.test.LOU.LOU_used_car_ownbook_individual_purchase_funder_accept_with_changes_Test" name="L1_create_lead_convert_to_lead_for_ownbook_individual_flow" time="53.143">
    <error message="Expected condition failed: waiting for element to be clickable: Proxy element for: DefaultElementLocator &#039;By.xpath: //ul[@class=&#039;user-dd-list shadow ng-star-inserted&#039;]//li[@class=&#039;ng-star-inserted&#039;]&#039; (tried for 20 second(s) with 500 milliseconds interval)" type="org.openqa.selenium.TimeoutException">
      <![CDATA[org.openqa.selenium.TimeoutException: Expected condition failed: waiting for element to be clickable: Proxy element for: DefaultElementLocator 'By.xpath: //ul[@class='user-dd-list shadow ng-star-inserted']//li[@class='ng-star-inserted']' (tried for 20 second(s) with 500 milliseconds interval)
at org.openqa.selenium.support.ui.WebDriverWait.timeoutException(WebDriverWait.java:138)
at org.openqa.selenium.support.ui.FluentWait.until(FluentWait.java:231)
at com.amt.testUtil.Click.on(Click.java:16)
at com.amt.pages.Leads.lead_Customer_info_individual(Leads.java:558)
at com.amt.test.LOU.LOU_used_car_ownbook_individual_purchase_funder_accept_with_changes_Test.L1_create_lead_convert_to_lead_for_ownbook_individual_flow(LOU_used_car_ownbook_individual_purchase_funder_accept_with_changes_Test.java:41)
at java.base/jdk.internal.reflect.DirectMethodHandleAccessor.invoke(DirectMethodHandleAccessor.java:104)
at java.base/java.lang.reflect.Method.invoke(Method.java:578)
at org.testng.internal.MethodInvocationHelper.invokeMethod(MethodInvocationHelper.java:133)
at org.testng.internal.TestInvoker.invokeMethod(TestInvoker.java:598)
at org.testng.internal.TestInvoker.invokeTestMethod(TestInvoker.java:173)
at org.testng.internal.MethodRunner.runInSequence(MethodRunner.java:46)
at org.testng.internal.TestInvoker$MethodInvocationAgent.invoke(TestInvoker.java:824)
at org.testng.internal.TestInvoker.invokeTestMethods(TestInvoker.java:146)
at org.testng.internal.TestMethodWorker.invokeTestMethods(TestMethodWorker.java:146)
at org.testng.internal.TestMethodWorker.run(TestMethodWorker.java:128)
at java.base/java.util.ArrayList.forEach(ArrayList.java:1511)
at org.testng.TestRunner.privateRun(TestRunner.java:794)
at org.testng.TestRunner.run(TestRunner.java:596)
at org.testng.SuiteRunner.runTest(SuiteRunner.java:377)
at org.testng.SuiteRunner.runSequentially(SuiteRunner.java:371)
at org.testng.SuiteRunner.privateRun(SuiteRunner.java:332)
at org.testng.SuiteRunner.run(SuiteRunner.java:276)
at org.testng.SuiteRunnerWorker.runSuite(SuiteRunnerWorker.java:53)
at org.testng.SuiteRunnerWorker.run(SuiteRunnerWorker.java:96)
at org.testng.TestNG.runSuitesSequentially(TestNG.java:1212)
at org.testng.TestNG.runSuitesSequentially(TestNG.java:1207)
at org.testng.TestNG.runSuitesLocally(TestNG.java:1134)
at org.testng.TestNG.runSuites(TestNG.java:1063)
at org.testng.TestNG.run(TestNG.java:1031)
at org.testng.remote.AbstractRemoteTestNG.run(AbstractRemoteTestNG.java:115)
at org.testng.remote.RemoteTestNG.initAndRun(RemoteTestNG.java:251)
at org.testng.remote.RemoteTestNG.main(RemoteTestNG.java:77)
Caused by: org.openqa.selenium.NoSuchElementException: no such element: Unable to locate element: {"method":"xpath","selector":"//ul[@class='user-dd-list shadow ng-star-inserted']//li[@class='ng-star-inserted']"}
  (Session info: chrome=121.0.6167.161)
For documentation on this error, please visit: https://www.selenium.dev/documentation/webdriver/troubleshooting/errors#no-such-element-exception
Build info: version: '4.10.0', revision: 'c14d967899'
System info: os.name: 'Windows 10', os.arch: 'amd64', os.version: '10.0', java.version: '19.0.1'
Driver info: org.openqa.selenium.chrome.ChromeDriver
Command: [8177b16dca5fc4345de0d181855eab38, findElement {using=xpath, value=//ul[@class='user-dd-list shadow ng-star-inserted']//li[@class='ng-star-inserted']}]
Capabilities {acceptInsecureCerts: false, browserName: chrome, browserVersion: 121.0.6167.161, chrome: {chromedriverVersion: 121.0.6167.85 (3f98d690ad7e..., userDataDir: C:\Users\NITEIN~1.KUR\AppDa...}, fedcm:accounts: true, goog:chromeOptions: {debuggerAddress: localhost:62573}, javascriptEnabled: true, networkConnectionEnabled: false, pageLoadStrategy: normal, platform: windows, platformName: windows, proxy: Proxy(), se:cdp: ws://localhost:62573/devtoo..., se:cdpVersion: 121.0.6167.161, setWindowRect: true, strictFileInteractability: false, timeouts: {implicit: 0, pageLoad: 300000, script: 30000}, unhandledPromptBehavior: dismiss and notify, webauthn:extension:credBlob: true, webauthn:extension:largeBlob: true, webauthn:extension:minPinLength: true, webauthn:extension:prf: true, webauthn:virtualAuthenticators: true}
Session ID: 8177b16dca5fc4345de0d181855eab38
at java.base/jdk.internal.reflect.DirectConstructorHandleAccessor.newInstance(DirectConstructorHandleAccessor.java:67)
at java.base/java.lang.reflect.Constructor.newInstanceWithCaller(Constructor.java:500)
at java.base/java.lang.reflect.Constructor.newInstance(Constructor.java:484)
at org.openqa.selenium.remote.codec.w3c.W3CHttpResponseCodec.createException(W3CHttpResponseCodec.java:200)
at org.openqa.selenium.remote.codec.w3c.W3CHttpResponseCodec.decode(W3CHttpResponseCodec.java:133)
at org.openqa.selenium.remote.codec.w3c.W3CHttpResponseCodec.decode(W3CHttpResponseCodec.java:53)
at org.openqa.selenium.remote.HttpCommandExecutor.execute(HttpCommandExecutor.java:184)
at org.openqa.selenium.remote.service.DriverCommandExecutor.invokeExecute(DriverCommandExecutor.java:164)
at org.openqa.selenium.remote.service.DriverCommandExecutor.execute(DriverCommandExecutor.java:139)
at org.openqa.selenium.remote.RemoteWebDriver.execute(RemoteWebDriver.java:559)
at org.openqa.selenium.remote.ElementLocation$ElementFinder$2.findElement(ElementLocation.java:162)
at org.openqa.selenium.remote.ElementLocation.findElement(ElementLocation.java:60)
at org.openqa.selenium.remote.RemoteWebDriver.findElement(RemoteWebDriver.java:383)
at org.openqa.selenium.remote.RemoteWebDriver.findElement(RemoteWebDriver.java:375)
at org.openqa.selenium.support.pagefactory.DefaultElementLocator.findElement(DefaultElementLocator.java:70)
at org.openqa.selenium.support.pagefactory.internal.LocatingElementHandler.invoke(LocatingElementHandler.java:39)
at jdk.proxy2/jdk.proxy2.$Proxy19.isDisplayed(Unknown Source)
at org.openqa.selenium.support.ui.ExpectedConditions.elementIfVisible(ExpectedConditions.java:307)
at org.openqa.selenium.support.ui.ExpectedConditions.access$000(ExpectedConditions.java:40)
at org.openqa.selenium.support.ui.ExpectedConditions$10.apply(ExpectedConditions.java:293)
at org.openqa.selenium.support.ui.ExpectedConditions$10.apply(ExpectedConditions.java:290)
at org.openqa.selenium.support.ui.ExpectedConditions$23.apply(ExpectedConditions.java:660)
at org.openqa.selenium.support.ui.ExpectedConditions$23.apply(ExpectedConditions.java:656)
at org.openqa.selenium.support.ui.FluentWait.until(FluentWait.java:208)
... 30 more
]]>
    </error>
  </testcase> <!-- L1_create_lead_convert_to_lead_for_ownbook_individual_flow -->
  <system-out>
    <![CDATA[<b>Clicked on Leads on Side Menu</b> <br />
<b>Clicked on add lead</b> <br />
<b>Lead is assigned</b> <br />
<b>Added data in General Notes</b> <br />
<b>Customer type - Individual selected</b> <br />
<br>----------Screenshot---------<br>
<img src="D:\LOU\AMT_LOU\target\surefire-reports\html\failure_screenshots\L1_create_lead_convert_to_lead_for_ownbook_individual_flow_09_02_2024_12_56_50.png" height="800" width="1000">]]>
  </system-out>
  <testcase classname="com.amt.test.LOU.LOU_used_car_ownbook_individual_purchase_funder_accept_with_changes_Test" name="L2_ownbook_individual_current_status_before_sending_to_proposal" time="0.000">
    <skipped/>
  </testcase> <!-- L2_ownbook_individual_current_status_before_sending_to_proposal -->
  <system-out/>
  <testcase classname="com.amt.test.LOU.LOU_used_car_ownbook_individual_purchase_funder_accept_with_changes_Test" name="L3_verify_table_values_on_opportunity_page_before_sending_proposal" time="0.000">
    <skipped/>
  </testcase> <!-- L3_verify_table_values_on_opportunity_page_before_sending_proposal -->
  <system-out/>
  <testcase classname="com.amt.test.LOU.LOU_used_car_ownbook_individual_purchase_funder_accept_with_changes_Test" name="L4_fill_up_the_required_fields_for_sending_a_proposal" time="0.000">
    <skipped/>
  </testcase> <!-- L4_fill_up_the_required_fields_for_sending_a_proposal -->
  <system-out/>
  <testcase classname="com.amt.test.LOU.LOU_used_car_ownbook_individual_purchase_funder_accept_with_changes_Test" name="L5_ownbook_create_opportunity_individual_currentstatus_after_sending_to_proposal" time="0.000">
    <skipped/>
  </testcase> <!-- L5_ownbook_create_opportunity_individual_currentstatus_after_sending_to_proposal -->
  <system-out/>
  <testcase classname="com.amt.test.LOU.LOU_used_car_ownbook_individual_purchase_funder_accept_with_changes_Test" name="L6_ownbook_sending_contract" time="0.000">
    <skipped/>
  </testcase> <!-- L6_ownbook_sending_contract -->
  <system-out/>
  <testcase classname="com.amt.test.LOU.LOU_used_car_ownbook_individual_purchase_funder_accept_with_changes_Test" name="L7_verify_current_status_on_opportunity_page_after_sending_contract_for_ownbook_individual_flow" time="0.000">
    <skipped/>
  </testcase> <!-- L7_verify_current_status_on_opportunity_page_after_sending_contract_for_ownbook_individual_flow -->
  <system-out/>
  <testcase classname="com.amt.test.LOU.LOU_used_car_ownbook_individual_purchase_funder_accept_with_changes_Test" name="L8_ownbook_signed_contract_status_with_api_call" time="0.000">
    <skipped/>
  </testcase> <!-- L8_ownbook_signed_contract_status_with_api_call -->
  <system-out/>
  <testcase classname="com.amt.test.LOU.LOU_used_car_ownbook_individual_purchase_funder_accept_with_changes_Test" name="L9_ownbook_status_after_contract_signed" time="0.000">
    <skipped/>
  </testcase> <!-- L9_ownbook_status_after_contract_signed -->
  <system-out/>
  <testcase classname="com.amt.test.LOU.LOU_used_car_ownbook_individual_purchase_funder_accept_with_changes_Test" name="UW1_verify_underwriting_flow_ownbook_with_status" time="0.000">
    <skipped/>
  </testcase> <!-- UW1_verify_underwriting_flow_ownbook_with_status -->
  <system-out/>
  <testcase classname="com.amt.test.LOU.LOU_used_car_ownbook_individual_purchase_funder_accept_with_changes_Test" name="UW2_verify_status_after_sending_to_underwriting" time="0.000">
    <skipped/>
  </testcase> <!-- UW2_verify_status_after_sending_to_underwriting -->
  <system-out/>
  <testcase classname="com.amt.test.LOU.LOU_used_car_ownbook_individual_purchase_funder_accept_with_changes_Test" name="UW3_verify_underwriting_lisitig_page" time="0.000">
    <skipped/>
  </testcase> <!-- UW3_verify_underwriting_lisitig_page -->
  <system-out/>
  <testcase classname="com.amt.test.LOU.LOU_used_car_ownbook_individual_purchase_funder_accept_with_changes_Test" name="UW4_verify_ownbook_underwriting_proposal_page_flow" time="0.000">
    <skipped/>
  </testcase> <!-- UW4_verify_ownbook_underwriting_proposal_page_flow -->
  <system-out/>
  <testcase classname="com.amt.test.LOU.LOU_used_car_ownbook_individual_purchase_funder_accept_with_changes_Test" name="UW5_verify_ownbook_underwriting_proposal_decision_with_accept" time="0.000">
    <skipped/>
  </testcase> <!-- UW5_verify_ownbook_underwriting_proposal_decision_with_accept -->
  <system-out/>
  <testcase classname="com.amt.test.LOU.LOU_used_car_ownbook_individual_purchase_funder_accept_with_changes_Test" name="UW6_verify_ownbook_opportunity_search_text_box_accept_with_changes" time="0.000">
    <skipped/>
  </testcase> <!-- UW6_verify_ownbook_opportunity_search_text_box_accept_with_changes -->
  <system-out/>
  <testcase classname="com.amt.test.LOU.LOU_used_car_ownbook_individual_purchase_funder_accept_with_changes_Test" name="UW7_verify_ownbook_opportunity_accept_with_changes_underwriting_pop_up" time="0.000">
    <skipped/>
  </testcase> <!-- UW7_verify_ownbook_opportunity_accept_with_changes_underwriting_pop_up -->
  <system-out/>
  <testcase classname="com.amt.test.LOU.LOU_used_car_ownbook_individual_purchase_funder_accept_with_changes_Test" name="UW8_verify_ownbook_opportunity_underwriting_accept_with_changes_cancel_flow_verification" time="0.000">
    <skipped/>
  </testcase> <!-- UW8_verify_ownbook_opportunity_underwriting_accept_with_changes_cancel_flow_verification -->
  <system-out/>
  <testcase classname="com.amt.test.LOU.LOU_used_car_ownbook_individual_purchase_funder_accept_with_changes_Test" name="UW9_ownbook_after_opportunity_underwriting_accept_with_changes_signed_contract_status_with_api_call" time="0.000">
    <skipped/>
  </testcase> <!-- UW9_ownbook_after_opportunity_underwriting_accept_with_changes_signed_contract_status_with_api_call -->
  <system-out/>
  <testcase classname="com.amt.test.LOU.LOU_used_car_ownbook_individual_purchase_funder_accept_with_changes_Test" name="OP1_ownbook_after_Underwriting_accepted_mothlty_payment_price" time="0.000">
    <skipped/>
  </testcase> <!-- OP1_ownbook_after_Underwriting_accepted_mothlty_payment_price -->
  <system-out/>
</testsuite> <!-- com.amt.test.LOU.LOU_used_car_ownbook_individual_purchase_funder_accept_with_changes_Test -->
